[1.000s] Invoking command in '/home/lassi/ros2_lab2_ws/src/tutorial_pkg': PYTHONPATH=/home/lassi/ros2_lab2_ws/src/build/tutorial_pkg/prefix_override:/usr/lib/python3/dist-packages/colcon_core/task/python/colcon_distutils_commands:/home/lassi/ros2_lab2_ws/src/install/tutorial_pkg/lib/python3.10/site-packages:${PYTHONPATH} /usr/bin/python3 -W ignore:setup.py install is deprecated -W ignore:easy_install command is deprecated setup.py egg_info --egg-base ../build/tutorial_pkg build --build-base /home/lassi/ros2_lab2_ws/src/build/tutorial_pkg/build install --record /home/lassi/ros2_lab2_ws/src/build/tutorial_pkg/install.log --single-version-externally-managed install_data
[1.216s] running egg_info
[1.219s] writing ../build/tutorial_pkg/tutorial_pkg.egg-info/PKG-INFO
[1.219s] writing dependency_links to ../build/tutorial_pkg/tutorial_pkg.egg-info/dependency_links.txt
[1.219s] writing entry points to ../build/tutorial_pkg/tutorial_pkg.egg-info/entry_points.txt
[1.220s] writing requirements to ../build/tutorial_pkg/tutorial_pkg.egg-info/requires.txt
[1.261s] writing top-level names to ../build/tutorial_pkg/tutorial_pkg.egg-info/top_level.txt
[1.286s] reading manifest file '../build/tutorial_pkg/tutorial_pkg.egg-info/SOURCES.txt'
[1.286s] writing manifest file '../build/tutorial_pkg/tutorial_pkg.egg-info/SOURCES.txt'
[1.289s] running build
[1.289s] running build_py
[1.289s] running install
[1.361s] running install_lib
[1.361s] running install_data
[1.361s] running install_egg_info
[1.361s] removing '/home/lassi/ros2_lab2_ws/src/install/tutorial_pkg/lib/python3.10/site-packages/tutorial_pkg-0.0.0-py3.10.egg-info' (and everything under it)
[1.361s] Copying ../build/tutorial_pkg/tutorial_pkg.egg-info to /home/lassi/ros2_lab2_ws/src/install/tutorial_pkg/lib/python3.10/site-packages/tutorial_pkg-0.0.0-py3.10.egg-info
[1.361s] running install_scripts
[1.394s] writing list of installed files to '/home/lassi/ros2_lab2_ws/src/build/tutorial_pkg/install.log'
[1.433s] Invoked command in '/home/lassi/ros2_lab2_ws/src/tutorial_pkg' returned '0': PYTHONPATH=/home/lassi/ros2_lab2_ws/src/build/tutorial_pkg/prefix_override:/usr/lib/python3/dist-packages/colcon_core/task/python/colcon_distutils_commands:/home/lassi/ros2_lab2_ws/src/install/tutorial_pkg/lib/python3.10/site-packages:${PYTHONPATH} /usr/bin/python3 -W ignore:setup.py install is deprecated -W ignore:easy_install command is deprecated setup.py egg_info --egg-base ../build/tutorial_pkg build --build-base /home/lassi/ros2_lab2_ws/src/build/tutorial_pkg/build install --record /home/lassi/ros2_lab2_ws/src/build/tutorial_pkg/install.log --single-version-externally-managed install_data
