[0.807s] DEBUG:colcon:Command line arguments: ['/usr/bin/colcon', 'list', '-p', '--base-paths', '/home/lassi/ros2_lab2_ws/src', '--log-base', '/dev/null']
[0.808s] DEBUG:colcon:Parsed command line arguments: Namespace(log_base=None, log_level=None, verb_name='list', build_base='build', ignore_user_meta=False, metas=['./colcon.meta'], base_paths=['/home/lassi/ros2_lab2_ws/src', '--log-base', '/dev/null'], packages_ignore=None, packages_ignore_regex=None, paths=None, packages_up_to=None, packages_up_to_regex=None, packages_above=None, packages_above_and_dependencies=None, packages_above_depth=None, packages_select_by_dep=None, packages_skip_by_dep=None, packages_skip_up_to=None, packages_select_build_failed=False, packages_skip_build_finished=False, packages_select_test_failures=False, packages_skip_test_passed=False, packages_select=None, packages_skip=None, packages_select_regex=None, packages_skip_regex=None, packages_start=None, packages_end=None, allow_overriding=[], topological_order=False, names_only=False, paths_only=True, topological_graph=False, topological_graph_dot=False, topological_graph_density=False, topological_graph_legend=False, topological_graph_dot_cluster=False, topological_graph_dot_include_skipped=False, verb_parser=<colcon_defaults.argument_parser.defaults.DefaultArgumentsDecorator object at 0x7e941cd665f0>, verb_extension=<colcon_package_information.verb.list.ListVerb object at 0x7e941cd64a90>, main=<bound method ListVerb.main of <colcon_package_information.verb.list.ListVerb object at 0x7e941cd64a90>>)
[2.416s] Level 1:colcon.colcon_core.package_discovery:discover_packages(colcon_meta) check parameters
[2.416s] Level 1:colcon.colcon_core.package_discovery:discover_packages(recursive) check parameters
[2.416s] Level 1:colcon.colcon_core.package_discovery:discover_packages(ignore) check parameters
[2.416s] Level 1:colcon.colcon_core.package_discovery:discover_packages(path) check parameters
[2.416s] Level 1:colcon.colcon_core.package_discovery:discover_packages(recursive) discover
[2.416s] INFO:colcon.colcon_core.package_discovery:Crawling recursively for packages in '/home/lassi/ros2_lab2_ws/src', '/home/lassi/ros2_lab2_ws/src/--log-base', '/dev/null'
[2.416s] Level 1:colcon.colcon_core.package_identification:_identify(/home/lassi/ros2_lab2_ws/src) by extensions ['ignore', 'ignore_ament_install']
[2.417s] Level 1:colcon.colcon_core.package_identification:_identify(/home/lassi/ros2_lab2_ws/src) by extension 'ignore'
[2.417s] Level 1:colcon.colcon_core.package_identification:_identify(/home/lassi/ros2_lab2_ws/src) by extension 'ignore_ament_install'
[2.417s] Level 1:colcon.colcon_core.package_identification:_identify(/home/lassi/ros2_lab2_ws/src) by extensions ['colcon_pkg']
[2.417s] Level 1:colcon.colcon_core.package_identification:_identify(/home/lassi/ros2_lab2_ws/src) by extension 'colcon_pkg'
[2.417s] Level 1:colcon.colcon_core.package_identification:_identify(/home/lassi/ros2_lab2_ws/src) by extensions ['colcon_meta']
[2.417s] Level 1:colcon.colcon_core.package_identification:_identify(/home/lassi/ros2_lab2_ws/src) by extension 'colcon_meta'
[2.417s] Level 1:colcon.colcon_core.package_identification:_identify(/home/lassi/ros2_lab2_ws/src) by extensions ['ros']
[2.417s] Level 1:colcon.colcon_core.package_identification:_identify(/home/lassi/ros2_lab2_ws/src) by extension 'ros'
[2.486s] Level 1:colcon.colcon_core.package_identification:_identify(/home/lassi/ros2_lab2_ws/src) by extensions ['cmake', 'python']
[2.486s] Level 1:colcon.colcon_core.package_identification:_identify(/home/lassi/ros2_lab2_ws/src) by extension 'cmake'
[2.486s] Level 1:colcon.colcon_core.package_identification:_identify(/home/lassi/ros2_lab2_ws/src) by extension 'python'
[2.486s] Level 1:colcon.colcon_core.package_identification:_identify(/home/lassi/ros2_lab2_ws/src) by extensions ['python_setup_py']
[2.486s] Level 1:colcon.colcon_core.package_identification:_identify(/home/lassi/ros2_lab2_ws/src) by extension 'python_setup_py'
[2.487s] Level 1:colcon.colcon_core.package_identification:_identify(/home/lassi/ros2_lab2_ws/src/log) by extensions ['ignore', 'ignore_ament_install']
[2.488s] Level 1:colcon.colcon_core.package_identification:_identify(/home/lassi/ros2_lab2_ws/src/log) by extension 'ignore'
[2.488s] Level 1:colcon.colcon_core.package_identification:_identify(/home/lassi/ros2_lab2_ws/src/log) ignored
[2.491s] Level 1:colcon.colcon_core.package_identification:_identify(/home/lassi/ros2_lab2_ws/src/tutorial_pkg) by extensions ['ignore', 'ignore_ament_install']
[2.491s] Level 1:colcon.colcon_core.package_identification:_identify(/home/lassi/ros2_lab2_ws/src/tutorial_pkg) by extension 'ignore'
[2.491s] Level 1:colcon.colcon_core.package_identification:_identify(/home/lassi/ros2_lab2_ws/src/tutorial_pkg) by extension 'ignore_ament_install'
[2.491s] Level 1:colcon.colcon_core.package_identification:_identify(/home/lassi/ros2_lab2_ws/src/tutorial_pkg) by extensions ['colcon_pkg']
[2.494s] Level 1:colcon.colcon_core.package_identification:_identify(/home/lassi/ros2_lab2_ws/src/tutorial_pkg) by extension 'colcon_pkg'
[2.494s] Level 1:colcon.colcon_core.package_identification:_identify(/home/lassi/ros2_lab2_ws/src/tutorial_pkg) by extensions ['colcon_meta']
[2.494s] Level 1:colcon.colcon_core.package_identification:_identify(/home/lassi/ros2_lab2_ws/src/tutorial_pkg) by extension 'colcon_meta'
[2.494s] Level 1:colcon.colcon_core.package_identification:_identify(/home/lassi/ros2_lab2_ws/src/tutorial_pkg) by extensions ['ros']
[2.494s] Level 1:colcon.colcon_core.package_identification:_identify(/home/lassi/ros2_lab2_ws/src/tutorial_pkg) by extension 'ros'
[2.504s] DEBUG:colcon.colcon_core.package_identification:Package '/home/lassi/ros2_lab2_ws/src/tutorial_pkg' with type 'ros.ament_python' and name 'tutorial_pkg'
[2.504s] Level 1:colcon.colcon_core.package_discovery:discover_packages(recursive) using defaults
