[0.687s] Invoking command in '/home/lassi/ros2_lab2_ws/src/task3': PYTHONPATH=/home/lassi/ros2_lab2_ws/src/build/task3/prefix_override:/usr/lib/python3/dist-packages/colcon_core/task/python/colcon_distutils_commands:/home/lassi/ros2_lab2_ws/src/install/task3/lib/python3.10/site-packages:${PYTHONPATH} /usr/bin/python3 -W ignore:setup.py install is deprecated -W ignore:easy_install command is deprecated setup.py egg_info --egg-base ../build/task3 build --build-base /home/lassi/ros2_lab2_ws/src/build/task3/build install --record /home/lassi/ros2_lab2_ws/src/build/task3/install.log --single-version-externally-managed install_data
[0.849s] running egg_info
[0.850s] writing ../build/task3/task3.egg-info/PKG-INFO
[0.850s] writing dependency_links to ../build/task3/task3.egg-info/dependency_links.txt
[0.851s] writing entry points to ../build/task3/task3.egg-info/entry_points.txt
[0.851s] writing requirements to ../build/task3/task3.egg-info/requires.txt
[0.853s] writing top-level names to ../build/task3/task3.egg-info/top_level.txt
[0.854s] reading manifest file '../build/task3/task3.egg-info/SOURCES.txt'
[0.856s] writing manifest file '../build/task3/task3.egg-info/SOURCES.txt'
[0.856s] running build
[0.856s] running build_py
[0.856s] copying task3/scanner_broadcaster.py -> /home/lassi/ros2_lab2_ws/src/build/task3/build/lib/task3
[0.858s] running install
[0.858s] running install_lib
[0.858s] copying /home/lassi/ros2_lab2_ws/src/build/task3/build/lib/task3/scanner_broadcaster.py -> /home/lassi/ros2_lab2_ws/src/install/task3/lib/python3.10/site-packages/task3
[0.858s] byte-compiling /home/lassi/ros2_lab2_ws/src/install/task3/lib/python3.10/site-packages/task3/scanner_broadcaster.py to scanner_broadcaster.cpython-310.pyc
[0.860s] running install_data
[0.860s] running install_egg_info
[0.861s] removing '/home/lassi/ros2_lab2_ws/src/install/task3/lib/python3.10/site-packages/task3-0.0.0-py3.10.egg-info' (and everything under it)
[0.864s] Copying ../build/task3/task3.egg-info to /home/lassi/ros2_lab2_ws/src/install/task3/lib/python3.10/site-packages/task3-0.0.0-py3.10.egg-info
[0.864s] running install_scripts
[0.882s] Installing lidar_broadcaster script to /home/lassi/ros2_lab2_ws/src/install/task3/lib/task3
[0.883s] Installing scanner_broadcaster script to /home/lassi/ros2_lab2_ws/src/install/task3/lib/task3
[0.883s] writing list of installed files to '/home/lassi/ros2_lab2_ws/src/build/task3/install.log'
[0.907s] Invoked command in '/home/lassi/ros2_lab2_ws/src/task3' returned '0': PYTHONPATH=/home/lassi/ros2_lab2_ws/src/build/task3/prefix_override:/usr/lib/python3/dist-packages/colcon_core/task/python/colcon_distutils_commands:/home/lassi/ros2_lab2_ws/src/install/task3/lib/python3.10/site-packages:${PYTHONPATH} /usr/bin/python3 -W ignore:setup.py install is deprecated -W ignore:easy_install command is deprecated setup.py egg_info --egg-base ../build/task3 build --build-base /home/lassi/ros2_lab2_ws/src/build/task3/build install --record /home/lassi/ros2_lab2_ws/src/build/task3/install.log --single-version-externally-managed install_data
