[0.292s] Invoking command in '/home/mahmmudqatmh/ros2_ws/src/person_node': PYTHONPATH=/home/mahmmudqatmh/ros2_ws/build/person_node/prefix_override:/usr/lib/python3/dist-packages/colcon_core/task/python/colcon_distutils_commands:/home/mahmmudqatmh/ros2_ws/install/person_node/lib/python3.10/site-packages:${PYTHONPATH} /usr/bin/python3 -W ignore:setup.py install is deprecated -W ignore:easy_install command is deprecated setup.py egg_info --egg-base ../../build/person_node build --build-base /home/mahmmudqatmh/ros2_ws/build/person_node/build install --record /home/mahmmudqatmh/ros2_ws/build/person_node/install.log --single-version-externally-managed install_data
[0.407s] running egg_info
[0.407s] creating ../../build/person_node/person_node.egg-info
[0.407s] writing ../../build/person_node/person_node.egg-info/PKG-INFO
[0.407s] writing dependency_links to ../../build/person_node/person_node.egg-info/dependency_links.txt
[0.407s] writing entry points to ../../build/person_node/person_node.egg-info/entry_points.txt
[0.407s] writing requirements to ../../build/person_node/person_node.egg-info/requires.txt
[0.407s] writing top-level names to ../../build/person_node/person_node.egg-info/top_level.txt
[0.407s] writing manifest file '../../build/person_node/person_node.egg-info/SOURCES.txt'
[0.408s] reading manifest file '../../build/person_node/person_node.egg-info/SOURCES.txt'
[0.408s] writing manifest file '../../build/person_node/person_node.egg-info/SOURCES.txt'
[0.408s] running build
[0.408s] running build_py
[0.408s] creating /home/mahmmudqatmh/ros2_ws/build/person_node/build
[0.408s] creating /home/mahmmudqatmh/ros2_ws/build/person_node/build/lib
[0.408s] creating /home/mahmmudqatmh/ros2_ws/build/person_node/build/lib/person_node
[0.408s] copying person_node/publisher_person.py -> /home/mahmmudqatmh/ros2_ws/build/person_node/build/lib/person_node
[0.408s] copying person_node/subscriber_person.py -> /home/mahmmudqatmh/ros2_ws/build/person_node/build/lib/person_node
[0.409s] copying person_node/__init__.py -> /home/mahmmudqatmh/ros2_ws/build/person_node/build/lib/person_node
[0.409s] running install
[0.409s] running install_lib
[0.409s] creating /home/mahmmudqatmh/ros2_ws/install/person_node/lib/python3.10/site-packages/person_node
[0.409s] copying /home/mahmmudqatmh/ros2_ws/build/person_node/build/lib/person_node/publisher_person.py -> /home/mahmmudqatmh/ros2_ws/install/person_node/lib/python3.10/site-packages/person_node
[0.409s] copying /home/mahmmudqatmh/ros2_ws/build/person_node/build/lib/person_node/subscriber_person.py -> /home/mahmmudqatmh/ros2_ws/install/person_node/lib/python3.10/site-packages/person_node
[0.409s] copying /home/mahmmudqatmh/ros2_ws/build/person_node/build/lib/person_node/__init__.py -> /home/mahmmudqatmh/ros2_ws/install/person_node/lib/python3.10/site-packages/person_node
[0.409s] byte-compiling /home/mahmmudqatmh/ros2_ws/install/person_node/lib/python3.10/site-packages/person_node/publisher_person.py to publisher_person.cpython-310.pyc
[0.410s] byte-compiling /home/mahmmudqatmh/ros2_ws/install/person_node/lib/python3.10/site-packages/person_node/subscriber_person.py to subscriber_person.cpython-310.pyc
[0.410s] byte-compiling /home/mahmmudqatmh/ros2_ws/install/person_node/lib/python3.10/site-packages/person_node/__init__.py to __init__.cpython-310.pyc
[0.410s] running install_data
[0.410s] creating /home/mahmmudqatmh/ros2_ws/install/person_node/share/ament_index
[0.410s] creating /home/mahmmudqatmh/ros2_ws/install/person_node/share/ament_index/resource_index
[0.410s] creating /home/mahmmudqatmh/ros2_ws/install/person_node/share/ament_index/resource_index/packages
[0.410s] copying resource/person_node -> /home/mahmmudqatmh/ros2_ws/install/person_node/share/ament_index/resource_index/packages
[0.410s] copying package.xml -> /home/mahmmudqatmh/ros2_ws/install/person_node/share/person_node
[0.410s] running install_egg_info
[0.411s] Copying ../../build/person_node/person_node.egg-info to /home/mahmmudqatmh/ros2_ws/install/person_node/lib/python3.10/site-packages/person_node-0.0.0-py3.10.egg-info
[0.411s] running install_scripts
[0.422s] writing list of installed files to '/home/mahmmudqatmh/ros2_ws/build/person_node/install.log'
[0.433s] Invoked command in '/home/mahmmudqatmh/ros2_ws/src/person_node' returned '0': PYTHONPATH=/home/mahmmudqatmh/ros2_ws/build/person_node/prefix_override:/usr/lib/python3/dist-packages/colcon_core/task/python/colcon_distutils_commands:/home/mahmmudqatmh/ros2_ws/install/person_node/lib/python3.10/site-packages:${PYTHONPATH} /usr/bin/python3 -W ignore:setup.py install is deprecated -W ignore:easy_install command is deprecated setup.py egg_info --egg-base ../../build/person_node build --build-base /home/mahmmudqatmh/ros2_ws/build/person_node/build install --record /home/mahmmudqatmh/ros2_ws/build/person_node/install.log --single-version-externally-managed install_data
