[0.946s] Invoking command in '/home/lassi/ros2_lab2_ws/src/task3': PYTHONPATH=/home/lassi/ros2_lab2_ws/src/build/task3/prefix_override:/usr/lib/python3/dist-packages/colcon_core/task/python/colcon_distutils_commands:/home/lassi/ros2_lab2_ws/src/install/task3/lib/python3.10/site-packages:${PYTHONPATH} /usr/bin/python3 -W ignore:setup.py install is deprecated -W ignore:easy_install command is deprecated setup.py egg_info --egg-base ../build/task3 build --build-base /home/lassi/ros2_lab2_ws/src/build/task3/build install --record /home/lassi/ros2_lab2_ws/src/build/task3/install.log --single-version-externally-managed install_data
[1.266s] running egg_info
[1.266s] writing ../build/task3/task3.egg-info/PKG-INFO
[1.266s] writing dependency_links to ../build/task3/task3.egg-info/dependency_links.txt
[1.266s] writing entry points to ../build/task3/task3.egg-info/entry_points.txt
[1.267s] writing requirements to ../build/task3/task3.egg-info/requires.txt
[1.268s] writing top-level names to ../build/task3/task3.egg-info/top_level.txt
[1.284s] reading manifest file '../build/task3/task3.egg-info/SOURCES.txt'
[1.284s] writing manifest file '../build/task3/task3.egg-info/SOURCES.txt'
[1.297s] running build
[1.297s] running build_py
[1.297s] copying task3/revolution_listener.py -> /home/lassi/ros2_lab2_ws/src/build/task3/build/lib/task3
[1.297s] copying task3/tf_listener.py -> /home/lassi/ros2_lab2_ws/src/build/task3/build/lib/task3
[1.297s] running install
[1.297s] running install_lib
[1.323s] copying /home/lassi/ros2_lab2_ws/src/build/task3/build/lib/task3/revolution_listener.py -> /home/lassi/ros2_lab2_ws/src/install/task3/lib/python3.10/site-packages/task3
[1.323s] copying /home/lassi/ros2_lab2_ws/src/build/task3/build/lib/task3/tf_listener.py -> /home/lassi/ros2_lab2_ws/src/install/task3/lib/python3.10/site-packages/task3
[1.323s] byte-compiling /home/lassi/ros2_lab2_ws/src/install/task3/lib/python3.10/site-packages/task3/revolution_listener.py to revolution_listener.cpython-310.pyc
[1.323s] byte-compiling /home/lassi/ros2_lab2_ws/src/install/task3/lib/python3.10/site-packages/task3/tf_listener.py to tf_listener.cpython-310.pyc
[1.339s] running install_data
[1.339s] running install_egg_info
[1.383s] removing '/home/lassi/ros2_lab2_ws/src/install/task3/lib/python3.10/site-packages/task3-0.0.0-py3.10.egg-info' (and everything under it)
[1.383s] Copying ../build/task3/task3.egg-info to /home/lassi/ros2_lab2_ws/src/install/task3/lib/python3.10/site-packages/task3-0.0.0-py3.10.egg-info
[1.383s] running install_scripts
[1.491s] Installing lidar_broadcaster script to /home/lassi/ros2_lab2_ws/src/install/task3/lib/task3
[1.491s] Installing revolution_counter script to /home/lassi/ros2_lab2_ws/src/install/task3/lib/task3
[1.491s] Installing scanner_broadcaster script to /home/lassi/ros2_lab2_ws/src/install/task3/lib/task3
[1.491s] Installing tf_listener script to /home/lassi/ros2_lab2_ws/src/install/task3/lib/task3
[1.491s] writing list of installed files to '/home/lassi/ros2_lab2_ws/src/build/task3/install.log'
[1.668s] Invoked command in '/home/lassi/ros2_lab2_ws/src/task3' returned '0': PYTHONPATH=/home/lassi/ros2_lab2_ws/src/build/task3/prefix_override:/usr/lib/python3/dist-packages/colcon_core/task/python/colcon_distutils_commands:/home/lassi/ros2_lab2_ws/src/install/task3/lib/python3.10/site-packages:${PYTHONPATH} /usr/bin/python3 -W ignore:setup.py install is deprecated -W ignore:easy_install command is deprecated setup.py egg_info --egg-base ../build/task3 build --build-base /home/lassi/ros2_lab2_ws/src/build/task3/build install --record /home/lassi/ros2_lab2_ws/src/build/task3/install.log --single-version-externally-managed install_data
