[0.682s] Invoking command in '/home/lassi/ros2_lab2_ws/src/task3': PYTHONPATH=/home/lassi/ros2_lab2_ws/src/build/task3/prefix_override:/usr/lib/python3/dist-packages/colcon_core/task/python/colcon_distutils_commands:/home/lassi/ros2_lab2_ws/src/install/task3/lib/python3.10/site-packages:${PYTHONPATH} /usr/bin/python3 -W ignore:setup.py install is deprecated -W ignore:easy_install command is deprecated setup.py egg_info --egg-base ../build/task3 build --build-base /home/lassi/ros2_lab2_ws/src/build/task3/build install --record /home/lassi/ros2_lab2_ws/src/build/task3/install.log --single-version-externally-managed install_data
[0.850s] running egg_info
[0.850s] creating ../build/task3/task3.egg-info
[0.850s] writing ../build/task3/task3.egg-info/PKG-INFO
[0.850s] writing dependency_links to ../build/task3/task3.egg-info/dependency_links.txt
[0.850s] writing entry points to ../build/task3/task3.egg-info/entry_points.txt
[0.850s] writing requirements to ../build/task3/task3.egg-info/requires.txt
[0.850s] writing top-level names to ../build/task3/task3.egg-info/top_level.txt
[0.850s] writing manifest file '../build/task3/task3.egg-info/SOURCES.txt'
[0.850s] reading manifest file '../build/task3/task3.egg-info/SOURCES.txt'
[0.852s] writing manifest file '../build/task3/task3.egg-info/SOURCES.txt'
[0.852s] running build
[0.852s] running build_py
[0.852s] creating /home/lassi/ros2_lab2_ws/src/build/task3/build
[0.852s] creating /home/lassi/ros2_lab2_ws/src/build/task3/build/lib
[0.852s] creating /home/lassi/ros2_lab2_ws/src/build/task3/build/lib/task3
[0.852s] copying task3/static_lidar_broadcaster.py -> /home/lassi/ros2_lab2_ws/src/build/task3/build/lib/task3
[0.852s] copying task3/__init__.py -> /home/lassi/ros2_lab2_ws/src/build/task3/build/lib/task3
[0.852s] running install
[0.852s] running install_lib
[0.853s] creating /home/lassi/ros2_lab2_ws/src/install/task3/lib/python3.10/site-packages/task3
[0.853s] copying /home/lassi/ros2_lab2_ws/src/build/task3/build/lib/task3/static_lidar_broadcaster.py -> /home/lassi/ros2_lab2_ws/src/install/task3/lib/python3.10/site-packages/task3
[0.853s] copying /home/lassi/ros2_lab2_ws/src/build/task3/build/lib/task3/__init__.py -> /home/lassi/ros2_lab2_ws/src/install/task3/lib/python3.10/site-packages/task3
[0.853s] byte-compiling /home/lassi/ros2_lab2_ws/src/install/task3/lib/python3.10/site-packages/task3/static_lidar_broadcaster.py to static_lidar_broadcaster.cpython-310.pyc
[0.856s] byte-compiling /home/lassi/ros2_lab2_ws/src/install/task3/lib/python3.10/site-packages/task3/__init__.py to __init__.cpython-310.pyc
[0.856s] running install_data
[0.856s] creating /home/lassi/ros2_lab2_ws/src/install/task3/share/ament_index
[0.856s] creating /home/lassi/ros2_lab2_ws/src/install/task3/share/ament_index/resource_index
[0.856s] creating /home/lassi/ros2_lab2_ws/src/install/task3/share/ament_index/resource_index/packages
[0.856s] copying resource/task3 -> /home/lassi/ros2_lab2_ws/src/install/task3/share/ament_index/resource_index/packages
[0.856s] copying package.xml -> /home/lassi/ros2_lab2_ws/src/install/task3/share/task3
[0.856s] creating /home/lassi/ros2_lab2_ws/src/install/task3/share/task3/launch
[0.856s] creating /home/lassi/ros2_lab2_ws/src/install/task3/share/task3/img_data
[0.856s] running install_egg_info
[0.860s] Copying ../build/task3/task3.egg-info to /home/lassi/ros2_lab2_ws/src/install/task3/lib/python3.10/site-packages/task3-0.0.0-py3.10.egg-info
[0.860s] running install_scripts
[0.881s] Installing lidar_broadcaster script to /home/lassi/ros2_lab2_ws/src/install/task3/lib/task3
[0.881s] writing list of installed files to '/home/lassi/ros2_lab2_ws/src/build/task3/install.log'
[0.904s] Invoked command in '/home/lassi/ros2_lab2_ws/src/task3' returned '0': PYTHONPATH=/home/lassi/ros2_lab2_ws/src/build/task3/prefix_override:/usr/lib/python3/dist-packages/colcon_core/task/python/colcon_distutils_commands:/home/lassi/ros2_lab2_ws/src/install/task3/lib/python3.10/site-packages:${PYTHONPATH} /usr/bin/python3 -W ignore:setup.py install is deprecated -W ignore:easy_install command is deprecated setup.py egg_info --egg-base ../build/task3 build --build-base /home/lassi/ros2_lab2_ws/src/build/task3/build install --record /home/lassi/ros2_lab2_ws/src/build/task3/install.log --single-version-externally-managed install_data
