[1.077s] Invoking command in '/home/lassi/ros2_lab2_ws/src/gazebo_example': PYTHONPATH=/home/lassi/ros2_lab2_ws/src/build/gazebo_example/prefix_override:/usr/lib/python3/dist-packages/colcon_core/task/python/colcon_distutils_commands:/home/lassi/ros2_lab2_ws/src/install/gazebo_example/lib/python3.10/site-packages:${PYTHONPATH} /usr/bin/python3 -W ignore:setup.py install is deprecated -W ignore:easy_install command is deprecated setup.py egg_info --egg-base ../build/gazebo_example build --build-base /home/lassi/ros2_lab2_ws/src/build/gazebo_example/build install --record /home/lassi/ros2_lab2_ws/src/build/gazebo_example/install.log --single-version-externally-managed install_data
[1.363s] running egg_info
[1.371s] creating ../build/gazebo_example/gazebo_example.egg-info
[1.372s] writing ../build/gazebo_example/gazebo_example.egg-info/PKG-INFO
[1.372s] writing dependency_links to ../build/gazebo_example/gazebo_example.egg-info/dependency_links.txt
[1.372s] writing entry points to ../build/gazebo_example/gazebo_example.egg-info/entry_points.txt
[1.372s] writing requirements to ../build/gazebo_example/gazebo_example.egg-info/requires.txt
[1.372s] writing top-level names to ../build/gazebo_example/gazebo_example.egg-info/top_level.txt
[1.372s] writing manifest file '../build/gazebo_example/gazebo_example.egg-info/SOURCES.txt'
[1.372s] reading manifest file '../build/gazebo_example/gazebo_example.egg-info/SOURCES.txt'
[1.372s] writing manifest file '../build/gazebo_example/gazebo_example.egg-info/SOURCES.txt'
[1.372s] running build
[1.372s] running build_py
[1.372s] creating /home/lassi/ros2_lab2_ws/src/build/gazebo_example/build
[1.372s] creating /home/lassi/ros2_lab2_ws/src/build/gazebo_example/build/lib
[1.372s] creating /home/lassi/ros2_lab2_ws/src/build/gazebo_example/build/lib/gazebo_example
[1.372s] copying gazebo_example/__init__.py -> /home/lassi/ros2_lab2_ws/src/build/gazebo_example/build/lib/gazebo_example
[1.372s] copying gazebo_example/gazebo_example.launch.py -> /home/lassi/ros2_lab2_ws/src/build/gazebo_example/build/lib/gazebo_example
[1.372s] running install
[1.374s] running install_lib
[1.374s] creating /home/lassi/ros2_lab2_ws/src/install/gazebo_example/lib/python3.10/site-packages/gazebo_example
[1.374s] copying /home/lassi/ros2_lab2_ws/src/build/gazebo_example/build/lib/gazebo_example/__init__.py -> /home/lassi/ros2_lab2_ws/src/install/gazebo_example/lib/python3.10/site-packages/gazebo_example
[1.374s] copying /home/lassi/ros2_lab2_ws/src/build/gazebo_example/build/lib/gazebo_example/gazebo_example.launch.py -> /home/lassi/ros2_lab2_ws/src/install/gazebo_example/lib/python3.10/site-packages/gazebo_example
[1.374s] byte-compiling /home/lassi/ros2_lab2_ws/src/install/gazebo_example/lib/python3.10/site-packages/gazebo_example/__init__.py to __init__.cpython-310.pyc
[1.374s] byte-compiling /home/lassi/ros2_lab2_ws/src/install/gazebo_example/lib/python3.10/site-packages/gazebo_example/gazebo_example.launch.py to gazebo_example.launch.cpython-310.pyc
[1.374s] running install_data
[1.374s] creating /home/lassi/ros2_lab2_ws/src/install/gazebo_example/share/ament_index
[1.374s] creating /home/lassi/ros2_lab2_ws/src/install/gazebo_example/share/ament_index/resource_index
[1.374s] creating /home/lassi/ros2_lab2_ws/src/install/gazebo_example/share/ament_index/resource_index/packages
[1.374s] copying resource/gazebo_example -> /home/lassi/ros2_lab2_ws/src/install/gazebo_example/share/ament_index/resource_index/packages
[1.374s] copying package.xml -> /home/lassi/ros2_lab2_ws/src/install/gazebo_example/share/gazebo_example
[1.374s] creating /home/lassi/ros2_lab2_ws/src/install/gazebo_example/share/gazebo_example/launch
[1.380s] creating /home/lassi/ros2_lab2_ws/src/install/gazebo_example/share/gazebo_example/worlds
[1.380s] copying worlds/world.world -> /home/lassi/ros2_lab2_ws/src/install/gazebo_example/share/gazebo_example/worlds
[1.380s] running install_egg_info
[1.380s] Copying ../build/gazebo_example/gazebo_example.egg-info to /home/lassi/ros2_lab2_ws/src/install/gazebo_example/lib/python3.10/site-packages/gazebo_example-0.0.0-py3.10.egg-info
[1.380s] running install_scripts
[1.418s] writing list of installed files to '/home/lassi/ros2_lab2_ws/src/build/gazebo_example/install.log'
[1.488s] Invoked command in '/home/lassi/ros2_lab2_ws/src/gazebo_example' returned '0': PYTHONPATH=/home/lassi/ros2_lab2_ws/src/build/gazebo_example/prefix_override:/usr/lib/python3/dist-packages/colcon_core/task/python/colcon_distutils_commands:/home/lassi/ros2_lab2_ws/src/install/gazebo_example/lib/python3.10/site-packages:${PYTHONPATH} /usr/bin/python3 -W ignore:setup.py install is deprecated -W ignore:easy_install command is deprecated setup.py egg_info --egg-base ../build/gazebo_example build --build-base /home/lassi/ros2_lab2_ws/src/build/gazebo_example/build install --record /home/lassi/ros2_lab2_ws/src/build/gazebo_example/install.log --single-version-externally-managed install_data
