-- Found ament_cmake: 1.3.12 (/opt/ros/humble/share/ament_cmake/cmake)
-- Found rclcpp: 16.0.14 (/opt/ros/humble/share/rclcpp/cmake)
-- Found rosidl_generator_c: 3.1.7 (/opt/ros/humble/share/rosidl_generator_c/cmake)
-- Found rosidl_adapter: 3.1.7 (/opt/ros/humble/share/rosidl_adapter/cmake)
-- Found rosidl_generator_cpp: 3.1.7 (/opt/ros/humble/share/rosidl_generator_cpp/cmake)
-- Using all available rosidl_typesupport_c: rosidl_typesupport_fastrtps_c;rosidl_typesupport_introspection_c
-- Using all available rosidl_typesupport_cpp: rosidl_typesupport_fastrtps_cpp;rosidl_typesupport_introspection_cpp
-- Found rmw_implementation_cmake: 6.1.2 (/opt/ros/humble/share/rmw_implementation_cmake/cmake)
-- Found rmw_fastrtps_cpp: 6.2.8 (/opt/ros/humble/share/rmw_fastrtps_cpp/cmake)
-- Using RMW implementation 'rmw_fastrtps_cpp' as default
-- Found geometry_msgs: 4.9.0 (/opt/ros/humble/share/geometry_msgs/cmake)
-- Found rosidl_default_generators: 1.2.0 (/opt/ros/humble/share/rosidl_default_generators/cmake)
-- Found ament_cmake_ros: 0.10.0 (/opt/ros/humble/share/ament_cmake_ros/cmake)
-- Using all available rosidl_typesupport_c: rosidl_typesupport_fastrtps_c;rosidl_typesupport_introspection_c
-- Using all available rosidl_typesupport_cpp: rosidl_typesupport_fastrtps_cpp;rosidl_typesupport_introspection_cpp
-- Found python_cmake_module: 0.10.0 (/opt/ros/humble/share/python_cmake_module/cmake)
-- Using PYTHON_EXECUTABLE: /usr/bin/python3
-- Using PYTHON_INCLUDE_DIRS: /usr/include/python3.10
-- Using PYTHON_LIBRARIES: /usr/lib/x86_64-linux-gnu/libpython3.10.so
-- Found ament_lint_auto: 0.12.14 (/opt/ros/humble/share/ament_lint_auto/cmake)
-- Added test 'lint_cmake' to check CMake code style
-- Added test 'xmllint' to check XML markup files
-- Configuring done
-- Generating done
-- Build files have been written to: /home/mahmmudqatmh/ros2_ws/build/custom_interface
[35m[1mConsolidate compiler generated dependencies of target custom_interface__rosidl_generator_c[0m
[  2%] Built target custom_interface__cpp
[ 12%] Built target custom_interface__rosidl_generator_c
[35m[1mConsolidate compiler generated dependencies of target custom_interface__rosidl_typesupport_c[0m
[35m[1mConsolidate compiler generated dependencies of target custom_interface__rosidl_typesupport_introspection_cpp[0m
[35m[1mConsolidate compiler generated dependencies of target custom_interface__rosidl_typesupport_fastrtps_cpp[0m
[ 12%] Built target ament_cmake_python_copy_custom_interface
[35m[1mConsolidate compiler generated dependencies of target custom_interface__rosidl_typesupport_cpp[0m
[35m[1mConsolidate compiler generated dependencies of target custom_interface__rosidl_typesupport_fastrtps_c[0m
[35m[1mConsolidate compiler generated dependencies of target custom_interface__rosidl_typesupport_introspection_c[0m
[ 23%] Built target custom_interface__rosidl_typesupport_c
[ 34%] Built target custom_interface__rosidl_typesupport_cpp
[ 44%] Built target custom_interface__rosidl_typesupport_introspection_cpp
[ 55%] Built target custom_interface__rosidl_typesupport_fastrtps_cpp
[ 65%] Built target custom_interface__rosidl_typesupport_fastrtps_c
[ 76%] Built target custom_interface__rosidl_typesupport_introspection_c
[ 76%] Built target custom_interface
[ 78%] Built target custom_interface__py
[35m[1mConsolidate compiler generated dependencies of target custom_interface__rosidl_generator_py[0m
[ 87%] Built target custom_interface__rosidl_generator_py
[35m[1mConsolidate compiler generated dependencies of target custom_interface__rosidl_typesupport_c__pyext[0m
[35m[1mConsolidate compiler generated dependencies of target custom_interface__rosidl_typesupport_introspection_c__pyext[0m
[35m[1mConsolidate compiler generated dependencies of target custom_interface__rosidl_typesupport_fastrtps_c__pyext[0m
[ 91%] Built target custom_interface__rosidl_typesupport_c__pyext
[ 95%] Built target custom_interface__rosidl_typesupport_fastrtps_c__pyext
[100%] Built target custom_interface__rosidl_typesupport_introspection_c__pyext
running egg_info
writing custom_interface.egg-info/PKG-INFO
writing dependency_links to custom_interface.egg-info/dependency_links.txt
writing top-level names to custom_interface.egg-info/top_level.txt
reading manifest file 'custom_interface.egg-info/SOURCES.txt'
writing manifest file 'custom_interface.egg-info/SOURCES.txt'
[100%] Built target ament_cmake_python_build_custom_interface_egg
-- Install configuration: ""
-- Up-to-date: /home/mahmmudqatmh/ros2_ws/install/custom_interface/share/ament_index/resource_index/rosidl_interfaces/custom_interface
-- Up-to-date: /home/mahmmudqatmh/ros2_ws/install/custom_interface/include/custom_interface/custom_interface
-- Up-to-date: /home/mahmmudqatmh/ros2_ws/install/custom_interface/include/custom_interface/custom_interface/msg
-- Up-to-date: /home/mahmmudqatmh/ros2_ws/install/custom_interface/include/custom_interface/custom_interface/msg/detail
-- Up-to-date: /home/mahmmudqatmh/ros2_ws/install/custom_interface/include/custom_interface/custom_interface/msg/detail/person__struct.h
-- Up-to-date: /home/mahmmudqatmh/ros2_ws/install/custom_interface/include/custom_interface/custom_interface/msg/detail/person__functions.c
-- Up-to-date: /home/mahmmudqatmh/ros2_ws/install/custom_interface/include/custom_interface/custom_interface/msg/detail/person__type_support.h
-- Up-to-date: /home/mahmmudqatmh/ros2_ws/install/custom_interface/include/custom_interface/custom_interface/msg/detail/person__functions.h
-- Up-to-date: /home/mahmmudqatmh/ros2_ws/install/custom_interface/include/custom_interface/custom_interface/msg/person.h
-- Up-to-date: /home/mahmmudqatmh/ros2_ws/install/custom_interface/include/custom_interface/custom_interface/msg/rosidl_generator_c__visibility_control.h
-- Up-to-date: /home/mahmmudqatmh/ros2_ws/install/custom_interface/include/custom_interface/custom_interface/srv
-- Up-to-date: /home/mahmmudqatmh/ros2_ws/install/custom_interface/include/custom_interface/custom_interface/srv/add_three_ints.h
-- Up-to-date: /home/mahmmudqatmh/ros2_ws/install/custom_interface/include/custom_interface/custom_interface/srv/detail
-- Up-to-date: /home/mahmmudqatmh/ros2_ws/install/custom_interface/include/custom_interface/custom_interface/srv/detail/add_three_ints__functions.c
-- Up-to-date: /home/mahmmudqatmh/ros2_ws/install/custom_interface/include/custom_interface/custom_interface/srv/detail/distance__type_support.h
-- Up-to-date: /home/mahmmudqatmh/ros2_ws/install/custom_interface/include/custom_interface/custom_interface/srv/detail/add_three_ints__struct.h
-- Up-to-date: /home/mahmmudqatmh/ros2_ws/install/custom_interface/include/custom_interface/custom_interface/srv/detail/distance__struct.h
-- Up-to-date: /home/mahmmudqatmh/ros2_ws/install/custom_interface/include/custom_interface/custom_interface/srv/detail/distance__functions.h
-- Up-to-date: /home/mahmmudqatmh/ros2_ws/install/custom_interface/include/custom_interface/custom_interface/srv/detail/distance__functions.c
-- Up-to-date: /home/mahmmudqatmh/ros2_ws/install/custom_interface/include/custom_interface/custom_interface/srv/detail/add_three_ints__type_support.h
-- Up-to-date: /home/mahmmudqatmh/ros2_ws/install/custom_interface/include/custom_interface/custom_interface/srv/detail/add_three_ints__functions.h
-- Up-to-date: /home/mahmmudqatmh/ros2_ws/install/custom_interface/include/custom_interface/custom_interface/srv/distance.h
-- Up-to-date: /home/mahmmudqatmh/ros2_ws/install/custom_interface/share/custom_interface/environment/library_path.sh
-- Installing: /home/mahmmudqatmh/ros2_ws/install/custom_interface/share/custom_interface/environment/library_path.dsv
-- Up-to-date: /home/mahmmudqatmh/ros2_ws/install/custom_interface/lib/libcustom_interface__rosidl_generator_c.so
-- Up-to-date: /home/mahmmudqatmh/ros2_ws/install/custom_interface/include/custom_interface/custom_interface
-- Up-to-date: /home/mahmmudqatmh/ros2_ws/install/custom_interface/include/custom_interface/custom_interface/msg
-- Up-to-date: /home/mahmmudqatmh/ros2_ws/install/custom_interface/include/custom_interface/custom_interface/msg/rosidl_typesupport_fastrtps_c__visibility_control.h
-- Up-to-date: /home/mahmmudqatmh/ros2_ws/install/custom_interface/include/custom_interface/custom_interface/msg/detail
-- Up-to-date: /home/mahmmudqatmh/ros2_ws/install/custom_interface/include/custom_interface/custom_interface/msg/detail/person__rosidl_typesupport_fastrtps_c.h
-- Up-to-date: /home/mahmmudqatmh/ros2_ws/install/custom_interface/include/custom_interface/custom_interface/srv
-- Up-to-date: /home/mahmmudqatmh/ros2_ws/install/custom_interface/include/custom_interface/custom_interface/srv/detail
-- Up-to-date: /home/mahmmudqatmh/ros2_ws/install/custom_interface/include/custom_interface/custom_interface/srv/detail/add_three_ints__rosidl_typesupport_fastrtps_c.h
-- Up-to-date: /home/mahmmudqatmh/ros2_ws/install/custom_interface/include/custom_interface/custom_interface/srv/detail/distance__rosidl_typesupport_fastrtps_c.h
-- Up-to-date: /home/mahmmudqatmh/ros2_ws/install/custom_interface/lib/libcustom_interface__rosidl_typesupport_fastrtps_c.so
-- Up-to-date: /home/mahmmudqatmh/ros2_ws/install/custom_interface/include/custom_interface/custom_interface
-- Up-to-date: /home/mahmmudqatmh/ros2_ws/install/custom_interface/include/custom_interface/custom_interface/msg
-- Up-to-date: /home/mahmmudqatmh/ros2_ws/install/custom_interface/include/custom_interface/custom_interface/msg/detail
-- Up-to-date: /home/mahmmudqatmh/ros2_ws/install/custom_interface/include/custom_interface/custom_interface/msg/detail/person__struct.hpp
-- Up-to-date: /home/mahmmudqatmh/ros2_ws/install/custom_interface/include/custom_interface/custom_interface/msg/detail/person__builder.hpp
-- Up-to-date: /home/mahmmudqatmh/ros2_ws/install/custom_interface/include/custom_interface/custom_interface/msg/detail/person__traits.hpp
-- Up-to-date: /home/mahmmudqatmh/ros2_ws/install/custom_interface/include/custom_interface/custom_interface/msg/detail/person__type_support.hpp
-- Up-to-date: /home/mahmmudqatmh/ros2_ws/install/custom_interface/include/custom_interface/custom_interface/msg/person.hpp
-- Up-to-date: /home/mahmmudqatmh/ros2_ws/install/custom_interface/include/custom_interface/custom_interface/msg/rosidl_generator_cpp__visibility_control.hpp
-- Up-to-date: /home/mahmmudqatmh/ros2_ws/install/custom_interface/include/custom_interface/custom_interface/srv
-- Up-to-date: /home/mahmmudqatmh/ros2_ws/install/custom_interface/include/custom_interface/custom_interface/srv/detail
-- Up-to-date: /home/mahmmudqatmh/ros2_ws/install/custom_interface/include/custom_interface/custom_interface/srv/detail/add_three_ints__traits.hpp
-- Up-to-date: /home/mahmmudqatmh/ros2_ws/install/custom_interface/include/custom_interface/custom_interface/srv/detail/distance__type_support.hpp
-- Up-to-date: /home/mahmmudqatmh/ros2_ws/install/custom_interface/include/custom_interface/custom_interface/srv/detail/distance__builder.hpp
-- Up-to-date: /home/mahmmudqatmh/ros2_ws/install/custom_interface/include/custom_interface/custom_interface/srv/detail/add_three_ints__struct.hpp
-- Up-to-date: /home/mahmmudqatmh/ros2_ws/install/custom_interface/include/custom_interface/custom_interface/srv/detail/add_three_ints__builder.hpp
-- Up-to-date: /home/mahmmudqatmh/ros2_ws/install/custom_interface/include/custom_interface/custom_interface/srv/detail/add_three_ints__type_support.hpp
-- Up-to-date: /home/mahmmudqatmh/ros2_ws/install/custom_interface/include/custom_interface/custom_interface/srv/detail/distance__traits.hpp
-- Up-to-date: /home/mahmmudqatmh/ros2_ws/install/custom_interface/include/custom_interface/custom_interface/srv/detail/distance__struct.hpp
-- Up-to-date: /home/mahmmudqatmh/ros2_ws/install/custom_interface/include/custom_interface/custom_interface/srv/distance.hpp
-- Up-to-date: /home/mahmmudqatmh/ros2_ws/install/custom_interface/include/custom_interface/custom_interface/srv/add_three_ints.hpp
-- Up-to-date: /home/mahmmudqatmh/ros2_ws/install/custom_interface/include/custom_interface/custom_interface
-- Up-to-date: /home/mahmmudqatmh/ros2_ws/install/custom_interface/include/custom_interface/custom_interface/msg
-- Up-to-date: /home/mahmmudqatmh/ros2_ws/install/custom_interface/include/custom_interface/custom_interface/msg/detail
-- Up-to-date: /home/mahmmudqatmh/ros2_ws/install/custom_interface/include/custom_interface/custom_interface/msg/detail/person__rosidl_typesupport_fastrtps_cpp.hpp
-- Up-to-date: /home/mahmmudqatmh/ros2_ws/install/custom_interface/include/custom_interface/custom_interface/msg/detail/dds_fastrtps
-- Up-to-date: /home/mahmmudqatmh/ros2_ws/install/custom_interface/include/custom_interface/custom_interface/msg/rosidl_typesupport_fastrtps_cpp__visibility_control.h
-- Up-to-date: /home/mahmmudqatmh/ros2_ws/install/custom_interface/include/custom_interface/custom_interface/srv
-- Up-to-date: /home/mahmmudqatmh/ros2_ws/install/custom_interface/include/custom_interface/custom_interface/srv/detail
-- Up-to-date: /home/mahmmudqatmh/ros2_ws/install/custom_interface/include/custom_interface/custom_interface/srv/detail/add_three_ints__rosidl_typesupport_fastrtps_cpp.hpp
-- Up-to-date: /home/mahmmudqatmh/ros2_ws/install/custom_interface/include/custom_interface/custom_interface/srv/detail/dds_fastrtps
-- Up-to-date: /home/mahmmudqatmh/ros2_ws/install/custom_interface/include/custom_interface/custom_interface/srv/detail/distance__rosidl_typesupport_fastrtps_cpp.hpp
-- Up-to-date: /home/mahmmudqatmh/ros2_ws/install/custom_interface/lib/libcustom_interface__rosidl_typesupport_fastrtps_cpp.so
-- Up-to-date: /home/mahmmudqatmh/ros2_ws/install/custom_interface/include/custom_interface/custom_interface
-- Up-to-date: /home/mahmmudqatmh/ros2_ws/install/custom_interface/include/custom_interface/custom_interface/msg
-- Up-to-date: /home/mahmmudqatmh/ros2_ws/install/custom_interface/include/custom_interface/custom_interface/msg/detail
-- Up-to-date: /home/mahmmudqatmh/ros2_ws/install/custom_interface/include/custom_interface/custom_interface/msg/detail/person__rosidl_typesupport_introspection_c.h
-- Up-to-date: /home/mahmmudqatmh/ros2_ws/install/custom_interface/include/custom_interface/custom_interface/msg/detail/person__type_support.c
-- Up-to-date: /home/mahmmudqatmh/ros2_ws/install/custom_interface/include/custom_interface/custom_interface/msg/rosidl_typesupport_introspection_c__visibility_control.h
-- Up-to-date: /home/mahmmudqatmh/ros2_ws/install/custom_interface/include/custom_interface/custom_interface/srv
-- Up-to-date: /home/mahmmudqatmh/ros2_ws/install/custom_interface/include/custom_interface/custom_interface/srv/detail
-- Up-to-date: /home/mahmmudqatmh/ros2_ws/install/custom_interface/include/custom_interface/custom_interface/srv/detail/add_three_ints__rosidl_typesupport_introspection_c.h
-- Up-to-date: /home/mahmmudqatmh/ros2_ws/install/custom_interface/include/custom_interface/custom_interface/srv/detail/distance__type_support.c
-- Up-to-date: /home/mahmmudqatmh/ros2_ws/install/custom_interface/include/custom_interface/custom_interface/srv/detail/add_three_ints__type_support.c
-- Up-to-date: /home/mahmmudqatmh/ros2_ws/install/custom_interface/include/custom_interface/custom_interface/srv/detail/distance__rosidl_typesupport_introspection_c.h
-- Up-to-date: /home/mahmmudqatmh/ros2_ws/install/custom_interface/lib/libcustom_interface__rosidl_typesupport_introspection_c.so
-- Up-to-date: /home/mahmmudqatmh/ros2_ws/install/custom_interface/lib/libcustom_interface__rosidl_typesupport_c.so
-- Up-to-date: /home/mahmmudqatmh/ros2_ws/install/custom_interface/include/custom_interface/custom_interface
-- Up-to-date: /home/mahmmudqatmh/ros2_ws/install/custom_interface/include/custom_interface/custom_interface/msg
-- Up-to-date: /home/mahmmudqatmh/ros2_ws/install/custom_interface/include/custom_interface/custom_interface/msg/detail
-- Up-to-date: /home/mahmmudqatmh/ros2_ws/install/custom_interface/include/custom_interface/custom_interface/msg/detail/person__type_support.cpp
-- Up-to-date: /home/mahmmudqatmh/ros2_ws/install/custom_interface/include/custom_interface/custom_interface/msg/detail/person__rosidl_typesupport_introspection_cpp.hpp
-- Up-to-date: /home/mahmmudqatmh/ros2_ws/install/custom_interface/include/custom_interface/custom_interface/srv
-- Up-to-date: /home/mahmmudqatmh/ros2_ws/install/custom_interface/include/custom_interface/custom_interface/srv/detail
-- Up-to-date: /home/mahmmudqatmh/ros2_ws/install/custom_interface/include/custom_interface/custom_interface/srv/detail/add_three_ints__type_support.cpp
-- Up-to-date: /home/mahmmudqatmh/ros2_ws/install/custom_interface/include/custom_interface/custom_interface/srv/detail/add_three_ints__rosidl_typesupport_introspection_cpp.hpp
-- Up-to-date: /home/mahmmudqatmh/ros2_ws/install/custom_interface/include/custom_interface/custom_interface/srv/detail/distance__rosidl_typesupport_introspection_cpp.hpp
-- Up-to-date: /home/mahmmudqatmh/ros2_ws/install/custom_interface/include/custom_interface/custom_interface/srv/detail/distance__type_support.cpp
-- Up-to-date: /home/mahmmudqatmh/ros2_ws/install/custom_interface/lib/libcustom_interface__rosidl_typesupport_introspection_cpp.so
-- Up-to-date: /home/mahmmudqatmh/ros2_ws/install/custom_interface/lib/libcustom_interface__rosidl_typesupport_cpp.so
-- Up-to-date: /home/mahmmudqatmh/ros2_ws/install/custom_interface/share/custom_interface/environment/pythonpath.sh
-- Installing: /home/mahmmudqatmh/ros2_ws/install/custom_interface/share/custom_interface/environment/pythonpath.dsv
-- Up-to-date: /home/mahmmudqatmh/ros2_ws/install/custom_interface/local/lib/python3.10/dist-packages/custom_interface-0.0.0-py3.10.egg-info
-- Installing: /home/mahmmudqatmh/ros2_ws/install/custom_interface/local/lib/python3.10/dist-packages/custom_interface-0.0.0-py3.10.egg-info/dependency_links.txt
-- Installing: /home/mahmmudqatmh/ros2_ws/install/custom_interface/local/lib/python3.10/dist-packages/custom_interface-0.0.0-py3.10.egg-info/top_level.txt
-- Installing: /home/mahmmudqatmh/ros2_ws/install/custom_interface/local/lib/python3.10/dist-packages/custom_interface-0.0.0-py3.10.egg-info/PKG-INFO
-- Installing: /home/mahmmudqatmh/ros2_ws/install/custom_interface/local/lib/python3.10/dist-packages/custom_interface-0.0.0-py3.10.egg-info/SOURCES.txt
-- Up-to-date: /home/mahmmudqatmh/ros2_ws/install/custom_interface/local/lib/python3.10/dist-packages/custom_interface
-- Up-to-date: /home/mahmmudqatmh/ros2_ws/install/custom_interface/local/lib/python3.10/dist-packages/custom_interface/_custom_interface_s.ep.rosidl_typesupport_introspection_c.c
-- Up-to-date: /home/mahmmudqatmh/ros2_ws/install/custom_interface/local/lib/python3.10/dist-packages/custom_interface/custom_interface_s__rosidl_typesupport_c.cpython-310-x86_64-linux-gnu.so
-- Up-to-date: /home/mahmmudqatmh/ros2_ws/install/custom_interface/local/lib/python3.10/dist-packages/custom_interface/msg
-- Up-to-date: /home/mahmmudqatmh/ros2_ws/install/custom_interface/local/lib/python3.10/dist-packages/custom_interface/msg/_person.py
-- Up-to-date: /home/mahmmudqatmh/ros2_ws/install/custom_interface/local/lib/python3.10/dist-packages/custom_interface/msg/_person_s.c
-- Up-to-date: /home/mahmmudqatmh/ros2_ws/install/custom_interface/local/lib/python3.10/dist-packages/custom_interface/msg/__init__.py
-- Up-to-date: /home/mahmmudqatmh/ros2_ws/install/custom_interface/local/lib/python3.10/dist-packages/custom_interface/srv
-- Up-to-date: /home/mahmmudqatmh/ros2_ws/install/custom_interface/local/lib/python3.10/dist-packages/custom_interface/srv/_distance.py
-- Up-to-date: /home/mahmmudqatmh/ros2_ws/install/custom_interface/local/lib/python3.10/dist-packages/custom_interface/srv/_add_three_ints_s.c
-- Up-to-date: /home/mahmmudqatmh/ros2_ws/install/custom_interface/local/lib/python3.10/dist-packages/custom_interface/srv/_distance_s.c
-- Up-to-date: /home/mahmmudqatmh/ros2_ws/install/custom_interface/local/lib/python3.10/dist-packages/custom_interface/srv/_add_three_ints.py
-- Up-to-date: /home/mahmmudqatmh/ros2_ws/install/custom_interface/local/lib/python3.10/dist-packages/custom_interface/srv/__init__.py
-- Up-to-date: /home/mahmmudqatmh/ros2_ws/install/custom_interface/local/lib/python3.10/dist-packages/custom_interface/custom_interface_s__rosidl_typesupport_fastrtps_c.cpython-310-x86_64-linux-gnu.so
-- Up-to-date: /home/mahmmudqatmh/ros2_ws/install/custom_interface/local/lib/python3.10/dist-packages/custom_interface/_custom_interface_s.ep.rosidl_typesupport_c.c
-- Installing: /home/mahmmudqatmh/ros2_ws/install/custom_interface/local/lib/python3.10/dist-packages/custom_interface/__init__.py
-- Up-to-date: /home/mahmmudqatmh/ros2_ws/install/custom_interface/local/lib/python3.10/dist-packages/custom_interface/custom_interface_s__rosidl_typesupport_introspection_c.cpython-310-x86_64-linux-gnu.so
-- Up-to-date: /home/mahmmudqatmh/ros2_ws/install/custom_interface/local/lib/python3.10/dist-packages/custom_interface/_custom_interface_s.ep.rosidl_typesupport_fastrtps_c.c
-- Up-to-date: /home/mahmmudqatmh/ros2_ws/install/custom_interface/local/lib/python3.10/dist-packages/custom_interface/libcustom_interface__rosidl_generator_py.so
Listing '/home/mahmmudqatmh/ros2_ws/install/custom_interface/local/lib/python3.10/dist-packages/custom_interface'...
Compiling '/home/mahmmudqatmh/ros2_ws/install/custom_interface/local/lib/python3.10/dist-packages/custom_interface/__init__.py'...
Listing '/home/mahmmudqatmh/ros2_ws/install/custom_interface/local/lib/python3.10/dist-packages/custom_interface/msg'...
Listing '/home/mahmmudqatmh/ros2_ws/install/custom_interface/local/lib/python3.10/dist-packages/custom_interface/srv'...
-- Up-to-date: /home/mahmmudqatmh/ros2_ws/install/custom_interface/local/lib/python3.10/dist-packages/custom_interface/custom_interface_s__rosidl_typesupport_fastrtps_c.cpython-310-x86_64-linux-gnu.so
-- Up-to-date: /home/mahmmudqatmh/ros2_ws/install/custom_interface/local/lib/python3.10/dist-packages/custom_interface/custom_interface_s__rosidl_typesupport_introspection_c.cpython-310-x86_64-linux-gnu.so
-- Up-to-date: /home/mahmmudqatmh/ros2_ws/install/custom_interface/local/lib/python3.10/dist-packages/custom_interface/custom_interface_s__rosidl_typesupport_c.cpython-310-x86_64-linux-gnu.so
-- Up-to-date: /home/mahmmudqatmh/ros2_ws/install/custom_interface/lib/libcustom_interface__rosidl_generator_py.so
-- Up-to-date: /home/mahmmudqatmh/ros2_ws/install/custom_interface/share/custom_interface/msg/Person.idl
-- Up-to-date: /home/mahmmudqatmh/ros2_ws/install/custom_interface/share/custom_interface/srv/AddThreeInts.idl
-- Up-to-date: /home/mahmmudqatmh/ros2_ws/install/custom_interface/share/custom_interface/srv/Distance.idl
-- Up-to-date: /home/mahmmudqatmh/ros2_ws/install/custom_interface/share/custom_interface/msg/Person.msg
-- Up-to-date: /home/mahmmudqatmh/ros2_ws/install/custom_interface/share/custom_interface/srv/AddThreeInts.srv
-- Up-to-date: /home/mahmmudqatmh/ros2_ws/install/custom_interface/share/custom_interface/srv/AddThreeInts_Request.msg
-- Up-to-date: /home/mahmmudqatmh/ros2_ws/install/custom_interface/share/custom_interface/srv/AddThreeInts_Response.msg
-- Up-to-date: /home/mahmmudqatmh/ros2_ws/install/custom_interface/share/custom_interface/srv/Distance.srv
-- Up-to-date: /home/mahmmudqatmh/ros2_ws/install/custom_interface/share/custom_interface/srv/Distance_Request.msg
-- Up-to-date: /home/mahmmudqatmh/ros2_ws/install/custom_interface/share/custom_interface/srv/Distance_Response.msg
-- Up-to-date: /home/mahmmudqatmh/ros2_ws/install/custom_interface/share/ament_index/resource_index/package_run_dependencies/custom_interface
-- Installing: /home/mahmmudqatmh/ros2_ws/install/custom_interface/share/ament_index/resource_index/parent_prefix_path/custom_interface
-- Up-to-date: /home/mahmmudqatmh/ros2_ws/install/custom_interface/share/custom_interface/environment/ament_prefix_path.sh
-- Installing: /home/mahmmudqatmh/ros2_ws/install/custom_interface/share/custom_interface/environment/ament_prefix_path.dsv
-- Up-to-date: /home/mahmmudqatmh/ros2_ws/install/custom_interface/share/custom_interface/environment/path.sh
-- Installing: /home/mahmmudqatmh/ros2_ws/install/custom_interface/share/custom_interface/environment/path.dsv
-- Up-to-date: /home/mahmmudqatmh/ros2_ws/install/custom_interface/share/custom_interface/local_setup.bash
-- Up-to-date: /home/mahmmudqatmh/ros2_ws/install/custom_interface/share/custom_interface/local_setup.sh
-- Up-to-date: /home/mahmmudqatmh/ros2_ws/install/custom_interface/share/custom_interface/local_setup.zsh
-- Installing: /home/mahmmudqatmh/ros2_ws/install/custom_interface/share/custom_interface/local_setup.dsv
-- Installing: /home/mahmmudqatmh/ros2_ws/install/custom_interface/share/custom_interface/package.dsv
-- Up-to-date: /home/mahmmudqatmh/ros2_ws/install/custom_interface/share/ament_index/resource_index/packages/custom_interface
-- Up-to-date: /home/mahmmudqatmh/ros2_ws/install/custom_interface/share/custom_interface/cmake/export_custom_interface__rosidl_generator_cExport.cmake
-- Up-to-date: /home/mahmmudqatmh/ros2_ws/install/custom_interface/share/custom_interface/cmake/export_custom_interface__rosidl_generator_cExport-noconfig.cmake
-- Up-to-date: /home/mahmmudqatmh/ros2_ws/install/custom_interface/share/custom_interface/cmake/export_custom_interface__rosidl_typesupport_fastrtps_cExport.cmake
-- Up-to-date: /home/mahmmudqatmh/ros2_ws/install/custom_interface/share/custom_interface/cmake/export_custom_interface__rosidl_typesupport_fastrtps_cExport-noconfig.cmake
-- Up-to-date: /home/mahmmudqatmh/ros2_ws/install/custom_interface/share/custom_interface/cmake/export_custom_interface__rosidl_generator_cppExport.cmake
-- Up-to-date: /home/mahmmudqatmh/ros2_ws/install/custom_interface/share/custom_interface/cmake/export_custom_interface__rosidl_typesupport_fastrtps_cppExport.cmake
-- Up-to-date: /home/mahmmudqatmh/ros2_ws/install/custom_interface/share/custom_interface/cmake/export_custom_interface__rosidl_typesupport_fastrtps_cppExport-noconfig.cmake
-- Up-to-date: /home/mahmmudqatmh/ros2_ws/install/custom_interface/share/custom_interface/cmake/custom_interface__rosidl_typesupport_introspection_cExport.cmake
-- Up-to-date: /home/mahmmudqatmh/ros2_ws/install/custom_interface/share/custom_interface/cmake/custom_interface__rosidl_typesupport_introspection_cExport-noconfig.cmake
-- Up-to-date: /home/mahmmudqatmh/ros2_ws/install/custom_interface/share/custom_interface/cmake/custom_interface__rosidl_typesupport_cExport.cmake
-- Up-to-date: /home/mahmmudqatmh/ros2_ws/install/custom_interface/share/custom_interface/cmake/custom_interface__rosidl_typesupport_cExport-noconfig.cmake
-- Up-to-date: /home/mahmmudqatmh/ros2_ws/install/custom_interface/share/custom_interface/cmake/custom_interface__rosidl_typesupport_introspection_cppExport.cmake
-- Up-to-date: /home/mahmmudqatmh/ros2_ws/install/custom_interface/share/custom_interface/cmake/custom_interface__rosidl_typesupport_introspection_cppExport-noconfig.cmake
-- Up-to-date: /home/mahmmudqatmh/ros2_ws/install/custom_interface/share/custom_interface/cmake/custom_interface__rosidl_typesupport_cppExport.cmake
-- Up-to-date: /home/mahmmudqatmh/ros2_ws/install/custom_interface/share/custom_interface/cmake/custom_interface__rosidl_typesupport_cppExport-noconfig.cmake
-- Up-to-date: /home/mahmmudqatmh/ros2_ws/install/custom_interface/share/custom_interface/cmake/export_custom_interface__rosidl_generator_pyExport.cmake
-- Up-to-date: /home/mahmmudqatmh/ros2_ws/install/custom_interface/share/custom_interface/cmake/export_custom_interface__rosidl_generator_pyExport-noconfig.cmake
-- Installing: /home/mahmmudqatmh/ros2_ws/install/custom_interface/share/custom_interface/cmake/rosidl_cmake-extras.cmake
-- Installing: /home/mahmmudqatmh/ros2_ws/install/custom_interface/share/custom_interface/cmake/ament_cmake_export_dependencies-extras.cmake
-- Up-to-date: /home/mahmmudqatmh/ros2_ws/install/custom_interface/share/custom_interface/cmake/ament_cmake_export_include_directories-extras.cmake
-- Up-to-date: /home/mahmmudqatmh/ros2_ws/install/custom_interface/share/custom_interface/cmake/ament_cmake_export_libraries-extras.cmake
-- Up-to-date: /home/mahmmudqatmh/ros2_ws/install/custom_interface/share/custom_interface/cmake/ament_cmake_export_targets-extras.cmake
-- Up-to-date: /home/mahmmudqatmh/ros2_ws/install/custom_interface/share/custom_interface/cmake/rosidl_cmake_export_typesupport_targets-extras.cmake
-- Up-to-date: /home/mahmmudqatmh/ros2_ws/install/custom_interface/share/custom_interface/cmake/rosidl_cmake_export_typesupport_libraries-extras.cmake
-- Installing: /home/mahmmudqatmh/ros2_ws/install/custom_interface/share/custom_interface/cmake/custom_interfaceConfig.cmake
-- Up-to-date: /home/mahmmudqatmh/ros2_ws/install/custom_interface/share/custom_interface/cmake/custom_interfaceConfig-version.cmake
-- Installing: /home/mahmmudqatmh/ros2_ws/install/custom_interface/share/custom_interface/package.xml
