[0.017s] Invoking command in '/home/mahmmudqatmh/ros2_ws/build/custom_interface': CMAKE_PREFIX_PATH=${CMAKE_PREFIX_PATH}:/home/mahmmudqatmh/ros2_ws/install/pose_line:/home/mahmmudqatmh/ros2_ws/install/person_node:/home/mahmmudqatmh/ros2_ws/install/distance_service:/home/mahmmudqatmh/ros2_ws/install/distance_bringup:/home/mahmmudqatmh/ros2_ws/install/countdown_nodes:/opt/ros/humble /usr/bin/cmake --build /home/mahmmudqatmh/ros2_ws/build/custom_interface -- -j24 -l24
[0.193s] -- Found ament_cmake: 1.3.12 (/opt/ros/humble/share/ament_cmake/cmake)
[0.193s] -- Found rclcpp: 16.0.14 (/opt/ros/humble/share/rclcpp/cmake)
[0.193s] -- Found rosidl_generator_c: 3.1.7 (/opt/ros/humble/share/rosidl_generator_c/cmake)
[0.194s] -- Found rosidl_adapter: 3.1.7 (/opt/ros/humble/share/rosidl_adapter/cmake)
[0.194s] -- Found rosidl_generator_cpp: 3.1.7 (/opt/ros/humble/share/rosidl_generator_cpp/cmake)
[0.194s] -- Using all available rosidl_typesupport_c: rosidl_typesupport_fastrtps_c;rosidl_typesupport_introspection_c
[0.194s] -- Using all available rosidl_typesupport_cpp: rosidl_typesupport_fastrtps_cpp;rosidl_typesupport_introspection_cpp
[0.196s] -- Found rmw_implementation_cmake: 6.1.2 (/opt/ros/humble/share/rmw_implementation_cmake/cmake)
[0.197s] -- Found rmw_fastrtps_cpp: 6.2.8 (/opt/ros/humble/share/rmw_fastrtps_cpp/cmake)
[0.262s] -- Using RMW implementation 'rmw_fastrtps_cpp' as default
[0.294s] -- Found geometry_msgs: 4.9.0 (/opt/ros/humble/share/geometry_msgs/cmake)
[0.301s] -- Found rosidl_default_generators: 1.2.0 (/opt/ros/humble/share/rosidl_default_generators/cmake)
[0.516s] -- Found ament_cmake_ros: 0.10.0 (/opt/ros/humble/share/ament_cmake_ros/cmake)
[0.831s] -- Using all available rosidl_typesupport_c: rosidl_typesupport_fastrtps_c;rosidl_typesupport_introspection_c
[0.971s] -- Using all available rosidl_typesupport_cpp: rosidl_typesupport_fastrtps_cpp;rosidl_typesupport_introspection_cpp
[0.992s] -- Found python_cmake_module: 0.10.0 (/opt/ros/humble/share/python_cmake_module/cmake)
[1.020s] -- Using PYTHON_EXECUTABLE: /usr/bin/python3
[1.020s] -- Using PYTHON_INCLUDE_DIRS: /usr/include/python3.10
[1.020s] -- Using PYTHON_LIBRARIES: /usr/lib/x86_64-linux-gnu/libpython3.10.so
[1.045s] -- Found ament_lint_auto: 0.12.14 (/opt/ros/humble/share/ament_lint_auto/cmake)
[1.051s] -- Added test 'lint_cmake' to check CMake code style
[1.052s] -- Added test 'xmllint' to check XML markup files
[1.053s] -- Configuring done
[1.080s] -- Generating done
[1.089s] -- Build files have been written to: /home/mahmmudqatmh/ros2_ws/build/custom_interface
[1.112s] [35m[1mConsolidate compiler generated dependencies of target custom_interface__rosidl_generator_c[0m
[1.123s] [  2%] Built target custom_interface__cpp
[1.124s] [ 12%] Built target custom_interface__rosidl_generator_c
[1.133s] [35m[1mConsolidate compiler generated dependencies of target custom_interface__rosidl_typesupport_c[0m
[1.133s] [35m[1mConsolidate compiler generated dependencies of target custom_interface__rosidl_typesupport_introspection_cpp[0m
[1.133s] [35m[1mConsolidate compiler generated dependencies of target custom_interface__rosidl_typesupport_fastrtps_cpp[0m
[1.134s] [ 12%] Built target ament_cmake_python_copy_custom_interface
[1.135s] [35m[1mConsolidate compiler generated dependencies of target custom_interface__rosidl_typesupport_cpp[0m
[1.135s] [35m[1mConsolidate compiler generated dependencies of target custom_interface__rosidl_typesupport_fastrtps_c[0m
[1.136s] [35m[1mConsolidate compiler generated dependencies of target custom_interface__rosidl_typesupport_introspection_c[0m
[1.142s] [ 23%] Built target custom_interface__rosidl_typesupport_c
[1.145s] [ 34%] Built target custom_interface__rosidl_typesupport_cpp
[1.146s] [ 44%] Built target custom_interface__rosidl_typesupport_introspection_cpp
[1.148s] [ 55%] Built target custom_interface__rosidl_typesupport_fastrtps_cpp
[1.148s] [ 65%] Built target custom_interface__rosidl_typesupport_fastrtps_c
[1.149s] [ 76%] Built target custom_interface__rosidl_typesupport_introspection_c
[1.165s] [ 76%] Built target custom_interface
[1.185s] [ 78%] Built target custom_interface__py
[1.195s] [35m[1mConsolidate compiler generated dependencies of target custom_interface__rosidl_generator_py[0m
[1.207s] [ 87%] Built target custom_interface__rosidl_generator_py
[1.215s] [35m[1mConsolidate compiler generated dependencies of target custom_interface__rosidl_typesupport_c__pyext[0m
[1.216s] [35m[1mConsolidate compiler generated dependencies of target custom_interface__rosidl_typesupport_introspection_c__pyext[0m
[1.217s] [35m[1mConsolidate compiler generated dependencies of target custom_interface__rosidl_typesupport_fastrtps_c__pyext[0m
[1.227s] [ 91%] Built target custom_interface__rosidl_typesupport_c__pyext
[1.228s] [ 95%] Built target custom_interface__rosidl_typesupport_fastrtps_c__pyext
[1.228s] [100%] Built target custom_interface__rosidl_typesupport_introspection_c__pyext
[1.300s] running egg_info
[1.301s] writing custom_interface.egg-info/PKG-INFO
[1.301s] writing dependency_links to custom_interface.egg-info/dependency_links.txt
[1.301s] writing top-level names to custom_interface.egg-info/top_level.txt
[1.302s] reading manifest file 'custom_interface.egg-info/SOURCES.txt'
[1.303s] writing manifest file 'custom_interface.egg-info/SOURCES.txt'
[1.322s] [100%] Built target ament_cmake_python_build_custom_interface_egg
[1.333s] Invoked command in '/home/mahmmudqatmh/ros2_ws/build/custom_interface' returned '0': CMAKE_PREFIX_PATH=${CMAKE_PREFIX_PATH}:/home/mahmmudqatmh/ros2_ws/install/pose_line:/home/mahmmudqatmh/ros2_ws/install/person_node:/home/mahmmudqatmh/ros2_ws/install/distance_service:/home/mahmmudqatmh/ros2_ws/install/distance_bringup:/home/mahmmudqatmh/ros2_ws/install/countdown_nodes:/opt/ros/humble /usr/bin/cmake --build /home/mahmmudqatmh/ros2_ws/build/custom_interface -- -j24 -l24
[1.335s] Invoking command in '/home/mahmmudqatmh/ros2_ws/build/custom_interface': CMAKE_PREFIX_PATH=${CMAKE_PREFIX_PATH}:/home/mahmmudqatmh/ros2_ws/install/pose_line:/home/mahmmudqatmh/ros2_ws/install/person_node:/home/mahmmudqatmh/ros2_ws/install/distance_service:/home/mahmmudqatmh/ros2_ws/install/distance_bringup:/home/mahmmudqatmh/ros2_ws/install/countdown_nodes:/opt/ros/humble /usr/bin/cmake --install /home/mahmmudqatmh/ros2_ws/build/custom_interface
[1.340s] -- Install configuration: ""
[1.341s] -- Up-to-date: /home/mahmmudqatmh/ros2_ws/install/custom_interface/share/ament_index/resource_index/rosidl_interfaces/custom_interface
[1.341s] -- Up-to-date: /home/mahmmudqatmh/ros2_ws/install/custom_interface/include/custom_interface/custom_interface
[1.341s] -- Up-to-date: /home/mahmmudqatmh/ros2_ws/install/custom_interface/include/custom_interface/custom_interface/msg
[1.341s] -- Up-to-date: /home/mahmmudqatmh/ros2_ws/install/custom_interface/include/custom_interface/custom_interface/msg/detail
[1.341s] -- Up-to-date: /home/mahmmudqatmh/ros2_ws/install/custom_interface/include/custom_interface/custom_interface/msg/detail/person__struct.h
[1.341s] -- Up-to-date: /home/mahmmudqatmh/ros2_ws/install/custom_interface/include/custom_interface/custom_interface/msg/detail/person__functions.c
[1.341s] -- Up-to-date: /home/mahmmudqatmh/ros2_ws/install/custom_interface/include/custom_interface/custom_interface/msg/detail/person__type_support.h
[1.341s] -- Up-to-date: /home/mahmmudqatmh/ros2_ws/install/custom_interface/include/custom_interface/custom_interface/msg/detail/person__functions.h
[1.342s] -- Up-to-date: /home/mahmmudqatmh/ros2_ws/install/custom_interface/include/custom_interface/custom_interface/msg/person.h
[1.342s] -- Up-to-date: /home/mahmmudqatmh/ros2_ws/install/custom_interface/include/custom_interface/custom_interface/msg/rosidl_generator_c__visibility_control.h
[1.342s] -- Up-to-date: /home/mahmmudqatmh/ros2_ws/install/custom_interface/include/custom_interface/custom_interface/srv
[1.342s] -- Up-to-date: /home/mahmmudqatmh/ros2_ws/install/custom_interface/include/custom_interface/custom_interface/srv/add_three_ints.h
[1.342s] -- Up-to-date: /home/mahmmudqatmh/ros2_ws/install/custom_interface/include/custom_interface/custom_interface/srv/detail
[1.342s] -- Up-to-date: /home/mahmmudqatmh/ros2_ws/install/custom_interface/include/custom_interface/custom_interface/srv/detail/add_three_ints__functions.c
[1.342s] -- Up-to-date: /home/mahmmudqatmh/ros2_ws/install/custom_interface/include/custom_interface/custom_interface/srv/detail/distance__type_support.h
[1.342s] -- Up-to-date: /home/mahmmudqatmh/ros2_ws/install/custom_interface/include/custom_interface/custom_interface/srv/detail/add_three_ints__struct.h
[1.342s] -- Up-to-date: /home/mahmmudqatmh/ros2_ws/install/custom_interface/include/custom_interface/custom_interface/srv/detail/distance__struct.h
[1.342s] -- Up-to-date: /home/mahmmudqatmh/ros2_ws/install/custom_interface/include/custom_interface/custom_interface/srv/detail/distance__functions.h
[1.342s] -- Up-to-date: /home/mahmmudqatmh/ros2_ws/install/custom_interface/include/custom_interface/custom_interface/srv/detail/distance__functions.c
[1.342s] -- Up-to-date: /home/mahmmudqatmh/ros2_ws/install/custom_interface/include/custom_interface/custom_interface/srv/detail/add_three_ints__type_support.h
[1.342s] -- Up-to-date: /home/mahmmudqatmh/ros2_ws/install/custom_interface/include/custom_interface/custom_interface/srv/detail/add_three_ints__functions.h
[1.342s] -- Up-to-date: /home/mahmmudqatmh/ros2_ws/install/custom_interface/include/custom_interface/custom_interface/srv/distance.h
[1.342s] -- Up-to-date: /home/mahmmudqatmh/ros2_ws/install/custom_interface/share/custom_interface/environment/library_path.sh
[1.342s] -- Installing: /home/mahmmudqatmh/ros2_ws/install/custom_interface/share/custom_interface/environment/library_path.dsv
[1.343s] -- Up-to-date: /home/mahmmudqatmh/ros2_ws/install/custom_interface/lib/libcustom_interface__rosidl_generator_c.so
[1.343s] -- Up-to-date: /home/mahmmudqatmh/ros2_ws/install/custom_interface/include/custom_interface/custom_interface
[1.343s] -- Up-to-date: /home/mahmmudqatmh/ros2_ws/install/custom_interface/include/custom_interface/custom_interface/msg
[1.343s] -- Up-to-date: /home/mahmmudqatmh/ros2_ws/install/custom_interface/include/custom_interface/custom_interface/msg/rosidl_typesupport_fastrtps_c__visibility_control.h
[1.343s] -- Up-to-date: /home/mahmmudqatmh/ros2_ws/install/custom_interface/include/custom_interface/custom_interface/msg/detail
[1.343s] -- Up-to-date: /home/mahmmudqatmh/ros2_ws/install/custom_interface/include/custom_interface/custom_interface/msg/detail/person__rosidl_typesupport_fastrtps_c.h
[1.343s] -- Up-to-date: /home/mahmmudqatmh/ros2_ws/install/custom_interface/include/custom_interface/custom_interface/srv
[1.343s] -- Up-to-date: /home/mahmmudqatmh/ros2_ws/install/custom_interface/include/custom_interface/custom_interface/srv/detail
[1.343s] -- Up-to-date: /home/mahmmudqatmh/ros2_ws/install/custom_interface/include/custom_interface/custom_interface/srv/detail/add_three_ints__rosidl_typesupport_fastrtps_c.h
[1.343s] -- Up-to-date: /home/mahmmudqatmh/ros2_ws/install/custom_interface/include/custom_interface/custom_interface/srv/detail/distance__rosidl_typesupport_fastrtps_c.h
[1.343s] -- Up-to-date: /home/mahmmudqatmh/ros2_ws/install/custom_interface/lib/libcustom_interface__rosidl_typesupport_fastrtps_c.so
[1.343s] -- Up-to-date: /home/mahmmudqatmh/ros2_ws/install/custom_interface/include/custom_interface/custom_interface
[1.343s] -- Up-to-date: /home/mahmmudqatmh/ros2_ws/install/custom_interface/include/custom_interface/custom_interface/msg
[1.343s] -- Up-to-date: /home/mahmmudqatmh/ros2_ws/install/custom_interface/include/custom_interface/custom_interface/msg/detail
[1.343s] -- Up-to-date: /home/mahmmudqatmh/ros2_ws/install/custom_interface/include/custom_interface/custom_interface/msg/detail/person__struct.hpp
[1.343s] -- Up-to-date: /home/mahmmudqatmh/ros2_ws/install/custom_interface/include/custom_interface/custom_interface/msg/detail/person__builder.hpp
[1.343s] -- Up-to-date: /home/mahmmudqatmh/ros2_ws/install/custom_interface/include/custom_interface/custom_interface/msg/detail/person__traits.hpp
[1.343s] -- Up-to-date: /home/mahmmudqatmh/ros2_ws/install/custom_interface/include/custom_interface/custom_interface/msg/detail/person__type_support.hpp
[1.343s] -- Up-to-date: /home/mahmmudqatmh/ros2_ws/install/custom_interface/include/custom_interface/custom_interface/msg/person.hpp
[1.343s] -- Up-to-date: /home/mahmmudqatmh/ros2_ws/install/custom_interface/include/custom_interface/custom_interface/msg/rosidl_generator_cpp__visibility_control.hpp
[1.343s] -- Up-to-date: /home/mahmmudqatmh/ros2_ws/install/custom_interface/include/custom_interface/custom_interface/srv
[1.344s] -- Up-to-date: /home/mahmmudqatmh/ros2_ws/install/custom_interface/include/custom_interface/custom_interface/srv/detail
[1.344s] -- Up-to-date: /home/mahmmudqatmh/ros2_ws/install/custom_interface/include/custom_interface/custom_interface/srv/detail/add_three_ints__traits.hpp
[1.344s] -- Up-to-date: /home/mahmmudqatmh/ros2_ws/install/custom_interface/include/custom_interface/custom_interface/srv/detail/distance__type_support.hpp
[1.344s] -- Up-to-date: /home/mahmmudqatmh/ros2_ws/install/custom_interface/include/custom_interface/custom_interface/srv/detail/distance__builder.hpp
[1.344s] -- Up-to-date: /home/mahmmudqatmh/ros2_ws/install/custom_interface/include/custom_interface/custom_interface/srv/detail/add_three_ints__struct.hpp
[1.344s] -- Up-to-date: /home/mahmmudqatmh/ros2_ws/install/custom_interface/include/custom_interface/custom_interface/srv/detail/add_three_ints__builder.hpp
[1.344s] -- Up-to-date: /home/mahmmudqatmh/ros2_ws/install/custom_interface/include/custom_interface/custom_interface/srv/detail/add_three_ints__type_support.hpp
[1.344s] -- Up-to-date: /home/mahmmudqatmh/ros2_ws/install/custom_interface/include/custom_interface/custom_interface/srv/detail/distance__traits.hpp
[1.344s] -- Up-to-date: /home/mahmmudqatmh/ros2_ws/install/custom_interface/include/custom_interface/custom_interface/srv/detail/distance__struct.hpp
[1.344s] -- Up-to-date: /home/mahmmudqatmh/ros2_ws/install/custom_interface/include/custom_interface/custom_interface/srv/distance.hpp
[1.344s] -- Up-to-date: /home/mahmmudqatmh/ros2_ws/install/custom_interface/include/custom_interface/custom_interface/srv/add_three_ints.hpp
[1.344s] -- Up-to-date: /home/mahmmudqatmh/ros2_ws/install/custom_interface/include/custom_interface/custom_interface
[1.344s] -- Up-to-date: /home/mahmmudqatmh/ros2_ws/install/custom_interface/include/custom_interface/custom_interface/msg
[1.344s] -- Up-to-date: /home/mahmmudqatmh/ros2_ws/install/custom_interface/include/custom_interface/custom_interface/msg/detail
[1.344s] -- Up-to-date: /home/mahmmudqatmh/ros2_ws/install/custom_interface/include/custom_interface/custom_interface/msg/detail/person__rosidl_typesupport_fastrtps_cpp.hpp
[1.344s] -- Up-to-date: /home/mahmmudqatmh/ros2_ws/install/custom_interface/include/custom_interface/custom_interface/msg/detail/dds_fastrtps
[1.344s] -- Up-to-date: /home/mahmmudqatmh/ros2_ws/install/custom_interface/include/custom_interface/custom_interface/msg/rosidl_typesupport_fastrtps_cpp__visibility_control.h
[1.344s] -- Up-to-date: /home/mahmmudqatmh/ros2_ws/install/custom_interface/include/custom_interface/custom_interface/srv
[1.344s] -- Up-to-date: /home/mahmmudqatmh/ros2_ws/install/custom_interface/include/custom_interface/custom_interface/srv/detail
[1.344s] -- Up-to-date: /home/mahmmudqatmh/ros2_ws/install/custom_interface/include/custom_interface/custom_interface/srv/detail/add_three_ints__rosidl_typesupport_fastrtps_cpp.hpp
[1.344s] -- Up-to-date: /home/mahmmudqatmh/ros2_ws/install/custom_interface/include/custom_interface/custom_interface/srv/detail/dds_fastrtps
[1.344s] -- Up-to-date: /home/mahmmudqatmh/ros2_ws/install/custom_interface/include/custom_interface/custom_interface/srv/detail/distance__rosidl_typesupport_fastrtps_cpp.hpp
[1.344s] -- Up-to-date: /home/mahmmudqatmh/ros2_ws/install/custom_interface/lib/libcustom_interface__rosidl_typesupport_fastrtps_cpp.so
[1.344s] -- Up-to-date: /home/mahmmudqatmh/ros2_ws/install/custom_interface/include/custom_interface/custom_interface
[1.344s] -- Up-to-date: /home/mahmmudqatmh/ros2_ws/install/custom_interface/include/custom_interface/custom_interface/msg
[1.344s] -- Up-to-date: /home/mahmmudqatmh/ros2_ws/install/custom_interface/include/custom_interface/custom_interface/msg/detail
[1.344s] -- Up-to-date: /home/mahmmudqatmh/ros2_ws/install/custom_interface/include/custom_interface/custom_interface/msg/detail/person__rosidl_typesupport_introspection_c.h
[1.344s] -- Up-to-date: /home/mahmmudqatmh/ros2_ws/install/custom_interface/include/custom_interface/custom_interface/msg/detail/person__type_support.c
[1.344s] -- Up-to-date: /home/mahmmudqatmh/ros2_ws/install/custom_interface/include/custom_interface/custom_interface/msg/rosidl_typesupport_introspection_c__visibility_control.h
[1.345s] -- Up-to-date: /home/mahmmudqatmh/ros2_ws/install/custom_interface/include/custom_interface/custom_interface/srv
[1.345s] -- Up-to-date: /home/mahmmudqatmh/ros2_ws/install/custom_interface/include/custom_interface/custom_interface/srv/detail
[1.345s] -- Up-to-date: /home/mahmmudqatmh/ros2_ws/install/custom_interface/include/custom_interface/custom_interface/srv/detail/add_three_ints__rosidl_typesupport_introspection_c.h
[1.345s] -- Up-to-date: /home/mahmmudqatmh/ros2_ws/install/custom_interface/include/custom_interface/custom_interface/srv/detail/distance__type_support.c
[1.345s] -- Up-to-date: /home/mahmmudqatmh/ros2_ws/install/custom_interface/include/custom_interface/custom_interface/srv/detail/add_three_ints__type_support.c
[1.345s] -- Up-to-date: /home/mahmmudqatmh/ros2_ws/install/custom_interface/include/custom_interface/custom_interface/srv/detail/distance__rosidl_typesupport_introspection_c.h
[1.345s] -- Up-to-date: /home/mahmmudqatmh/ros2_ws/install/custom_interface/lib/libcustom_interface__rosidl_typesupport_introspection_c.so
[1.345s] -- Up-to-date: /home/mahmmudqatmh/ros2_ws/install/custom_interface/lib/libcustom_interface__rosidl_typesupport_c.so
[1.345s] -- Up-to-date: /home/mahmmudqatmh/ros2_ws/install/custom_interface/include/custom_interface/custom_interface
[1.345s] -- Up-to-date: /home/mahmmudqatmh/ros2_ws/install/custom_interface/include/custom_interface/custom_interface/msg
[1.345s] -- Up-to-date: /home/mahmmudqatmh/ros2_ws/install/custom_interface/include/custom_interface/custom_interface/msg/detail
[1.345s] -- Up-to-date: /home/mahmmudqatmh/ros2_ws/install/custom_interface/include/custom_interface/custom_interface/msg/detail/person__type_support.cpp
[1.345s] -- Up-to-date: /home/mahmmudqatmh/ros2_ws/install/custom_interface/include/custom_interface/custom_interface/msg/detail/person__rosidl_typesupport_introspection_cpp.hpp
[1.345s] -- Up-to-date: /home/mahmmudqatmh/ros2_ws/install/custom_interface/include/custom_interface/custom_interface/srv
[1.345s] -- Up-to-date: /home/mahmmudqatmh/ros2_ws/install/custom_interface/include/custom_interface/custom_interface/srv/detail
[1.345s] -- Up-to-date: /home/mahmmudqatmh/ros2_ws/install/custom_interface/include/custom_interface/custom_interface/srv/detail/add_three_ints__type_support.cpp
[1.345s] -- Up-to-date: /home/mahmmudqatmh/ros2_ws/install/custom_interface/include/custom_interface/custom_interface/srv/detail/add_three_ints__rosidl_typesupport_introspection_cpp.hpp
[1.345s] -- Up-to-date: /home/mahmmudqatmh/ros2_ws/install/custom_interface/include/custom_interface/custom_interface/srv/detail/distance__rosidl_typesupport_introspection_cpp.hpp
[1.346s] -- Up-to-date: /home/mahmmudqatmh/ros2_ws/install/custom_interface/include/custom_interface/custom_interface/srv/detail/distance__type_support.cpp
[1.346s] -- Up-to-date: /home/mahmmudqatmh/ros2_ws/install/custom_interface/lib/libcustom_interface__rosidl_typesupport_introspection_cpp.so
[1.346s] -- Up-to-date: /home/mahmmudqatmh/ros2_ws/install/custom_interface/lib/libcustom_interface__rosidl_typesupport_cpp.so
[1.346s] -- Up-to-date: /home/mahmmudqatmh/ros2_ws/install/custom_interface/share/custom_interface/environment/pythonpath.sh
[1.346s] -- Installing: /home/mahmmudqatmh/ros2_ws/install/custom_interface/share/custom_interface/environment/pythonpath.dsv
[1.346s] -- Up-to-date: /home/mahmmudqatmh/ros2_ws/install/custom_interface/local/lib/python3.10/dist-packages/custom_interface-0.0.0-py3.10.egg-info
[1.346s] -- Installing: /home/mahmmudqatmh/ros2_ws/install/custom_interface/local/lib/python3.10/dist-packages/custom_interface-0.0.0-py3.10.egg-info/dependency_links.txt
[1.346s] -- Installing: /home/mahmmudqatmh/ros2_ws/install/custom_interface/local/lib/python3.10/dist-packages/custom_interface-0.0.0-py3.10.egg-info/top_level.txt
[1.346s] -- Installing: /home/mahmmudqatmh/ros2_ws/install/custom_interface/local/lib/python3.10/dist-packages/custom_interface-0.0.0-py3.10.egg-info/PKG-INFO
[1.346s] -- Installing: /home/mahmmudqatmh/ros2_ws/install/custom_interface/local/lib/python3.10/dist-packages/custom_interface-0.0.0-py3.10.egg-info/SOURCES.txt
[1.346s] -- Up-to-date: /home/mahmmudqatmh/ros2_ws/install/custom_interface/local/lib/python3.10/dist-packages/custom_interface
[1.346s] -- Up-to-date: /home/mahmmudqatmh/ros2_ws/install/custom_interface/local/lib/python3.10/dist-packages/custom_interface/_custom_interface_s.ep.rosidl_typesupport_introspection_c.c
[1.346s] -- Up-to-date: /home/mahmmudqatmh/ros2_ws/install/custom_interface/local/lib/python3.10/dist-packages/custom_interface/custom_interface_s__rosidl_typesupport_c.cpython-310-x86_64-linux-gnu.so
[1.346s] -- Up-to-date: /home/mahmmudqatmh/ros2_ws/install/custom_interface/local/lib/python3.10/dist-packages/custom_interface/msg
[1.346s] -- Up-to-date: /home/mahmmudqatmh/ros2_ws/install/custom_interface/local/lib/python3.10/dist-packages/custom_interface/msg/_person.py
[1.346s] -- Up-to-date: /home/mahmmudqatmh/ros2_ws/install/custom_interface/local/lib/python3.10/dist-packages/custom_interface/msg/_person_s.c
[1.346s] -- Up-to-date: /home/mahmmudqatmh/ros2_ws/install/custom_interface/local/lib/python3.10/dist-packages/custom_interface/msg/__init__.py
[1.346s] -- Up-to-date: /home/mahmmudqatmh/ros2_ws/install/custom_interface/local/lib/python3.10/dist-packages/custom_interface/srv
[1.346s] -- Up-to-date: /home/mahmmudqatmh/ros2_ws/install/custom_interface/local/lib/python3.10/dist-packages/custom_interface/srv/_distance.py
[1.346s] -- Up-to-date: /home/mahmmudqatmh/ros2_ws/install/custom_interface/local/lib/python3.10/dist-packages/custom_interface/srv/_add_three_ints_s.c
[1.346s] -- Up-to-date: /home/mahmmudqatmh/ros2_ws/install/custom_interface/local/lib/python3.10/dist-packages/custom_interface/srv/_distance_s.c
[1.346s] -- Up-to-date: /home/mahmmudqatmh/ros2_ws/install/custom_interface/local/lib/python3.10/dist-packages/custom_interface/srv/_add_three_ints.py
[1.346s] -- Up-to-date: /home/mahmmudqatmh/ros2_ws/install/custom_interface/local/lib/python3.10/dist-packages/custom_interface/srv/__init__.py
[1.346s] -- Up-to-date: /home/mahmmudqatmh/ros2_ws/install/custom_interface/local/lib/python3.10/dist-packages/custom_interface/custom_interface_s__rosidl_typesupport_fastrtps_c.cpython-310-x86_64-linux-gnu.so
[1.346s] -- Up-to-date: /home/mahmmudqatmh/ros2_ws/install/custom_interface/local/lib/python3.10/dist-packages/custom_interface/_custom_interface_s.ep.rosidl_typesupport_c.c
[1.346s] -- Installing: /home/mahmmudqatmh/ros2_ws/install/custom_interface/local/lib/python3.10/dist-packages/custom_interface/__init__.py
[1.346s] -- Up-to-date: /home/mahmmudqatmh/ros2_ws/install/custom_interface/local/lib/python3.10/dist-packages/custom_interface/custom_interface_s__rosidl_typesupport_introspection_c.cpython-310-x86_64-linux-gnu.so
[1.346s] -- Up-to-date: /home/mahmmudqatmh/ros2_ws/install/custom_interface/local/lib/python3.10/dist-packages/custom_interface/_custom_interface_s.ep.rosidl_typesupport_fastrtps_c.c
[1.346s] -- Up-to-date: /home/mahmmudqatmh/ros2_ws/install/custom_interface/local/lib/python3.10/dist-packages/custom_interface/libcustom_interface__rosidl_generator_py.so
[1.370s] Listing '/home/mahmmudqatmh/ros2_ws/install/custom_interface/local/lib/python3.10/dist-packages/custom_interface'...
[1.370s] Compiling '/home/mahmmudqatmh/ros2_ws/install/custom_interface/local/lib/python3.10/dist-packages/custom_interface/__init__.py'...
[1.370s] Listing '/home/mahmmudqatmh/ros2_ws/install/custom_interface/local/lib/python3.10/dist-packages/custom_interface/msg'...
[1.370s] Listing '/home/mahmmudqatmh/ros2_ws/install/custom_interface/local/lib/python3.10/dist-packages/custom_interface/srv'...
[1.374s] -- Up-to-date: /home/mahmmudqatmh/ros2_ws/install/custom_interface/local/lib/python3.10/dist-packages/custom_interface/custom_interface_s__rosidl_typesupport_fastrtps_c.cpython-310-x86_64-linux-gnu.so
[1.374s] -- Up-to-date: /home/mahmmudqatmh/ros2_ws/install/custom_interface/local/lib/python3.10/dist-packages/custom_interface/custom_interface_s__rosidl_typesupport_introspection_c.cpython-310-x86_64-linux-gnu.so
[1.374s] -- Up-to-date: /home/mahmmudqatmh/ros2_ws/install/custom_interface/local/lib/python3.10/dist-packages/custom_interface/custom_interface_s__rosidl_typesupport_c.cpython-310-x86_64-linux-gnu.so
[1.374s] -- Up-to-date: /home/mahmmudqatmh/ros2_ws/install/custom_interface/lib/libcustom_interface__rosidl_generator_py.so
[1.374s] -- Up-to-date: /home/mahmmudqatmh/ros2_ws/install/custom_interface/share/custom_interface/msg/Person.idl
[1.375s] -- Up-to-date: /home/mahmmudqatmh/ros2_ws/install/custom_interface/share/custom_interface/srv/AddThreeInts.idl
[1.375s] -- Up-to-date: /home/mahmmudqatmh/ros2_ws/install/custom_interface/share/custom_interface/srv/Distance.idl
[1.375s] -- Up-to-date: /home/mahmmudqatmh/ros2_ws/install/custom_interface/share/custom_interface/msg/Person.msg
[1.375s] -- Up-to-date: /home/mahmmudqatmh/ros2_ws/install/custom_interface/share/custom_interface/srv/AddThreeInts.srv
[1.375s] -- Up-to-date: /home/mahmmudqatmh/ros2_ws/install/custom_interface/share/custom_interface/srv/AddThreeInts_Request.msg
[1.375s] -- Up-to-date: /home/mahmmudqatmh/ros2_ws/install/custom_interface/share/custom_interface/srv/AddThreeInts_Response.msg
[1.375s] -- Up-to-date: /home/mahmmudqatmh/ros2_ws/install/custom_interface/share/custom_interface/srv/Distance.srv
[1.375s] -- Up-to-date: /home/mahmmudqatmh/ros2_ws/install/custom_interface/share/custom_interface/srv/Distance_Request.msg
[1.375s] -- Up-to-date: /home/mahmmudqatmh/ros2_ws/install/custom_interface/share/custom_interface/srv/Distance_Response.msg
[1.375s] -- Up-to-date: /home/mahmmudqatmh/ros2_ws/install/custom_interface/share/ament_index/resource_index/package_run_dependencies/custom_interface
[1.375s] -- Installing: /home/mahmmudqatmh/ros2_ws/install/custom_interface/share/ament_index/resource_index/parent_prefix_path/custom_interface
[1.375s] -- Up-to-date: /home/mahmmudqatmh/ros2_ws/install/custom_interface/share/custom_interface/environment/ament_prefix_path.sh
[1.375s] -- Installing: /home/mahmmudqatmh/ros2_ws/install/custom_interface/share/custom_interface/environment/ament_prefix_path.dsv
[1.375s] -- Up-to-date: /home/mahmmudqatmh/ros2_ws/install/custom_interface/share/custom_interface/environment/path.sh
[1.375s] -- Installing: /home/mahmmudqatmh/ros2_ws/install/custom_interface/share/custom_interface/environment/path.dsv
[1.375s] -- Up-to-date: /home/mahmmudqatmh/ros2_ws/install/custom_interface/share/custom_interface/local_setup.bash
[1.375s] -- Up-to-date: /home/mahmmudqatmh/ros2_ws/install/custom_interface/share/custom_interface/local_setup.sh
[1.375s] -- Up-to-date: /home/mahmmudqatmh/ros2_ws/install/custom_interface/share/custom_interface/local_setup.zsh
[1.375s] -- Installing: /home/mahmmudqatmh/ros2_ws/install/custom_interface/share/custom_interface/local_setup.dsv
[1.375s] -- Installing: /home/mahmmudqatmh/ros2_ws/install/custom_interface/share/custom_interface/package.dsv
[1.375s] -- Up-to-date: /home/mahmmudqatmh/ros2_ws/install/custom_interface/share/ament_index/resource_index/packages/custom_interface
[1.375s] -- Up-to-date: /home/mahmmudqatmh/ros2_ws/install/custom_interface/share/custom_interface/cmake/export_custom_interface__rosidl_generator_cExport.cmake
[1.375s] -- Up-to-date: /home/mahmmudqatmh/ros2_ws/install/custom_interface/share/custom_interface/cmake/export_custom_interface__rosidl_generator_cExport-noconfig.cmake
[1.376s] -- Up-to-date: /home/mahmmudqatmh/ros2_ws/install/custom_interface/share/custom_interface/cmake/export_custom_interface__rosidl_typesupport_fastrtps_cExport.cmake
[1.376s] -- Up-to-date: /home/mahmmudqatmh/ros2_ws/install/custom_interface/share/custom_interface/cmake/export_custom_interface__rosidl_typesupport_fastrtps_cExport-noconfig.cmake
[1.376s] -- Up-to-date: /home/mahmmudqatmh/ros2_ws/install/custom_interface/share/custom_interface/cmake/export_custom_interface__rosidl_generator_cppExport.cmake
[1.376s] -- Up-to-date: /home/mahmmudqatmh/ros2_ws/install/custom_interface/share/custom_interface/cmake/export_custom_interface__rosidl_typesupport_fastrtps_cppExport.cmake
[1.376s] -- Up-to-date: /home/mahmmudqatmh/ros2_ws/install/custom_interface/share/custom_interface/cmake/export_custom_interface__rosidl_typesupport_fastrtps_cppExport-noconfig.cmake
[1.376s] -- Up-to-date: /home/mahmmudqatmh/ros2_ws/install/custom_interface/share/custom_interface/cmake/custom_interface__rosidl_typesupport_introspection_cExport.cmake
[1.376s] -- Up-to-date: /home/mahmmudqatmh/ros2_ws/install/custom_interface/share/custom_interface/cmake/custom_interface__rosidl_typesupport_introspection_cExport-noconfig.cmake
[1.376s] -- Up-to-date: /home/mahmmudqatmh/ros2_ws/install/custom_interface/share/custom_interface/cmake/custom_interface__rosidl_typesupport_cExport.cmake
[1.376s] -- Up-to-date: /home/mahmmudqatmh/ros2_ws/install/custom_interface/share/custom_interface/cmake/custom_interface__rosidl_typesupport_cExport-noconfig.cmake
[1.376s] -- Up-to-date: /home/mahmmudqatmh/ros2_ws/install/custom_interface/share/custom_interface/cmake/custom_interface__rosidl_typesupport_introspection_cppExport.cmake
[1.376s] -- Up-to-date: /home/mahmmudqatmh/ros2_ws/install/custom_interface/share/custom_interface/cmake/custom_interface__rosidl_typesupport_introspection_cppExport-noconfig.cmake
[1.376s] -- Up-to-date: /home/mahmmudqatmh/ros2_ws/install/custom_interface/share/custom_interface/cmake/custom_interface__rosidl_typesupport_cppExport.cmake
[1.376s] -- Up-to-date: /home/mahmmudqatmh/ros2_ws/install/custom_interface/share/custom_interface/cmake/custom_interface__rosidl_typesupport_cppExport-noconfig.cmake
[1.376s] -- Up-to-date: /home/mahmmudqatmh/ros2_ws/install/custom_interface/share/custom_interface/cmake/export_custom_interface__rosidl_generator_pyExport.cmake
[1.376s] -- Up-to-date: /home/mahmmudqatmh/ros2_ws/install/custom_interface/share/custom_interface/cmake/export_custom_interface__rosidl_generator_pyExport-noconfig.cmake
[1.376s] -- Installing: /home/mahmmudqatmh/ros2_ws/install/custom_interface/share/custom_interface/cmake/rosidl_cmake-extras.cmake
[1.376s] -- Installing: /home/mahmmudqatmh/ros2_ws/install/custom_interface/share/custom_interface/cmake/ament_cmake_export_dependencies-extras.cmake
[1.376s] -- Up-to-date: /home/mahmmudqatmh/ros2_ws/install/custom_interface/share/custom_interface/cmake/ament_cmake_export_include_directories-extras.cmake
[1.376s] -- Up-to-date: /home/mahmmudqatmh/ros2_ws/install/custom_interface/share/custom_interface/cmake/ament_cmake_export_libraries-extras.cmake
[1.376s] -- Up-to-date: /home/mahmmudqatmh/ros2_ws/install/custom_interface/share/custom_interface/cmake/ament_cmake_export_targets-extras.cmake
[1.376s] -- Up-to-date: /home/mahmmudqatmh/ros2_ws/install/custom_interface/share/custom_interface/cmake/rosidl_cmake_export_typesupport_targets-extras.cmake
[1.376s] -- Up-to-date: /home/mahmmudqatmh/ros2_ws/install/custom_interface/share/custom_interface/cmake/rosidl_cmake_export_typesupport_libraries-extras.cmake
[1.376s] -- Installing: /home/mahmmudqatmh/ros2_ws/install/custom_interface/share/custom_interface/cmake/custom_interfaceConfig.cmake
[1.376s] -- Up-to-date: /home/mahmmudqatmh/ros2_ws/install/custom_interface/share/custom_interface/cmake/custom_interfaceConfig-version.cmake
[1.376s] -- Installing: /home/mahmmudqatmh/ros2_ws/install/custom_interface/share/custom_interface/package.xml
[1.378s] Invoked command in '/home/mahmmudqatmh/ros2_ws/build/custom_interface' returned '0': CMAKE_PREFIX_PATH=${CMAKE_PREFIX_PATH}:/home/mahmmudqatmh/ros2_ws/install/pose_line:/home/mahmmudqatmh/ros2_ws/install/person_node:/home/mahmmudqatmh/ros2_ws/install/distance_service:/home/mahmmudqatmh/ros2_ws/install/distance_bringup:/home/mahmmudqatmh/ros2_ws/install/countdown_nodes:/opt/ros/humble /usr/bin/cmake --install /home/mahmmudqatmh/ros2_ws/build/custom_interface
