running egg_info
creating ../../build/pose_line/pose_line.egg-info
writing ../../build/pose_line/pose_line.egg-info/PKG-INFO
writing dependency_links to ../../build/pose_line/pose_line.egg-info/dependency_links.txt
writing entry points to ../../build/pose_line/pose_line.egg-info/entry_points.txt
writing requirements to ../../build/pose_line/pose_line.egg-info/requires.txt
writing top-level names to ../../build/pose_line/pose_line.egg-info/top_level.txt
writing manifest file '../../build/pose_line/pose_line.egg-info/SOURCES.txt'
reading manifest file '../../build/pose_line/pose_line.egg-info/SOURCES.txt'
writing manifest file '../../build/pose_line/pose_line.egg-info/SOURCES.txt'
running build
running build_py
creating /home/mahmmudqatmh/ros2_ws/build/pose_line/build
creating /home/mahmmudqatmh/ros2_ws/build/pose_line/build/lib
creating /home/mahmmudqatmh/ros2_ws/build/pose_line/build/lib/pose_line
copying pose_line/__init__.py -> /home/mahmmudqatmh/ros2_ws/build/pose_line/build/lib/pose_line
running install
running install_lib
creating /home/mahmmudqatmh/ros2_ws/install/pose_line/lib/python3.10/site-packages/pose_line
copying /home/mahmmudqatmh/ros2_ws/build/pose_line/build/lib/pose_line/__init__.py -> /home/mahmmudqatmh/ros2_ws/install/pose_line/lib/python3.10/site-packages/pose_line
byte-compiling /home/mahmmudqatmh/ros2_ws/install/pose_line/lib/python3.10/site-packages/pose_line/__init__.py to __init__.cpython-310.pyc
running install_data
creating /home/mahmmudqatmh/ros2_ws/install/pose_line/share/ament_index
creating /home/mahmmudqatmh/ros2_ws/install/pose_line/share/ament_index/resource_index
creating /home/mahmmudqatmh/ros2_ws/install/pose_line/share/ament_index/resource_index/packages
copying resource/pose_line -> /home/mahmmudqatmh/ros2_ws/install/pose_line/share/ament_index/resource_index/packages
copying package.xml -> /home/mahmmudqatmh/ros2_ws/install/pose_line/share/pose_line
running install_egg_info
Copying ../../build/pose_line/pose_line.egg-info to /home/mahmmudqatmh/ros2_ws/install/pose_line/lib/python3.10/site-packages/pose_line-0.0.0-py3.10.egg-info
running install_scripts
Installing publisher_pose script to /home/mahmmudqatmh/ros2_ws/install/pose_line/lib/pose_line
Installing subscriber_pose script to /home/mahmmudqatmh/ros2_ws/install/pose_line/lib/pose_line
writing list of installed files to '/home/mahmmudqatmh/ros2_ws/build/pose_line/install.log'
