[0.752s] Invoking command in '/home/lassi/ros2_lab2_ws/src/gazebo_example': PYTHONPATH=/home/lassi/ros2_lab2_ws/src/gazebo_example/build/gazebo_example/prefix_override:/usr/lib/python3/dist-packages/colcon_core/task/python/colcon_distutils_commands:/home/lassi/ros2_lab2_ws/src/gazebo_example/install/gazebo_example/lib/python3.10/site-packages:${PYTHONPATH} /usr/bin/python3 -W ignore:setup.py install is deprecated -W ignore:easy_install command is deprecated setup.py egg_info --egg-base build/gazebo_example build --build-base /home/lassi/ros2_lab2_ws/src/gazebo_example/build/gazebo_example/build install --record /home/lassi/ros2_lab2_ws/src/gazebo_example/build/gazebo_example/install.log --single-version-externally-managed install_data
[0.926s] running egg_info
[0.927s] creating build/gazebo_example/gazebo_example.egg-info
[0.927s] writing build/gazebo_example/gazebo_example.egg-info/PKG-INFO
[0.927s] writing dependency_links to build/gazebo_example/gazebo_example.egg-info/dependency_links.txt
[0.927s] writing entry points to build/gazebo_example/gazebo_example.egg-info/entry_points.txt
[0.927s] writing requirements to build/gazebo_example/gazebo_example.egg-info/requires.txt
[0.927s] writing top-level names to build/gazebo_example/gazebo_example.egg-info/top_level.txt
[0.927s] writing manifest file 'build/gazebo_example/gazebo_example.egg-info/SOURCES.txt'
[0.929s] reading manifest file 'build/gazebo_example/gazebo_example.egg-info/SOURCES.txt'
[0.929s] writing manifest file 'build/gazebo_example/gazebo_example.egg-info/SOURCES.txt'
[0.929s] running build
[0.929s] running build_py
[0.929s] creating /home/lassi/ros2_lab2_ws/src/gazebo_example/build/gazebo_example/build
[0.929s] creating /home/lassi/ros2_lab2_ws/src/gazebo_example/build/gazebo_example/build/lib
[0.929s] creating /home/lassi/ros2_lab2_ws/src/gazebo_example/build/gazebo_example/build/lib/gazebo_example
[0.936s] copying gazebo_example/__init__.py -> /home/lassi/ros2_lab2_ws/src/gazebo_example/build/gazebo_example/build/lib/gazebo_example
[0.936s] copying gazebo_example/gazebo_example.launch.py -> /home/lassi/ros2_lab2_ws/src/gazebo_example/build/gazebo_example/build/lib/gazebo_example
[0.937s] running install
[0.937s] running install_lib
[0.937s] creating /home/lassi/ros2_lab2_ws/src/gazebo_example/install/gazebo_example/lib/python3.10/site-packages/gazebo_example
[0.937s] copying /home/lassi/ros2_lab2_ws/src/gazebo_example/build/gazebo_example/build/lib/gazebo_example/__init__.py -> /home/lassi/ros2_lab2_ws/src/gazebo_example/install/gazebo_example/lib/python3.10/site-packages/gazebo_example
[0.937s] copying /home/lassi/ros2_lab2_ws/src/gazebo_example/build/gazebo_example/build/lib/gazebo_example/gazebo_example.launch.py -> /home/lassi/ros2_lab2_ws/src/gazebo_example/install/gazebo_example/lib/python3.10/site-packages/gazebo_example
[0.937s] byte-compiling /home/lassi/ros2_lab2_ws/src/gazebo_example/install/gazebo_example/lib/python3.10/site-packages/gazebo_example/__init__.py to __init__.cpython-310.pyc
[0.937s] byte-compiling /home/lassi/ros2_lab2_ws/src/gazebo_example/install/gazebo_example/lib/python3.10/site-packages/gazebo_example/gazebo_example.launch.py to gazebo_example.launch.cpython-310.pyc
[0.937s] running install_data
[0.937s] creating /home/lassi/ros2_lab2_ws/src/gazebo_example/install/gazebo_example/share/ament_index
[0.937s] creating /home/lassi/ros2_lab2_ws/src/gazebo_example/install/gazebo_example/share/ament_index/resource_index
[0.937s] creating /home/lassi/ros2_lab2_ws/src/gazebo_example/install/gazebo_example/share/ament_index/resource_index/packages
[0.937s] copying resource/gazebo_example -> /home/lassi/ros2_lab2_ws/src/gazebo_example/install/gazebo_example/share/ament_index/resource_index/packages
[0.937s] copying package.xml -> /home/lassi/ros2_lab2_ws/src/gazebo_example/install/gazebo_example/share/gazebo_example
[0.937s] creating /home/lassi/ros2_lab2_ws/src/gazebo_example/install/gazebo_example/share/gazebo_example/launch
[0.937s] creating /home/lassi/ros2_lab2_ws/src/gazebo_example/install/gazebo_example/share/gazebo_example/worlds
[0.937s] running install_egg_info
[0.937s] Copying build/gazebo_example/gazebo_example.egg-info to /home/lassi/ros2_lab2_ws/src/gazebo_example/install/gazebo_example/lib/python3.10/site-packages/gazebo_example-0.0.0-py3.10.egg-info
[0.937s] running install_scripts
[0.951s] writing list of installed files to '/home/lassi/ros2_lab2_ws/src/gazebo_example/build/gazebo_example/install.log'
[0.977s] Invoked command in '/home/lassi/ros2_lab2_ws/src/gazebo_example' returned '0': PYTHONPATH=/home/lassi/ros2_lab2_ws/src/gazebo_example/build/gazebo_example/prefix_override:/usr/lib/python3/dist-packages/colcon_core/task/python/colcon_distutils_commands:/home/lassi/ros2_lab2_ws/src/gazebo_example/install/gazebo_example/lib/python3.10/site-packages:${PYTHONPATH} /usr/bin/python3 -W ignore:setup.py install is deprecated -W ignore:easy_install command is deprecated setup.py egg_info --egg-base build/gazebo_example build --build-base /home/lassi/ros2_lab2_ws/src/gazebo_example/build/gazebo_example/build install --record /home/lassi/ros2_lab2_ws/src/gazebo_example/build/gazebo_example/install.log --single-version-externally-managed install_data
