/home/mahmmudqatmh/ros2_ws/install/countdown_nodes/lib/python3.10/site-packages/countdown_nodes/countdown_cancel_client.py
/home/mahmmudqatmh/ros2_ws/install/countdown_nodes/lib/python3.10/site-packages/countdown_nodes/countdown_server.py
/home/mahmmudqatmh/ros2_ws/install/countdown_nodes/lib/python3.10/site-packages/countdown_nodes/__init__.py
/home/mahmmudqatmh/ros2_ws/install/countdown_nodes/lib/python3.10/site-packages/countdown_nodes/countdown_client.py
/home/mahmmudqatmh/ros2_ws/install/countdown_nodes/lib/python3.10/site-packages/countdown_nodes/__pycache__/countdown_cancel_client.cpython-310.pyc
/home/mahmmudqatmh/ros2_ws/install/countdown_nodes/lib/python3.10/site-packages/countdown_nodes/__pycache__/countdown_server.cpython-310.pyc
/home/mahmmudqatmh/ros2_ws/install/countdown_nodes/lib/python3.10/site-packages/countdown_nodes/__pycache__/__init__.cpython-310.pyc
/home/mahmmudqatmh/ros2_ws/install/countdown_nodes/lib/python3.10/site-packages/countdown_nodes/__pycache__/countdown_client.cpython-310.pyc
/home/mahmmudqatmh/ros2_ws/install/countdown_nodes/share/ament_index/resource_index/packages/countdown_nodes
/home/mahmmudqatmh/ros2_ws/install/countdown_nodes/share/countdown_nodes/package.xml
/home/mahmmudqatmh/ros2_ws/install/countdown_nodes/lib/python3.10/site-packages/countdown_nodes-0.0.0-py3.10.egg-info/dependency_links.txt
/home/mahmmudqatmh/ros2_ws/install/countdown_nodes/lib/python3.10/site-packages/countdown_nodes-0.0.0-py3.10.egg-info/requires.txt
/home/mahmmudqatmh/ros2_ws/install/countdown_nodes/lib/python3.10/site-packages/countdown_nodes-0.0.0-py3.10.egg-info/top_level.txt
/home/mahmmudqatmh/ros2_ws/install/countdown_nodes/lib/python3.10/site-packages/countdown_nodes-0.0.0-py3.10.egg-info/entry_points.txt
/home/mahmmudqatmh/ros2_ws/install/countdown_nodes/lib/python3.10/site-packages/countdown_nodes-0.0.0-py3.10.egg-info/PKG-INFO
/home/mahmmudqatmh/ros2_ws/install/countdown_nodes/lib/python3.10/site-packages/countdown_nodes-0.0.0-py3.10.egg-info/zip-safe
/home/mahmmudqatmh/ros2_ws/install/countdown_nodes/lib/python3.10/site-packages/countdown_nodes-0.0.0-py3.10.egg-info/SOURCES.txt
/home/mahmmudqatmh/ros2_ws/install/countdown_nodes/lib/countdown_nodes/countdown_cancel_client
/home/mahmmudqatmh/ros2_ws/install/countdown_nodes/lib/countdown_nodes/countdown_client
/home/mahmmudqatmh/ros2_ws/install/countdown_nodes/lib/countdown_nodes/countdown_server
