[0.572s] Invoking command in '/home/mahmmudqatmh/ros2_ws/src/pose_line': PYTHONPATH=/home/mahmmudqatmh/ros2_ws/build/pose_line/prefix_override:/usr/lib/python3/dist-packages/colcon_core/task/python/colcon_distutils_commands:/home/mahmmudqatmh/ros2_ws/install/pose_line/lib/python3.10/site-packages:${PYTHONPATH} /usr/bin/python3 -W ignore:setup.py install is deprecated -W ignore:easy_install command is deprecated setup.py egg_info --egg-base ../../build/pose_line build --build-base /home/mahmmudqatmh/ros2_ws/build/pose_line/build install --record /home/mahmmudqatmh/ros2_ws/build/pose_line/install.log --single-version-externally-managed install_data
[0.711s] running egg_info
[0.711s] writing ../../build/pose_line/pose_line.egg-info/PKG-INFO
[0.711s] writing dependency_links to ../../build/pose_line/pose_line.egg-info/dependency_links.txt
[0.712s] writing entry points to ../../build/pose_line/pose_line.egg-info/entry_points.txt
[0.712s] writing requirements to ../../build/pose_line/pose_line.egg-info/requires.txt
[0.712s] writing top-level names to ../../build/pose_line/pose_line.egg-info/top_level.txt
[0.714s] reading manifest file '../../build/pose_line/pose_line.egg-info/SOURCES.txt'
[0.714s] writing manifest file '../../build/pose_line/pose_line.egg-info/SOURCES.txt'
[0.714s] running build
[0.714s] running build_py
[0.715s] copying pose_line/subscriber_pose.py -> /home/mahmmudqatmh/ros2_ws/build/pose_line/build/lib/pose_line
[0.715s] copying pose_line/publisher_pose.py -> /home/mahmmudqatmh/ros2_ws/build/pose_line/build/lib/pose_line
[0.715s] running install
[0.716s] running install_lib
[0.716s] copying /home/mahmmudqatmh/ros2_ws/build/pose_line/build/lib/pose_line/subscriber_pose.py -> /home/mahmmudqatmh/ros2_ws/install/pose_line/lib/python3.10/site-packages/pose_line
[0.716s] copying /home/mahmmudqatmh/ros2_ws/build/pose_line/build/lib/pose_line/publisher_pose.py -> /home/mahmmudqatmh/ros2_ws/install/pose_line/lib/python3.10/site-packages/pose_line
[0.717s] byte-compiling /home/mahmmudqatmh/ros2_ws/install/pose_line/lib/python3.10/site-packages/pose_line/subscriber_pose.py to subscriber_pose.cpython-310.pyc
[0.717s] byte-compiling /home/mahmmudqatmh/ros2_ws/install/pose_line/lib/python3.10/site-packages/pose_line/publisher_pose.py to publisher_pose.cpython-310.pyc
[0.717s] running install_data
[0.717s] running install_egg_info
[0.719s] removing '/home/mahmmudqatmh/ros2_ws/install/pose_line/lib/python3.10/site-packages/pose_line-0.0.0-py3.10.egg-info' (and everything under it)
[0.719s] Copying ../../build/pose_line/pose_line.egg-info to /home/mahmmudqatmh/ros2_ws/install/pose_line/lib/python3.10/site-packages/pose_line-0.0.0-py3.10.egg-info
[0.719s] running install_scripts
[0.733s] Installing publisher_pose script to /home/mahmmudqatmh/ros2_ws/install/pose_line/lib/pose_line
[0.733s] Installing subscriber_pose script to /home/mahmmudqatmh/ros2_ws/install/pose_line/lib/pose_line
[0.733s] writing list of installed files to '/home/mahmmudqatmh/ros2_ws/build/pose_line/install.log'
[0.751s] Invoked command in '/home/mahmmudqatmh/ros2_ws/src/pose_line' returned '0': PYTHONPATH=/home/mahmmudqatmh/ros2_ws/build/pose_line/prefix_override:/usr/lib/python3/dist-packages/colcon_core/task/python/colcon_distutils_commands:/home/mahmmudqatmh/ros2_ws/install/pose_line/lib/python3.10/site-packages:${PYTHONPATH} /usr/bin/python3 -W ignore:setup.py install is deprecated -W ignore:easy_install command is deprecated setup.py egg_info --egg-base ../../build/pose_line build --build-base /home/mahmmudqatmh/ros2_ws/build/pose_line/build install --record /home/mahmmudqatmh/ros2_ws/build/pose_line/install.log --single-version-externally-managed install_data
