[0.005s] Invoking command in '/home/mahmmudqatmh/ros2_ws/build/person_msgs': CMAKE_PREFIX_PATH=${CMAKE_PREFIX_PATH}:/home/mahmmudqatmh/ros2_ws/install/pose_line:/home/mahmmudqatmh/ros2_ws/install/distance_service:/home/mahmmudqatmh/ros2_ws/install/distance_bringup:/opt/ros/humble /usr/bin/cmake /home/mahmmudqatmh/ros2_ws/src/person_msgs -DCMAKE_INSTALL_PREFIX=/home/mahmmudqatmh/ros2_ws/install/person_msgs
[0.015s] -- Found ament_cmake: 1.3.12 (/opt/ros/humble/share/ament_cmake/cmake)
[0.096s] -- Found std_msgs: 4.9.0 (/opt/ros/humble/share/std_msgs/cmake)
[0.108s] -- Found rosidl_generator_c: 3.1.7 (/opt/ros/humble/share/rosidl_generator_c/cmake)
[0.109s] -- Found rosidl_adapter: 3.1.7 (/opt/ros/humble/share/rosidl_adapter/cmake)
[0.112s] -- Found rosidl_generator_cpp: 3.1.7 (/opt/ros/humble/share/rosidl_generator_cpp/cmake)
[0.117s] -- Using all available rosidl_typesupport_c: rosidl_typesupport_fastrtps_c;rosidl_typesupport_introspection_c
[0.123s] -- Using all available rosidl_typesupport_cpp: rosidl_typesupport_fastrtps_cpp;rosidl_typesupport_introspection_cpp
[0.134s] -- Found rosidl_default_generators: 1.2.0 (/opt/ros/humble/share/rosidl_default_generators/cmake)
[0.292s] -- Found ament_cmake_ros: 0.10.0 (/opt/ros/humble/share/ament_cmake_ros/cmake)
[0.527s] -- Using all available rosidl_typesupport_c: rosidl_typesupport_fastrtps_c;rosidl_typesupport_introspection_c
[0.622s] -- Using all available rosidl_typesupport_cpp: rosidl_typesupport_fastrtps_cpp;rosidl_typesupport_introspection_cpp
[0.643s] -- Found PythonInterp: /usr/bin/python3 (found suitable version "3.10.12", minimum required is "3.6") 
[0.644s] -- Found python_cmake_module: 0.10.0 (/opt/ros/humble/share/python_cmake_module/cmake)
[0.662s] -- Found PythonLibs: /usr/lib/x86_64-linux-gnu/libpython3.10.so (found suitable version "3.10.12", minimum required is "3.5") 
[0.662s] -- Using PYTHON_EXECUTABLE: /usr/bin/python3
[0.662s] -- Using PYTHON_INCLUDE_DIRS: /usr/include/python3.10
[0.662s] -- Using PYTHON_LIBRARIES: /usr/lib/x86_64-linux-gnu/libpython3.10.so
[0.680s] -- Found PythonExtra: .so  
[0.707s] -- Found ament_lint_auto: 0.12.14 (/opt/ros/humble/share/ament_lint_auto/cmake)
[0.716s] -- Added test 'lint_cmake' to check CMake code style
[0.716s] -- Added test 'xmllint' to check XML markup files
[0.717s] -- Configuring done
[0.732s] -- Generating done
[0.737s] -- Build files have been written to: /home/mahmmudqatmh/ros2_ws/build/person_msgs
[0.742s] Invoked command in '/home/mahmmudqatmh/ros2_ws/build/person_msgs' returned '0': CMAKE_PREFIX_PATH=${CMAKE_PREFIX_PATH}:/home/mahmmudqatmh/ros2_ws/install/pose_line:/home/mahmmudqatmh/ros2_ws/install/distance_service:/home/mahmmudqatmh/ros2_ws/install/distance_bringup:/opt/ros/humble /usr/bin/cmake /home/mahmmudqatmh/ros2_ws/src/person_msgs -DCMAKE_INSTALL_PREFIX=/home/mahmmudqatmh/ros2_ws/install/person_msgs
[0.743s] Invoking command in '/home/mahmmudqatmh/ros2_ws/build/person_msgs': CMAKE_PREFIX_PATH=${CMAKE_PREFIX_PATH}:/home/mahmmudqatmh/ros2_ws/install/pose_line:/home/mahmmudqatmh/ros2_ws/install/distance_service:/home/mahmmudqatmh/ros2_ws/install/distance_bringup:/opt/ros/humble /usr/bin/cmake --build /home/mahmmudqatmh/ros2_ws/build/person_msgs -- -j24 -l24
[0.777s] [  3%] [34m[1mGenerating C code for ROS interfaces[0m
[0.791s] [  6%] [34m[1mGenerating C++ code for ROS interfaces[0m
[0.797s] [  6%] Built target ament_cmake_python_copy_person_msgs
[0.919s] running egg_info
[0.919s] [  9%] [32mBuilding C object CMakeFiles/person_msgs__rosidl_generator_c.dir/rosidl_generator_c/person_msgs/msg/detail/person__functions.c.o[0m
[0.919s] creating person_msgs.egg-info
[0.919s] writing person_msgs.egg-info/PKG-INFO
[0.919s] writing dependency_links to person_msgs.egg-info/dependency_links.txt
[0.919s] writing top-level names to person_msgs.egg-info/top_level.txt
[0.919s] writing manifest file 'person_msgs.egg-info/SOURCES.txt'
[0.920s] reading manifest file 'person_msgs.egg-info/SOURCES.txt'
[0.921s] writing manifest file 'person_msgs.egg-info/SOURCES.txt'
[0.923s] [  9%] Built target person_msgs__cpp
[0.930s] [ 12%] [34m[1mGenerating C++ type support dispatch for ROS interfaces[0m
[0.930s] [ 16%] [34m[1mGenerating C++ type support for eProsima Fast-RTPS[0m
[0.932s] [ 19%] [34m[1mGenerating C++ introspection for ROS interfaces[0m
[0.936s] [ 19%] Built target ament_cmake_python_build_person_msgs_egg
[0.946s] [ 22%] [32m[1mLinking C shared library libperson_msgs__rosidl_generator_c.so[0m
[0.970s] [ 22%] Built target person_msgs__rosidl_generator_c
[0.976s] [ 25%] [34m[1mGenerating C type support for eProsima Fast-RTPS[0m
[0.977s] [ 29%] [34m[1mGenerating C type support dispatch for ROS interfaces[0m
[0.977s] [ 32%] [34m[1mGenerating C introspection for ROS interfaces[0m
[1.051s] [ 35%] [32mBuilding CXX object CMakeFiles/person_msgs__rosidl_typesupport_cpp.dir/rosidl_typesupport_cpp/person_msgs/msg/person__type_support.cpp.o[0m
[1.066s] [ 38%] [32mBuilding CXX object CMakeFiles/person_msgs__rosidl_typesupport_introspection_cpp.dir/rosidl_typesupport_introspection_cpp/person_msgs/msg/detail/person__type_support.cpp.o[0m
[1.066s] [ 41%] [32mBuilding CXX object CMakeFiles/person_msgs__rosidl_typesupport_fastrtps_cpp.dir/rosidl_typesupport_fastrtps_cpp/person_msgs/msg/detail/dds_fastrtps/person__type_support.cpp.o[0m
[1.104s] [ 45%] [32mBuilding CXX object CMakeFiles/person_msgs__rosidl_typesupport_c.dir/rosidl_typesupport_c/person_msgs/msg/person__type_support.cpp.o[0m
[1.114s] [ 48%] [32mBuilding C object CMakeFiles/person_msgs__rosidl_typesupport_introspection_c.dir/rosidl_typesupport_introspection_c/person_msgs/msg/detail/person__type_support.c.o[0m
[1.115s] [ 51%] [32mBuilding CXX object CMakeFiles/person_msgs__rosidl_typesupport_fastrtps_c.dir/rosidl_typesupport_fastrtps_c/person_msgs/msg/detail/person__type_support_c.cpp.o[0m
[1.129s] [ 54%] [32m[1mLinking CXX shared library libperson_msgs__rosidl_typesupport_c.so[0m
[1.135s] [ 58%] [32m[1mLinking C shared library libperson_msgs__rosidl_typesupport_introspection_c.so[0m
[1.157s] [ 58%] Built target person_msgs__rosidl_typesupport_introspection_c
[1.157s] [ 58%] Built target person_msgs__rosidl_typesupport_c
[1.184s] [ 61%] [32m[1mLinking CXX shared library libperson_msgs__rosidl_typesupport_cpp.so[0m
[1.211s] [ 61%] Built target person_msgs__rosidl_typesupport_cpp
[1.253s] [ 64%] [32m[1mLinking CXX shared library libperson_msgs__rosidl_typesupport_introspection_cpp.so[0m
[1.258s] [ 67%] [32m[1mLinking CXX shared library libperson_msgs__rosidl_typesupport_fastrtps_cpp.so[0m
[1.287s] [ 70%] [32m[1mLinking CXX shared library libperson_msgs__rosidl_typesupport_fastrtps_c.so[0m
[1.291s] [ 70%] Built target person_msgs__rosidl_typesupport_introspection_cpp
[1.300s] [ 70%] Built target person_msgs__rosidl_typesupport_fastrtps_cpp
[1.336s] [ 70%] Built target person_msgs__rosidl_typesupport_fastrtps_c
[1.354s] [ 70%] Built target person_msgs
[1.380s] [ 74%] [34m[1mGenerating Python code for ROS interfaces[0m
[1.541s] [ 74%] Built target person_msgs__py
[1.553s] [ 77%] [32mBuilding C object CMakeFiles/person_msgs__rosidl_generator_py.dir/rosidl_generator_py/person_msgs/msg/_person_s.c.o[0m
[1.614s] [ 80%] [32m[1mLinking C shared library rosidl_generator_py/person_msgs/libperson_msgs__rosidl_generator_py.so[0m
[1.642s] [ 80%] Built target person_msgs__rosidl_generator_py
[1.664s] [ 83%] [32mBuilding C object CMakeFiles/person_msgs__rosidl_typesupport_c__pyext.dir/rosidl_generator_py/person_msgs/_person_msgs_s.ep.rosidl_typesupport_c.c.o[0m
[1.664s] [ 87%] [32mBuilding C object CMakeFiles/person_msgs__rosidl_typesupport_fastrtps_c__pyext.dir/rosidl_generator_py/person_msgs/_person_msgs_s.ep.rosidl_typesupport_fastrtps_c.c.o[0m
[1.668s] [ 90%] [32mBuilding C object CMakeFiles/person_msgs__rosidl_typesupport_introspection_c__pyext.dir/rosidl_generator_py/person_msgs/_person_msgs_s.ep.rosidl_typesupport_introspection_c.c.o[0m
[1.726s] [ 93%] [32m[1mLinking C shared library rosidl_generator_py/person_msgs/person_msgs_s__rosidl_typesupport_fastrtps_c.cpython-310-x86_64-linux-gnu.so[0m
[1.727s] [100%] [32m[1mLinking C shared library rosidl_generator_py/person_msgs/person_msgs_s__rosidl_typesupport_c.cpython-310-x86_64-linux-gnu.so[0m
[1.727s] [100%] [32m[1mLinking C shared library rosidl_generator_py/person_msgs/person_msgs_s__rosidl_typesupport_introspection_c.cpython-310-x86_64-linux-gnu.so[0m
[1.750s] [100%] Built target person_msgs__rosidl_typesupport_fastrtps_c__pyext
[1.750s] [100%] Built target person_msgs__rosidl_typesupport_introspection_c__pyext
[1.750s] [100%] Built target person_msgs__rosidl_typesupport_c__pyext
[1.758s] Invoked command in '/home/mahmmudqatmh/ros2_ws/build/person_msgs' returned '0': CMAKE_PREFIX_PATH=${CMAKE_PREFIX_PATH}:/home/mahmmudqatmh/ros2_ws/install/pose_line:/home/mahmmudqatmh/ros2_ws/install/distance_service:/home/mahmmudqatmh/ros2_ws/install/distance_bringup:/opt/ros/humble /usr/bin/cmake --build /home/mahmmudqatmh/ros2_ws/build/person_msgs -- -j24 -l24
[1.764s] Invoking command in '/home/mahmmudqatmh/ros2_ws/build/person_msgs': CMAKE_PREFIX_PATH=${CMAKE_PREFIX_PATH}:/home/mahmmudqatmh/ros2_ws/install/pose_line:/home/mahmmudqatmh/ros2_ws/install/distance_service:/home/mahmmudqatmh/ros2_ws/install/distance_bringup:/opt/ros/humble /usr/bin/cmake --install /home/mahmmudqatmh/ros2_ws/build/person_msgs
[1.768s] -- Install configuration: ""
[1.769s] -- Installing: /home/mahmmudqatmh/ros2_ws/install/person_msgs/share/ament_index/resource_index/rosidl_interfaces/person_msgs
[1.769s] -- Installing: /home/mahmmudqatmh/ros2_ws/install/person_msgs/include/person_msgs/person_msgs
[1.769s] -- Installing: /home/mahmmudqatmh/ros2_ws/install/person_msgs/include/person_msgs/person_msgs/msg
[1.769s] -- Installing: /home/mahmmudqatmh/ros2_ws/install/person_msgs/include/person_msgs/person_msgs/msg/detail
[1.769s] -- Installing: /home/mahmmudqatmh/ros2_ws/install/person_msgs/include/person_msgs/person_msgs/msg/detail/person__struct.h
[1.769s] -- Installing: /home/mahmmudqatmh/ros2_ws/install/person_msgs/include/person_msgs/person_msgs/msg/detail/person__functions.c
[1.769s] -- Installing: /home/mahmmudqatmh/ros2_ws/install/person_msgs/include/person_msgs/person_msgs/msg/detail/person__type_support.h
[1.769s] -- Installing: /home/mahmmudqatmh/ros2_ws/install/person_msgs/include/person_msgs/person_msgs/msg/detail/person__functions.h
[1.769s] -- Installing: /home/mahmmudqatmh/ros2_ws/install/person_msgs/include/person_msgs/person_msgs/msg/person.h
[1.769s] -- Installing: /home/mahmmudqatmh/ros2_ws/install/person_msgs/include/person_msgs/person_msgs/msg/rosidl_generator_c__visibility_control.h
[1.769s] -- Installing: /home/mahmmudqatmh/ros2_ws/install/person_msgs/share/person_msgs/environment/library_path.sh
[1.769s] -- Installing: /home/mahmmudqatmh/ros2_ws/install/person_msgs/share/person_msgs/environment/library_path.dsv
[1.769s] -- Installing: /home/mahmmudqatmh/ros2_ws/install/person_msgs/lib/libperson_msgs__rosidl_generator_c.so
[1.769s] -- Set runtime path of "/home/mahmmudqatmh/ros2_ws/install/person_msgs/lib/libperson_msgs__rosidl_generator_c.so" to ""
[1.769s] -- Up-to-date: /home/mahmmudqatmh/ros2_ws/install/person_msgs/include/person_msgs/person_msgs
[1.769s] -- Up-to-date: /home/mahmmudqatmh/ros2_ws/install/person_msgs/include/person_msgs/person_msgs/msg
[1.769s] -- Installing: /home/mahmmudqatmh/ros2_ws/install/person_msgs/include/person_msgs/person_msgs/msg/rosidl_typesupport_fastrtps_c__visibility_control.h
[1.769s] -- Up-to-date: /home/mahmmudqatmh/ros2_ws/install/person_msgs/include/person_msgs/person_msgs/msg/detail
[1.769s] -- Installing: /home/mahmmudqatmh/ros2_ws/install/person_msgs/include/person_msgs/person_msgs/msg/detail/person__rosidl_typesupport_fastrtps_c.h
[1.769s] -- Installing: /home/mahmmudqatmh/ros2_ws/install/person_msgs/lib/libperson_msgs__rosidl_typesupport_fastrtps_c.so
[1.769s] -- Set runtime path of "/home/mahmmudqatmh/ros2_ws/install/person_msgs/lib/libperson_msgs__rosidl_typesupport_fastrtps_c.so" to ""
[1.769s] -- Up-to-date: /home/mahmmudqatmh/ros2_ws/install/person_msgs/include/person_msgs/person_msgs
[1.769s] -- Up-to-date: /home/mahmmudqatmh/ros2_ws/install/person_msgs/include/person_msgs/person_msgs/msg
[1.769s] -- Up-to-date: /home/mahmmudqatmh/ros2_ws/install/person_msgs/include/person_msgs/person_msgs/msg/detail
[1.769s] -- Installing: /home/mahmmudqatmh/ros2_ws/install/person_msgs/include/person_msgs/person_msgs/msg/detail/person__struct.hpp
[1.769s] -- Installing: /home/mahmmudqatmh/ros2_ws/install/person_msgs/include/person_msgs/person_msgs/msg/detail/person__builder.hpp
[1.770s] -- Installing: /home/mahmmudqatmh/ros2_ws/install/person_msgs/include/person_msgs/person_msgs/msg/detail/person__traits.hpp
[1.770s] -- Installing: /home/mahmmudqatmh/ros2_ws/install/person_msgs/include/person_msgs/person_msgs/msg/detail/person__type_support.hpp
[1.770s] -- Installing: /home/mahmmudqatmh/ros2_ws/install/person_msgs/include/person_msgs/person_msgs/msg/person.hpp
[1.770s] -- Installing: /home/mahmmudqatmh/ros2_ws/install/person_msgs/include/person_msgs/person_msgs/msg/rosidl_generator_cpp__visibility_control.hpp
[1.770s] -- Up-to-date: /home/mahmmudqatmh/ros2_ws/install/person_msgs/include/person_msgs/person_msgs
[1.770s] -- Up-to-date: /home/mahmmudqatmh/ros2_ws/install/person_msgs/include/person_msgs/person_msgs/msg
[1.770s] -- Up-to-date: /home/mahmmudqatmh/ros2_ws/install/person_msgs/include/person_msgs/person_msgs/msg/detail
[1.770s] -- Installing: /home/mahmmudqatmh/ros2_ws/install/person_msgs/include/person_msgs/person_msgs/msg/detail/person__rosidl_typesupport_fastrtps_cpp.hpp
[1.770s] -- Installing: /home/mahmmudqatmh/ros2_ws/install/person_msgs/include/person_msgs/person_msgs/msg/detail/dds_fastrtps
[1.770s] -- Installing: /home/mahmmudqatmh/ros2_ws/install/person_msgs/include/person_msgs/person_msgs/msg/rosidl_typesupport_fastrtps_cpp__visibility_control.h
[1.770s] -- Installing: /home/mahmmudqatmh/ros2_ws/install/person_msgs/lib/libperson_msgs__rosidl_typesupport_fastrtps_cpp.so
[1.770s] -- Set runtime path of "/home/mahmmudqatmh/ros2_ws/install/person_msgs/lib/libperson_msgs__rosidl_typesupport_fastrtps_cpp.so" to ""
[1.770s] -- Up-to-date: /home/mahmmudqatmh/ros2_ws/install/person_msgs/include/person_msgs/person_msgs
[1.770s] -- Up-to-date: /home/mahmmudqatmh/ros2_ws/install/person_msgs/include/person_msgs/person_msgs/msg
[1.770s] -- Up-to-date: /home/mahmmudqatmh/ros2_ws/install/person_msgs/include/person_msgs/person_msgs/msg/detail
[1.770s] -- Installing: /home/mahmmudqatmh/ros2_ws/install/person_msgs/include/person_msgs/person_msgs/msg/detail/person__rosidl_typesupport_introspection_c.h
[1.770s] -- Installing: /home/mahmmudqatmh/ros2_ws/install/person_msgs/include/person_msgs/person_msgs/msg/detail/person__type_support.c
[1.770s] -- Installing: /home/mahmmudqatmh/ros2_ws/install/person_msgs/include/person_msgs/person_msgs/msg/rosidl_typesupport_introspection_c__visibility_control.h
[1.770s] -- Installing: /home/mahmmudqatmh/ros2_ws/install/person_msgs/lib/libperson_msgs__rosidl_typesupport_introspection_c.so
[1.770s] -- Set runtime path of "/home/mahmmudqatmh/ros2_ws/install/person_msgs/lib/libperson_msgs__rosidl_typesupport_introspection_c.so" to ""
[1.770s] -- Installing: /home/mahmmudqatmh/ros2_ws/install/person_msgs/lib/libperson_msgs__rosidl_typesupport_c.so
[1.770s] -- Set runtime path of "/home/mahmmudqatmh/ros2_ws/install/person_msgs/lib/libperson_msgs__rosidl_typesupport_c.so" to ""
[1.770s] -- Up-to-date: /home/mahmmudqatmh/ros2_ws/install/person_msgs/include/person_msgs/person_msgs
[1.770s] -- Up-to-date: /home/mahmmudqatmh/ros2_ws/install/person_msgs/include/person_msgs/person_msgs/msg
[1.770s] -- Up-to-date: /home/mahmmudqatmh/ros2_ws/install/person_msgs/include/person_msgs/person_msgs/msg/detail
[1.770s] -- Installing: /home/mahmmudqatmh/ros2_ws/install/person_msgs/include/person_msgs/person_msgs/msg/detail/person__type_support.cpp
[1.770s] -- Installing: /home/mahmmudqatmh/ros2_ws/install/person_msgs/include/person_msgs/person_msgs/msg/detail/person__rosidl_typesupport_introspection_cpp.hpp
[1.771s] -- Installing: /home/mahmmudqatmh/ros2_ws/install/person_msgs/lib/libperson_msgs__rosidl_typesupport_introspection_cpp.so
[1.771s] -- Set runtime path of "/home/mahmmudqatmh/ros2_ws/install/person_msgs/lib/libperson_msgs__rosidl_typesupport_introspection_cpp.so" to ""
[1.771s] -- Installing: /home/mahmmudqatmh/ros2_ws/install/person_msgs/lib/libperson_msgs__rosidl_typesupport_cpp.so
[1.771s] -- Set runtime path of "/home/mahmmudqatmh/ros2_ws/install/person_msgs/lib/libperson_msgs__rosidl_typesupport_cpp.so" to ""
[1.771s] -- Installing: /home/mahmmudqatmh/ros2_ws/install/person_msgs/share/person_msgs/environment/pythonpath.sh
[1.771s] -- Installing: /home/mahmmudqatmh/ros2_ws/install/person_msgs/share/person_msgs/environment/pythonpath.dsv
[1.771s] -- Installing: /home/mahmmudqatmh/ros2_ws/install/person_msgs/local/lib/python3.10/dist-packages/person_msgs-0.0.0-py3.10.egg-info
[1.771s] -- Installing: /home/mahmmudqatmh/ros2_ws/install/person_msgs/local/lib/python3.10/dist-packages/person_msgs-0.0.0-py3.10.egg-info/dependency_links.txt
[1.771s] -- Installing: /home/mahmmudqatmh/ros2_ws/install/person_msgs/local/lib/python3.10/dist-packages/person_msgs-0.0.0-py3.10.egg-info/top_level.txt
[1.771s] -- Installing: /home/mahmmudqatmh/ros2_ws/install/person_msgs/local/lib/python3.10/dist-packages/person_msgs-0.0.0-py3.10.egg-info/PKG-INFO
[1.771s] -- Installing: /home/mahmmudqatmh/ros2_ws/install/person_msgs/local/lib/python3.10/dist-packages/person_msgs-0.0.0-py3.10.egg-info/SOURCES.txt
[1.771s] -- Installing: /home/mahmmudqatmh/ros2_ws/install/person_msgs/local/lib/python3.10/dist-packages/person_msgs
[1.771s] -- Installing: /home/mahmmudqatmh/ros2_ws/install/person_msgs/local/lib/python3.10/dist-packages/person_msgs/libperson_msgs__rosidl_generator_py.so
[1.771s] -- Installing: /home/mahmmudqatmh/ros2_ws/install/person_msgs/local/lib/python3.10/dist-packages/person_msgs/_person_msgs_s.ep.rosidl_typesupport_c.c
[1.771s] -- Installing: /home/mahmmudqatmh/ros2_ws/install/person_msgs/local/lib/python3.10/dist-packages/person_msgs/msg
[1.771s] -- Installing: /home/mahmmudqatmh/ros2_ws/install/person_msgs/local/lib/python3.10/dist-packages/person_msgs/msg/_person.py
[1.771s] -- Installing: /home/mahmmudqatmh/ros2_ws/install/person_msgs/local/lib/python3.10/dist-packages/person_msgs/msg/_person_s.c
[1.771s] -- Installing: /home/mahmmudqatmh/ros2_ws/install/person_msgs/local/lib/python3.10/dist-packages/person_msgs/msg/__init__.py
[1.771s] -- Installing: /home/mahmmudqatmh/ros2_ws/install/person_msgs/local/lib/python3.10/dist-packages/person_msgs/person_msgs_s__rosidl_typesupport_fastrtps_c.cpython-310-x86_64-linux-gnu.so
[1.771s] -- Installing: /home/mahmmudqatmh/ros2_ws/install/person_msgs/local/lib/python3.10/dist-packages/person_msgs/person_msgs_s__rosidl_typesupport_introspection_c.cpython-310-x86_64-linux-gnu.so
[1.771s] -- Installing: /home/mahmmudqatmh/ros2_ws/install/person_msgs/local/lib/python3.10/dist-packages/person_msgs/_person_msgs_s.ep.rosidl_typesupport_introspection_c.c
[1.771s] -- Installing: /home/mahmmudqatmh/ros2_ws/install/person_msgs/local/lib/python3.10/dist-packages/person_msgs/_person_msgs_s.ep.rosidl_typesupport_fastrtps_c.c
[1.771s] -- Installing: /home/mahmmudqatmh/ros2_ws/install/person_msgs/local/lib/python3.10/dist-packages/person_msgs/__init__.py
[1.771s] -- Installing: /home/mahmmudqatmh/ros2_ws/install/person_msgs/local/lib/python3.10/dist-packages/person_msgs/person_msgs_s__rosidl_typesupport_c.cpython-310-x86_64-linux-gnu.so
[1.796s] Listing '/home/mahmmudqatmh/ros2_ws/install/person_msgs/local/lib/python3.10/dist-packages/person_msgs'...
[1.796s] Compiling '/home/mahmmudqatmh/ros2_ws/install/person_msgs/local/lib/python3.10/dist-packages/person_msgs/__init__.py'...
[1.796s] Listing '/home/mahmmudqatmh/ros2_ws/install/person_msgs/local/lib/python3.10/dist-packages/person_msgs/msg'...
[1.796s] Compiling '/home/mahmmudqatmh/ros2_ws/install/person_msgs/local/lib/python3.10/dist-packages/person_msgs/msg/__init__.py'...
[1.796s] Compiling '/home/mahmmudqatmh/ros2_ws/install/person_msgs/local/lib/python3.10/dist-packages/person_msgs/msg/_person.py'...
[1.798s] -- Installing: /home/mahmmudqatmh/ros2_ws/install/person_msgs/local/lib/python3.10/dist-packages/person_msgs/person_msgs_s__rosidl_typesupport_fastrtps_c.cpython-310-x86_64-linux-gnu.so
[1.798s] -- Set runtime path of "/home/mahmmudqatmh/ros2_ws/install/person_msgs/local/lib/python3.10/dist-packages/person_msgs/person_msgs_s__rosidl_typesupport_fastrtps_c.cpython-310-x86_64-linux-gnu.so" to ""
[1.799s] -- Installing: /home/mahmmudqatmh/ros2_ws/install/person_msgs/local/lib/python3.10/dist-packages/person_msgs/person_msgs_s__rosidl_typesupport_introspection_c.cpython-310-x86_64-linux-gnu.so
[1.799s] -- Set runtime path of "/home/mahmmudqatmh/ros2_ws/install/person_msgs/local/lib/python3.10/dist-packages/person_msgs/person_msgs_s__rosidl_typesupport_introspection_c.cpython-310-x86_64-linux-gnu.so" to ""
[1.799s] -- Installing: /home/mahmmudqatmh/ros2_ws/install/person_msgs/local/lib/python3.10/dist-packages/person_msgs/person_msgs_s__rosidl_typesupport_c.cpython-310-x86_64-linux-gnu.so
[1.799s] -- Set runtime path of "/home/mahmmudqatmh/ros2_ws/install/person_msgs/local/lib/python3.10/dist-packages/person_msgs/person_msgs_s__rosidl_typesupport_c.cpython-310-x86_64-linux-gnu.so" to ""
[1.799s] -- Installing: /home/mahmmudqatmh/ros2_ws/install/person_msgs/lib/libperson_msgs__rosidl_generator_py.so
[1.799s] -- Set runtime path of "/home/mahmmudqatmh/ros2_ws/install/person_msgs/lib/libperson_msgs__rosidl_generator_py.so" to ""
[1.799s] -- Installing: /home/mahmmudqatmh/ros2_ws/install/person_msgs/share/person_msgs/msg/Person.idl
[1.799s] -- Installing: /home/mahmmudqatmh/ros2_ws/install/person_msgs/share/person_msgs/msg/Person.msg
[1.799s] -- Installing: /home/mahmmudqatmh/ros2_ws/install/person_msgs/share/ament_index/resource_index/package_run_dependencies/person_msgs
[1.799s] -- Installing: /home/mahmmudqatmh/ros2_ws/install/person_msgs/share/ament_index/resource_index/parent_prefix_path/person_msgs
[1.799s] -- Installing: /home/mahmmudqatmh/ros2_ws/install/person_msgs/share/person_msgs/environment/ament_prefix_path.sh
[1.799s] -- Installing: /home/mahmmudqatmh/ros2_ws/install/person_msgs/share/person_msgs/environment/ament_prefix_path.dsv
[1.799s] -- Installing: /home/mahmmudqatmh/ros2_ws/install/person_msgs/share/person_msgs/environment/path.sh
[1.799s] -- Installing: /home/mahmmudqatmh/ros2_ws/install/person_msgs/share/person_msgs/environment/path.dsv
[1.799s] -- Installing: /home/mahmmudqatmh/ros2_ws/install/person_msgs/share/person_msgs/local_setup.bash
[1.799s] -- Installing: /home/mahmmudqatmh/ros2_ws/install/person_msgs/share/person_msgs/local_setup.sh
[1.799s] -- Installing: /home/mahmmudqatmh/ros2_ws/install/person_msgs/share/person_msgs/local_setup.zsh
[1.799s] -- Installing: /home/mahmmudqatmh/ros2_ws/install/person_msgs/share/person_msgs/local_setup.dsv
[1.799s] -- Installing: /home/mahmmudqatmh/ros2_ws/install/person_msgs/share/person_msgs/package.dsv
[1.800s] -- Installing: /home/mahmmudqatmh/ros2_ws/install/person_msgs/share/ament_index/resource_index/packages/person_msgs
[1.800s] -- Installing: /home/mahmmudqatmh/ros2_ws/install/person_msgs/share/person_msgs/cmake/export_person_msgs__rosidl_generator_cExport.cmake
[1.800s] -- Installing: /home/mahmmudqatmh/ros2_ws/install/person_msgs/share/person_msgs/cmake/export_person_msgs__rosidl_generator_cExport-noconfig.cmake
[1.800s] -- Installing: /home/mahmmudqatmh/ros2_ws/install/person_msgs/share/person_msgs/cmake/export_person_msgs__rosidl_typesupport_fastrtps_cExport.cmake
[1.800s] -- Installing: /home/mahmmudqatmh/ros2_ws/install/person_msgs/share/person_msgs/cmake/export_person_msgs__rosidl_typesupport_fastrtps_cExport-noconfig.cmake
[1.800s] -- Installing: /home/mahmmudqatmh/ros2_ws/install/person_msgs/share/person_msgs/cmake/export_person_msgs__rosidl_generator_cppExport.cmake
[1.800s] -- Installing: /home/mahmmudqatmh/ros2_ws/install/person_msgs/share/person_msgs/cmake/export_person_msgs__rosidl_typesupport_fastrtps_cppExport.cmake
[1.800s] -- Installing: /home/mahmmudqatmh/ros2_ws/install/person_msgs/share/person_msgs/cmake/export_person_msgs__rosidl_typesupport_fastrtps_cppExport-noconfig.cmake
[1.800s] -- Installing: /home/mahmmudqatmh/ros2_ws/install/person_msgs/share/person_msgs/cmake/person_msgs__rosidl_typesupport_introspection_cExport.cmake
[1.800s] -- Installing: /home/mahmmudqatmh/ros2_ws/install/person_msgs/share/person_msgs/cmake/person_msgs__rosidl_typesupport_introspection_cExport-noconfig.cmake
[1.800s] -- Installing: /home/mahmmudqatmh/ros2_ws/install/person_msgs/share/person_msgs/cmake/person_msgs__rosidl_typesupport_cExport.cmake
[1.800s] -- Installing: /home/mahmmudqatmh/ros2_ws/install/person_msgs/share/person_msgs/cmake/person_msgs__rosidl_typesupport_cExport-noconfig.cmake
[1.800s] -- Installing: /home/mahmmudqatmh/ros2_ws/install/person_msgs/share/person_msgs/cmake/person_msgs__rosidl_typesupport_introspection_cppExport.cmake
[1.800s] -- Installing: /home/mahmmudqatmh/ros2_ws/install/person_msgs/share/person_msgs/cmake/person_msgs__rosidl_typesupport_introspection_cppExport-noconfig.cmake
[1.800s] -- Installing: /home/mahmmudqatmh/ros2_ws/install/person_msgs/share/person_msgs/cmake/person_msgs__rosidl_typesupport_cppExport.cmake
[1.800s] -- Installing: /home/mahmmudqatmh/ros2_ws/install/person_msgs/share/person_msgs/cmake/person_msgs__rosidl_typesupport_cppExport-noconfig.cmake
[1.800s] -- Installing: /home/mahmmudqatmh/ros2_ws/install/person_msgs/share/person_msgs/cmake/export_person_msgs__rosidl_generator_pyExport.cmake
[1.800s] -- Installing: /home/mahmmudqatmh/ros2_ws/install/person_msgs/share/person_msgs/cmake/export_person_msgs__rosidl_generator_pyExport-noconfig.cmake
[1.800s] -- Installing: /home/mahmmudqatmh/ros2_ws/install/person_msgs/share/person_msgs/cmake/rosidl_cmake-extras.cmake
[1.800s] -- Installing: /home/mahmmudqatmh/ros2_ws/install/person_msgs/share/person_msgs/cmake/ament_cmake_export_dependencies-extras.cmake
[1.800s] -- Installing: /home/mahmmudqatmh/ros2_ws/install/person_msgs/share/person_msgs/cmake/ament_cmake_export_include_directories-extras.cmake
[1.800s] -- Installing: /home/mahmmudqatmh/ros2_ws/install/person_msgs/share/person_msgs/cmake/ament_cmake_export_libraries-extras.cmake
[1.800s] -- Installing: /home/mahmmudqatmh/ros2_ws/install/person_msgs/share/person_msgs/cmake/ament_cmake_export_targets-extras.cmake
[1.801s] -- Installing: /home/mahmmudqatmh/ros2_ws/install/person_msgs/share/person_msgs/cmake/rosidl_cmake_export_typesupport_targets-extras.cmake
[1.801s] -- Installing: /home/mahmmudqatmh/ros2_ws/install/person_msgs/share/person_msgs/cmake/rosidl_cmake_export_typesupport_libraries-extras.cmake
[1.801s] -- Installing: /home/mahmmudqatmh/ros2_ws/install/person_msgs/share/person_msgs/cmake/person_msgsConfig.cmake
[1.801s] -- Installing: /home/mahmmudqatmh/ros2_ws/install/person_msgs/share/person_msgs/cmake/person_msgsConfig-version.cmake
[1.801s] -- Installing: /home/mahmmudqatmh/ros2_ws/install/person_msgs/share/person_msgs/package.xml
[1.803s] Invoked command in '/home/mahmmudqatmh/ros2_ws/build/person_msgs' returned '0': CMAKE_PREFIX_PATH=${CMAKE_PREFIX_PATH}:/home/mahmmudqatmh/ros2_ws/install/pose_line:/home/mahmmudqatmh/ros2_ws/install/distance_service:/home/mahmmudqatmh/ros2_ws/install/distance_bringup:/opt/ros/humble /usr/bin/cmake --install /home/mahmmudqatmh/ros2_ws/build/person_msgs
