running egg_info
writing ../../build/distance_service/distance_service.egg-info/PKG-INFO
writing dependency_links to ../../build/distance_service/distance_service.egg-info/dependency_links.txt
writing entry points to ../../build/distance_service/distance_service.egg-info/entry_points.txt
writing requirements to ../../build/distance_service/distance_service.egg-info/requires.txt
writing top-level names to ../../build/distance_service/distance_service.egg-info/top_level.txt
reading manifest file '../../build/distance_service/distance_service.egg-info/SOURCES.txt'
adding license file 'LICENSE'
writing manifest file '../../build/distance_service/distance_service.egg-info/SOURCES.txt'
running build
running build_py
running install
running install_lib
running install_data
running install_egg_info
removing '/home/mahmmudqatmh/ros2_ws/install/distance_service/lib/python3.10/site-packages/distance_service-0.0.0-py3.10.egg-info' (and everything under it)
Copying ../../build/distance_service/distance_service.egg-info to /home/mahmmudqatmh/ros2_ws/install/distance_service/lib/python3.10/site-packages/distance_service-0.0.0-py3.10.egg-info
running install_scripts
Installing distance_client script to /home/mahmmudqatmh/ros2_ws/install/distance_service/lib/distance_service
Installing distance_server script to /home/mahmmudqatmh/ros2_ws/install/distance_service/lib/distance_service
writing list of installed files to '/home/mahmmudqatmh/ros2_ws/build/distance_service/install.log'
