[0.383s] Invoking command in '/home/mahmmudqatmh/ros2_ws/src/distance_service': CMAKE_PREFIX_PATH=/home/mahmmudqatmh/ros2_ws/install/custom_interface:/home/mahmmudqatmh/ros2_ws/install/person_msgs:/home/mahmmudqatmh/ros2_ws/install/countdown_interfaces LD_LIBRARY_PATH=/home/mahmmudqatmh/ros2_ws/install/custom_interface/lib:/home/mahmmudqatmh/ros2_ws/install/person_msgs/lib:/home/mahmmudqatmh/ros2_ws/install/countdown_interfaces/lib:/opt/ros/humble/opt/rviz_ogre_vendor/lib:/opt/ros/humble/lib/x86_64-linux-gnu:/opt/ros/humble/lib PYTHONPATH=/home/mahmmudqatmh/ros2_ws/build/distance_service/prefix_override:/usr/lib/python3/dist-packages/colcon_core/task/python/colcon_distutils_commands:/home/mahmmudqatmh/ros2_ws/install/distance_service/lib/python3.10/site-packages:${PYTHONPATH} /usr/bin/python3 -W ignore:setup.py install is deprecated -W ignore:easy_install command is deprecated setup.py egg_info --egg-base ../../build/distance_service build --build-base /home/mahmmudqatmh/ros2_ws/build/distance_service/build install --record /home/mahmmudqatmh/ros2_ws/build/distance_service/install.log --single-version-externally-managed install_data
[0.529s] running egg_info
[0.530s] writing ../../build/distance_service/distance_service.egg-info/PKG-INFO
[0.530s] writing dependency_links to ../../build/distance_service/distance_service.egg-info/dependency_links.txt
[0.530s] writing entry points to ../../build/distance_service/distance_service.egg-info/entry_points.txt
[0.530s] writing requirements to ../../build/distance_service/distance_service.egg-info/requires.txt
[0.530s] writing top-level names to ../../build/distance_service/distance_service.egg-info/top_level.txt
[0.532s] reading manifest file '../../build/distance_service/distance_service.egg-info/SOURCES.txt'
[0.532s] adding license file 'LICENSE'
[0.532s] writing manifest file '../../build/distance_service/distance_service.egg-info/SOURCES.txt'
[0.532s] running build
[0.532s] running build_py
[0.533s] running install
[0.533s] running install_lib
[0.533s] running install_data
[0.533s] running install_egg_info
[0.535s] removing '/home/mahmmudqatmh/ros2_ws/install/distance_service/lib/python3.10/site-packages/distance_service-0.0.0-py3.10.egg-info' (and everything under it)
[0.535s] Copying ../../build/distance_service/distance_service.egg-info to /home/mahmmudqatmh/ros2_ws/install/distance_service/lib/python3.10/site-packages/distance_service-0.0.0-py3.10.egg-info
[0.535s] running install_scripts
[0.551s] Installing distance_client script to /home/mahmmudqatmh/ros2_ws/install/distance_service/lib/distance_service
[0.551s] Installing distance_server script to /home/mahmmudqatmh/ros2_ws/install/distance_service/lib/distance_service
[0.551s] writing list of installed files to '/home/mahmmudqatmh/ros2_ws/build/distance_service/install.log'
[0.566s] Invoked command in '/home/mahmmudqatmh/ros2_ws/src/distance_service' returned '0': CMAKE_PREFIX_PATH=/home/mahmmudqatmh/ros2_ws/install/custom_interface:/home/mahmmudqatmh/ros2_ws/install/person_msgs:/home/mahmmudqatmh/ros2_ws/install/countdown_interfaces LD_LIBRARY_PATH=/home/mahmmudqatmh/ros2_ws/install/custom_interface/lib:/home/mahmmudqatmh/ros2_ws/install/person_msgs/lib:/home/mahmmudqatmh/ros2_ws/install/countdown_interfaces/lib:/opt/ros/humble/opt/rviz_ogre_vendor/lib:/opt/ros/humble/lib/x86_64-linux-gnu:/opt/ros/humble/lib PYTHONPATH=/home/mahmmudqatmh/ros2_ws/build/distance_service/prefix_override:/usr/lib/python3/dist-packages/colcon_core/task/python/colcon_distutils_commands:/home/mahmmudqatmh/ros2_ws/install/distance_service/lib/python3.10/site-packages:${PYTHONPATH} /usr/bin/python3 -W ignore:setup.py install is deprecated -W ignore:easy_install command is deprecated setup.py egg_info --egg-base ../../build/distance_service build --build-base /home/mahmmudqatmh/ros2_ws/build/distance_service/build install --record /home/mahmmudqatmh/ros2_ws/build/distance_service/install.log --single-version-externally-managed install_data
