running egg_info
writing build/gazebo_example/gazebo_example.egg-info/PKG-INFO
writing dependency_links to build/gazebo_example/gazebo_example.egg-info/dependency_links.txt
writing entry points to build/gazebo_example/gazebo_example.egg-info/entry_points.txt
writing requirements to build/gazebo_example/gazebo_example.egg-info/requires.txt
writing top-level names to build/gazebo_example/gazebo_example.egg-info/top_level.txt
reading manifest file 'build/gazebo_example/gazebo_example.egg-info/SOURCES.txt'
writing manifest file 'build/gazebo_example/gazebo_example.egg-info/SOURCES.txt'
running build
running build_py
running install
running install_lib
running install_data
copying launch/gazebo_example.launch.py -> /home/lassi/ros2_lab2_ws/src/gazebo_example/install/gazebo_example/share/gazebo_example/launch
copying worlds/world.world -> /home/lassi/ros2_lab2_ws/src/gazebo_example/install/gazebo_example/share/gazebo_example/worlds
running install_egg_info
removing '/home/lassi/ros2_lab2_ws/src/gazebo_example/install/gazebo_example/lib/python3.10/site-packages/gazebo_example-0.0.0-py3.10.egg-info' (and everything under it)
Copying build/gazebo_example/gazebo_example.egg-info to /home/lassi/ros2_lab2_ws/src/gazebo_example/install/gazebo_example/lib/python3.10/site-packages/gazebo_example-0.0.0-py3.10.egg-info
running install_scripts
writing list of installed files to '/home/lassi/ros2_lab2_ws/src/gazebo_example/build/gazebo_example/install.log'
