[0.651s] Invoking command in '/home/lassi/ros2_lab2_ws/src/gazebo_example': PYTHONPATH=/home/lassi/ros2_lab2_ws/src/gazebo_example/build/gazebo_example/prefix_override:/usr/lib/python3/dist-packages/colcon_core/task/python/colcon_distutils_commands:/home/lassi/ros2_lab2_ws/src/gazebo_example/install/gazebo_example/lib/python3.10/site-packages:${PYTHONPATH} /usr/bin/python3 -W ignore:setup.py install is deprecated -W ignore:easy_install command is deprecated setup.py egg_info --egg-base build/gazebo_example build --build-base /home/lassi/ros2_lab2_ws/src/gazebo_example/build/gazebo_example/build install --record /home/lassi/ros2_lab2_ws/src/gazebo_example/build/gazebo_example/install.log --single-version-externally-managed install_data
[0.874s] running egg_info
[0.877s] writing build/gazebo_example/gazebo_example.egg-info/PKG-INFO
[0.877s] writing dependency_links to build/gazebo_example/gazebo_example.egg-info/dependency_links.txt
[0.877s] writing entry points to build/gazebo_example/gazebo_example.egg-info/entry_points.txt
[0.877s] writing requirements to build/gazebo_example/gazebo_example.egg-info/requires.txt
[0.878s] writing top-level names to build/gazebo_example/gazebo_example.egg-info/top_level.txt
[0.879s] reading manifest file 'build/gazebo_example/gazebo_example.egg-info/SOURCES.txt'
[0.880s] writing manifest file 'build/gazebo_example/gazebo_example.egg-info/SOURCES.txt'
[0.880s] running build
[0.880s] running build_py
[0.880s] running install
[0.880s] running install_lib
[0.882s] running install_data
[0.882s] copying launch/gazebo_example.launch.py -> /home/lassi/ros2_lab2_ws/src/gazebo_example/install/gazebo_example/share/gazebo_example/launch
[0.882s] copying worlds/world.world -> /home/lassi/ros2_lab2_ws/src/gazebo_example/install/gazebo_example/share/gazebo_example/worlds
[0.882s] running install_egg_info
[0.887s] removing '/home/lassi/ros2_lab2_ws/src/gazebo_example/install/gazebo_example/lib/python3.10/site-packages/gazebo_example-0.0.0-py3.10.egg-info' (and everything under it)
[0.887s] Copying build/gazebo_example/gazebo_example.egg-info to /home/lassi/ros2_lab2_ws/src/gazebo_example/install/gazebo_example/lib/python3.10/site-packages/gazebo_example-0.0.0-py3.10.egg-info
[0.887s] running install_scripts
[0.909s] writing list of installed files to '/home/lassi/ros2_lab2_ws/src/gazebo_example/build/gazebo_example/install.log'
[0.934s] Invoked command in '/home/lassi/ros2_lab2_ws/src/gazebo_example' returned '0': PYTHONPATH=/home/lassi/ros2_lab2_ws/src/gazebo_example/build/gazebo_example/prefix_override:/usr/lib/python3/dist-packages/colcon_core/task/python/colcon_distutils_commands:/home/lassi/ros2_lab2_ws/src/gazebo_example/install/gazebo_example/lib/python3.10/site-packages:${PYTHONPATH} /usr/bin/python3 -W ignore:setup.py install is deprecated -W ignore:easy_install command is deprecated setup.py egg_info --egg-base build/gazebo_example build --build-base /home/lassi/ros2_lab2_ws/src/gazebo_example/build/gazebo_example/build install --record /home/lassi/ros2_lab2_ws/src/gazebo_example/build/gazebo_example/install.log --single-version-externally-managed install_data
