running egg_info
creating ../build/tutorial_pkg/tutorial_pkg.egg-info
writing ../build/tutorial_pkg/tutorial_pkg.egg-info/PKG-INFO
writing dependency_links to ../build/tutorial_pkg/tutorial_pkg.egg-info/dependency_links.txt
writing entry points to ../build/tutorial_pkg/tutorial_pkg.egg-info/entry_points.txt
writing requirements to ../build/tutorial_pkg/tutorial_pkg.egg-info/requires.txt
writing top-level names to ../build/tutorial_pkg/tutorial_pkg.egg-info/top_level.txt
writing manifest file '../build/tutorial_pkg/tutorial_pkg.egg-info/SOURCES.txt'
reading manifest file '../build/tutorial_pkg/tutorial_pkg.egg-info/SOURCES.txt'
writing manifest file '../build/tutorial_pkg/tutorial_pkg.egg-info/SOURCES.txt'
running build
running build_py
creating /home/lassi/ros2_lab2_ws/src/build/tutorial_pkg/build
creating /home/lassi/ros2_lab2_ws/src/build/tutorial_pkg/build/lib
creating /home/lassi/ros2_lab2_ws/src/build/tutorial_pkg/build/lib/tutorial_pkg
copying tutorial_pkg/tf_listener.py -> /home/lassi/ros2_lab2_ws/src/build/tutorial_pkg/build/lib/tutorial_pkg
copying tutorial_pkg/__init__.py -> /home/lassi/ros2_lab2_ws/src/build/tutorial_pkg/build/lib/tutorial_pkg
copying tutorial_pkg/tf_broadcaster.py -> /home/lassi/ros2_lab2_ws/src/build/tutorial_pkg/build/lib/tutorial_pkg
running install
running install_lib
creating /home/lassi/ros2_lab2_ws/src/install/tutorial_pkg/lib/python3.10/site-packages/tutorial_pkg
copying /home/lassi/ros2_lab2_ws/src/build/tutorial_pkg/build/lib/tutorial_pkg/tf_listener.py -> /home/lassi/ros2_lab2_ws/src/install/tutorial_pkg/lib/python3.10/site-packages/tutorial_pkg
copying /home/lassi/ros2_lab2_ws/src/build/tutorial_pkg/build/lib/tutorial_pkg/__init__.py -> /home/lassi/ros2_lab2_ws/src/install/tutorial_pkg/lib/python3.10/site-packages/tutorial_pkg
copying /home/lassi/ros2_lab2_ws/src/build/tutorial_pkg/build/lib/tutorial_pkg/tf_broadcaster.py -> /home/lassi/ros2_lab2_ws/src/install/tutorial_pkg/lib/python3.10/site-packages/tutorial_pkg
byte-compiling /home/lassi/ros2_lab2_ws/src/install/tutorial_pkg/lib/python3.10/site-packages/tutorial_pkg/tf_listener.py to tf_listener.cpython-310.pyc
byte-compiling /home/lassi/ros2_lab2_ws/src/install/tutorial_pkg/lib/python3.10/site-packages/tutorial_pkg/__init__.py to __init__.cpython-310.pyc
byte-compiling /home/lassi/ros2_lab2_ws/src/install/tutorial_pkg/lib/python3.10/site-packages/tutorial_pkg/tf_broadcaster.py to tf_broadcaster.cpython-310.pyc
running install_data
creating /home/lassi/ros2_lab2_ws/src/install/tutorial_pkg/share/ament_index
creating /home/lassi/ros2_lab2_ws/src/install/tutorial_pkg/share/ament_index/resource_index
creating /home/lassi/ros2_lab2_ws/src/install/tutorial_pkg/share/ament_index/resource_index/packages
copying resource/tutorial_pkg -> /home/lassi/ros2_lab2_ws/src/install/tutorial_pkg/share/ament_index/resource_index/packages
copying package.xml -> /home/lassi/ros2_lab2_ws/src/install/tutorial_pkg/share/tutorial_pkg
creating /home/lassi/ros2_lab2_ws/src/install/tutorial_pkg/share/tutorial_pkg/launch
creating /home/lassi/ros2_lab2_ws/src/install/tutorial_pkg/share/tutorial_pkg/img_data
running install_egg_info
Copying ../build/tutorial_pkg/tutorial_pkg.egg-info to /home/lassi/ros2_lab2_ws/src/install/tutorial_pkg/lib/python3.10/site-packages/tutorial_pkg-0.0.0-py3.10.egg-info
running install_scripts
writing list of installed files to '/home/lassi/ros2_lab2_ws/src/build/tutorial_pkg/install.log'
