[0.674s] Invoking command in '/home/lassi/ros2_lab2_ws/src/tutorial_pkg': PYTHONPATH=/home/lassi/ros2_lab2_ws/src/build/tutorial_pkg/prefix_override:/usr/lib/python3/dist-packages/colcon_core/task/python/colcon_distutils_commands:/home/lassi/ros2_lab2_ws/src/install/tutorial_pkg/lib/python3.10/site-packages:${PYTHONPATH} /usr/bin/python3 -W ignore:setup.py install is deprecated -W ignore:easy_install command is deprecated setup.py egg_info --egg-base ../build/tutorial_pkg build --build-base /home/lassi/ros2_lab2_ws/src/build/tutorial_pkg/build install --record /home/lassi/ros2_lab2_ws/src/build/tutorial_pkg/install.log --single-version-externally-managed install_data
[0.843s] running egg_info
[0.843s] creating ../build/tutorial_pkg/tutorial_pkg.egg-info
[0.843s] writing ../build/tutorial_pkg/tutorial_pkg.egg-info/PKG-INFO
[0.843s] writing dependency_links to ../build/tutorial_pkg/tutorial_pkg.egg-info/dependency_links.txt
[0.843s] writing entry points to ../build/tutorial_pkg/tutorial_pkg.egg-info/entry_points.txt
[0.844s] writing requirements to ../build/tutorial_pkg/tutorial_pkg.egg-info/requires.txt
[0.844s] writing top-level names to ../build/tutorial_pkg/tutorial_pkg.egg-info/top_level.txt
[0.844s] writing manifest file '../build/tutorial_pkg/tutorial_pkg.egg-info/SOURCES.txt'
[0.846s] reading manifest file '../build/tutorial_pkg/tutorial_pkg.egg-info/SOURCES.txt'
[0.846s] writing manifest file '../build/tutorial_pkg/tutorial_pkg.egg-info/SOURCES.txt'
[0.846s] running build
[0.846s] running build_py
[0.847s] creating /home/lassi/ros2_lab2_ws/src/build/tutorial_pkg/build
[0.847s] creating /home/lassi/ros2_lab2_ws/src/build/tutorial_pkg/build/lib
[0.847s] creating /home/lassi/ros2_lab2_ws/src/build/tutorial_pkg/build/lib/tutorial_pkg
[0.847s] copying tutorial_pkg/tf_listener.py -> /home/lassi/ros2_lab2_ws/src/build/tutorial_pkg/build/lib/tutorial_pkg
[0.851s] copying tutorial_pkg/__init__.py -> /home/lassi/ros2_lab2_ws/src/build/tutorial_pkg/build/lib/tutorial_pkg
[0.851s] copying tutorial_pkg/tf_broadcaster.py -> /home/lassi/ros2_lab2_ws/src/build/tutorial_pkg/build/lib/tutorial_pkg
[0.851s] running install
[0.851s] running install_lib
[0.851s] creating /home/lassi/ros2_lab2_ws/src/install/tutorial_pkg/lib/python3.10/site-packages/tutorial_pkg
[0.853s] copying /home/lassi/ros2_lab2_ws/src/build/tutorial_pkg/build/lib/tutorial_pkg/tf_listener.py -> /home/lassi/ros2_lab2_ws/src/install/tutorial_pkg/lib/python3.10/site-packages/tutorial_pkg
[0.854s] copying /home/lassi/ros2_lab2_ws/src/build/tutorial_pkg/build/lib/tutorial_pkg/__init__.py -> /home/lassi/ros2_lab2_ws/src/install/tutorial_pkg/lib/python3.10/site-packages/tutorial_pkg
[0.855s] copying /home/lassi/ros2_lab2_ws/src/build/tutorial_pkg/build/lib/tutorial_pkg/tf_broadcaster.py -> /home/lassi/ros2_lab2_ws/src/install/tutorial_pkg/lib/python3.10/site-packages/tutorial_pkg
[0.856s] byte-compiling /home/lassi/ros2_lab2_ws/src/install/tutorial_pkg/lib/python3.10/site-packages/tutorial_pkg/tf_listener.py to tf_listener.cpython-310.pyc
[0.856s] byte-compiling /home/lassi/ros2_lab2_ws/src/install/tutorial_pkg/lib/python3.10/site-packages/tutorial_pkg/__init__.py to __init__.cpython-310.pyc
[0.856s] byte-compiling /home/lassi/ros2_lab2_ws/src/install/tutorial_pkg/lib/python3.10/site-packages/tutorial_pkg/tf_broadcaster.py to tf_broadcaster.cpython-310.pyc
[0.857s] running install_data
[0.857s] creating /home/lassi/ros2_lab2_ws/src/install/tutorial_pkg/share/ament_index
[0.857s] creating /home/lassi/ros2_lab2_ws/src/install/tutorial_pkg/share/ament_index/resource_index
[0.857s] creating /home/lassi/ros2_lab2_ws/src/install/tutorial_pkg/share/ament_index/resource_index/packages
[0.857s] copying resource/tutorial_pkg -> /home/lassi/ros2_lab2_ws/src/install/tutorial_pkg/share/ament_index/resource_index/packages
[0.857s] copying package.xml -> /home/lassi/ros2_lab2_ws/src/install/tutorial_pkg/share/tutorial_pkg
[0.857s] creating /home/lassi/ros2_lab2_ws/src/install/tutorial_pkg/share/tutorial_pkg/launch
[0.857s] creating /home/lassi/ros2_lab2_ws/src/install/tutorial_pkg/share/tutorial_pkg/img_data
[0.857s] running install_egg_info
[0.860s] Copying ../build/tutorial_pkg/tutorial_pkg.egg-info to /home/lassi/ros2_lab2_ws/src/install/tutorial_pkg/lib/python3.10/site-packages/tutorial_pkg-0.0.0-py3.10.egg-info
[0.862s] running install_scripts
[0.879s] writing list of installed files to '/home/lassi/ros2_lab2_ws/src/build/tutorial_pkg/install.log'
[0.909s] Invoked command in '/home/lassi/ros2_lab2_ws/src/tutorial_pkg' returned '0': PYTHONPATH=/home/lassi/ros2_lab2_ws/src/build/tutorial_pkg/prefix_override:/usr/lib/python3/dist-packages/colcon_core/task/python/colcon_distutils_commands:/home/lassi/ros2_lab2_ws/src/install/tutorial_pkg/lib/python3.10/site-packages:${PYTHONPATH} /usr/bin/python3 -W ignore:setup.py install is deprecated -W ignore:easy_install command is deprecated setup.py egg_info --egg-base ../build/tutorial_pkg build --build-base /home/lassi/ros2_lab2_ws/src/build/tutorial_pkg/build install --record /home/lassi/ros2_lab2_ws/src/build/tutorial_pkg/install.log --single-version-externally-managed install_data
