running egg_info
creating ../../build/distance_bringup/distance_bringup.egg-info
writing ../../build/distance_bringup/distance_bringup.egg-info/PKG-INFO
writing dependency_links to ../../build/distance_bringup/distance_bringup.egg-info/dependency_links.txt
writing entry points to ../../build/distance_bringup/distance_bringup.egg-info/entry_points.txt
writing requirements to ../../build/distance_bringup/distance_bringup.egg-info/requires.txt
writing top-level names to ../../build/distance_bringup/distance_bringup.egg-info/top_level.txt
writing manifest file '../../build/distance_bringup/distance_bringup.egg-info/SOURCES.txt'
reading manifest file '../../build/distance_bringup/distance_bringup.egg-info/SOURCES.txt'
adding license file 'LICENSE'
writing manifest file '../../build/distance_bringup/distance_bringup.egg-info/SOURCES.txt'
running build
running build_py
creating /home/mahmmudqatmh/ros2_ws/build/distance_bringup/build
creating /home/mahmmudqatmh/ros2_ws/build/distance_bringup/build/lib
creating /home/mahmmudqatmh/ros2_ws/build/distance_bringup/build/lib/distance_bringup
copying distance_bringup/__init__.py -> /home/mahmmudqatmh/ros2_ws/build/distance_bringup/build/lib/distance_bringup
running install
running install_lib
creating /home/mahmmudqatmh/ros2_ws/install/distance_bringup/lib/python3.10/site-packages/distance_bringup
copying /home/mahmmudqatmh/ros2_ws/build/distance_bringup/build/lib/distance_bringup/__init__.py -> /home/mahmmudqatmh/ros2_ws/install/distance_bringup/lib/python3.10/site-packages/distance_bringup
byte-compiling /home/mahmmudqatmh/ros2_ws/install/distance_bringup/lib/python3.10/site-packages/distance_bringup/__init__.py to __init__.cpython-310.pyc
running install_data
creating /home/mahmmudqatmh/ros2_ws/install/distance_bringup/share/ament_index
creating /home/mahmmudqatmh/ros2_ws/install/distance_bringup/share/ament_index/resource_index
creating /home/mahmmudqatmh/ros2_ws/install/distance_bringup/share/ament_index/resource_index/packages
copying resource/distance_bringup -> /home/mahmmudqatmh/ros2_ws/install/distance_bringup/share/ament_index/resource_index/packages
copying package.xml -> /home/mahmmudqatmh/ros2_ws/install/distance_bringup/share/distance_bringup
creating /home/mahmmudqatmh/ros2_ws/install/distance_bringup/share/distance_bringup/launch
copying launch/params.launch.py -> /home/mahmmudqatmh/ros2_ws/install/distance_bringup/share/distance_bringup/launch
creating /home/mahmmudqatmh/ros2_ws/install/distance_bringup/share/distance_bringup/config
copying config/params.yaml -> /home/mahmmudqatmh/ros2_ws/install/distance_bringup/share/distance_bringup/config
running install_egg_info
Copying ../../build/distance_bringup/distance_bringup.egg-info to /home/mahmmudqatmh/ros2_ws/install/distance_bringup/lib/python3.10/site-packages/distance_bringup-0.0.0-py3.10.egg-info
running install_scripts
writing list of installed files to '/home/mahmmudqatmh/ros2_ws/build/distance_bringup/install.log'
