[0.509s] Invoking command in '/home/mahmmudqatmh/ros2_ws/src/distance_bringup': PYTHONPATH=/home/mahmmudqatmh/ros2_ws/build/distance_bringup/prefix_override:/usr/lib/python3/dist-packages/colcon_core/task/python/colcon_distutils_commands:/home/mahmmudqatmh/ros2_ws/install/distance_bringup/lib/python3.10/site-packages:${PYTHONPATH} /usr/bin/python3 -W ignore:setup.py install is deprecated -W ignore:easy_install command is deprecated setup.py egg_info --egg-base ../../build/distance_bringup build --build-base /home/mahmmudqatmh/ros2_ws/build/distance_bringup/build install --record /home/mahmmudqatmh/ros2_ws/build/distance_bringup/install.log --single-version-externally-managed install_data
[0.651s] running egg_info
[0.652s] creating ../../build/distance_bringup/distance_bringup.egg-info
[0.652s] writing ../../build/distance_bringup/distance_bringup.egg-info/PKG-INFO
[0.652s] writing dependency_links to ../../build/distance_bringup/distance_bringup.egg-info/dependency_links.txt
[0.652s] writing entry points to ../../build/distance_bringup/distance_bringup.egg-info/entry_points.txt
[0.652s] writing requirements to ../../build/distance_bringup/distance_bringup.egg-info/requires.txt
[0.652s] writing top-level names to ../../build/distance_bringup/distance_bringup.egg-info/top_level.txt
[0.652s] writing manifest file '../../build/distance_bringup/distance_bringup.egg-info/SOURCES.txt'
[0.654s] reading manifest file '../../build/distance_bringup/distance_bringup.egg-info/SOURCES.txt'
[0.654s] adding license file 'LICENSE'
[0.654s] writing manifest file '../../build/distance_bringup/distance_bringup.egg-info/SOURCES.txt'
[0.654s] running build
[0.654s] running build_py
[0.654s] creating /home/mahmmudqatmh/ros2_ws/build/distance_bringup/build
[0.654s] creating /home/mahmmudqatmh/ros2_ws/build/distance_bringup/build/lib
[0.654s] creating /home/mahmmudqatmh/ros2_ws/build/distance_bringup/build/lib/distance_bringup
[0.654s] copying distance_bringup/__init__.py -> /home/mahmmudqatmh/ros2_ws/build/distance_bringup/build/lib/distance_bringup
[0.654s] running install
[0.655s] running install_lib
[0.655s] creating /home/mahmmudqatmh/ros2_ws/install/distance_bringup/lib/python3.10/site-packages/distance_bringup
[0.655s] copying /home/mahmmudqatmh/ros2_ws/build/distance_bringup/build/lib/distance_bringup/__init__.py -> /home/mahmmudqatmh/ros2_ws/install/distance_bringup/lib/python3.10/site-packages/distance_bringup
[0.655s] byte-compiling /home/mahmmudqatmh/ros2_ws/install/distance_bringup/lib/python3.10/site-packages/distance_bringup/__init__.py to __init__.cpython-310.pyc
[0.655s] running install_data
[0.655s] creating /home/mahmmudqatmh/ros2_ws/install/distance_bringup/share/ament_index
[0.655s] creating /home/mahmmudqatmh/ros2_ws/install/distance_bringup/share/ament_index/resource_index
[0.656s] creating /home/mahmmudqatmh/ros2_ws/install/distance_bringup/share/ament_index/resource_index/packages
[0.656s] copying resource/distance_bringup -> /home/mahmmudqatmh/ros2_ws/install/distance_bringup/share/ament_index/resource_index/packages
[0.656s] copying package.xml -> /home/mahmmudqatmh/ros2_ws/install/distance_bringup/share/distance_bringup
[0.656s] creating /home/mahmmudqatmh/ros2_ws/install/distance_bringup/share/distance_bringup/launch
[0.656s] copying launch/params.launch.py -> /home/mahmmudqatmh/ros2_ws/install/distance_bringup/share/distance_bringup/launch
[0.656s] creating /home/mahmmudqatmh/ros2_ws/install/distance_bringup/share/distance_bringup/config
[0.656s] copying config/params.yaml -> /home/mahmmudqatmh/ros2_ws/install/distance_bringup/share/distance_bringup/config
[0.656s] running install_egg_info
[0.657s] Copying ../../build/distance_bringup/distance_bringup.egg-info to /home/mahmmudqatmh/ros2_ws/install/distance_bringup/lib/python3.10/site-packages/distance_bringup-0.0.0-py3.10.egg-info
[0.657s] running install_scripts
[0.670s] writing list of installed files to '/home/mahmmudqatmh/ros2_ws/build/distance_bringup/install.log'
[0.686s] Invoked command in '/home/mahmmudqatmh/ros2_ws/src/distance_bringup' returned '0': PYTHONPATH=/home/mahmmudqatmh/ros2_ws/build/distance_bringup/prefix_override:/usr/lib/python3/dist-packages/colcon_core/task/python/colcon_distutils_commands:/home/mahmmudqatmh/ros2_ws/install/distance_bringup/lib/python3.10/site-packages:${PYTHONPATH} /usr/bin/python3 -W ignore:setup.py install is deprecated -W ignore:easy_install command is deprecated setup.py egg_info --egg-base ../../build/distance_bringup build --build-base /home/mahmmudqatmh/ros2_ws/build/distance_bringup/build install --record /home/mahmmudqatmh/ros2_ws/build/distance_bringup/install.log --single-version-externally-managed install_data
