[0.378s] Invoking command in '/home/mahmmudqatmh/ros2_ws/src/distance_service': PYTHONPATH=/home/mahmmudqatmh/ros2_ws/build/distance_service/prefix_override:/usr/lib/python3/dist-packages/colcon_core/task/python/colcon_distutils_commands:/home/mahmmudqatmh/ros2_ws/install/distance_service/lib/python3.10/site-packages:${PYTHONPATH} /usr/bin/python3 -W ignore:setup.py install is deprecated -W ignore:easy_install command is deprecated setup.py egg_info --egg-base ../../build/distance_service build --build-base /home/mahmmudqatmh/ros2_ws/build/distance_service/build install --record /home/mahmmudqatmh/ros2_ws/build/distance_service/install.log --single-version-externally-managed install_data
[0.516s] running egg_info
[0.516s] writing ../../build/distance_service/distance_service.egg-info/PKG-INFO
[0.517s] writing dependency_links to ../../build/distance_service/distance_service.egg-info/dependency_links.txt
[0.517s] writing entry points to ../../build/distance_service/distance_service.egg-info/entry_points.txt
[0.517s] writing requirements to ../../build/distance_service/distance_service.egg-info/requires.txt
[0.517s] writing top-level names to ../../build/distance_service/distance_service.egg-info/top_level.txt
[0.518s] reading manifest file '../../build/distance_service/distance_service.egg-info/SOURCES.txt'
[0.518s] adding license file 'LICENSE'
[0.518s] writing manifest file '../../build/distance_service/distance_service.egg-info/SOURCES.txt'
[0.518s] running build
[0.518s] running build_py
[0.518s] running install
[0.519s] running install_lib
[0.519s] running install_data
[0.519s] running install_egg_info
[0.520s] removing '/home/mahmmudqatmh/ros2_ws/install/distance_service/lib/python3.10/site-packages/distance_service-0.0.0-py3.10.egg-info' (and everything under it)
[0.521s] Copying ../../build/distance_service/distance_service.egg-info to /home/mahmmudqatmh/ros2_ws/install/distance_service/lib/python3.10/site-packages/distance_service-0.0.0-py3.10.egg-info
[0.521s] running install_scripts
[0.534s] Installing distance_client script to /home/mahmmudqatmh/ros2_ws/install/distance_service/lib/distance_service
[0.534s] Installing distance_server script to /home/mahmmudqatmh/ros2_ws/install/distance_service/lib/distance_service
[0.534s] writing list of installed files to '/home/mahmmudqatmh/ros2_ws/build/distance_service/install.log'
[0.548s] Invoked command in '/home/mahmmudqatmh/ros2_ws/src/distance_service' returned '0': PYTHONPATH=/home/mahmmudqatmh/ros2_ws/build/distance_service/prefix_override:/usr/lib/python3/dist-packages/colcon_core/task/python/colcon_distutils_commands:/home/mahmmudqatmh/ros2_ws/install/distance_service/lib/python3.10/site-packages:${PYTHONPATH} /usr/bin/python3 -W ignore:setup.py install is deprecated -W ignore:easy_install command is deprecated setup.py egg_info --egg-base ../../build/distance_service build --build-base /home/mahmmudqatmh/ros2_ws/build/distance_service/build install --record /home/mahmmudqatmh/ros2_ws/build/distance_service/install.log --single-version-externally-managed install_data
