running egg_info
writing ../../build/pose_line/pose_line.egg-info/PKG-INFO
writing dependency_links to ../../build/pose_line/pose_line.egg-info/dependency_links.txt
writing entry points to ../../build/pose_line/pose_line.egg-info/entry_points.txt
writing requirements to ../../build/pose_line/pose_line.egg-info/requires.txt
writing top-level names to ../../build/pose_line/pose_line.egg-info/top_level.txt
reading manifest file '../../build/pose_line/pose_line.egg-info/SOURCES.txt'
writing manifest file '../../build/pose_line/pose_line.egg-info/SOURCES.txt'
running build
running build_py
running install
running install_lib
running install_data
running install_egg_info
removing '/home/mahmmudqatmh/ros2_ws/install/pose_line/lib/python3.10/site-packages/pose_line-0.0.0-py3.10.egg-info' (and everything under it)
Copying ../../build/pose_line/pose_line.egg-info to /home/mahmmudqatmh/ros2_ws/install/pose_line/lib/python3.10/site-packages/pose_line-0.0.0-py3.10.egg-info
running install_scripts
Installing publisher_pose script to /home/mahmmudqatmh/ros2_ws/install/pose_line/lib/pose_line
Installing subscriber_pose script to /home/mahmmudqatmh/ros2_ws/install/pose_line/lib/pose_line
writing list of installed files to '/home/mahmmudqatmh/ros2_ws/build/pose_line/install.log'
