[0.085s] DEBUG:colcon:Command line arguments: ['/usr/bin/colcon', 'build']
[0.085s] DEBUG:colcon:Parsed command line arguments: Namespace(log_base=None, log_level=None, verb_name='build', build_base='build', install_base='install', merge_install=False, symlink_install=False, test_result_base=None, continue_on_error=False, executor='parallel', parallel_workers=10, event_handlers=None, ignore_user_meta=False, metas=['./colcon.meta'], base_paths=['.'], packages_ignore=None, packages_ignore_regex=None, paths=None, packages_up_to=None, packages_up_to_regex=None, packages_above=None, packages_above_and_dependencies=None, packages_above_depth=None, packages_select_by_dep=None, packages_skip_by_dep=None, packages_skip_up_to=None, packages_select_build_failed=False, packages_skip_build_finished=False, packages_select_test_failures=False, packages_skip_test_passed=False, packages_select=None, packages_skip=None, packages_select_regex=None, packages_skip_regex=None, packages_start=None, packages_end=None, allow_overriding=[], cmake_args=None, cmake_target=None, cmake_target_skip_unavailable=False, cmake_clean_cache=False, cmake_clean_first=False, cmake_force_configure=False, ament_cmake_args=None, catkin_cmake_args=None, catkin_skip_building_tests=False, verb_parser=<colcon_defaults.argument_parser.defaults.DefaultArgumentsDecorator object at 0x721b53066cb0>, verb_extension=<colcon_core.verb.build.BuildVerb object at 0x721b530663b0>, main=<bound method BuildVerb.main of <colcon_core.verb.build.BuildVerb object at 0x721b530663b0>>)
[0.204s] Level 1:colcon.colcon_core.package_discovery:discover_packages(colcon_meta) check parameters
[0.204s] Level 1:colcon.colcon_core.package_discovery:discover_packages(recursive) check parameters
[0.204s] Level 1:colcon.colcon_core.package_discovery:discover_packages(ignore) check parameters
[0.204s] Level 1:colcon.colcon_core.package_discovery:discover_packages(path) check parameters
[0.204s] Level 1:colcon.colcon_core.package_discovery:discover_packages(colcon_meta) discover
[0.204s] Level 1:colcon.colcon_core.package_discovery:discover_packages(recursive) discover
[0.204s] INFO:colcon.colcon_core.package_discovery:Crawling recursively for packages in '/home/lassi/ros2_lab2_ws/src'
[0.204s] Level 1:colcon.colcon_core.package_identification:_identify(.) by extensions ['ignore', 'ignore_ament_install']
[0.204s] Level 1:colcon.colcon_core.package_identification:_identify(.) by extension 'ignore'
[0.204s] Level 1:colcon.colcon_core.package_identification:_identify(.) by extension 'ignore_ament_install'
[0.205s] Level 1:colcon.colcon_core.package_identification:_identify(.) by extensions ['colcon_pkg']
[0.205s] Level 1:colcon.colcon_core.package_identification:_identify(.) by extension 'colcon_pkg'
[0.205s] Level 1:colcon.colcon_core.package_identification:_identify(.) by extensions ['colcon_meta']
[0.205s] Level 1:colcon.colcon_core.package_identification:_identify(.) by extension 'colcon_meta'
[0.205s] Level 1:colcon.colcon_core.package_identification:_identify(.) by extensions ['ros']
[0.205s] Level 1:colcon.colcon_core.package_identification:_identify(.) by extension 'ros'
[0.212s] Level 1:colcon.colcon_core.package_identification:_identify(.) by extensions ['cmake', 'python']
[0.212s] Level 1:colcon.colcon_core.package_identification:_identify(.) by extension 'cmake'
[0.212s] Level 1:colcon.colcon_core.package_identification:_identify(.) by extension 'python'
[0.212s] Level 1:colcon.colcon_core.package_identification:_identify(.) by extensions ['python_setup_py']
[0.212s] Level 1:colcon.colcon_core.package_identification:_identify(.) by extension 'python_setup_py'
[0.212s] Level 1:colcon.colcon_core.package_identification:_identify(build) by extensions ['ignore', 'ignore_ament_install']
[0.213s] Level 1:colcon.colcon_core.package_identification:_identify(build) by extension 'ignore'
[0.213s] Level 1:colcon.colcon_core.package_identification:_identify(build) ignored
[0.213s] Level 1:colcon.colcon_core.package_identification:_identify(install) by extensions ['ignore', 'ignore_ament_install']
[0.213s] Level 1:colcon.colcon_core.package_identification:_identify(install) by extension 'ignore'
[0.213s] Level 1:colcon.colcon_core.package_identification:_identify(install) ignored
[0.213s] Level 1:colcon.colcon_core.package_identification:_identify(log) by extensions ['ignore', 'ignore_ament_install']
[0.213s] Level 1:colcon.colcon_core.package_identification:_identify(log) by extension 'ignore'
[0.213s] Level 1:colcon.colcon_core.package_identification:_identify(log) ignored
[0.214s] Level 1:colcon.colcon_core.package_identification:_identify(task3) by extensions ['ignore', 'ignore_ament_install']
[0.214s] Level 1:colcon.colcon_core.package_identification:_identify(task3) by extension 'ignore'
[0.214s] Level 1:colcon.colcon_core.package_identification:_identify(task3) by extension 'ignore_ament_install'
[0.214s] Level 1:colcon.colcon_core.package_identification:_identify(task3) by extensions ['colcon_pkg']
[0.214s] Level 1:colcon.colcon_core.package_identification:_identify(task3) by extension 'colcon_pkg'
[0.214s] Level 1:colcon.colcon_core.package_identification:_identify(task3) by extensions ['colcon_meta']
[0.214s] Level 1:colcon.colcon_core.package_identification:_identify(task3) by extension 'colcon_meta'
[0.214s] Level 1:colcon.colcon_core.package_identification:_identify(task3) by extensions ['ros']
[0.214s] Level 1:colcon.colcon_core.package_identification:_identify(task3) by extension 'ros'
[0.216s] DEBUG:colcon.colcon_core.package_identification:Package 'task3' with type 'ros.ament_python' and name 'task3'
[0.216s] Level 1:colcon.colcon_core.package_identification:_identify(tutorial_pkg) by extensions ['ignore', 'ignore_ament_install']
[0.216s] Level 1:colcon.colcon_core.package_identification:_identify(tutorial_pkg) by extension 'ignore'
[0.216s] Level 1:colcon.colcon_core.package_identification:_identify(tutorial_pkg) by extension 'ignore_ament_install'
[0.216s] Level 1:colcon.colcon_core.package_identification:_identify(tutorial_pkg) by extensions ['colcon_pkg']
[0.216s] Level 1:colcon.colcon_core.package_identification:_identify(tutorial_pkg) by extension 'colcon_pkg'
[0.216s] Level 1:colcon.colcon_core.package_identification:_identify(tutorial_pkg) by extensions ['colcon_meta']
[0.216s] Level 1:colcon.colcon_core.package_identification:_identify(tutorial_pkg) by extension 'colcon_meta'
[0.216s] Level 1:colcon.colcon_core.package_identification:_identify(tutorial_pkg) by extensions ['ros']
[0.216s] Level 1:colcon.colcon_core.package_identification:_identify(tutorial_pkg) by extension 'ros'
[0.217s] DEBUG:colcon.colcon_core.package_identification:Package 'tutorial_pkg' with type 'ros.ament_python' and name 'tutorial_pkg'
[0.217s] Level 1:colcon.colcon_core.package_discovery:discover_packages(recursive) using defaults
[0.217s] Level 1:colcon.colcon_core.package_discovery:discover_packages(ignore) discover
[0.217s] Level 1:colcon.colcon_core.package_discovery:discover_packages(ignore) using defaults
[0.217s] Level 1:colcon.colcon_core.package_discovery:discover_packages(path) discover
[0.217s] Level 1:colcon.colcon_core.package_discovery:discover_packages(path) using defaults
[0.240s] Level 1:colcon.colcon_core.package_discovery:discover_packages(prefix_path) check parameters
[0.240s] Level 1:colcon.colcon_core.package_discovery:discover_packages(prefix_path) discover
[0.242s] DEBUG:colcon.colcon_installed_package_information.package_discovery:Found 2 installed packages in /home/lassi/ros2_lab2_ws/src/install
[0.243s] DEBUG:colcon.colcon_installed_package_information.package_discovery:Found 2 installed packages in /home/lassi/ros2_lab2_ws/install
[0.243s] DEBUG:colcon.colcon_installed_package_information.package_discovery:Found 5 installed packages in /home/lassi/install
[0.244s] DEBUG:colcon.colcon_installed_package_information.package_discovery:Found 3 installed packages in /home/lassi/ros2_ws/install
[0.245s] DEBUG:colcon.colcon_installed_package_information.package_discovery:Found 454 installed packages in /opt/ros/humble
[0.247s] Level 1:colcon.colcon_core.package_discovery:discover_packages(prefix_path) using defaults
[0.286s] Level 5:colcon.colcon_core.verb:set package 'task3' build argument 'cmake_args' from command line to 'None'
[0.286s] Level 5:colcon.colcon_core.verb:set package 'task3' build argument 'cmake_target' from command line to 'None'
[0.286s] Level 5:colcon.colcon_core.verb:set package 'task3' build argument 'cmake_target_skip_unavailable' from command line to 'False'
[0.286s] Level 5:colcon.colcon_core.verb:set package 'task3' build argument 'cmake_clean_cache' from command line to 'False'
[0.286s] Level 5:colcon.colcon_core.verb:set package 'task3' build argument 'cmake_clean_first' from command line to 'False'
[0.286s] Level 5:colcon.colcon_core.verb:set package 'task3' build argument 'cmake_force_configure' from command line to 'False'
[0.287s] Level 5:colcon.colcon_core.verb:set package 'task3' build argument 'ament_cmake_args' from command line to 'None'
[0.287s] Level 5:colcon.colcon_core.verb:set package 'task3' build argument 'catkin_cmake_args' from command line to 'None'
[0.287s] Level 5:colcon.colcon_core.verb:set package 'task3' build argument 'catkin_skip_building_tests' from command line to 'False'
[0.287s] DEBUG:colcon.colcon_core.verb:Building package 'task3' with the following arguments: {'ament_cmake_args': None, 'build_base': '/home/lassi/ros2_lab2_ws/src/build/task3', 'catkin_cmake_args': None, 'catkin_skip_building_tests': False, 'cmake_args': None, 'cmake_clean_cache': False, 'cmake_clean_first': False, 'cmake_force_configure': False, 'cmake_target': None, 'cmake_target_skip_unavailable': False, 'install_base': '/home/lassi/ros2_lab2_ws/src/install/task3', 'merge_install': False, 'path': '/home/lassi/ros2_lab2_ws/src/task3', 'symlink_install': False, 'test_result_base': None}
[0.287s] Level 5:colcon.colcon_core.verb:set package 'tutorial_pkg' build argument 'cmake_args' from command line to 'None'
[0.287s] Level 5:colcon.colcon_core.verb:set package 'tutorial_pkg' build argument 'cmake_target' from command line to 'None'
[0.287s] Level 5:colcon.colcon_core.verb:set package 'tutorial_pkg' build argument 'cmake_target_skip_unavailable' from command line to 'False'
[0.287s] Level 5:colcon.colcon_core.verb:set package 'tutorial_pkg' build argument 'cmake_clean_cache' from command line to 'False'
[0.287s] Level 5:colcon.colcon_core.verb:set package 'tutorial_pkg' build argument 'cmake_clean_first' from command line to 'False'
[0.287s] Level 5:colcon.colcon_core.verb:set package 'tutorial_pkg' build argument 'cmake_force_configure' from command line to 'False'
[0.287s] Level 5:colcon.colcon_core.verb:set package 'tutorial_pkg' build argument 'ament_cmake_args' from command line to 'None'
[0.287s] Level 5:colcon.colcon_core.verb:set package 'tutorial_pkg' build argument 'catkin_cmake_args' from command line to 'None'
[0.287s] Level 5:colcon.colcon_core.verb:set package 'tutorial_pkg' build argument 'catkin_skip_building_tests' from command line to 'False'
[0.287s] DEBUG:colcon.colcon_core.verb:Building package 'tutorial_pkg' with the following arguments: {'ament_cmake_args': None, 'build_base': '/home/lassi/ros2_lab2_ws/src/build/tutorial_pkg', 'catkin_cmake_args': None, 'catkin_skip_building_tests': False, 'cmake_args': None, 'cmake_clean_cache': False, 'cmake_clean_first': False, 'cmake_force_configure': False, 'cmake_target': None, 'cmake_target_skip_unavailable': False, 'install_base': '/home/lassi/ros2_lab2_ws/src/install/tutorial_pkg', 'merge_install': False, 'path': '/home/lassi/ros2_lab2_ws/src/tutorial_pkg', 'symlink_install': False, 'test_result_base': None}
[0.287s] INFO:colcon.colcon_core.executor:Executing jobs using 'parallel' executor
[0.289s] DEBUG:colcon.colcon_parallel_executor.executor.parallel:run_until_complete
[0.289s] INFO:colcon.colcon_ros.task.ament_python.build:Building ROS package in '/home/lassi/ros2_lab2_ws/src/task3' with build type 'ament_python'
[0.290s] Level 1:colcon.colcon_core.shell:create_environment_hook('task3', 'ament_prefix_path')
[0.292s] INFO:colcon.colcon_core.plugin_system:Skipping extension 'colcon_core.shell.bat': Not used on non-Windows systems
[0.292s] INFO:colcon.colcon_core.shell:Creating environment hook '/home/lassi/ros2_lab2_ws/src/install/task3/share/task3/hook/ament_prefix_path.ps1'
[0.293s] INFO:colcon.colcon_core.shell:Creating environment descriptor '/home/lassi/ros2_lab2_ws/src/install/task3/share/task3/hook/ament_prefix_path.dsv'
[0.294s] INFO:colcon.colcon_core.shell:Creating environment hook '/home/lassi/ros2_lab2_ws/src/install/task3/share/task3/hook/ament_prefix_path.sh'
[0.295s] INFO:colcon.colcon_core.shell:Skip shell extension 'powershell' for command environment: Not usable outside of PowerShell
[0.295s] DEBUG:colcon.colcon_core.shell:Skip shell extension 'dsv' for command environment
[0.299s] INFO:colcon.colcon_ros.task.ament_python.build:Building ROS package in '/home/lassi/ros2_lab2_ws/src/tutorial_pkg' with build type 'ament_python'
[0.300s] Level 1:colcon.colcon_core.shell:create_environment_hook('tutorial_pkg', 'ament_prefix_path')
[0.301s] INFO:colcon.colcon_core.shell:Creating environment hook '/home/lassi/ros2_lab2_ws/src/install/tutorial_pkg/share/tutorial_pkg/hook/ament_prefix_path.ps1'
[0.302s] INFO:colcon.colcon_core.shell:Creating environment descriptor '/home/lassi/ros2_lab2_ws/src/install/tutorial_pkg/share/tutorial_pkg/hook/ament_prefix_path.dsv'
[0.302s] INFO:colcon.colcon_core.shell:Creating environment hook '/home/lassi/ros2_lab2_ws/src/install/tutorial_pkg/share/tutorial_pkg/hook/ament_prefix_path.sh'
[0.303s] INFO:colcon.colcon_core.shell:Skip shell extension 'powershell' for command environment: Not usable outside of PowerShell
[0.303s] DEBUG:colcon.colcon_core.shell:Skip shell extension 'dsv' for command environment
[0.509s] INFO:colcon.colcon_core.task.python.build:Building Python package in '/home/lassi/ros2_lab2_ws/src/task3'
[0.509s] INFO:colcon.colcon_core.shell:Skip shell extension 'powershell' for command environment: Not usable outside of PowerShell
[0.509s] DEBUG:colcon.colcon_core.shell:Skip shell extension 'dsv' for command environment
[0.752s] INFO:colcon.colcon_core.task.python.build:Building Python package in '/home/lassi/ros2_lab2_ws/src/tutorial_pkg'
[0.753s] INFO:colcon.colcon_core.shell:Skip shell extension 'powershell' for command environment: Not usable outside of PowerShell
[0.753s] DEBUG:colcon.colcon_core.shell:Skip shell extension 'dsv' for command environment
[1.070s] DEBUG:colcon.colcon_core.event_handler.log_command:Invoking command in '/home/lassi/ros2_lab2_ws/src/tutorial_pkg': PYTHONPATH=/home/lassi/ros2_lab2_ws/src/build/tutorial_pkg/prefix_override:/usr/lib/python3/dist-packages/colcon_core/task/python/colcon_distutils_commands:/home/lassi/ros2_lab2_ws/src/install/tutorial_pkg/lib/python3.10/site-packages:${PYTHONPATH} /usr/bin/python3 -W ignore:setup.py install is deprecated -W ignore:easy_install command is deprecated setup.py egg_info --egg-base ../build/tutorial_pkg build --build-base /home/lassi/ros2_lab2_ws/src/build/tutorial_pkg/build install --record /home/lassi/ros2_lab2_ws/src/build/tutorial_pkg/install.log --single-version-externally-managed install_data
[1.073s] DEBUG:colcon.colcon_core.event_handler.log_command:Invoking command in '/home/lassi/ros2_lab2_ws/src/task3': PYTHONPATH=/home/lassi/ros2_lab2_ws/src/build/task3/prefix_override:/usr/lib/python3/dist-packages/colcon_core/task/python/colcon_distutils_commands:/home/lassi/ros2_lab2_ws/src/install/task3/lib/python3.10/site-packages:${PYTHONPATH} /usr/bin/python3 -W ignore:setup.py install is deprecated -W ignore:easy_install command is deprecated setup.py egg_info --egg-base ../build/task3 build --build-base /home/lassi/ros2_lab2_ws/src/build/task3/build install --record /home/lassi/ros2_lab2_ws/src/build/task3/install.log --single-version-externally-managed install_data
[1.325s] DEBUG:colcon.colcon_core.event_handler.log_command:Invoked command in '/home/lassi/ros2_lab2_ws/src/task3' returned '0': PYTHONPATH=/home/lassi/ros2_lab2_ws/src/build/task3/prefix_override:/usr/lib/python3/dist-packages/colcon_core/task/python/colcon_distutils_commands:/home/lassi/ros2_lab2_ws/src/install/task3/lib/python3.10/site-packages:${PYTHONPATH} /usr/bin/python3 -W ignore:setup.py install is deprecated -W ignore:easy_install command is deprecated setup.py egg_info --egg-base ../build/task3 build --build-base /home/lassi/ros2_lab2_ws/src/build/task3/build install --record /home/lassi/ros2_lab2_ws/src/build/task3/install.log --single-version-externally-managed install_data
[1.328s] Level 1:colcon.colcon_core.environment:checking '/home/lassi/ros2_lab2_ws/src/install/task3' for CMake module files
[1.329s] Level 1:colcon.colcon_core.environment:checking '/home/lassi/ros2_lab2_ws/src/install/task3' for CMake config files
[1.330s] Level 1:colcon.colcon_core.environment:checking '/home/lassi/ros2_lab2_ws/src/install/task3/lib'
[1.330s] Level 1:colcon.colcon_core.environment:checking '/home/lassi/ros2_lab2_ws/src/install/task3/bin'
[1.330s] Level 1:colcon.colcon_core.environment:checking '/home/lassi/ros2_lab2_ws/src/install/task3/lib/pkgconfig/task3.pc'
[1.331s] Level 1:colcon.colcon_core.environment:checking '/home/lassi/ros2_lab2_ws/src/install/task3/lib/python3.10/site-packages'
[1.331s] Level 1:colcon.colcon_core.shell:create_environment_hook('task3', 'pythonpath')
[1.331s] INFO:colcon.colcon_core.shell:Creating environment hook '/home/lassi/ros2_lab2_ws/src/install/task3/share/task3/hook/pythonpath.ps1'
[1.333s] INFO:colcon.colcon_core.shell:Creating environment descriptor '/home/lassi/ros2_lab2_ws/src/install/task3/share/task3/hook/pythonpath.dsv'
[1.334s] INFO:colcon.colcon_core.shell:Creating environment hook '/home/lassi/ros2_lab2_ws/src/install/task3/share/task3/hook/pythonpath.sh'
[1.335s] Level 1:colcon.colcon_core.environment:checking '/home/lassi/ros2_lab2_ws/src/install/task3/bin'
[1.335s] Level 1:colcon.colcon_core.environment:create_environment_scripts_only(task3)
[1.335s] INFO:colcon.colcon_core.shell:Creating package script '/home/lassi/ros2_lab2_ws/src/install/task3/share/task3/package.ps1'
[1.336s] INFO:colcon.colcon_core.shell:Creating package descriptor '/home/lassi/ros2_lab2_ws/src/install/task3/share/task3/package.dsv'
[1.337s] INFO:colcon.colcon_core.shell:Creating package script '/home/lassi/ros2_lab2_ws/src/install/task3/share/task3/package.sh'
[1.338s] INFO:colcon.colcon_core.shell:Creating package script '/home/lassi/ros2_lab2_ws/src/install/task3/share/task3/package.bash'
[1.339s] INFO:colcon.colcon_core.shell:Creating package script '/home/lassi/ros2_lab2_ws/src/install/task3/share/task3/package.zsh'
[1.340s] Level 1:colcon.colcon_core.environment:create_file_with_runtime_dependencies(/home/lassi/ros2_lab2_ws/src/install/task3/share/colcon-core/packages/task3)
[1.342s] Level 1:colcon.colcon_core.environment:checking '/home/lassi/ros2_lab2_ws/src/install/tutorial_pkg' for CMake module files
[1.342s] Level 1:colcon.colcon_core.environment:checking '/home/lassi/ros2_lab2_ws/src/install/tutorial_pkg' for CMake config files
[1.343s] Level 1:colcon.colcon_core.environment:checking '/home/lassi/ros2_lab2_ws/src/install/tutorial_pkg/lib'
[1.343s] Level 1:colcon.colcon_core.environment:checking '/home/lassi/ros2_lab2_ws/src/install/tutorial_pkg/bin'
[1.344s] Level 1:colcon.colcon_core.environment:checking '/home/lassi/ros2_lab2_ws/src/install/tutorial_pkg/lib/pkgconfig/tutorial_pkg.pc'
[1.344s] DEBUG:colcon.colcon_core.event_handler.log_command:Invoked command in '/home/lassi/ros2_lab2_ws/src/tutorial_pkg' returned '0': PYTHONPATH=/home/lassi/ros2_lab2_ws/src/build/tutorial_pkg/prefix_override:/usr/lib/python3/dist-packages/colcon_core/task/python/colcon_distutils_commands:/home/lassi/ros2_lab2_ws/src/install/tutorial_pkg/lib/python3.10/site-packages:${PYTHONPATH} /usr/bin/python3 -W ignore:setup.py install is deprecated -W ignore:easy_install command is deprecated setup.py egg_info --egg-base ../build/tutorial_pkg build --build-base /home/lassi/ros2_lab2_ws/src/build/tutorial_pkg/build install --record /home/lassi/ros2_lab2_ws/src/build/tutorial_pkg/install.log --single-version-externally-managed install_data
[1.345s] Level 1:colcon.colcon_core.environment:checking '/home/lassi/ros2_lab2_ws/src/install/tutorial_pkg/lib/python3.10/site-packages'
[1.345s] Level 1:colcon.colcon_core.shell:create_environment_hook('tutorial_pkg', 'pythonpath')
[1.345s] INFO:colcon.colcon_core.shell:Creating environment hook '/home/lassi/ros2_lab2_ws/src/install/tutorial_pkg/share/tutorial_pkg/hook/pythonpath.ps1'
[1.346s] INFO:colcon.colcon_core.shell:Creating environment descriptor '/home/lassi/ros2_lab2_ws/src/install/tutorial_pkg/share/tutorial_pkg/hook/pythonpath.dsv'
[1.347s] INFO:colcon.colcon_core.shell:Creating environment hook '/home/lassi/ros2_lab2_ws/src/install/tutorial_pkg/share/tutorial_pkg/hook/pythonpath.sh'
[1.348s] Level 1:colcon.colcon_core.environment:checking '/home/lassi/ros2_lab2_ws/src/install/tutorial_pkg/bin'
[1.348s] Level 1:colcon.colcon_core.environment:create_environment_scripts_only(tutorial_pkg)
[1.348s] INFO:colcon.colcon_core.shell:Creating package script '/home/lassi/ros2_lab2_ws/src/install/tutorial_pkg/share/tutorial_pkg/package.ps1'
[1.349s] INFO:colcon.colcon_core.shell:Creating package descriptor '/home/lassi/ros2_lab2_ws/src/install/tutorial_pkg/share/tutorial_pkg/package.dsv'
[1.350s] INFO:colcon.colcon_core.shell:Creating package script '/home/lassi/ros2_lab2_ws/src/install/tutorial_pkg/share/tutorial_pkg/package.sh'
[1.351s] INFO:colcon.colcon_core.shell:Creating package script '/home/lassi/ros2_lab2_ws/src/install/tutorial_pkg/share/tutorial_pkg/package.bash'
[1.351s] INFO:colcon.colcon_core.shell:Creating package script '/home/lassi/ros2_lab2_ws/src/install/tutorial_pkg/share/tutorial_pkg/package.zsh'
[1.352s] Level 1:colcon.colcon_core.environment:create_file_with_runtime_dependencies(/home/lassi/ros2_lab2_ws/src/install/tutorial_pkg/share/colcon-core/packages/tutorial_pkg)
[1.352s] DEBUG:colcon.colcon_parallel_executor.executor.parallel:closing loop
[1.353s] DEBUG:colcon.colcon_parallel_executor.executor.parallel:loop closed
[1.353s] DEBUG:colcon.colcon_parallel_executor.executor.parallel:run_until_complete finished with '0'
[1.353s] DEBUG:colcon.colcon_core.event_reactor:joining thread
[1.360s] INFO:colcon.colcon_core.plugin_system:Skipping extension 'colcon_notification.desktop_notification.terminal_notifier': Not used on non-Darwin systems
[1.360s] INFO:colcon.colcon_core.plugin_system:Skipping extension 'colcon_notification.desktop_notification.win32': Not used on non-Windows systems
[1.360s] INFO:colcon.colcon_notification.desktop_notification:Sending desktop notification using 'notify2'
[1.375s] DEBUG:colcon.colcon_core.event_reactor:joined thread
[1.377s] INFO:colcon.colcon_core.shell:Creating prefix script '/home/lassi/ros2_lab2_ws/src/install/local_setup.ps1'
[1.378s] INFO:colcon.colcon_core.shell:Creating prefix util module '/home/lassi/ros2_lab2_ws/src/install/_local_setup_util_ps1.py'
[1.381s] INFO:colcon.colcon_core.shell:Creating prefix chain script '/home/lassi/ros2_lab2_ws/src/install/setup.ps1'
[1.383s] INFO:colcon.colcon_core.shell:Creating prefix script '/home/lassi/ros2_lab2_ws/src/install/local_setup.sh'
[1.384s] INFO:colcon.colcon_core.shell:Creating prefix util module '/home/lassi/ros2_lab2_ws/src/install/_local_setup_util_sh.py'
[1.385s] INFO:colcon.colcon_core.shell:Creating prefix chain script '/home/lassi/ros2_lab2_ws/src/install/setup.sh'
[1.386s] INFO:colcon.colcon_core.shell:Creating prefix script '/home/lassi/ros2_lab2_ws/src/install/local_setup.bash'
[1.387s] INFO:colcon.colcon_core.shell:Creating prefix chain script '/home/lassi/ros2_lab2_ws/src/install/setup.bash'
[1.389s] INFO:colcon.colcon_core.shell:Creating prefix script '/home/lassi/ros2_lab2_ws/src/install/local_setup.zsh'
[1.391s] INFO:colcon.colcon_core.shell:Creating prefix chain script '/home/lassi/ros2_lab2_ws/src/install/setup.zsh'
