[0.455s] Invoking command in '/home/lassi/ros2_lab2_ws/src/task3': PYTHONPATH=/home/lassi/ros2_lab2_ws/src/task3/build/task3/prefix_override:/usr/lib/python3/dist-packages/colcon_core/task/python/colcon_distutils_commands:/home/lassi/ros2_lab2_ws/src/task3/install/task3/lib/python3.10/site-packages:${PYTHONPATH} /usr/bin/python3 -W ignore:setup.py install is deprecated -W ignore:easy_install command is deprecated setup.py egg_info --egg-base build/task3 build --build-base /home/lassi/ros2_lab2_ws/src/task3/build/task3/build install --record /home/lassi/ros2_lab2_ws/src/task3/build/task3/install.log --single-version-externally-managed install_data
[0.617s] running egg_info
[0.617s] creating build/task3/task3.egg-info
[0.617s] writing build/task3/task3.egg-info/PKG-INFO
[0.617s] writing dependency_links to build/task3/task3.egg-info/dependency_links.txt
[0.617s] writing entry points to build/task3/task3.egg-info/entry_points.txt
[0.617s] writing requirements to build/task3/task3.egg-info/requires.txt
[0.617s] writing top-level names to build/task3/task3.egg-info/top_level.txt
[0.617s] writing manifest file 'build/task3/task3.egg-info/SOURCES.txt'
[0.619s] reading manifest file 'build/task3/task3.egg-info/SOURCES.txt'
[0.619s] writing manifest file 'build/task3/task3.egg-info/SOURCES.txt'
[0.619s] running build
[0.619s] running build_py
[0.619s] creating /home/lassi/ros2_lab2_ws/src/task3/build/task3/build
[0.619s] creating /home/lassi/ros2_lab2_ws/src/task3/build/task3/build/lib
[0.619s] creating /home/lassi/ros2_lab2_ws/src/task3/build/task3/build/lib/task3
[0.619s] copying task3/revolution_listener.py -> /home/lassi/ros2_lab2_ws/src/task3/build/task3/build/lib/task3
[0.619s] copying task3/tf_listener.py -> /home/lassi/ros2_lab2_ws/src/task3/build/task3/build/lib/task3
[0.619s] copying task3/__init__.py -> /home/lassi/ros2_lab2_ws/src/task3/build/task3/build/lib/task3
[0.619s] copying task3/lidar_broadcaster.py -> /home/lassi/ros2_lab2_ws/src/task3/build/task3/build/lib/task3
[0.619s] copying task3/scanner_broadcaster.py -> /home/lassi/ros2_lab2_ws/src/task3/build/task3/build/lib/task3
[0.619s] running install
[0.621s] running install_lib
[0.621s] creating /home/lassi/ros2_lab2_ws/src/task3/install/task3/lib/python3.10/site-packages/task3
[0.621s] copying /home/lassi/ros2_lab2_ws/src/task3/build/task3/build/lib/task3/revolution_listener.py -> /home/lassi/ros2_lab2_ws/src/task3/install/task3/lib/python3.10/site-packages/task3
[0.621s] copying /home/lassi/ros2_lab2_ws/src/task3/build/task3/build/lib/task3/tf_listener.py -> /home/lassi/ros2_lab2_ws/src/task3/install/task3/lib/python3.10/site-packages/task3
[0.621s] copying /home/lassi/ros2_lab2_ws/src/task3/build/task3/build/lib/task3/__init__.py -> /home/lassi/ros2_lab2_ws/src/task3/install/task3/lib/python3.10/site-packages/task3
[0.621s] copying /home/lassi/ros2_lab2_ws/src/task3/build/task3/build/lib/task3/lidar_broadcaster.py -> /home/lassi/ros2_lab2_ws/src/task3/install/task3/lib/python3.10/site-packages/task3
[0.621s] copying /home/lassi/ros2_lab2_ws/src/task3/build/task3/build/lib/task3/scanner_broadcaster.py -> /home/lassi/ros2_lab2_ws/src/task3/install/task3/lib/python3.10/site-packages/task3
[0.621s] byte-compiling /home/lassi/ros2_lab2_ws/src/task3/install/task3/lib/python3.10/site-packages/task3/revolution_listener.py to revolution_listener.cpython-310.pyc
[0.621s] byte-compiling /home/lassi/ros2_lab2_ws/src/task3/install/task3/lib/python3.10/site-packages/task3/tf_listener.py to tf_listener.cpython-310.pyc
[0.621s] byte-compiling /home/lassi/ros2_lab2_ws/src/task3/install/task3/lib/python3.10/site-packages/task3/__init__.py to __init__.cpython-310.pyc
[0.621s] byte-compiling /home/lassi/ros2_lab2_ws/src/task3/install/task3/lib/python3.10/site-packages/task3/lidar_broadcaster.py to lidar_broadcaster.cpython-310.pyc
[0.622s] byte-compiling /home/lassi/ros2_lab2_ws/src/task3/install/task3/lib/python3.10/site-packages/task3/scanner_broadcaster.py to scanner_broadcaster.cpython-310.pyc
[0.622s] running install_data
[0.622s] creating /home/lassi/ros2_lab2_ws/src/task3/install/task3/share/ament_index
[0.622s] creating /home/lassi/ros2_lab2_ws/src/task3/install/task3/share/ament_index/resource_index
[0.622s] creating /home/lassi/ros2_lab2_ws/src/task3/install/task3/share/ament_index/resource_index/packages
[0.622s] copying resource/task3 -> /home/lassi/ros2_lab2_ws/src/task3/install/task3/share/ament_index/resource_index/packages
[0.622s] copying package.xml -> /home/lassi/ros2_lab2_ws/src/task3/install/task3/share/task3
[0.622s] creating /home/lassi/ros2_lab2_ws/src/task3/install/task3/share/task3/launch
[0.622s] creating /home/lassi/ros2_lab2_ws/src/task3/install/task3/share/task3/img_data
[0.622s] running install_egg_info
[0.624s] Copying build/task3/task3.egg-info to /home/lassi/ros2_lab2_ws/src/task3/install/task3/lib/python3.10/site-packages/task3-0.0.0-py3.10.egg-info
[0.624s] running install_scripts
[0.638s] Installing lidar_broadcaster script to /home/lassi/ros2_lab2_ws/src/task3/install/task3/lib/task3
[0.638s] Installing revolution_counter script to /home/lassi/ros2_lab2_ws/src/task3/install/task3/lib/task3
[0.638s] Installing scanner_broadcaster script to /home/lassi/ros2_lab2_ws/src/task3/install/task3/lib/task3
[0.638s] writing list of installed files to '/home/lassi/ros2_lab2_ws/src/task3/build/task3/install.log'
[0.654s] Invoked command in '/home/lassi/ros2_lab2_ws/src/task3' returned '0': PYTHONPATH=/home/lassi/ros2_lab2_ws/src/task3/build/task3/prefix_override:/usr/lib/python3/dist-packages/colcon_core/task/python/colcon_distutils_commands:/home/lassi/ros2_lab2_ws/src/task3/install/task3/lib/python3.10/site-packages:${PYTHONPATH} /usr/bin/python3 -W ignore:setup.py install is deprecated -W ignore:easy_install command is deprecated setup.py egg_info --egg-base build/task3 build --build-base /home/lassi/ros2_lab2_ws/src/task3/build/task3/build install --record /home/lassi/ros2_lab2_ws/src/task3/build/task3/install.log --single-version-externally-managed install_data
