/home/lassi/ros2_lab2_ws/src/task3/install/task3/lib/python3.10/site-packages/task3/revolution_listener.py
/home/lassi/ros2_lab2_ws/src/task3/install/task3/lib/python3.10/site-packages/task3/tf_listener.py
/home/lassi/ros2_lab2_ws/src/task3/install/task3/lib/python3.10/site-packages/task3/__init__.py
/home/lassi/ros2_lab2_ws/src/task3/install/task3/lib/python3.10/site-packages/task3/lidar_broadcaster.py
/home/lassi/ros2_lab2_ws/src/task3/install/task3/lib/python3.10/site-packages/task3/scanner_broadcaster.py
/home/lassi/ros2_lab2_ws/src/task3/install/task3/lib/python3.10/site-packages/task3/__pycache__/revolution_listener.cpython-310.pyc
/home/lassi/ros2_lab2_ws/src/task3/install/task3/lib/python3.10/site-packages/task3/__pycache__/tf_listener.cpython-310.pyc
/home/lassi/ros2_lab2_ws/src/task3/install/task3/lib/python3.10/site-packages/task3/__pycache__/__init__.cpython-310.pyc
/home/lassi/ros2_lab2_ws/src/task3/install/task3/lib/python3.10/site-packages/task3/__pycache__/lidar_broadcaster.cpython-310.pyc
/home/lassi/ros2_lab2_ws/src/task3/install/task3/lib/python3.10/site-packages/task3/__pycache__/scanner_broadcaster.cpython-310.pyc
/home/lassi/ros2_lab2_ws/src/task3/install/task3/share/ament_index/resource_index/packages/task3
/home/lassi/ros2_lab2_ws/src/task3/install/task3/share/task3/package.xml
/home/lassi/ros2_lab2_ws/src/task3/install/task3/share/task3/launch
/home/lassi/ros2_lab2_ws/src/task3/install/task3/share/task3/img_data
/home/lassi/ros2_lab2_ws/src/task3/install/task3/lib/python3.10/site-packages/task3-0.0.0-py3.10.egg-info/requires.txt
/home/lassi/ros2_lab2_ws/src/task3/install/task3/lib/python3.10/site-packages/task3-0.0.0-py3.10.egg-info/zip-safe
/home/lassi/ros2_lab2_ws/src/task3/install/task3/lib/python3.10/site-packages/task3-0.0.0-py3.10.egg-info/PKG-INFO
/home/lassi/ros2_lab2_ws/src/task3/install/task3/lib/python3.10/site-packages/task3-0.0.0-py3.10.egg-info/SOURCES.txt
/home/lassi/ros2_lab2_ws/src/task3/install/task3/lib/python3.10/site-packages/task3-0.0.0-py3.10.egg-info/entry_points.txt
/home/lassi/ros2_lab2_ws/src/task3/install/task3/lib/python3.10/site-packages/task3-0.0.0-py3.10.egg-info/top_level.txt
/home/lassi/ros2_lab2_ws/src/task3/install/task3/lib/python3.10/site-packages/task3-0.0.0-py3.10.egg-info/dependency_links.txt
/home/lassi/ros2_lab2_ws/src/task3/install/task3/lib/task3/lidar_broadcaster
/home/lassi/ros2_lab2_ws/src/task3/install/task3/lib/task3/revolution_counter
/home/lassi/ros2_lab2_ws/src/task3/install/task3/lib/task3/scanner_broadcaster
/home/lassi/ros2_lab2_ws/src/task3/install/task3/lib/task3/tf_listener
