[0.473s] DEBUG:colcon:Command line arguments: ['/usr/bin/colcon', 'list', '-p', '--base-paths', '/home/lassi/ros2_ws/src', '--log-base', '/dev/null']
[0.475s] DEBUG:colcon:Parsed command line arguments: Namespace(log_base=None, log_level=None, verb_name='list', build_base='build', ignore_user_meta=False, metas=['./colcon.meta'], base_paths=['/home/lassi/ros2_ws/src', '--log-base', '/dev/null'], packages_ignore=None, packages_ignore_regex=None, paths=None, packages_up_to=None, packages_up_to_regex=None, packages_above=None, packages_above_and_dependencies=None, packages_above_depth=None, packages_select_by_dep=None, packages_skip_by_dep=None, packages_skip_up_to=None, packages_select_build_failed=False, packages_skip_build_finished=False, packages_select_test_failures=False, packages_skip_test_passed=False, packages_select=None, packages_skip=None, packages_select_regex=None, packages_skip_regex=None, packages_start=None, packages_end=None, allow_overriding=[], topological_order=False, names_only=False, paths_only=True, topological_graph=False, topological_graph_dot=False, topological_graph_density=False, topological_graph_legend=False, topological_graph_dot_cluster=False, topological_graph_dot_include_skipped=False, verb_parser=<colcon_defaults.argument_parser.defaults.DefaultArgumentsDecorator object at 0x7bdae5bdbf10>, verb_extension=<colcon_package_information.verb.list.ListVerb object at 0x7bdae5bda3b0>, main=<bound method ListVerb.main of <colcon_package_information.verb.list.ListVerb object at 0x7bdae5bda3b0>>)
[1.027s] Level 1:colcon.colcon_core.package_discovery:discover_packages(colcon_meta) check parameters
[1.027s] Level 1:colcon.colcon_core.package_discovery:discover_packages(recursive) check parameters
[1.027s] Level 1:colcon.colcon_core.package_discovery:discover_packages(ignore) check parameters
[1.027s] Level 1:colcon.colcon_core.package_discovery:discover_packages(path) check parameters
[1.027s] Level 1:colcon.colcon_core.package_discovery:discover_packages(recursive) discover
[1.027s] INFO:colcon.colcon_core.package_discovery:Crawling recursively for packages in '/home/lassi/ros2_ws/src', '/home/lassi/ros2_ws/src/--log-base', '/dev/null'
[1.028s] Level 1:colcon.colcon_core.package_identification:_identify(/home/lassi/ros2_ws/src) by extensions ['ignore', 'ignore_ament_install']
[1.028s] Level 1:colcon.colcon_core.package_identification:_identify(/home/lassi/ros2_ws/src) by extension 'ignore'
[1.029s] Level 1:colcon.colcon_core.package_identification:_identify(/home/lassi/ros2_ws/src) by extension 'ignore_ament_install'
[1.029s] Level 1:colcon.colcon_core.package_identification:_identify(/home/lassi/ros2_ws/src) by extensions ['colcon_pkg']
[1.029s] Level 1:colcon.colcon_core.package_identification:_identify(/home/lassi/ros2_ws/src) by extension 'colcon_pkg'
[1.029s] Level 1:colcon.colcon_core.package_identification:_identify(/home/lassi/ros2_ws/src) by extensions ['colcon_meta']
[1.029s] Level 1:colcon.colcon_core.package_identification:_identify(/home/lassi/ros2_ws/src) by extension 'colcon_meta'
[1.029s] Level 1:colcon.colcon_core.package_identification:_identify(/home/lassi/ros2_ws/src) by extensions ['ros']
[1.029s] Level 1:colcon.colcon_core.package_identification:_identify(/home/lassi/ros2_ws/src) by extension 'ros'
[1.116s] Level 1:colcon.colcon_core.package_identification:_identify(/home/lassi/ros2_ws/src) by extensions ['cmake', 'python']
[1.116s] Level 1:colcon.colcon_core.package_identification:_identify(/home/lassi/ros2_ws/src) by extension 'cmake'
[1.116s] Level 1:colcon.colcon_core.package_identification:_identify(/home/lassi/ros2_ws/src) by extension 'python'
[1.116s] Level 1:colcon.colcon_core.package_identification:_identify(/home/lassi/ros2_ws/src) by extensions ['python_setup_py']
[1.116s] Level 1:colcon.colcon_core.package_identification:_identify(/home/lassi/ros2_ws/src) by extension 'python_setup_py'
[1.122s] Level 1:colcon.colcon_core.package_identification:_identify(/home/lassi/ros2_ws/src/log) by extensions ['ignore', 'ignore_ament_install']
[1.123s] Level 1:colcon.colcon_core.package_identification:_identify(/home/lassi/ros2_ws/src/log) by extension 'ignore'
[1.123s] Level 1:colcon.colcon_core.package_identification:_identify(/home/lassi/ros2_ws/src/log) ignored
[1.123s] Level 1:colcon.colcon_core.package_identification:_identify(/home/lassi/ros2_ws/src/my_robot_controller) by extensions ['ignore', 'ignore_ament_install']
[1.132s] Level 1:colcon.colcon_core.package_identification:_identify(/home/lassi/ros2_ws/src/my_robot_controller) by extension 'ignore'
[1.132s] Level 1:colcon.colcon_core.package_identification:_identify(/home/lassi/ros2_ws/src/my_robot_controller) by extension 'ignore_ament_install'
[1.132s] Level 1:colcon.colcon_core.package_identification:_identify(/home/lassi/ros2_ws/src/my_robot_controller) by extensions ['colcon_pkg']
[1.132s] Level 1:colcon.colcon_core.package_identification:_identify(/home/lassi/ros2_ws/src/my_robot_controller) by extension 'colcon_pkg'
[1.132s] Level 1:colcon.colcon_core.package_identification:_identify(/home/lassi/ros2_ws/src/my_robot_controller) by extensions ['colcon_meta']
[1.132s] Level 1:colcon.colcon_core.package_identification:_identify(/home/lassi/ros2_ws/src/my_robot_controller) by extension 'colcon_meta'
[1.132s] Level 1:colcon.colcon_core.package_identification:_identify(/home/lassi/ros2_ws/src/my_robot_controller) by extensions ['ros']
[1.132s] Level 1:colcon.colcon_core.package_identification:_identify(/home/lassi/ros2_ws/src/my_robot_controller) by extension 'ros'
[1.175s] DEBUG:colcon.colcon_core.package_identification:Package '/home/lassi/ros2_ws/src/my_robot_controller' with type 'ros.ament_python' and name 'my_robot_controller'
[1.175s] Level 1:colcon.colcon_core.package_discovery:discover_packages(recursive) using defaults
