running egg_info
writing ../../build/person_node/person_node.egg-info/PKG-INFO
writing dependency_links to ../../build/person_node/person_node.egg-info/dependency_links.txt
writing entry points to ../../build/person_node/person_node.egg-info/entry_points.txt
writing requirements to ../../build/person_node/person_node.egg-info/requires.txt
writing top-level names to ../../build/person_node/person_node.egg-info/top_level.txt
reading manifest file '../../build/person_node/person_node.egg-info/SOURCES.txt'
writing manifest file '../../build/person_node/person_node.egg-info/SOURCES.txt'
running build
running build_py
running install
running install_lib
running install_data
running install_egg_info
removing '/home/mahmmudqatmh/ros2_ws/install/person_node/lib/python3.10/site-packages/person_node-0.0.0-py3.10.egg-info' (and everything under it)
Copying ../../build/person_node/person_node.egg-info to /home/mahmmudqatmh/ros2_ws/install/person_node/lib/python3.10/site-packages/person_node-0.0.0-py3.10.egg-info
running install_scripts
Installing publisher_person script to /home/mahmmudqatmh/ros2_ws/install/person_node/lib/person_node
Installing subscriber_person script to /home/mahmmudqatmh/ros2_ws/install/person_node/lib/person_node
writing list of installed files to '/home/mahmmudqatmh/ros2_ws/build/person_node/install.log'
