[0.583s] Invoking command in '/home/mahmmudqatmh/ros2_ws/src/person_node': PYTHONPATH=/home/mahmmudqatmh/ros2_ws/build/person_node/prefix_override:/usr/lib/python3/dist-packages/colcon_core/task/python/colcon_distutils_commands:/home/mahmmudqatmh/ros2_ws/install/person_node/lib/python3.10/site-packages:${PYTHONPATH} /usr/bin/python3 -W ignore:setup.py install is deprecated -W ignore:easy_install command is deprecated setup.py egg_info --egg-base ../../build/person_node build --build-base /home/mahmmudqatmh/ros2_ws/build/person_node/build install --record /home/mahmmudqatmh/ros2_ws/build/person_node/install.log --single-version-externally-managed install_data
[0.741s] running egg_info
[0.742s] writing ../../build/person_node/person_node.egg-info/PKG-INFO
[0.742s] writing dependency_links to ../../build/person_node/person_node.egg-info/dependency_links.txt
[0.742s] writing entry points to ../../build/person_node/person_node.egg-info/entry_points.txt
[0.742s] writing requirements to ../../build/person_node/person_node.egg-info/requires.txt
[0.742s] writing top-level names to ../../build/person_node/person_node.egg-info/top_level.txt
[0.743s] reading manifest file '../../build/person_node/person_node.egg-info/SOURCES.txt'
[0.744s] writing manifest file '../../build/person_node/person_node.egg-info/SOURCES.txt'
[0.744s] running build
[0.744s] running build_py
[0.744s] running install
[0.744s] running install_lib
[0.745s] running install_data
[0.745s] running install_egg_info
[0.746s] removing '/home/mahmmudqatmh/ros2_ws/install/person_node/lib/python3.10/site-packages/person_node-0.0.0-py3.10.egg-info' (and everything under it)
[0.747s] Copying ../../build/person_node/person_node.egg-info to /home/mahmmudqatmh/ros2_ws/install/person_node/lib/python3.10/site-packages/person_node-0.0.0-py3.10.egg-info
[0.747s] running install_scripts
[0.761s] Installing publisher_person script to /home/mahmmudqatmh/ros2_ws/install/person_node/lib/person_node
[0.761s] Installing subscriber_person script to /home/mahmmudqatmh/ros2_ws/install/person_node/lib/person_node
[0.761s] writing list of installed files to '/home/mahmmudqatmh/ros2_ws/build/person_node/install.log'
