running egg_info
writing ../../build/countdown_nodes/countdown_nodes.egg-info/PKG-INFO
writing dependency_links to ../../build/countdown_nodes/countdown_nodes.egg-info/dependency_links.txt
writing entry points to ../../build/countdown_nodes/countdown_nodes.egg-info/entry_points.txt
writing requirements to ../../build/countdown_nodes/countdown_nodes.egg-info/requires.txt
writing top-level names to ../../build/countdown_nodes/countdown_nodes.egg-info/top_level.txt
reading manifest file '../../build/countdown_nodes/countdown_nodes.egg-info/SOURCES.txt'
writing manifest file '../../build/countdown_nodes/countdown_nodes.egg-info/SOURCES.txt'
running build
running build_py
running install
running install_lib
running install_data
running install_egg_info
removing '/home/mahmmudqatmh/ros2_ws/install/countdown_nodes/lib/python3.10/site-packages/countdown_nodes-0.0.0-py3.10.egg-info' (and everything under it)
Copying ../../build/countdown_nodes/countdown_nodes.egg-info to /home/mahmmudqatmh/ros2_ws/install/countdown_nodes/lib/python3.10/site-packages/countdown_nodes-0.0.0-py3.10.egg-info
running install_scripts
Installing countdown_cancel_client script to /home/mahmmudqatmh/ros2_ws/install/countdown_nodes/lib/countdown_nodes
Installing countdown_client script to /home/mahmmudqatmh/ros2_ws/install/countdown_nodes/lib/countdown_nodes
Installing countdown_server script to /home/mahmmudqatmh/ros2_ws/install/countdown_nodes/lib/countdown_nodes
writing list of installed files to '/home/mahmmudqatmh/ros2_ws/build/countdown_nodes/install.log'
