[0.595s] Invoking command in '/home/mahmmudqatmh/ros2_ws/src/countdown_nodes': CMAKE_PREFIX_PATH=/home/mahmmudqatmh/ros2_ws/install/countdown_interfaces:/home/mahmmudqatmh/ros2_ws/install/person_msgs:/home/mahmmudqatmh/ros2_ws/install/custom_interface LD_LIBRARY_PATH=/home/mahmmudqatmh/ros2_ws/install/countdown_interfaces/lib:/home/mahmmudqatmh/ros2_ws/install/person_msgs/lib:/home/mahmmudqatmh/ros2_ws/install/custom_interface/lib:/opt/ros/humble/opt/rviz_ogre_vendor/lib:/opt/ros/humble/lib/x86_64-linux-gnu:/opt/ros/humble/lib PYTHONPATH=/home/mahmmudqatmh/ros2_ws/build/countdown_nodes/prefix_override:/usr/lib/python3/dist-packages/colcon_core/task/python/colcon_distutils_commands:/home/mahmmudqatmh/ros2_ws/install/countdown_nodes/lib/python3.10/site-packages:${PYTHONPATH} /usr/bin/python3 -W ignore:setup.py install is deprecated -W ignore:easy_install command is deprecated setup.py egg_info --egg-base ../../build/countdown_nodes build --build-base /home/mahmmudqatmh/ros2_ws/build/countdown_nodes/build install --record /home/mahmmudqatmh/ros2_ws/build/countdown_nodes/install.log --single-version-externally-managed install_data
[0.748s] running egg_info
[0.748s] writing ../../build/countdown_nodes/countdown_nodes.egg-info/PKG-INFO
[0.748s] writing dependency_links to ../../build/countdown_nodes/countdown_nodes.egg-info/dependency_links.txt
[0.748s] writing entry points to ../../build/countdown_nodes/countdown_nodes.egg-info/entry_points.txt
[0.748s] writing requirements to ../../build/countdown_nodes/countdown_nodes.egg-info/requires.txt
[0.748s] writing top-level names to ../../build/countdown_nodes/countdown_nodes.egg-info/top_level.txt
[0.749s] reading manifest file '../../build/countdown_nodes/countdown_nodes.egg-info/SOURCES.txt'
[0.750s] writing manifest file '../../build/countdown_nodes/countdown_nodes.egg-info/SOURCES.txt'
[0.750s] running build
[0.750s] running build_py
[0.750s] running install
[0.750s] running install_lib
[0.751s] running install_data
[0.751s] running install_egg_info
[0.753s] removing '/home/mahmmudqatmh/ros2_ws/install/countdown_nodes/lib/python3.10/site-packages/countdown_nodes-0.0.0-py3.10.egg-info' (and everything under it)
[0.753s] Copying ../../build/countdown_nodes/countdown_nodes.egg-info to /home/mahmmudqatmh/ros2_ws/install/countdown_nodes/lib/python3.10/site-packages/countdown_nodes-0.0.0-py3.10.egg-info
[0.753s] running install_scripts
[0.767s] Installing countdown_cancel_client script to /home/mahmmudqatmh/ros2_ws/install/countdown_nodes/lib/countdown_nodes
[0.768s] Installing countdown_client script to /home/mahmmudqatmh/ros2_ws/install/countdown_nodes/lib/countdown_nodes
[0.768s] Installing countdown_server script to /home/mahmmudqatmh/ros2_ws/install/countdown_nodes/lib/countdown_nodes
[0.768s] writing list of installed files to '/home/mahmmudqatmh/ros2_ws/build/countdown_nodes/install.log'
