[0.007s] Invoking command in '/home/mahmmudqatmh/ros2_ws/build/countdown_interfaces': CMAKE_PREFIX_PATH=/opt/ros/humble /usr/bin/cmake /home/mahmmudqatmh/ros2_ws/countdown_interfaces -DCMAKE_INSTALL_PREFIX=/home/mahmmudqatmh/ros2_ws/install/countdown_interfaces
[0.124s] -- The C compiler identification is GNU 11.4.0
[0.215s] -- The CXX compiler identification is GNU 11.4.0
[0.222s] -- Detecting C compiler ABI info
[0.320s] -- Detecting C compiler ABI info - done
[0.327s] -- Check for working C compiler: /usr/bin/cc - skipped
[0.327s] -- Detecting C compile features
[0.328s] -- Detecting C compile features - done
[0.331s] -- Detecting CXX compiler ABI info
[0.449s] -- Detecting CXX compiler ABI info - done
[0.455s] -- Check for working CXX compiler: /usr/bin/c++ - skipped
[0.456s] -- Detecting CXX compile features
[0.456s] -- Detecting CXX compile features - done
[0.460s] -- Found ament_cmake: 1.3.12 (/opt/ros/humble/share/ament_cmake/cmake)
[0.578s] -- Found Python3: /usr/bin/python3 (found version "3.10.12") found components: Interpreter 
[0.647s] -- Found rosidl_default_generators: 1.2.0 (/opt/ros/humble/share/rosidl_default_generators/cmake)
[0.650s] -- Using all available rosidl_typesupport_c: rosidl_typesupport_fastrtps_c;rosidl_typesupport_introspection_c
[0.655s] -- Found rosidl_adapter: 3.1.7 (/opt/ros/humble/share/rosidl_adapter/cmake)
[0.684s] -- Using all available rosidl_typesupport_cpp: rosidl_typesupport_fastrtps_cpp;rosidl_typesupport_introspection_cpp
[0.918s] -- Found ament_cmake_ros: 0.10.0 (/opt/ros/humble/share/ament_cmake_ros/cmake)
[1.066s] -- Using all available rosidl_typesupport_c: rosidl_typesupport_fastrtps_c;rosidl_typesupport_introspection_c
[1.243s] -- Using all available rosidl_typesupport_cpp: rosidl_typesupport_fastrtps_cpp;rosidl_typesupport_introspection_cpp
[1.266s] -- Found PythonInterp: /usr/bin/python3 (found suitable version "3.10.12", minimum required is "3.6") 
[1.267s] -- Found python_cmake_module: 0.10.0 (/opt/ros/humble/share/python_cmake_module/cmake)
[1.290s] -- Found PythonLibs: /usr/lib/x86_64-linux-gnu/libpython3.10.so (found suitable version "3.10.12", minimum required is "3.5") 
[1.290s] -- Using PYTHON_EXECUTABLE: /usr/bin/python3
[1.290s] -- Using PYTHON_INCLUDE_DIRS: /usr/include/python3.10
[1.290s] -- Using PYTHON_LIBRARIES: /usr/lib/x86_64-linux-gnu/libpython3.10.so
[1.312s] -- Found PythonExtra: .so  
[1.344s] -- Found ament_lint_auto: 0.12.14 (/opt/ros/humble/share/ament_lint_auto/cmake)
[1.358s] -- Added test 'lint_cmake' to check CMake code style
[1.359s] -- Added test 'xmllint' to check XML markup files
[1.360s] -- Configuring done
[1.378s] -- Generating done
[1.386s] -- Build files have been written to: /home/mahmmudqatmh/ros2_ws/build/countdown_interfaces
[1.390s] Invoked command in '/home/mahmmudqatmh/ros2_ws/build/countdown_interfaces' returned '0': CMAKE_PREFIX_PATH=/opt/ros/humble /usr/bin/cmake /home/mahmmudqatmh/ros2_ws/countdown_interfaces -DCMAKE_INSTALL_PREFIX=/home/mahmmudqatmh/ros2_ws/install/countdown_interfaces
[1.392s] Invoking command in '/home/mahmmudqatmh/ros2_ws/build/countdown_interfaces': CMAKE_PREFIX_PATH=/opt/ros/humble /usr/bin/cmake --build /home/mahmmudqatmh/ros2_ws/build/countdown_interfaces -- -j24 -l24
[1.429s] [  3%] [34m[1mGenerating C code for ROS interfaces[0m
[1.439s] [  6%] [34m[1mGenerating C++ code for ROS interfaces[0m
[1.446s] [  6%] Built target ament_cmake_python_copy_countdown_interfaces
[1.591s] running egg_info
[1.592s] creating countdown_interfaces.egg-info
[1.592s] writing countdown_interfaces.egg-info/PKG-INFO
[1.592s] writing dependency_links to countdown_interfaces.egg-info/dependency_links.txt
[1.592s] writing top-level names to countdown_interfaces.egg-info/top_level.txt
[1.592s] writing manifest file 'countdown_interfaces.egg-info/SOURCES.txt'
[1.593s] reading manifest file 'countdown_interfaces.egg-info/SOURCES.txt'
[1.594s] writing manifest file 'countdown_interfaces.egg-info/SOURCES.txt'
[1.611s] [  6%] Built target ament_cmake_python_build_countdown_interfaces_egg
[1.694s] [  6%] Built target countdown_interfaces__cpp
[1.695s] [  9%] [32mBuilding C object CMakeFiles/countdown_interfaces__rosidl_generator_c.dir/rosidl_generator_c/countdown_interfaces/action/detail/countdown__functions.c.o[0m
[1.700s] [ 12%] [34m[1mGenerating C++ type support dispatch for ROS interfaces[0m
[1.701s] [ 16%] [34m[1mGenerating C++ type support for eProsima Fast-RTPS[0m
[1.703s] [ 19%] [34m[1mGenerating C++ introspection for ROS interfaces[0m
[1.794s] [ 22%] [32m[1mLinking C shared library libcountdown_interfaces__rosidl_generator_c.so[0m
[1.821s] [ 22%] Built target countdown_interfaces__rosidl_generator_c
[1.829s] [ 25%] [34m[1mGenerating C type support for eProsima Fast-RTPS[0m
[1.830s] [ 29%] [34m[1mGenerating C introspection for ROS interfaces[0m
[1.830s] [ 32%] [34m[1mGenerating C type support dispatch for ROS interfaces[0m
[1.880s] [ 35%] [32mBuilding CXX object CMakeFiles/countdown_interfaces__rosidl_typesupport_cpp.dir/rosidl_typesupport_cpp/countdown_interfaces/action/countdown__type_support.cpp.o[0m
[1.915s] [ 38%] [32mBuilding CXX object CMakeFiles/countdown_interfaces__rosidl_typesupport_introspection_cpp.dir/rosidl_typesupport_introspection_cpp/countdown_interfaces/action/detail/countdown__type_support.cpp.o[0m
[1.942s] [ 41%] [32mBuilding CXX object CMakeFiles/countdown_interfaces__rosidl_typesupport_fastrtps_cpp.dir/rosidl_typesupport_fastrtps_cpp/countdown_interfaces/action/detail/dds_fastrtps/countdown__type_support.cpp.o[0m
[2.009s] [ 45%] [32mBuilding CXX object CMakeFiles/countdown_interfaces__rosidl_typesupport_c.dir/rosidl_typesupport_c/countdown_interfaces/action/countdown__type_support.cpp.o[0m
[2.043s] [ 48%] [32m[1mLinking CXX shared library libcountdown_interfaces__rosidl_typesupport_c.so[0m
[2.054s] [ 51%] [32mBuilding C object CMakeFiles/countdown_interfaces__rosidl_typesupport_introspection_c.dir/rosidl_typesupport_introspection_c/countdown_interfaces/action/detail/countdown__type_support.c.o[0m
[2.067s] [ 54%] [32mBuilding CXX object CMakeFiles/countdown_interfaces__rosidl_typesupport_fastrtps_c.dir/rosidl_typesupport_fastrtps_c/countdown_interfaces/action/detail/countdown__type_support_c.cpp.o[0m
[2.074s] [ 54%] Built target countdown_interfaces__rosidl_typesupport_c
[2.102s] [ 58%] [32m[1mLinking C shared library libcountdown_interfaces__rosidl_typesupport_introspection_c.so[0m
[2.129s] [ 58%] Built target countdown_interfaces__rosidl_typesupport_introspection_c
[2.185s] [ 61%] [32m[1mLinking CXX shared library libcountdown_interfaces__rosidl_typesupport_cpp.so[0m
[2.215s] [ 61%] Built target countdown_interfaces__rosidl_typesupport_cpp
[2.271s] [ 64%] [32m[1mLinking CXX shared library libcountdown_interfaces__rosidl_typesupport_introspection_cpp.so[0m
[2.287s] [ 67%] [32m[1mLinking CXX shared library libcountdown_interfaces__rosidl_typesupport_fastrtps_cpp.so[0m
[2.310s] [ 70%] [32m[1mLinking CXX shared library libcountdown_interfaces__rosidl_typesupport_fastrtps_c.so[0m
[2.320s] [ 70%] Built target countdown_interfaces__rosidl_typesupport_introspection_cpp
[2.340s] [ 70%] Built target countdown_interfaces__rosidl_typesupport_fastrtps_cpp
[2.360s] [ 70%] Built target countdown_interfaces__rosidl_typesupport_fastrtps_c
[2.380s] [ 70%] Built target countdown_interfaces
[2.398s] [ 74%] [34m[1mGenerating Python code for ROS interfaces[0m
[2.805s] [ 74%] Built target countdown_interfaces__py
[2.828s] [ 77%] [32mBuilding C object CMakeFiles/countdown_interfaces__rosidl_generator_py.dir/rosidl_generator_py/countdown_interfaces/action/_countdown_s.c.o[0m
[2.939s] [ 80%] [32m[1mLinking C shared library rosidl_generator_py/countdown_interfaces/libcountdown_interfaces__rosidl_generator_py.so[0m
[2.976s] [ 80%] Built target countdown_interfaces__rosidl_generator_py
[3.003s] [ 83%] [32mBuilding C object CMakeFiles/countdown_interfaces__rosidl_typesupport_c__pyext.dir/rosidl_generator_py/countdown_interfaces/_countdown_interfaces_s.ep.rosidl_typesupport_c.c.o[0m
[3.003s] [ 87%] [32mBuilding C object CMakeFiles/countdown_interfaces__rosidl_typesupport_introspection_c__pyext.dir/rosidl_generator_py/countdown_interfaces/_countdown_interfaces_s.ep.rosidl_typesupport_introspection_c.c.o[0m
[3.004s] [ 90%] [32mBuilding C object CMakeFiles/countdown_interfaces__rosidl_typesupport_fastrtps_c__pyext.dir/rosidl_generator_py/countdown_interfaces/_countdown_interfaces_s.ep.rosidl_typesupport_fastrtps_c.c.o[0m
[3.087s] [ 93%] [32m[1mLinking C shared library rosidl_generator_py/countdown_interfaces/countdown_interfaces_s__rosidl_typesupport_fastrtps_c.cpython-310-x86_64-linux-gnu.so[0m
[3.087s] [ 96%] [32m[1mLinking C shared library rosidl_generator_py/countdown_interfaces/countdown_interfaces_s__rosidl_typesupport_c.cpython-310-x86_64-linux-gnu.so[0m
[3.087s] [100%] [32m[1mLinking C shared library rosidl_generator_py/countdown_interfaces/countdown_interfaces_s__rosidl_typesupport_introspection_c.cpython-310-x86_64-linux-gnu.so[0m
[3.114s] [100%] Built target countdown_interfaces__rosidl_typesupport_fastrtps_c__pyext
[3.115s] [100%] Built target countdown_interfaces__rosidl_typesupport_c__pyext
[3.116s] [100%] Built target countdown_interfaces__rosidl_typesupport_introspection_c__pyext
[3.125s] Invoked command in '/home/mahmmudqatmh/ros2_ws/build/countdown_interfaces' returned '0': CMAKE_PREFIX_PATH=/opt/ros/humble /usr/bin/cmake --build /home/mahmmudqatmh/ros2_ws/build/countdown_interfaces -- -j24 -l24
[3.132s] Invoking command in '/home/mahmmudqatmh/ros2_ws/build/countdown_interfaces': CMAKE_PREFIX_PATH=/opt/ros/humble /usr/bin/cmake --install /home/mahmmudqatmh/ros2_ws/build/countdown_interfaces
[3.140s] -- Install configuration: ""
[3.140s] -- Installing: /home/mahmmudqatmh/ros2_ws/install/countdown_interfaces/share/ament_index/resource_index/rosidl_interfaces/countdown_interfaces
[3.140s] -- Installing: /home/mahmmudqatmh/ros2_ws/install/countdown_interfaces/include/countdown_interfaces/countdown_interfaces
[3.140s] -- Installing: /home/mahmmudqatmh/ros2_ws/install/countdown_interfaces/include/countdown_interfaces/countdown_interfaces/action
[3.140s] -- Installing: /home/mahmmudqatmh/ros2_ws/install/countdown_interfaces/include/countdown_interfaces/countdown_interfaces/action/detail
[3.140s] -- Installing: /home/mahmmudqatmh/ros2_ws/install/countdown_interfaces/include/countdown_interfaces/countdown_interfaces/action/detail/countdown__functions.h
[3.140s] -- Installing: /home/mahmmudqatmh/ros2_ws/install/countdown_interfaces/include/countdown_interfaces/countdown_interfaces/action/detail/countdown__functions.c
[3.140s] -- Installing: /home/mahmmudqatmh/ros2_ws/install/countdown_interfaces/include/countdown_interfaces/countdown_interfaces/action/detail/countdown__struct.h
[3.140s] -- Installing: /home/mahmmudqatmh/ros2_ws/install/countdown_interfaces/include/countdown_interfaces/countdown_interfaces/action/detail/countdown__type_support.h
[3.140s] -- Installing: /home/mahmmudqatmh/ros2_ws/install/countdown_interfaces/include/countdown_interfaces/countdown_interfaces/action/countdown.h
[3.140s] -- Installing: /home/mahmmudqatmh/ros2_ws/install/countdown_interfaces/include/countdown_interfaces/countdown_interfaces/msg
[3.140s] -- Installing: /home/mahmmudqatmh/ros2_ws/install/countdown_interfaces/include/countdown_interfaces/countdown_interfaces/msg/rosidl_generator_c__visibility_control.h
[3.140s] -- Installing: /home/mahmmudqatmh/ros2_ws/install/countdown_interfaces/share/countdown_interfaces/environment/library_path.sh
[3.140s] -- Installing: /home/mahmmudqatmh/ros2_ws/install/countdown_interfaces/share/countdown_interfaces/environment/library_path.dsv
[3.141s] -- Installing: /home/mahmmudqatmh/ros2_ws/install/countdown_interfaces/lib/libcountdown_interfaces__rosidl_generator_c.so
[3.141s] -- Set runtime path of "/home/mahmmudqatmh/ros2_ws/install/countdown_interfaces/lib/libcountdown_interfaces__rosidl_generator_c.so" to ""
[3.141s] -- Up-to-date: /home/mahmmudqatmh/ros2_ws/install/countdown_interfaces/include/countdown_interfaces/countdown_interfaces
[3.141s] -- Up-to-date: /home/mahmmudqatmh/ros2_ws/install/countdown_interfaces/include/countdown_interfaces/countdown_interfaces/action
[3.141s] -- Up-to-date: /home/mahmmudqatmh/ros2_ws/install/countdown_interfaces/include/countdown_interfaces/countdown_interfaces/action/detail
[3.141s] -- Installing: /home/mahmmudqatmh/ros2_ws/install/countdown_interfaces/include/countdown_interfaces/countdown_interfaces/action/detail/countdown__rosidl_typesupport_fastrtps_c.h
[3.141s] -- Up-to-date: /home/mahmmudqatmh/ros2_ws/install/countdown_interfaces/include/countdown_interfaces/countdown_interfaces/msg
[3.141s] -- Installing: /home/mahmmudqatmh/ros2_ws/install/countdown_interfaces/include/countdown_interfaces/countdown_interfaces/msg/rosidl_typesupport_fastrtps_c__visibility_control.h
[3.141s] -- Installing: /home/mahmmudqatmh/ros2_ws/install/countdown_interfaces/lib/libcountdown_interfaces__rosidl_typesupport_fastrtps_c.so
[3.141s] -- Set runtime path of "/home/mahmmudqatmh/ros2_ws/install/countdown_interfaces/lib/libcountdown_interfaces__rosidl_typesupport_fastrtps_c.so" to ""
[3.141s] -- Up-to-date: /home/mahmmudqatmh/ros2_ws/install/countdown_interfaces/include/countdown_interfaces/countdown_interfaces
[3.141s] -- Up-to-date: /home/mahmmudqatmh/ros2_ws/install/countdown_interfaces/include/countdown_interfaces/countdown_interfaces/action
[3.141s] -- Up-to-date: /home/mahmmudqatmh/ros2_ws/install/countdown_interfaces/include/countdown_interfaces/countdown_interfaces/action/detail
[3.141s] -- Installing: /home/mahmmudqatmh/ros2_ws/install/countdown_interfaces/include/countdown_interfaces/countdown_interfaces/action/detail/countdown__type_support.c
[3.141s] -- Installing: /home/mahmmudqatmh/ros2_ws/install/countdown_interfaces/include/countdown_interfaces/countdown_interfaces/action/detail/countdown__rosidl_typesupport_introspection_c.h
[3.141s] -- Up-to-date: /home/mahmmudqatmh/ros2_ws/install/countdown_interfaces/include/countdown_interfaces/countdown_interfaces/msg
[3.142s] -- Installing: /home/mahmmudqatmh/ros2_ws/install/countdown_interfaces/include/countdown_interfaces/countdown_interfaces/msg/rosidl_typesupport_introspection_c__visibility_control.h
[3.142s] -- Installing: /home/mahmmudqatmh/ros2_ws/install/countdown_interfaces/lib/libcountdown_interfaces__rosidl_typesupport_introspection_c.so
[3.142s] -- Set runtime path of "/home/mahmmudqatmh/ros2_ws/install/countdown_interfaces/lib/libcountdown_interfaces__rosidl_typesupport_introspection_c.so" to ""
[3.142s] -- Installing: /home/mahmmudqatmh/ros2_ws/install/countdown_interfaces/lib/libcountdown_interfaces__rosidl_typesupport_c.so
[3.142s] -- Set runtime path of "/home/mahmmudqatmh/ros2_ws/install/countdown_interfaces/lib/libcountdown_interfaces__rosidl_typesupport_c.so" to ""
[3.142s] -- Up-to-date: /home/mahmmudqatmh/ros2_ws/install/countdown_interfaces/include/countdown_interfaces/countdown_interfaces
[3.142s] -- Up-to-date: /home/mahmmudqatmh/ros2_ws/install/countdown_interfaces/include/countdown_interfaces/countdown_interfaces/action
[3.142s] -- Up-to-date: /home/mahmmudqatmh/ros2_ws/install/countdown_interfaces/include/countdown_interfaces/countdown_interfaces/action/detail
[3.142s] -- Installing: /home/mahmmudqatmh/ros2_ws/install/countdown_interfaces/include/countdown_interfaces/countdown_interfaces/action/detail/countdown__struct.hpp
[3.142s] -- Installing: /home/mahmmudqatmh/ros2_ws/install/countdown_interfaces/include/countdown_interfaces/countdown_interfaces/action/detail/countdown__traits.hpp
[3.142s] -- Installing: /home/mahmmudqatmh/ros2_ws/install/countdown_interfaces/include/countdown_interfaces/countdown_interfaces/action/detail/countdown__builder.hpp
[3.143s] -- Installing: /home/mahmmudqatmh/ros2_ws/install/countdown_interfaces/include/countdown_interfaces/countdown_interfaces/action/detail/countdown__type_support.hpp
[3.143s] -- Installing: /home/mahmmudqatmh/ros2_ws/install/countdown_interfaces/include/countdown_interfaces/countdown_interfaces/action/countdown.hpp
[3.143s] -- Up-to-date: /home/mahmmudqatmh/ros2_ws/install/countdown_interfaces/include/countdown_interfaces/countdown_interfaces/msg
[3.143s] -- Installing: /home/mahmmudqatmh/ros2_ws/install/countdown_interfaces/include/countdown_interfaces/countdown_interfaces/msg/rosidl_generator_cpp__visibility_control.hpp
[3.143s] -- Up-to-date: /home/mahmmudqatmh/ros2_ws/install/countdown_interfaces/include/countdown_interfaces/countdown_interfaces
[3.143s] -- Up-to-date: /home/mahmmudqatmh/ros2_ws/install/countdown_interfaces/include/countdown_interfaces/countdown_interfaces/action
[3.143s] -- Up-to-date: /home/mahmmudqatmh/ros2_ws/install/countdown_interfaces/include/countdown_interfaces/countdown_interfaces/action/detail
[3.143s] -- Installing: /home/mahmmudqatmh/ros2_ws/install/countdown_interfaces/include/countdown_interfaces/countdown_interfaces/action/detail/dds_fastrtps
[3.143s] -- Installing: /home/mahmmudqatmh/ros2_ws/install/countdown_interfaces/include/countdown_interfaces/countdown_interfaces/action/detail/countdown__rosidl_typesupport_fastrtps_cpp.hpp
[3.143s] -- Up-to-date: /home/mahmmudqatmh/ros2_ws/install/countdown_interfaces/include/countdown_interfaces/countdown_interfaces/msg
[3.143s] -- Installing: /home/mahmmudqatmh/ros2_ws/install/countdown_interfaces/include/countdown_interfaces/countdown_interfaces/msg/rosidl_typesupport_fastrtps_cpp__visibility_control.h
[3.143s] -- Installing: /home/mahmmudqatmh/ros2_ws/install/countdown_interfaces/lib/libcountdown_interfaces__rosidl_typesupport_fastrtps_cpp.so
[3.143s] -- Set runtime path of "/home/mahmmudqatmh/ros2_ws/install/countdown_interfaces/lib/libcountdown_interfaces__rosidl_typesupport_fastrtps_cpp.so" to ""
[3.143s] -- Up-to-date: /home/mahmmudqatmh/ros2_ws/install/countdown_interfaces/include/countdown_interfaces/countdown_interfaces
[3.144s] -- Up-to-date: /home/mahmmudqatmh/ros2_ws/install/countdown_interfaces/include/countdown_interfaces/countdown_interfaces/action
[3.144s] -- Up-to-date: /home/mahmmudqatmh/ros2_ws/install/countdown_interfaces/include/countdown_interfaces/countdown_interfaces/action/detail
[3.144s] -- Installing: /home/mahmmudqatmh/ros2_ws/install/countdown_interfaces/include/countdown_interfaces/countdown_interfaces/action/detail/countdown__rosidl_typesupport_introspection_cpp.hpp
[3.144s] -- Installing: /home/mahmmudqatmh/ros2_ws/install/countdown_interfaces/include/countdown_interfaces/countdown_interfaces/action/detail/countdown__type_support.cpp
[3.144s] -- Installing: /home/mahmmudqatmh/ros2_ws/install/countdown_interfaces/lib/libcountdown_interfaces__rosidl_typesupport_introspection_cpp.so
[3.144s] -- Set runtime path of "/home/mahmmudqatmh/ros2_ws/install/countdown_interfaces/lib/libcountdown_interfaces__rosidl_typesupport_introspection_cpp.so" to ""
[3.144s] -- Installing: /home/mahmmudqatmh/ros2_ws/install/countdown_interfaces/lib/libcountdown_interfaces__rosidl_typesupport_cpp.so
[3.144s] -- Set runtime path of "/home/mahmmudqatmh/ros2_ws/install/countdown_interfaces/lib/libcountdown_interfaces__rosidl_typesupport_cpp.so" to ""
[3.144s] -- Installing: /home/mahmmudqatmh/ros2_ws/install/countdown_interfaces/share/countdown_interfaces/environment/pythonpath.sh
[3.144s] -- Installing: /home/mahmmudqatmh/ros2_ws/install/countdown_interfaces/share/countdown_interfaces/environment/pythonpath.dsv
[3.144s] -- Installing: /home/mahmmudqatmh/ros2_ws/install/countdown_interfaces/local/lib/python3.10/dist-packages/countdown_interfaces-0.0.0-py3.10.egg-info
[3.144s] -- Installing: /home/mahmmudqatmh/ros2_ws/install/countdown_interfaces/local/lib/python3.10/dist-packages/countdown_interfaces-0.0.0-py3.10.egg-info/dependency_links.txt
[3.144s] -- Installing: /home/mahmmudqatmh/ros2_ws/install/countdown_interfaces/local/lib/python3.10/dist-packages/countdown_interfaces-0.0.0-py3.10.egg-info/top_level.txt
[3.144s] -- Installing: /home/mahmmudqatmh/ros2_ws/install/countdown_interfaces/local/lib/python3.10/dist-packages/countdown_interfaces-0.0.0-py3.10.egg-info/PKG-INFO
[3.144s] -- Installing: /home/mahmmudqatmh/ros2_ws/install/countdown_interfaces/local/lib/python3.10/dist-packages/countdown_interfaces-0.0.0-py3.10.egg-info/SOURCES.txt
[3.144s] -- Installing: /home/mahmmudqatmh/ros2_ws/install/countdown_interfaces/local/lib/python3.10/dist-packages/countdown_interfaces
[3.145s] -- Installing: /home/mahmmudqatmh/ros2_ws/install/countdown_interfaces/local/lib/python3.10/dist-packages/countdown_interfaces/_countdown_interfaces_s.ep.rosidl_typesupport_fastrtps_c.c
[3.145s] -- Installing: /home/mahmmudqatmh/ros2_ws/install/countdown_interfaces/local/lib/python3.10/dist-packages/countdown_interfaces/action
[3.145s] -- Installing: /home/mahmmudqatmh/ros2_ws/install/countdown_interfaces/local/lib/python3.10/dist-packages/countdown_interfaces/action/_countdown_s.c
[3.145s] -- Installing: /home/mahmmudqatmh/ros2_ws/install/countdown_interfaces/local/lib/python3.10/dist-packages/countdown_interfaces/action/__init__.py
[3.145s] -- Installing: /home/mahmmudqatmh/ros2_ws/install/countdown_interfaces/local/lib/python3.10/dist-packages/countdown_interfaces/action/_countdown.py
[3.145s] -- Installing: /home/mahmmudqatmh/ros2_ws/install/countdown_interfaces/local/lib/python3.10/dist-packages/countdown_interfaces/countdown_interfaces_s__rosidl_typesupport_c.cpython-310-x86_64-linux-gnu.so
[3.145s] -- Installing: /home/mahmmudqatmh/ros2_ws/install/countdown_interfaces/local/lib/python3.10/dist-packages/countdown_interfaces/_countdown_interfaces_s.ep.rosidl_typesupport_c.c
[3.145s] -- Installing: /home/mahmmudqatmh/ros2_ws/install/countdown_interfaces/local/lib/python3.10/dist-packages/countdown_interfaces/libcountdown_interfaces__rosidl_generator_py.so
[3.145s] -- Installing: /home/mahmmudqatmh/ros2_ws/install/countdown_interfaces/local/lib/python3.10/dist-packages/countdown_interfaces/__init__.py
[3.145s] -- Installing: /home/mahmmudqatmh/ros2_ws/install/countdown_interfaces/local/lib/python3.10/dist-packages/countdown_interfaces/_countdown_interfaces_s.ep.rosidl_typesupport_introspection_c.c
[3.145s] -- Installing: /home/mahmmudqatmh/ros2_ws/install/countdown_interfaces/local/lib/python3.10/dist-packages/countdown_interfaces/countdown_interfaces_s__rosidl_typesupport_fastrtps_c.cpython-310-x86_64-linux-gnu.so
[3.145s] -- Installing: /home/mahmmudqatmh/ros2_ws/install/countdown_interfaces/local/lib/python3.10/dist-packages/countdown_interfaces/countdown_interfaces_s__rosidl_typesupport_introspection_c.cpython-310-x86_64-linux-gnu.so
[3.171s] Listing '/home/mahmmudqatmh/ros2_ws/install/countdown_interfaces/local/lib/python3.10/dist-packages/countdown_interfaces'...
[3.171s] Compiling '/home/mahmmudqatmh/ros2_ws/install/countdown_interfaces/local/lib/python3.10/dist-packages/countdown_interfaces/__init__.py'...
[3.171s] Listing '/home/mahmmudqatmh/ros2_ws/install/countdown_interfaces/local/lib/python3.10/dist-packages/countdown_interfaces/action'...
[3.171s] Compiling '/home/mahmmudqatmh/ros2_ws/install/countdown_interfaces/local/lib/python3.10/dist-packages/countdown_interfaces/action/__init__.py'...
[3.171s] Compiling '/home/mahmmudqatmh/ros2_ws/install/countdown_interfaces/local/lib/python3.10/dist-packages/countdown_interfaces/action/_countdown.py'...
[3.174s] -- Installing: /home/mahmmudqatmh/ros2_ws/install/countdown_interfaces/local/lib/python3.10/dist-packages/countdown_interfaces/countdown_interfaces_s__rosidl_typesupport_fastrtps_c.cpython-310-x86_64-linux-gnu.so
[3.174s] -- Set runtime path of "/home/mahmmudqatmh/ros2_ws/install/countdown_interfaces/local/lib/python3.10/dist-packages/countdown_interfaces/countdown_interfaces_s__rosidl_typesupport_fastrtps_c.cpython-310-x86_64-linux-gnu.so" to ""
[3.174s] -- Installing: /home/mahmmudqatmh/ros2_ws/install/countdown_interfaces/local/lib/python3.10/dist-packages/countdown_interfaces/countdown_interfaces_s__rosidl_typesupport_introspection_c.cpython-310-x86_64-linux-gnu.so
[3.174s] -- Set runtime path of "/home/mahmmudqatmh/ros2_ws/install/countdown_interfaces/local/lib/python3.10/dist-packages/countdown_interfaces/countdown_interfaces_s__rosidl_typesupport_introspection_c.cpython-310-x86_64-linux-gnu.so" to ""
[3.174s] -- Installing: /home/mahmmudqatmh/ros2_ws/install/countdown_interfaces/local/lib/python3.10/dist-packages/countdown_interfaces/countdown_interfaces_s__rosidl_typesupport_c.cpython-310-x86_64-linux-gnu.so
[3.174s] -- Set runtime path of "/home/mahmmudqatmh/ros2_ws/install/countdown_interfaces/local/lib/python3.10/dist-packages/countdown_interfaces/countdown_interfaces_s__rosidl_typesupport_c.cpython-310-x86_64-linux-gnu.so" to ""
[3.174s] -- Installing: /home/mahmmudqatmh/ros2_ws/install/countdown_interfaces/lib/libcountdown_interfaces__rosidl_generator_py.so
[3.174s] -- Set runtime path of "/home/mahmmudqatmh/ros2_ws/install/countdown_interfaces/lib/libcountdown_interfaces__rosidl_generator_py.so" to ""
[3.175s] -- Installing: /home/mahmmudqatmh/ros2_ws/install/countdown_interfaces/share/countdown_interfaces/action/Countdown.idl
[3.175s] -- Installing: /home/mahmmudqatmh/ros2_ws/install/countdown_interfaces/share/countdown_interfaces/action/Countdown.action
[3.175s] -- Installing: /home/mahmmudqatmh/ros2_ws/install/countdown_interfaces/share/ament_index/resource_index/package_run_dependencies/countdown_interfaces
[3.175s] -- Installing: /home/mahmmudqatmh/ros2_ws/install/countdown_interfaces/share/ament_index/resource_index/parent_prefix_path/countdown_interfaces
[3.175s] -- Installing: /home/mahmmudqatmh/ros2_ws/install/countdown_interfaces/share/countdown_interfaces/environment/ament_prefix_path.sh
[3.175s] -- Installing: /home/mahmmudqatmh/ros2_ws/install/countdown_interfaces/share/countdown_interfaces/environment/ament_prefix_path.dsv
[3.175s] -- Installing: /home/mahmmudqatmh/ros2_ws/install/countdown_interfaces/share/countdown_interfaces/environment/path.sh
[3.175s] -- Installing: /home/mahmmudqatmh/ros2_ws/install/countdown_interfaces/share/countdown_interfaces/environment/path.dsv
[3.175s] -- Installing: /home/mahmmudqatmh/ros2_ws/install/countdown_interfaces/share/countdown_interfaces/local_setup.bash
[3.175s] -- Installing: /home/mahmmudqatmh/ros2_ws/install/countdown_interfaces/share/countdown_interfaces/local_setup.sh
[3.175s] -- Installing: /home/mahmmudqatmh/ros2_ws/install/countdown_interfaces/share/countdown_interfaces/local_setup.zsh
[3.175s] -- Installing: /home/mahmmudqatmh/ros2_ws/install/countdown_interfaces/share/countdown_interfaces/local_setup.dsv
[3.175s] -- Installing: /home/mahmmudqatmh/ros2_ws/install/countdown_interfaces/share/countdown_interfaces/package.dsv
[3.175s] -- Installing: /home/mahmmudqatmh/ros2_ws/install/countdown_interfaces/share/ament_index/resource_index/packages/countdown_interfaces
[3.175s] -- Installing: /home/mahmmudqatmh/ros2_ws/install/countdown_interfaces/share/countdown_interfaces/cmake/export_countdown_interfaces__rosidl_generator_cExport.cmake
[3.175s] -- Installing: /home/mahmmudqatmh/ros2_ws/install/countdown_interfaces/share/countdown_interfaces/cmake/export_countdown_interfaces__rosidl_generator_cExport-noconfig.cmake
[3.175s] -- Installing: /home/mahmmudqatmh/ros2_ws/install/countdown_interfaces/share/countdown_interfaces/cmake/export_countdown_interfaces__rosidl_typesupport_fastrtps_cExport.cmake
[3.175s] -- Installing: /home/mahmmudqatmh/ros2_ws/install/countdown_interfaces/share/countdown_interfaces/cmake/export_countdown_interfaces__rosidl_typesupport_fastrtps_cExport-noconfig.cmake
[3.175s] -- Installing: /home/mahmmudqatmh/ros2_ws/install/countdown_interfaces/share/countdown_interfaces/cmake/countdown_interfaces__rosidl_typesupport_introspection_cExport.cmake
[3.175s] -- Installing: /home/mahmmudqatmh/ros2_ws/install/countdown_interfaces/share/countdown_interfaces/cmake/countdown_interfaces__rosidl_typesupport_introspection_cExport-noconfig.cmake
[3.176s] -- Installing: /home/mahmmudqatmh/ros2_ws/install/countdown_interfaces/share/countdown_interfaces/cmake/countdown_interfaces__rosidl_typesupport_cExport.cmake
[3.176s] -- Installing: /home/mahmmudqatmh/ros2_ws/install/countdown_interfaces/share/countdown_interfaces/cmake/countdown_interfaces__rosidl_typesupport_cExport-noconfig.cmake
[3.176s] -- Installing: /home/mahmmudqatmh/ros2_ws/install/countdown_interfaces/share/countdown_interfaces/cmake/export_countdown_interfaces__rosidl_generator_cppExport.cmake
[3.176s] -- Installing: /home/mahmmudqatmh/ros2_ws/install/countdown_interfaces/share/countdown_interfaces/cmake/export_countdown_interfaces__rosidl_typesupport_fastrtps_cppExport.cmake
[3.176s] -- Installing: /home/mahmmudqatmh/ros2_ws/install/countdown_interfaces/share/countdown_interfaces/cmake/export_countdown_interfaces__rosidl_typesupport_fastrtps_cppExport-noconfig.cmake
[3.176s] -- Installing: /home/mahmmudqatmh/ros2_ws/install/countdown_interfaces/share/countdown_interfaces/cmake/countdown_interfaces__rosidl_typesupport_introspection_cppExport.cmake
[3.176s] -- Installing: /home/mahmmudqatmh/ros2_ws/install/countdown_interfaces/share/countdown_interfaces/cmake/countdown_interfaces__rosidl_typesupport_introspection_cppExport-noconfig.cmake
[3.176s] -- Installing: /home/mahmmudqatmh/ros2_ws/install/countdown_interfaces/share/countdown_interfaces/cmake/countdown_interfaces__rosidl_typesupport_cppExport.cmake
[3.176s] -- Installing: /home/mahmmudqatmh/ros2_ws/install/countdown_interfaces/share/countdown_interfaces/cmake/countdown_interfaces__rosidl_typesupport_cppExport-noconfig.cmake
[3.176s] -- Installing: /home/mahmmudqatmh/ros2_ws/install/countdown_interfaces/share/countdown_interfaces/cmake/export_countdown_interfaces__rosidl_generator_pyExport.cmake
[3.176s] -- Installing: /home/mahmmudqatmh/ros2_ws/install/countdown_interfaces/share/countdown_interfaces/cmake/export_countdown_interfaces__rosidl_generator_pyExport-noconfig.cmake
[3.176s] -- Installing: /home/mahmmudqatmh/ros2_ws/install/countdown_interfaces/share/countdown_interfaces/cmake/rosidl_cmake-extras.cmake
[3.176s] -- Installing: /home/mahmmudqatmh/ros2_ws/install/countdown_interfaces/share/countdown_interfaces/cmake/ament_cmake_export_dependencies-extras.cmake
[3.176s] -- Installing: /home/mahmmudqatmh/ros2_ws/install/countdown_interfaces/share/countdown_interfaces/cmake/ament_cmake_export_include_directories-extras.cmake
[3.176s] -- Installing: /home/mahmmudqatmh/ros2_ws/install/countdown_interfaces/share/countdown_interfaces/cmake/ament_cmake_export_libraries-extras.cmake
[3.176s] -- Installing: /home/mahmmudqatmh/ros2_ws/install/countdown_interfaces/share/countdown_interfaces/cmake/ament_cmake_export_targets-extras.cmake
[3.176s] -- Installing: /home/mahmmudqatmh/ros2_ws/install/countdown_interfaces/share/countdown_interfaces/cmake/rosidl_cmake_export_typesupport_targets-extras.cmake
[3.176s] -- Installing: /home/mahmmudqatmh/ros2_ws/install/countdown_interfaces/share/countdown_interfaces/cmake/rosidl_cmake_export_typesupport_libraries-extras.cmake
[3.176s] -- Installing: /home/mahmmudqatmh/ros2_ws/install/countdown_interfaces/share/countdown_interfaces/cmake/countdown_interfacesConfig.cmake
[3.176s] -- Installing: /home/mahmmudqatmh/ros2_ws/install/countdown_interfaces/share/countdown_interfaces/cmake/countdown_interfacesConfig-version.cmake
[3.176s] -- Installing: /home/mahmmudqatmh/ros2_ws/install/countdown_interfaces/share/countdown_interfaces/package.xml
[3.178s] Invoked command in '/home/mahmmudqatmh/ros2_ws/build/countdown_interfaces' returned '0': CMAKE_PREFIX_PATH=/opt/ros/humble /usr/bin/cmake --install /home/mahmmudqatmh/ros2_ws/build/countdown_interfaces
