[0.064s] DEBUG:colcon:Command line arguments: ['/usr/bin/colcon', 'build']
[0.064s] DEBUG:colcon:Parsed command line arguments: Namespace(log_base=None, log_level=None, verb_name='build', build_base='build', install_base='install', merge_install=False, symlink_install=False, test_result_base=None, continue_on_error=False, executor='parallel', parallel_workers=10, event_handlers=None, ignore_user_meta=False, metas=['./colcon.meta'], base_paths=['.'], packages_ignore=None, packages_ignore_regex=None, paths=None, packages_up_to=None, packages_up_to_regex=None, packages_above=None, packages_above_and_dependencies=None, packages_above_depth=None, packages_select_by_dep=None, packages_skip_by_dep=None, packages_skip_up_to=None, packages_select_build_failed=False, packages_skip_build_finished=False, packages_select_test_failures=False, packages_skip_test_passed=False, packages_select=None, packages_skip=None, packages_select_regex=None, packages_skip_regex=None, packages_start=None, packages_end=None, allow_overriding=[], cmake_args=None, cmake_target=None, cmake_target_skip_unavailable=False, cmake_clean_cache=False, cmake_clean_first=False, cmake_force_configure=False, ament_cmake_args=None, catkin_cmake_args=None, catkin_skip_building_tests=False, verb_parser=<colcon_defaults.argument_parser.defaults.DefaultArgumentsDecorator object at 0x7e25dc756650>, verb_extension=<colcon_core.verb.build.BuildVerb object at 0x7e25dc755d50>, main=<bound method BuildVerb.main of <colcon_core.verb.build.BuildVerb object at 0x7e25dc755d50>>)
[0.161s] Level 1:colcon.colcon_core.package_discovery:discover_packages(colcon_meta) check parameters
[0.161s] Level 1:colcon.colcon_core.package_discovery:discover_packages(recursive) check parameters
[0.161s] Level 1:colcon.colcon_core.package_discovery:discover_packages(ignore) check parameters
[0.161s] Level 1:colcon.colcon_core.package_discovery:discover_packages(path) check parameters
[0.161s] Level 1:colcon.colcon_core.package_discovery:discover_packages(colcon_meta) discover
[0.161s] Level 1:colcon.colcon_core.package_discovery:discover_packages(recursive) discover
[0.162s] INFO:colcon.colcon_core.package_discovery:Crawling recursively for packages in '/home/lassi/ros2_lab2_ws/src'
[0.162s] Level 1:colcon.colcon_core.package_identification:_identify(.) by extensions ['ignore', 'ignore_ament_install']
[0.162s] Level 1:colcon.colcon_core.package_identification:_identify(.) by extension 'ignore'
[0.162s] Level 1:colcon.colcon_core.package_identification:_identify(.) by extension 'ignore_ament_install'
[0.162s] Level 1:colcon.colcon_core.package_identification:_identify(.) by extensions ['colcon_pkg']
[0.162s] Level 1:colcon.colcon_core.package_identification:_identify(.) by extension 'colcon_pkg'
[0.162s] Level 1:colcon.colcon_core.package_identification:_identify(.) by extensions ['colcon_meta']
[0.162s] Level 1:colcon.colcon_core.package_identification:_identify(.) by extension 'colcon_meta'
[0.162s] Level 1:colcon.colcon_core.package_identification:_identify(.) by extensions ['ros']
[0.162s] Level 1:colcon.colcon_core.package_identification:_identify(.) by extension 'ros'
[0.169s] Level 1:colcon.colcon_core.package_identification:_identify(.) by extensions ['cmake', 'python']
[0.170s] Level 1:colcon.colcon_core.package_identification:_identify(.) by extension 'cmake'
[0.170s] Level 1:colcon.colcon_core.package_identification:_identify(.) by extension 'python'
[0.171s] Level 1:colcon.colcon_core.package_identification:_identify(.) by extensions ['python_setup_py']
[0.171s] Level 1:colcon.colcon_core.package_identification:_identify(.) by extension 'python_setup_py'
[0.171s] Level 1:colcon.colcon_core.package_identification:_identify(build) by extensions ['ignore', 'ignore_ament_install']
[0.171s] Level 1:colcon.colcon_core.package_identification:_identify(build) by extension 'ignore'
[0.171s] Level 1:colcon.colcon_core.package_identification:_identify(build) ignored
[0.171s] Level 1:colcon.colcon_core.package_identification:_identify(gazebo_example) by extensions ['ignore', 'ignore_ament_install']
[0.171s] Level 1:colcon.colcon_core.package_identification:_identify(gazebo_example) by extension 'ignore'
[0.171s] Level 1:colcon.colcon_core.package_identification:_identify(gazebo_example) by extension 'ignore_ament_install'
[0.171s] Level 1:colcon.colcon_core.package_identification:_identify(gazebo_example) by extensions ['colcon_pkg']
[0.171s] Level 1:colcon.colcon_core.package_identification:_identify(gazebo_example) by extension 'colcon_pkg'
[0.171s] Level 1:colcon.colcon_core.package_identification:_identify(gazebo_example) by extensions ['colcon_meta']
[0.171s] Level 1:colcon.colcon_core.package_identification:_identify(gazebo_example) by extension 'colcon_meta'
[0.171s] Level 1:colcon.colcon_core.package_identification:_identify(gazebo_example) by extensions ['ros']
[0.171s] Level 1:colcon.colcon_core.package_identification:_identify(gazebo_example) by extension 'ros'
[0.173s] DEBUG:colcon.colcon_core.package_identification:Package 'gazebo_example' with type 'ros.ament_python' and name 'gazebo_example'
[0.173s] Level 1:colcon.colcon_core.package_identification:_identify(install) by extensions ['ignore', 'ignore_ament_install']
[0.173s] Level 1:colcon.colcon_core.package_identification:_identify(install) by extension 'ignore'
[0.173s] Level 1:colcon.colcon_core.package_identification:_identify(install) ignored
[0.173s] Level 1:colcon.colcon_core.package_identification:_identify(log) by extensions ['ignore', 'ignore_ament_install']
[0.173s] Level 1:colcon.colcon_core.package_identification:_identify(log) by extension 'ignore'
[0.174s] Level 1:colcon.colcon_core.package_identification:_identify(log) ignored
[0.174s] Level 1:colcon.colcon_core.package_identification:_identify(report) by extensions ['ignore', 'ignore_ament_install']
[0.174s] Level 1:colcon.colcon_core.package_identification:_identify(report) by extension 'ignore'
[0.174s] Level 1:colcon.colcon_core.package_identification:_identify(report) by extension 'ignore_ament_install'
[0.174s] Level 1:colcon.colcon_core.package_identification:_identify(report) by extensions ['colcon_pkg']
[0.174s] Level 1:colcon.colcon_core.package_identification:_identify(report) by extension 'colcon_pkg'
[0.174s] Level 1:colcon.colcon_core.package_identification:_identify(report) by extensions ['colcon_meta']
[0.174s] Level 1:colcon.colcon_core.package_identification:_identify(report) by extension 'colcon_meta'
[0.174s] Level 1:colcon.colcon_core.package_identification:_identify(report) by extensions ['ros']
[0.174s] Level 1:colcon.colcon_core.package_identification:_identify(report) by extension 'ros'
[0.174s] Level 1:colcon.colcon_core.package_identification:_identify(report) by extensions ['cmake', 'python']
[0.174s] Level 1:colcon.colcon_core.package_identification:_identify(report) by extension 'cmake'
[0.174s] Level 1:colcon.colcon_core.package_identification:_identify(report) by extension 'python'
[0.174s] Level 1:colcon.colcon_core.package_identification:_identify(report) by extensions ['python_setup_py']
[0.174s] Level 1:colcon.colcon_core.package_identification:_identify(report) by extension 'python_setup_py'
[0.174s] Level 1:colcon.colcon_core.package_identification:_identify(task3) by extensions ['ignore', 'ignore_ament_install']
[0.174s] Level 1:colcon.colcon_core.package_identification:_identify(task3) by extension 'ignore'
[0.174s] Level 1:colcon.colcon_core.package_identification:_identify(task3) by extension 'ignore_ament_install'
[0.174s] Level 1:colcon.colcon_core.package_identification:_identify(task3) by extensions ['colcon_pkg']
[0.174s] Level 1:colcon.colcon_core.package_identification:_identify(task3) by extension 'colcon_pkg'
[0.174s] Level 1:colcon.colcon_core.package_identification:_identify(task3) by extensions ['colcon_meta']
[0.174s] Level 1:colcon.colcon_core.package_identification:_identify(task3) by extension 'colcon_meta'
[0.174s] Level 1:colcon.colcon_core.package_identification:_identify(task3) by extensions ['ros']
[0.174s] Level 1:colcon.colcon_core.package_identification:_identify(task3) by extension 'ros'
[0.175s] DEBUG:colcon.colcon_core.package_identification:Package 'task3' with type 'ros.ament_python' and name 'task3'
[0.175s] Level 1:colcon.colcon_core.package_identification:_identify(tutorial_pkg) by extensions ['ignore', 'ignore_ament_install']
[0.175s] Level 1:colcon.colcon_core.package_identification:_identify(tutorial_pkg) by extension 'ignore'
[0.175s] Level 1:colcon.colcon_core.package_identification:_identify(tutorial_pkg) by extension 'ignore_ament_install'
[0.175s] Level 1:colcon.colcon_core.package_identification:_identify(tutorial_pkg) by extensions ['colcon_pkg']
[0.175s] Level 1:colcon.colcon_core.package_identification:_identify(tutorial_pkg) by extension 'colcon_pkg'
[0.175s] Level 1:colcon.colcon_core.package_identification:_identify(tutorial_pkg) by extensions ['colcon_meta']
[0.175s] Level 1:colcon.colcon_core.package_identification:_identify(tutorial_pkg) by extension 'colcon_meta'
[0.175s] Level 1:colcon.colcon_core.package_identification:_identify(tutorial_pkg) by extensions ['ros']
[0.175s] Level 1:colcon.colcon_core.package_identification:_identify(tutorial_pkg) by extension 'ros'
[0.176s] DEBUG:colcon.colcon_core.package_identification:Package 'tutorial_pkg' with type 'ros.ament_python' and name 'tutorial_pkg'
[0.176s] Level 1:colcon.colcon_core.package_discovery:discover_packages(recursive) using defaults
[0.176s] Level 1:colcon.colcon_core.package_discovery:discover_packages(ignore) discover
[0.176s] Level 1:colcon.colcon_core.package_discovery:discover_packages(ignore) using defaults
[0.176s] Level 1:colcon.colcon_core.package_discovery:discover_packages(path) discover
[0.176s] Level 1:colcon.colcon_core.package_discovery:discover_packages(path) using defaults
[0.196s] Level 1:colcon.colcon_core.package_discovery:discover_packages(prefix_path) check parameters
[0.196s] Level 1:colcon.colcon_core.package_discovery:discover_packages(prefix_path) discover
[0.198s] DEBUG:colcon.colcon_installed_package_information.package_discovery:Found 3 installed packages in /home/lassi/ros2_lab2_ws/src/install
[0.198s] DEBUG:colcon.colcon_installed_package_information.package_discovery:Found 6 installed packages in /home/lassi/install
[0.199s] DEBUG:colcon.colcon_installed_package_information.package_discovery:Found 454 installed packages in /opt/ros/humble
[0.201s] Level 1:colcon.colcon_core.package_discovery:discover_packages(prefix_path) using defaults
[0.234s] Level 5:colcon.colcon_core.verb:set package 'gazebo_example' build argument 'cmake_args' from command line to 'None'
[0.234s] Level 5:colcon.colcon_core.verb:set package 'gazebo_example' build argument 'cmake_target' from command line to 'None'
[0.234s] Level 5:colcon.colcon_core.verb:set package 'gazebo_example' build argument 'cmake_target_skip_unavailable' from command line to 'False'
[0.234s] Level 5:colcon.colcon_core.verb:set package 'gazebo_example' build argument 'cmake_clean_cache' from command line to 'False'
[0.234s] Level 5:colcon.colcon_core.verb:set package 'gazebo_example' build argument 'cmake_clean_first' from command line to 'False'
[0.234s] Level 5:colcon.colcon_core.verb:set package 'gazebo_example' build argument 'cmake_force_configure' from command line to 'False'
[0.234s] Level 5:colcon.colcon_core.verb:set package 'gazebo_example' build argument 'ament_cmake_args' from command line to 'None'
[0.234s] Level 5:colcon.colcon_core.verb:set package 'gazebo_example' build argument 'catkin_cmake_args' from command line to 'None'
[0.234s] Level 5:colcon.colcon_core.verb:set package 'gazebo_example' build argument 'catkin_skip_building_tests' from command line to 'False'
[0.234s] DEBUG:colcon.colcon_core.verb:Building package 'gazebo_example' with the following arguments: {'ament_cmake_args': None, 'build_base': '/home/lassi/ros2_lab2_ws/src/build/gazebo_example', 'catkin_cmake_args': None, 'catkin_skip_building_tests': False, 'cmake_args': None, 'cmake_clean_cache': False, 'cmake_clean_first': False, 'cmake_force_configure': False, 'cmake_target': None, 'cmake_target_skip_unavailable': False, 'install_base': '/home/lassi/ros2_lab2_ws/src/install/gazebo_example', 'merge_install': False, 'path': '/home/lassi/ros2_lab2_ws/src/gazebo_example', 'symlink_install': False, 'test_result_base': None}
[0.234s] Level 5:colcon.colcon_core.verb:set package 'task3' build argument 'cmake_args' from command line to 'None'
[0.234s] Level 5:colcon.colcon_core.verb:set package 'task3' build argument 'cmake_target' from command line to 'None'
[0.234s] Level 5:colcon.colcon_core.verb:set package 'task3' build argument 'cmake_target_skip_unavailable' from command line to 'False'
[0.234s] Level 5:colcon.colcon_core.verb:set package 'task3' build argument 'cmake_clean_cache' from command line to 'False'
[0.234s] Level 5:colcon.colcon_core.verb:set package 'task3' build argument 'cmake_clean_first' from command line to 'False'
[0.234s] Level 5:colcon.colcon_core.verb:set package 'task3' build argument 'cmake_force_configure' from command line to 'False'
[0.234s] Level 5:colcon.colcon_core.verb:set package 'task3' build argument 'ament_cmake_args' from command line to 'None'
[0.234s] Level 5:colcon.colcon_core.verb:set package 'task3' build argument 'catkin_cmake_args' from command line to 'None'
[0.234s] Level 5:colcon.colcon_core.verb:set package 'task3' build argument 'catkin_skip_building_tests' from command line to 'False'
[0.234s] DEBUG:colcon.colcon_core.verb:Building package 'task3' with the following arguments: {'ament_cmake_args': None, 'build_base': '/home/lassi/ros2_lab2_ws/src/build/task3', 'catkin_cmake_args': None, 'catkin_skip_building_tests': False, 'cmake_args': None, 'cmake_clean_cache': False, 'cmake_clean_first': False, 'cmake_force_configure': False, 'cmake_target': None, 'cmake_target_skip_unavailable': False, 'install_base': '/home/lassi/ros2_lab2_ws/src/install/task3', 'merge_install': False, 'path': '/home/lassi/ros2_lab2_ws/src/task3', 'symlink_install': False, 'test_result_base': None}
[0.234s] Level 5:colcon.colcon_core.verb:set package 'tutorial_pkg' build argument 'cmake_args' from command line to 'None'
[0.234s] Level 5:colcon.colcon_core.verb:set package 'tutorial_pkg' build argument 'cmake_target' from command line to 'None'
[0.234s] Level 5:colcon.colcon_core.verb:set package 'tutorial_pkg' build argument 'cmake_target_skip_unavailable' from command line to 'False'
[0.234s] Level 5:colcon.colcon_core.verb:set package 'tutorial_pkg' build argument 'cmake_clean_cache' from command line to 'False'
[0.235s] Level 5:colcon.colcon_core.verb:set package 'tutorial_pkg' build argument 'cmake_clean_first' from command line to 'False'
[0.235s] Level 5:colcon.colcon_core.verb:set package 'tutorial_pkg' build argument 'cmake_force_configure' from command line to 'False'
[0.235s] Level 5:colcon.colcon_core.verb:set package 'tutorial_pkg' build argument 'ament_cmake_args' from command line to 'None'
[0.235s] Level 5:colcon.colcon_core.verb:set package 'tutorial_pkg' build argument 'catkin_cmake_args' from command line to 'None'
[0.235s] Level 5:colcon.colcon_core.verb:set package 'tutorial_pkg' build argument 'catkin_skip_building_tests' from command line to 'False'
[0.235s] DEBUG:colcon.colcon_core.verb:Building package 'tutorial_pkg' with the following arguments: {'ament_cmake_args': None, 'build_base': '/home/lassi/ros2_lab2_ws/src/build/tutorial_pkg', 'catkin_cmake_args': None, 'catkin_skip_building_tests': False, 'cmake_args': None, 'cmake_clean_cache': False, 'cmake_clean_first': False, 'cmake_force_configure': False, 'cmake_target': None, 'cmake_target_skip_unavailable': False, 'install_base': '/home/lassi/ros2_lab2_ws/src/install/tutorial_pkg', 'merge_install': False, 'path': '/home/lassi/ros2_lab2_ws/src/tutorial_pkg', 'symlink_install': False, 'test_result_base': None}
[0.235s] INFO:colcon.colcon_core.executor:Executing jobs using 'parallel' executor
[0.238s] DEBUG:colcon.colcon_parallel_executor.executor.parallel:run_until_complete
[0.239s] INFO:colcon.colcon_ros.task.ament_python.build:Building ROS package in '/home/lassi/ros2_lab2_ws/src/gazebo_example' with build type 'ament_python'
[0.240s] Level 1:colcon.colcon_core.shell:create_environment_hook('gazebo_example', 'ament_prefix_path')
[0.242s] INFO:colcon.colcon_core.plugin_system:Skipping extension 'colcon_core.shell.bat': Not used on non-Windows systems
[0.242s] INFO:colcon.colcon_core.shell:Creating environment hook '/home/lassi/ros2_lab2_ws/src/install/gazebo_example/share/gazebo_example/hook/ament_prefix_path.ps1'
[0.243s] INFO:colcon.colcon_core.shell:Creating environment descriptor '/home/lassi/ros2_lab2_ws/src/install/gazebo_example/share/gazebo_example/hook/ament_prefix_path.dsv'
[0.245s] INFO:colcon.colcon_core.shell:Creating environment hook '/home/lassi/ros2_lab2_ws/src/install/gazebo_example/share/gazebo_example/hook/ament_prefix_path.sh'
[0.246s] INFO:colcon.colcon_core.shell:Skip shell extension 'powershell' for command environment: Not usable outside of PowerShell
[0.246s] DEBUG:colcon.colcon_core.shell:Skip shell extension 'dsv' for command environment
[0.252s] INFO:colcon.colcon_ros.task.ament_python.build:Building ROS package in '/home/lassi/ros2_lab2_ws/src/task3' with build type 'ament_python'
[0.253s] Level 1:colcon.colcon_core.shell:create_environment_hook('task3', 'ament_prefix_path')
[0.253s] INFO:colcon.colcon_core.shell:Creating environment hook '/home/lassi/ros2_lab2_ws/src/install/task3/share/task3/hook/ament_prefix_path.ps1'
[0.253s] INFO:colcon.colcon_core.shell:Creating environment descriptor '/home/lassi/ros2_lab2_ws/src/install/task3/share/task3/hook/ament_prefix_path.dsv'
[0.254s] INFO:colcon.colcon_core.shell:Creating environment hook '/home/lassi/ros2_lab2_ws/src/install/task3/share/task3/hook/ament_prefix_path.sh'
[0.255s] INFO:colcon.colcon_core.shell:Skip shell extension 'powershell' for command environment: Not usable outside of PowerShell
[0.255s] DEBUG:colcon.colcon_core.shell:Skip shell extension 'dsv' for command environment
[0.259s] INFO:colcon.colcon_ros.task.ament_python.build:Building ROS package in '/home/lassi/ros2_lab2_ws/src/tutorial_pkg' with build type 'ament_python'
[0.259s] Level 1:colcon.colcon_core.shell:create_environment_hook('tutorial_pkg', 'ament_prefix_path')
[0.260s] INFO:colcon.colcon_core.shell:Creating environment hook '/home/lassi/ros2_lab2_ws/src/install/tutorial_pkg/share/tutorial_pkg/hook/ament_prefix_path.ps1'
[0.260s] INFO:colcon.colcon_core.shell:Creating environment descriptor '/home/lassi/ros2_lab2_ws/src/install/tutorial_pkg/share/tutorial_pkg/hook/ament_prefix_path.dsv'
[0.261s] INFO:colcon.colcon_core.shell:Creating environment hook '/home/lassi/ros2_lab2_ws/src/install/tutorial_pkg/share/tutorial_pkg/hook/ament_prefix_path.sh'
[0.262s] INFO:colcon.colcon_core.shell:Skip shell extension 'powershell' for command environment: Not usable outside of PowerShell
[0.262s] DEBUG:colcon.colcon_core.shell:Skip shell extension 'dsv' for command environment
[0.465s] INFO:colcon.colcon_core.task.python.build:Building Python package in '/home/lassi/ros2_lab2_ws/src/gazebo_example'
[0.467s] INFO:colcon.colcon_core.shell:Skip shell extension 'powershell' for command environment: Not usable outside of PowerShell
[0.467s] DEBUG:colcon.colcon_core.shell:Skip shell extension 'dsv' for command environment
[0.683s] INFO:colcon.colcon_core.task.python.build:Building Python package in '/home/lassi/ros2_lab2_ws/src/task3'
[0.684s] INFO:colcon.colcon_core.shell:Skip shell extension 'powershell' for command environment: Not usable outside of PowerShell
[0.684s] DEBUG:colcon.colcon_core.shell:Skip shell extension 'dsv' for command environment
[0.887s] INFO:colcon.colcon_core.task.python.build:Building Python package in '/home/lassi/ros2_lab2_ws/src/tutorial_pkg'
[0.888s] INFO:colcon.colcon_core.shell:Skip shell extension 'powershell' for command environment: Not usable outside of PowerShell
[0.888s] DEBUG:colcon.colcon_core.shell:Skip shell extension 'dsv' for command environment
[1.195s] DEBUG:colcon.colcon_core.event_handler.log_command:Invoking command in '/home/lassi/ros2_lab2_ws/src/tutorial_pkg': PYTHONPATH=/home/lassi/ros2_lab2_ws/src/build/tutorial_pkg/prefix_override:/usr/lib/python3/dist-packages/colcon_core/task/python/colcon_distutils_commands:/home/lassi/ros2_lab2_ws/src/install/tutorial_pkg/lib/python3.10/site-packages:${PYTHONPATH} /usr/bin/python3 -W ignore:setup.py install is deprecated -W ignore:easy_install command is deprecated setup.py egg_info --egg-base ../build/tutorial_pkg build --build-base /home/lassi/ros2_lab2_ws/src/build/tutorial_pkg/build install --record /home/lassi/ros2_lab2_ws/src/build/tutorial_pkg/install.log --single-version-externally-managed install_data
[1.198s] DEBUG:colcon.colcon_core.event_handler.log_command:Invoking command in '/home/lassi/ros2_lab2_ws/src/task3': PYTHONPATH=/home/lassi/ros2_lab2_ws/src/build/task3/prefix_override:/usr/lib/python3/dist-packages/colcon_core/task/python/colcon_distutils_commands:/home/lassi/ros2_lab2_ws/src/install/task3/lib/python3.10/site-packages:${PYTHONPATH} /usr/bin/python3 -W ignore:setup.py install is deprecated -W ignore:easy_install command is deprecated setup.py egg_info --egg-base ../build/task3 build --build-base /home/lassi/ros2_lab2_ws/src/build/task3/build install --record /home/lassi/ros2_lab2_ws/src/build/task3/install.log --single-version-externally-managed install_data
[1.200s] DEBUG:colcon.colcon_core.event_handler.log_command:Invoking command in '/home/lassi/ros2_lab2_ws/src/gazebo_example': PYTHONPATH=/home/lassi/ros2_lab2_ws/src/build/gazebo_example/prefix_override:/usr/lib/python3/dist-packages/colcon_core/task/python/colcon_distutils_commands:/home/lassi/ros2_lab2_ws/src/install/gazebo_example/lib/python3.10/site-packages:${PYTHONPATH} /usr/bin/python3 -W ignore:setup.py install is deprecated -W ignore:easy_install command is deprecated setup.py egg_info --egg-base ../build/gazebo_example build --build-base /home/lassi/ros2_lab2_ws/src/build/gazebo_example/build install --record /home/lassi/ros2_lab2_ws/src/build/gazebo_example/install.log --single-version-externally-managed install_data
[1.696s] Level 1:colcon.colcon_core.environment:checking '/home/lassi/ros2_lab2_ws/src/install/tutorial_pkg' for CMake module files
[1.696s] Level 1:colcon.colcon_core.environment:checking '/home/lassi/ros2_lab2_ws/src/install/tutorial_pkg' for CMake config files
[1.705s] Level 1:colcon.colcon_core.environment:checking '/home/lassi/ros2_lab2_ws/src/install/tutorial_pkg/lib'
[1.712s] DEBUG:colcon.colcon_core.event_handler.log_command:Invoked command in '/home/lassi/ros2_lab2_ws/src/tutorial_pkg' returned '0': PYTHONPATH=/home/lassi/ros2_lab2_ws/src/build/tutorial_pkg/prefix_override:/usr/lib/python3/dist-packages/colcon_core/task/python/colcon_distutils_commands:/home/lassi/ros2_lab2_ws/src/install/tutorial_pkg/lib/python3.10/site-packages:${PYTHONPATH} /usr/bin/python3 -W ignore:setup.py install is deprecated -W ignore:easy_install command is deprecated setup.py egg_info --egg-base ../build/tutorial_pkg build --build-base /home/lassi/ros2_lab2_ws/src/build/tutorial_pkg/build install --record /home/lassi/ros2_lab2_ws/src/build/tutorial_pkg/install.log --single-version-externally-managed install_data
[1.720s] Level 1:colcon.colcon_core.environment:checking '/home/lassi/ros2_lab2_ws/src/install/tutorial_pkg/bin'
[1.729s] Level 1:colcon.colcon_core.environment:checking '/home/lassi/ros2_lab2_ws/src/install/tutorial_pkg/lib/pkgconfig/tutorial_pkg.pc'
[1.734s] Level 1:colcon.colcon_core.environment:checking '/home/lassi/ros2_lab2_ws/src/install/tutorial_pkg/lib/python3.10/site-packages'
[1.739s] Level 1:colcon.colcon_core.shell:create_environment_hook('tutorial_pkg', 'pythonpath')
[1.739s] INFO:colcon.colcon_core.shell:Creating environment hook '/home/lassi/ros2_lab2_ws/src/install/tutorial_pkg/share/tutorial_pkg/hook/pythonpath.ps1'
[1.740s] INFO:colcon.colcon_core.shell:Creating environment descriptor '/home/lassi/ros2_lab2_ws/src/install/tutorial_pkg/share/tutorial_pkg/hook/pythonpath.dsv'
[1.742s] INFO:colcon.colcon_core.shell:Creating environment hook '/home/lassi/ros2_lab2_ws/src/install/tutorial_pkg/share/tutorial_pkg/hook/pythonpath.sh'
[1.750s] Level 1:colcon.colcon_core.environment:checking '/home/lassi/ros2_lab2_ws/src/install/tutorial_pkg/bin'
[1.754s] Level 1:colcon.colcon_core.environment:create_environment_scripts_only(tutorial_pkg)
[1.756s] INFO:colcon.colcon_core.shell:Creating package script '/home/lassi/ros2_lab2_ws/src/install/tutorial_pkg/share/tutorial_pkg/package.ps1'
[1.764s] INFO:colcon.colcon_core.shell:Creating package descriptor '/home/lassi/ros2_lab2_ws/src/install/tutorial_pkg/share/tutorial_pkg/package.dsv'
[1.796s] INFO:colcon.colcon_core.shell:Creating package script '/home/lassi/ros2_lab2_ws/src/install/tutorial_pkg/share/tutorial_pkg/package.sh'
[1.817s] INFO:colcon.colcon_core.shell:Creating package script '/home/lassi/ros2_lab2_ws/src/install/tutorial_pkg/share/tutorial_pkg/package.bash'
[1.837s] INFO:colcon.colcon_core.shell:Creating package script '/home/lassi/ros2_lab2_ws/src/install/tutorial_pkg/share/tutorial_pkg/package.zsh'
[1.866s] Level 1:colcon.colcon_core.environment:create_file_with_runtime_dependencies(/home/lassi/ros2_lab2_ws/src/install/tutorial_pkg/share/colcon-core/packages/tutorial_pkg)
[1.904s] Level 1:colcon.colcon_core.environment:checking '/home/lassi/ros2_lab2_ws/src/install/task3' for CMake module files
[1.904s] Level 1:colcon.colcon_core.environment:checking '/home/lassi/ros2_lab2_ws/src/install/task3' for CMake config files
[1.919s] Level 1:colcon.colcon_core.environment:checking '/home/lassi/ros2_lab2_ws/src/install/task3/lib'
[1.920s] DEBUG:colcon.colcon_core.event_handler.log_command:Invoked command in '/home/lassi/ros2_lab2_ws/src/task3' returned '0': PYTHONPATH=/home/lassi/ros2_lab2_ws/src/build/task3/prefix_override:/usr/lib/python3/dist-packages/colcon_core/task/python/colcon_distutils_commands:/home/lassi/ros2_lab2_ws/src/install/task3/lib/python3.10/site-packages:${PYTHONPATH} /usr/bin/python3 -W ignore:setup.py install is deprecated -W ignore:easy_install command is deprecated setup.py egg_info --egg-base ../build/task3 build --build-base /home/lassi/ros2_lab2_ws/src/build/task3/build install --record /home/lassi/ros2_lab2_ws/src/build/task3/install.log --single-version-externally-managed install_data
[1.924s] Level 1:colcon.colcon_core.environment:checking '/home/lassi/ros2_lab2_ws/src/install/task3/bin'
[1.926s] Level 1:colcon.colcon_core.environment:checking '/home/lassi/ros2_lab2_ws/src/install/task3/lib/pkgconfig/task3.pc'
[1.929s] Level 1:colcon.colcon_core.environment:checking '/home/lassi/ros2_lab2_ws/src/install/task3/lib/python3.10/site-packages'
[1.929s] Level 1:colcon.colcon_core.shell:create_environment_hook('task3', 'pythonpath')
[1.931s] INFO:colcon.colcon_core.shell:Creating environment hook '/home/lassi/ros2_lab2_ws/src/install/task3/share/task3/hook/pythonpath.ps1'
[1.935s] INFO:colcon.colcon_core.shell:Creating environment descriptor '/home/lassi/ros2_lab2_ws/src/install/task3/share/task3/hook/pythonpath.dsv'
[1.937s] INFO:colcon.colcon_core.shell:Creating environment hook '/home/lassi/ros2_lab2_ws/src/install/task3/share/task3/hook/pythonpath.sh'
[1.945s] Level 1:colcon.colcon_core.environment:checking '/home/lassi/ros2_lab2_ws/src/install/task3/bin'
[1.945s] Level 1:colcon.colcon_core.environment:create_environment_scripts_only(task3)
[1.946s] INFO:colcon.colcon_core.shell:Creating package script '/home/lassi/ros2_lab2_ws/src/install/task3/share/task3/package.ps1'
[1.951s] INFO:colcon.colcon_core.shell:Creating package descriptor '/home/lassi/ros2_lab2_ws/src/install/task3/share/task3/package.dsv'
[1.953s] INFO:colcon.colcon_core.shell:Creating package script '/home/lassi/ros2_lab2_ws/src/install/task3/share/task3/package.sh'
[1.957s] INFO:colcon.colcon_core.shell:Creating package script '/home/lassi/ros2_lab2_ws/src/install/task3/share/task3/package.bash'
[1.958s] INFO:colcon.colcon_core.shell:Creating package script '/home/lassi/ros2_lab2_ws/src/install/task3/share/task3/package.zsh'
[1.959s] Level 1:colcon.colcon_core.environment:create_file_with_runtime_dependencies(/home/lassi/ros2_lab2_ws/src/install/task3/share/colcon-core/packages/task3)
[1.965s] Level 1:colcon.colcon_core.environment:checking '/home/lassi/ros2_lab2_ws/src/install/gazebo_example' for CMake module files
[1.970s] Level 1:colcon.colcon_core.environment:checking '/home/lassi/ros2_lab2_ws/src/install/gazebo_example' for CMake config files
[1.984s] Level 1:colcon.colcon_core.environment:checking '/home/lassi/ros2_lab2_ws/src/install/gazebo_example/lib'
[1.984s] Level 1:colcon.colcon_core.environment:checking '/home/lassi/ros2_lab2_ws/src/install/gazebo_example/bin'
[1.984s] Level 1:colcon.colcon_core.environment:checking '/home/lassi/ros2_lab2_ws/src/install/gazebo_example/lib/pkgconfig/gazebo_example.pc'
[1.984s] Level 1:colcon.colcon_core.environment:checking '/home/lassi/ros2_lab2_ws/src/install/gazebo_example/lib/python3.10/site-packages'
[1.985s] Level 1:colcon.colcon_core.shell:create_environment_hook('gazebo_example', 'pythonpath')
[1.989s] INFO:colcon.colcon_core.shell:Creating environment hook '/home/lassi/ros2_lab2_ws/src/install/gazebo_example/share/gazebo_example/hook/pythonpath.ps1'
[1.996s] DEBUG:colcon.colcon_core.event_handler.log_command:Invoked command in '/home/lassi/ros2_lab2_ws/src/gazebo_example' returned '0': PYTHONPATH=/home/lassi/ros2_lab2_ws/src/build/gazebo_example/prefix_override:/usr/lib/python3/dist-packages/colcon_core/task/python/colcon_distutils_commands:/home/lassi/ros2_lab2_ws/src/install/gazebo_example/lib/python3.10/site-packages:${PYTHONPATH} /usr/bin/python3 -W ignore:setup.py install is deprecated -W ignore:easy_install command is deprecated setup.py egg_info --egg-base ../build/gazebo_example build --build-base /home/lassi/ros2_lab2_ws/src/build/gazebo_example/build install --record /home/lassi/ros2_lab2_ws/src/build/gazebo_example/install.log --single-version-externally-managed install_data
[2.010s] INFO:colcon.colcon_core.shell:Creating environment descriptor '/home/lassi/ros2_lab2_ws/src/install/gazebo_example/share/gazebo_example/hook/pythonpath.dsv'
[2.021s] INFO:colcon.colcon_core.shell:Creating environment hook '/home/lassi/ros2_lab2_ws/src/install/gazebo_example/share/gazebo_example/hook/pythonpath.sh'
[2.034s] Level 1:colcon.colcon_core.environment:checking '/home/lassi/ros2_lab2_ws/src/install/gazebo_example/bin'
[2.036s] Level 1:colcon.colcon_core.environment:create_environment_scripts_only(gazebo_example)
[2.036s] INFO:colcon.colcon_core.shell:Creating package script '/home/lassi/ros2_lab2_ws/src/install/gazebo_example/share/gazebo_example/package.ps1'
[2.047s] INFO:colcon.colcon_core.shell:Creating package descriptor '/home/lassi/ros2_lab2_ws/src/install/gazebo_example/share/gazebo_example/package.dsv'
[2.051s] INFO:colcon.colcon_core.shell:Creating package script '/home/lassi/ros2_lab2_ws/src/install/gazebo_example/share/gazebo_example/package.sh'
[2.067s] INFO:colcon.colcon_core.shell:Creating package script '/home/lassi/ros2_lab2_ws/src/install/gazebo_example/share/gazebo_example/package.bash'
[2.073s] INFO:colcon.colcon_core.shell:Creating package script '/home/lassi/ros2_lab2_ws/src/install/gazebo_example/share/gazebo_example/package.zsh'
[2.086s] Level 1:colcon.colcon_core.environment:create_file_with_runtime_dependencies(/home/lassi/ros2_lab2_ws/src/install/gazebo_example/share/colcon-core/packages/gazebo_example)
[2.087s] DEBUG:colcon.colcon_parallel_executor.executor.parallel:closing loop
[2.088s] DEBUG:colcon.colcon_parallel_executor.executor.parallel:loop closed
[2.088s] DEBUG:colcon.colcon_parallel_executor.executor.parallel:run_until_complete finished with '0'
[2.089s] DEBUG:colcon.colcon_core.event_reactor:joining thread
[2.122s] INFO:colcon.colcon_core.plugin_system:Skipping extension 'colcon_notification.desktop_notification.terminal_notifier': Not used on non-Darwin systems
[2.122s] INFO:colcon.colcon_core.plugin_system:Skipping extension 'colcon_notification.desktop_notification.win32': Not used on non-Windows systems
[2.122s] INFO:colcon.colcon_notification.desktop_notification:Sending desktop notification using 'notify2'
[2.148s] DEBUG:colcon.colcon_core.event_reactor:joined thread
[2.148s] INFO:colcon.colcon_core.shell:Creating prefix script '/home/lassi/ros2_lab2_ws/src/install/local_setup.ps1'
[2.150s] INFO:colcon.colcon_core.shell:Creating prefix util module '/home/lassi/ros2_lab2_ws/src/install/_local_setup_util_ps1.py'
[2.152s] INFO:colcon.colcon_core.shell:Creating prefix chain script '/home/lassi/ros2_lab2_ws/src/install/setup.ps1'
[2.157s] INFO:colcon.colcon_core.shell:Creating prefix script '/home/lassi/ros2_lab2_ws/src/install/local_setup.sh'
[2.158s] INFO:colcon.colcon_core.shell:Creating prefix util module '/home/lassi/ros2_lab2_ws/src/install/_local_setup_util_sh.py'
[2.159s] INFO:colcon.colcon_core.shell:Creating prefix chain script '/home/lassi/ros2_lab2_ws/src/install/setup.sh'
[2.162s] INFO:colcon.colcon_core.shell:Creating prefix script '/home/lassi/ros2_lab2_ws/src/install/local_setup.bash'
[2.163s] INFO:colcon.colcon_core.shell:Creating prefix chain script '/home/lassi/ros2_lab2_ws/src/install/setup.bash'
[2.164s] INFO:colcon.colcon_core.shell:Creating prefix script '/home/lassi/ros2_lab2_ws/src/install/local_setup.zsh'
[2.165s] INFO:colcon.colcon_core.shell:Creating prefix chain script '/home/lassi/ros2_lab2_ws/src/install/setup.zsh'
