running egg_info
creating ../../build/distance_service/distance_service.egg-info
writing ../../build/distance_service/distance_service.egg-info/PKG-INFO
writing dependency_links to ../../build/distance_service/distance_service.egg-info/dependency_links.txt
writing entry points to ../../build/distance_service/distance_service.egg-info/entry_points.txt
writing requirements to ../../build/distance_service/distance_service.egg-info/requires.txt
writing top-level names to ../../build/distance_service/distance_service.egg-info/top_level.txt
writing manifest file '../../build/distance_service/distance_service.egg-info/SOURCES.txt'
reading manifest file '../../build/distance_service/distance_service.egg-info/SOURCES.txt'
adding license file 'LICENSE'
writing manifest file '../../build/distance_service/distance_service.egg-info/SOURCES.txt'
running build
running build_py
creating /home/mahmmudqatmh/ros2_ws/build/distance_service/build
creating /home/mahmmudqatmh/ros2_ws/build/distance_service/build/lib
creating /home/mahmmudqatmh/ros2_ws/build/distance_service/build/lib/distance_service
copying distance_service/distance_client.py -> /home/mahmmudqatmh/ros2_ws/build/distance_service/build/lib/distance_service
copying distance_service/distance_server.py -> /home/mahmmudqatmh/ros2_ws/build/distance_service/build/lib/distance_service
copying distance_service/__init__.py -> /home/mahmmudqatmh/ros2_ws/build/distance_service/build/lib/distance_service
running install
running install_lib
creating /home/mahmmudqatmh/ros2_ws/install/distance_service/lib/python3.10/site-packages/distance_service
copying /home/mahmmudqatmh/ros2_ws/build/distance_service/build/lib/distance_service/distance_client.py -> /home/mahmmudqatmh/ros2_ws/install/distance_service/lib/python3.10/site-packages/distance_service
copying /home/mahmmudqatmh/ros2_ws/build/distance_service/build/lib/distance_service/distance_server.py -> /home/mahmmudqatmh/ros2_ws/install/distance_service/lib/python3.10/site-packages/distance_service
copying /home/mahmmudqatmh/ros2_ws/build/distance_service/build/lib/distance_service/__init__.py -> /home/mahmmudqatmh/ros2_ws/install/distance_service/lib/python3.10/site-packages/distance_service
byte-compiling /home/mahmmudqatmh/ros2_ws/install/distance_service/lib/python3.10/site-packages/distance_service/distance_client.py to distance_client.cpython-310.pyc
byte-compiling /home/mahmmudqatmh/ros2_ws/install/distance_service/lib/python3.10/site-packages/distance_service/distance_server.py to distance_server.cpython-310.pyc
byte-compiling /home/mahmmudqatmh/ros2_ws/install/distance_service/lib/python3.10/site-packages/distance_service/__init__.py to __init__.cpython-310.pyc
running install_data
creating /home/mahmmudqatmh/ros2_ws/install/distance_service/share/ament_index
creating /home/mahmmudqatmh/ros2_ws/install/distance_service/share/ament_index/resource_index
creating /home/mahmmudqatmh/ros2_ws/install/distance_service/share/ament_index/resource_index/packages
copying resource/distance_service -> /home/mahmmudqatmh/ros2_ws/install/distance_service/share/ament_index/resource_index/packages
copying package.xml -> /home/mahmmudqatmh/ros2_ws/install/distance_service/share/distance_service
running install_egg_info
Copying ../../build/distance_service/distance_service.egg-info to /home/mahmmudqatmh/ros2_ws/install/distance_service/lib/python3.10/site-packages/distance_service-0.0.0-py3.10.egg-info
running install_scripts
Installing distance_client script to /home/mahmmudqatmh/ros2_ws/install/distance_service/lib/distance_service
Installing distance_server script to /home/mahmmudqatmh/ros2_ws/install/distance_service/lib/distance_service
writing list of installed files to '/home/mahmmudqatmh/ros2_ws/build/distance_service/install.log'
