[0.353s] Invoking command in '/home/mahmmudqatmh/ros2_ws/src/distance_service': AMENT_PREFIX_PATH=/home/mahmmudqatmh/ros2_ws/install/custom_interface:${AMENT_PREFIX_PATH} CMAKE_PREFIX_PATH=/home/mahmmudqatmh/ros2_ws/install/custom_interface LD_LIBRARY_PATH=/home/mahmmudqatmh/ros2_ws/install/custom_interface/lib:${LD_LIBRARY_PATH} PYTHONPATH=/home/mahmmudqatmh/ros2_ws/build/distance_service/prefix_override:/usr/lib/python3/dist-packages/colcon_core/task/python/colcon_distutils_commands:/home/mahmmudqatmh/ros2_ws/install/distance_service/lib/python3.10/site-packages:/home/mahmmudqatmh/ros2_ws/install/custom_interface/local/lib/python3.10/dist-packages:${PYTHONPATH} /usr/bin/python3 -W ignore:setup.py install is deprecated -W ignore:easy_install command is deprecated setup.py egg_info --egg-base ../../build/distance_service build --build-base /home/mahmmudqatmh/ros2_ws/build/distance_service/build install --record /home/mahmmudqatmh/ros2_ws/build/distance_service/install.log --single-version-externally-managed install_data
[0.488s] running egg_info
[0.489s] creating ../../build/distance_service/distance_service.egg-info
[0.489s] writing ../../build/distance_service/distance_service.egg-info/PKG-INFO
[0.489s] writing dependency_links to ../../build/distance_service/distance_service.egg-info/dependency_links.txt
[0.489s] writing entry points to ../../build/distance_service/distance_service.egg-info/entry_points.txt
[0.489s] writing requirements to ../../build/distance_service/distance_service.egg-info/requires.txt
[0.489s] writing top-level names to ../../build/distance_service/distance_service.egg-info/top_level.txt
[0.489s] writing manifest file '../../build/distance_service/distance_service.egg-info/SOURCES.txt'
[0.490s] reading manifest file '../../build/distance_service/distance_service.egg-info/SOURCES.txt'
[0.490s] adding license file 'LICENSE'
[0.491s] writing manifest file '../../build/distance_service/distance_service.egg-info/SOURCES.txt'
[0.491s] running build
[0.491s] running build_py
[0.491s] creating /home/mahmmudqatmh/ros2_ws/build/distance_service/build
[0.491s] creating /home/mahmmudqatmh/ros2_ws/build/distance_service/build/lib
[0.491s] creating /home/mahmmudqatmh/ros2_ws/build/distance_service/build/lib/distance_service
[0.491s] copying distance_service/distance_client.py -> /home/mahmmudqatmh/ros2_ws/build/distance_service/build/lib/distance_service
[0.491s] copying distance_service/distance_server.py -> /home/mahmmudqatmh/ros2_ws/build/distance_service/build/lib/distance_service
[0.491s] copying distance_service/__init__.py -> /home/mahmmudqatmh/ros2_ws/build/distance_service/build/lib/distance_service
[0.491s] running install
[0.491s] running install_lib
[0.491s] creating /home/mahmmudqatmh/ros2_ws/install/distance_service/lib/python3.10/site-packages/distance_service
[0.491s] copying /home/mahmmudqatmh/ros2_ws/build/distance_service/build/lib/distance_service/distance_client.py -> /home/mahmmudqatmh/ros2_ws/install/distance_service/lib/python3.10/site-packages/distance_service
[0.492s] copying /home/mahmmudqatmh/ros2_ws/build/distance_service/build/lib/distance_service/distance_server.py -> /home/mahmmudqatmh/ros2_ws/install/distance_service/lib/python3.10/site-packages/distance_service
[0.492s] copying /home/mahmmudqatmh/ros2_ws/build/distance_service/build/lib/distance_service/__init__.py -> /home/mahmmudqatmh/ros2_ws/install/distance_service/lib/python3.10/site-packages/distance_service
[0.492s] byte-compiling /home/mahmmudqatmh/ros2_ws/install/distance_service/lib/python3.10/site-packages/distance_service/distance_client.py to distance_client.cpython-310.pyc
[0.492s] byte-compiling /home/mahmmudqatmh/ros2_ws/install/distance_service/lib/python3.10/site-packages/distance_service/distance_server.py to distance_server.cpython-310.pyc
[0.492s] byte-compiling /home/mahmmudqatmh/ros2_ws/install/distance_service/lib/python3.10/site-packages/distance_service/__init__.py to __init__.cpython-310.pyc
[0.492s] running install_data
[0.492s] creating /home/mahmmudqatmh/ros2_ws/install/distance_service/share/ament_index
[0.493s] creating /home/mahmmudqatmh/ros2_ws/install/distance_service/share/ament_index/resource_index
[0.493s] creating /home/mahmmudqatmh/ros2_ws/install/distance_service/share/ament_index/resource_index/packages
[0.493s] copying resource/distance_service -> /home/mahmmudqatmh/ros2_ws/install/distance_service/share/ament_index/resource_index/packages
[0.493s] copying package.xml -> /home/mahmmudqatmh/ros2_ws/install/distance_service/share/distance_service
[0.493s] running install_egg_info
[0.494s] Copying ../../build/distance_service/distance_service.egg-info to /home/mahmmudqatmh/ros2_ws/install/distance_service/lib/python3.10/site-packages/distance_service-0.0.0-py3.10.egg-info
[0.495s] running install_scripts
[0.507s] Installing distance_client script to /home/mahmmudqatmh/ros2_ws/install/distance_service/lib/distance_service
[0.508s] Installing distance_server script to /home/mahmmudqatmh/ros2_ws/install/distance_service/lib/distance_service
[0.508s] writing list of installed files to '/home/mahmmudqatmh/ros2_ws/build/distance_service/install.log'
[0.521s] Invoked command in '/home/mahmmudqatmh/ros2_ws/src/distance_service' returned '0': AMENT_PREFIX_PATH=/home/mahmmudqatmh/ros2_ws/install/custom_interface:${AMENT_PREFIX_PATH} CMAKE_PREFIX_PATH=/home/mahmmudqatmh/ros2_ws/install/custom_interface LD_LIBRARY_PATH=/home/mahmmudqatmh/ros2_ws/install/custom_interface/lib:${LD_LIBRARY_PATH} PYTHONPATH=/home/mahmmudqatmh/ros2_ws/build/distance_service/prefix_override:/usr/lib/python3/dist-packages/colcon_core/task/python/colcon_distutils_commands:/home/mahmmudqatmh/ros2_ws/install/distance_service/lib/python3.10/site-packages:/home/mahmmudqatmh/ros2_ws/install/custom_interface/local/lib/python3.10/dist-packages:${PYTHONPATH} /usr/bin/python3 -W ignore:setup.py install is deprecated -W ignore:easy_install command is deprecated setup.py egg_info --egg-base ../../build/distance_service build --build-base /home/mahmmudqatmh/ros2_ws/build/distance_service/build install --record /home/mahmmudqatmh/ros2_ws/build/distance_service/install.log --single-version-externally-managed install_data
