[0.066s] DEBUG:colcon:Command line arguments: ['/usr/bin/colcon', 'build']
[0.066s] DEBUG:colcon:Parsed command line arguments: Namespace(log_base=None, log_level=None, verb_name='build', build_base='build', install_base='install', merge_install=False, symlink_install=False, test_result_base=None, continue_on_error=False, executor='parallel', parallel_workers=10, event_handlers=None, ignore_user_meta=False, metas=['./colcon.meta'], base_paths=['.'], packages_ignore=None, packages_ignore_regex=None, paths=None, packages_up_to=None, packages_up_to_regex=None, packages_above=None, packages_above_and_dependencies=None, packages_above_depth=None, packages_select_by_dep=None, packages_skip_by_dep=None, packages_skip_up_to=None, packages_select_build_failed=False, packages_skip_build_finished=False, packages_select_test_failures=False, packages_skip_test_passed=False, packages_select=None, packages_skip=None, packages_select_regex=None, packages_skip_regex=None, packages_start=None, packages_end=None, allow_overriding=[], cmake_args=None, cmake_target=None, cmake_target_skip_unavailable=False, cmake_clean_cache=False, cmake_clean_first=False, cmake_force_configure=False, ament_cmake_args=None, catkin_cmake_args=None, catkin_skip_building_tests=False, verb_parser=<colcon_defaults.argument_parser.defaults.DefaultArgumentsDecorator object at 0x7089db05e5f0>, verb_extension=<colcon_core.verb.build.BuildVerb object at 0x7089db05dcf0>, main=<bound method BuildVerb.main of <colcon_core.verb.build.BuildVerb object at 0x7089db05dcf0>>)
[0.179s] Level 1:colcon.colcon_core.package_discovery:discover_packages(colcon_meta) check parameters
[0.179s] Level 1:colcon.colcon_core.package_discovery:discover_packages(recursive) check parameters
[0.179s] Level 1:colcon.colcon_core.package_discovery:discover_packages(ignore) check parameters
[0.179s] Level 1:colcon.colcon_core.package_discovery:discover_packages(path) check parameters
[0.179s] Level 1:colcon.colcon_core.package_discovery:discover_packages(colcon_meta) discover
[0.180s] Level 1:colcon.colcon_core.package_discovery:discover_packages(recursive) discover
[0.180s] INFO:colcon.colcon_core.package_discovery:Crawling recursively for packages in '/home/lassi/ros2_lab2_ws/src'
[0.180s] Level 1:colcon.colcon_core.package_identification:_identify(.) by extensions ['ignore', 'ignore_ament_install']
[0.180s] Level 1:colcon.colcon_core.package_identification:_identify(.) by extension 'ignore'
[0.180s] Level 1:colcon.colcon_core.package_identification:_identify(.) by extension 'ignore_ament_install'
[0.180s] Level 1:colcon.colcon_core.package_identification:_identify(.) by extensions ['colcon_pkg']
[0.180s] Level 1:colcon.colcon_core.package_identification:_identify(.) by extension 'colcon_pkg'
[0.180s] Level 1:colcon.colcon_core.package_identification:_identify(.) by extensions ['colcon_meta']
[0.180s] Level 1:colcon.colcon_core.package_identification:_identify(.) by extension 'colcon_meta'
[0.180s] Level 1:colcon.colcon_core.package_identification:_identify(.) by extensions ['ros']
[0.180s] Level 1:colcon.colcon_core.package_identification:_identify(.) by extension 'ros'
[0.186s] Level 1:colcon.colcon_core.package_identification:_identify(.) by extensions ['cmake', 'python']
[0.186s] Level 1:colcon.colcon_core.package_identification:_identify(.) by extension 'cmake'
[0.187s] Level 1:colcon.colcon_core.package_identification:_identify(.) by extension 'python'
[0.187s] Level 1:colcon.colcon_core.package_identification:_identify(.) by extensions ['python_setup_py']
[0.187s] Level 1:colcon.colcon_core.package_identification:_identify(.) by extension 'python_setup_py'
[0.187s] Level 1:colcon.colcon_core.package_identification:_identify(build) by extensions ['ignore', 'ignore_ament_install']
[0.187s] Level 1:colcon.colcon_core.package_identification:_identify(build) by extension 'ignore'
[0.187s] Level 1:colcon.colcon_core.package_identification:_identify(build) ignored
[0.188s] Level 1:colcon.colcon_core.package_identification:_identify(gazebo_example) by extensions ['ignore', 'ignore_ament_install']
[0.188s] Level 1:colcon.colcon_core.package_identification:_identify(gazebo_example) by extension 'ignore'
[0.188s] Level 1:colcon.colcon_core.package_identification:_identify(gazebo_example) by extension 'ignore_ament_install'
[0.188s] Level 1:colcon.colcon_core.package_identification:_identify(gazebo_example) by extensions ['colcon_pkg']
[0.188s] Level 1:colcon.colcon_core.package_identification:_identify(gazebo_example) by extension 'colcon_pkg'
[0.188s] Level 1:colcon.colcon_core.package_identification:_identify(gazebo_example) by extensions ['colcon_meta']
[0.188s] Level 1:colcon.colcon_core.package_identification:_identify(gazebo_example) by extension 'colcon_meta'
[0.188s] Level 1:colcon.colcon_core.package_identification:_identify(gazebo_example) by extensions ['ros']
[0.188s] Level 1:colcon.colcon_core.package_identification:_identify(gazebo_example) by extension 'ros'
[0.189s] DEBUG:colcon.colcon_core.package_identification:Package 'gazebo_example' with type 'ros.ament_python' and name 'gazebo_example'
[0.190s] Level 1:colcon.colcon_core.package_identification:_identify(install) by extensions ['ignore', 'ignore_ament_install']
[0.190s] Level 1:colcon.colcon_core.package_identification:_identify(install) by extension 'ignore'
[0.190s] Level 1:colcon.colcon_core.package_identification:_identify(install) ignored
[0.190s] Level 1:colcon.colcon_core.package_identification:_identify(log) by extensions ['ignore', 'ignore_ament_install']
[0.190s] Level 1:colcon.colcon_core.package_identification:_identify(log) by extension 'ignore'
[0.190s] Level 1:colcon.colcon_core.package_identification:_identify(log) ignored
[0.190s] Level 1:colcon.colcon_core.package_identification:_identify(report) by extensions ['ignore', 'ignore_ament_install']
[0.190s] Level 1:colcon.colcon_core.package_identification:_identify(report) by extension 'ignore'
[0.190s] Level 1:colcon.colcon_core.package_identification:_identify(report) by extension 'ignore_ament_install'
[0.190s] Level 1:colcon.colcon_core.package_identification:_identify(report) by extensions ['colcon_pkg']
[0.190s] Level 1:colcon.colcon_core.package_identification:_identify(report) by extension 'colcon_pkg'
[0.190s] Level 1:colcon.colcon_core.package_identification:_identify(report) by extensions ['colcon_meta']
[0.190s] Level 1:colcon.colcon_core.package_identification:_identify(report) by extension 'colcon_meta'
[0.190s] Level 1:colcon.colcon_core.package_identification:_identify(report) by extensions ['ros']
[0.190s] Level 1:colcon.colcon_core.package_identification:_identify(report) by extension 'ros'
[0.190s] Level 1:colcon.colcon_core.package_identification:_identify(report) by extensions ['cmake', 'python']
[0.190s] Level 1:colcon.colcon_core.package_identification:_identify(report) by extension 'cmake'
[0.190s] Level 1:colcon.colcon_core.package_identification:_identify(report) by extension 'python'
[0.190s] Level 1:colcon.colcon_core.package_identification:_identify(report) by extensions ['python_setup_py']
[0.190s] Level 1:colcon.colcon_core.package_identification:_identify(report) by extension 'python_setup_py'
[0.190s] Level 1:colcon.colcon_core.package_identification:_identify(task3) by extensions ['ignore', 'ignore_ament_install']
[0.191s] Level 1:colcon.colcon_core.package_identification:_identify(task3) by extension 'ignore'
[0.191s] Level 1:colcon.colcon_core.package_identification:_identify(task3) by extension 'ignore_ament_install'
[0.191s] Level 1:colcon.colcon_core.package_identification:_identify(task3) by extensions ['colcon_pkg']
[0.191s] Level 1:colcon.colcon_core.package_identification:_identify(task3) by extension 'colcon_pkg'
[0.191s] Level 1:colcon.colcon_core.package_identification:_identify(task3) by extensions ['colcon_meta']
[0.191s] Level 1:colcon.colcon_core.package_identification:_identify(task3) by extension 'colcon_meta'
[0.191s] Level 1:colcon.colcon_core.package_identification:_identify(task3) by extensions ['ros']
[0.191s] Level 1:colcon.colcon_core.package_identification:_identify(task3) by extension 'ros'
[0.191s] DEBUG:colcon.colcon_core.package_identification:Package 'task3' with type 'ros.ament_python' and name 'task3'
[0.191s] Level 1:colcon.colcon_core.package_identification:_identify(tutorial_pkg) by extensions ['ignore', 'ignore_ament_install']
[0.191s] Level 1:colcon.colcon_core.package_identification:_identify(tutorial_pkg) by extension 'ignore'
[0.192s] Level 1:colcon.colcon_core.package_identification:_identify(tutorial_pkg) by extension 'ignore_ament_install'
[0.192s] Level 1:colcon.colcon_core.package_identification:_identify(tutorial_pkg) by extensions ['colcon_pkg']
[0.192s] Level 1:colcon.colcon_core.package_identification:_identify(tutorial_pkg) by extension 'colcon_pkg'
[0.192s] Level 1:colcon.colcon_core.package_identification:_identify(tutorial_pkg) by extensions ['colcon_meta']
[0.192s] Level 1:colcon.colcon_core.package_identification:_identify(tutorial_pkg) by extension 'colcon_meta'
[0.192s] Level 1:colcon.colcon_core.package_identification:_identify(tutorial_pkg) by extensions ['ros']
[0.192s] Level 1:colcon.colcon_core.package_identification:_identify(tutorial_pkg) by extension 'ros'
[0.192s] DEBUG:colcon.colcon_core.package_identification:Package 'tutorial_pkg' with type 'ros.ament_python' and name 'tutorial_pkg'
[0.192s] Level 1:colcon.colcon_core.package_discovery:discover_packages(recursive) using defaults
[0.192s] Level 1:colcon.colcon_core.package_discovery:discover_packages(ignore) discover
[0.192s] Level 1:colcon.colcon_core.package_discovery:discover_packages(ignore) using defaults
[0.192s] Level 1:colcon.colcon_core.package_discovery:discover_packages(path) discover
[0.192s] Level 1:colcon.colcon_core.package_discovery:discover_packages(path) using defaults
[0.211s] Level 1:colcon.colcon_core.package_discovery:discover_packages(prefix_path) check parameters
[0.212s] Level 1:colcon.colcon_core.package_discovery:discover_packages(prefix_path) discover
[0.213s] DEBUG:colcon.colcon_installed_package_information.package_discovery:Found 3 installed packages in /home/lassi/ros2_lab2_ws/src/install
[0.213s] DEBUG:colcon.colcon_installed_package_information.package_discovery:Found 6 installed packages in /home/lassi/install
[0.214s] DEBUG:colcon.colcon_installed_package_information.package_discovery:Found 454 installed packages in /opt/ros/humble
[0.216s] Level 1:colcon.colcon_core.package_discovery:discover_packages(prefix_path) using defaults
[0.254s] Level 5:colcon.colcon_core.verb:set package 'gazebo_example' build argument 'cmake_args' from command line to 'None'
[0.254s] Level 5:colcon.colcon_core.verb:set package 'gazebo_example' build argument 'cmake_target' from command line to 'None'
[0.254s] Level 5:colcon.colcon_core.verb:set package 'gazebo_example' build argument 'cmake_target_skip_unavailable' from command line to 'False'
[0.254s] Level 5:colcon.colcon_core.verb:set package 'gazebo_example' build argument 'cmake_clean_cache' from command line to 'False'
[0.254s] Level 5:colcon.colcon_core.verb:set package 'gazebo_example' build argument 'cmake_clean_first' from command line to 'False'
[0.254s] Level 5:colcon.colcon_core.verb:set package 'gazebo_example' build argument 'cmake_force_configure' from command line to 'False'
[0.254s] Level 5:colcon.colcon_core.verb:set package 'gazebo_example' build argument 'ament_cmake_args' from command line to 'None'
[0.254s] Level 5:colcon.colcon_core.verb:set package 'gazebo_example' build argument 'catkin_cmake_args' from command line to 'None'
[0.254s] Level 5:colcon.colcon_core.verb:set package 'gazebo_example' build argument 'catkin_skip_building_tests' from command line to 'False'
[0.254s] DEBUG:colcon.colcon_core.verb:Building package 'gazebo_example' with the following arguments: {'ament_cmake_args': None, 'build_base': '/home/lassi/ros2_lab2_ws/src/build/gazebo_example', 'catkin_cmake_args': None, 'catkin_skip_building_tests': False, 'cmake_args': None, 'cmake_clean_cache': False, 'cmake_clean_first': False, 'cmake_force_configure': False, 'cmake_target': None, 'cmake_target_skip_unavailable': False, 'install_base': '/home/lassi/ros2_lab2_ws/src/install/gazebo_example', 'merge_install': False, 'path': '/home/lassi/ros2_lab2_ws/src/gazebo_example', 'symlink_install': False, 'test_result_base': None}
[0.254s] Level 5:colcon.colcon_core.verb:set package 'task3' build argument 'cmake_args' from command line to 'None'
[0.255s] Level 5:colcon.colcon_core.verb:set package 'task3' build argument 'cmake_target' from command line to 'None'
[0.255s] Level 5:colcon.colcon_core.verb:set package 'task3' build argument 'cmake_target_skip_unavailable' from command line to 'False'
[0.255s] Level 5:colcon.colcon_core.verb:set package 'task3' build argument 'cmake_clean_cache' from command line to 'False'
[0.255s] Level 5:colcon.colcon_core.verb:set package 'task3' build argument 'cmake_clean_first' from command line to 'False'
[0.255s] Level 5:colcon.colcon_core.verb:set package 'task3' build argument 'cmake_force_configure' from command line to 'False'
[0.255s] Level 5:colcon.colcon_core.verb:set package 'task3' build argument 'ament_cmake_args' from command line to 'None'
[0.255s] Level 5:colcon.colcon_core.verb:set package 'task3' build argument 'catkin_cmake_args' from command line to 'None'
[0.255s] Level 5:colcon.colcon_core.verb:set package 'task3' build argument 'catkin_skip_building_tests' from command line to 'False'
[0.255s] DEBUG:colcon.colcon_core.verb:Building package 'task3' with the following arguments: {'ament_cmake_args': None, 'build_base': '/home/lassi/ros2_lab2_ws/src/build/task3', 'catkin_cmake_args': None, 'catkin_skip_building_tests': False, 'cmake_args': None, 'cmake_clean_cache': False, 'cmake_clean_first': False, 'cmake_force_configure': False, 'cmake_target': None, 'cmake_target_skip_unavailable': False, 'install_base': '/home/lassi/ros2_lab2_ws/src/install/task3', 'merge_install': False, 'path': '/home/lassi/ros2_lab2_ws/src/task3', 'symlink_install': False, 'test_result_base': None}
[0.256s] Level 5:colcon.colcon_core.verb:set package 'tutorial_pkg' build argument 'cmake_args' from command line to 'None'
[0.256s] Level 5:colcon.colcon_core.verb:set package 'tutorial_pkg' build argument 'cmake_target' from command line to 'None'
[0.256s] Level 5:colcon.colcon_core.verb:set package 'tutorial_pkg' build argument 'cmake_target_skip_unavailable' from command line to 'False'
[0.256s] Level 5:colcon.colcon_core.verb:set package 'tutorial_pkg' build argument 'cmake_clean_cache' from command line to 'False'
[0.256s] Level 5:colcon.colcon_core.verb:set package 'tutorial_pkg' build argument 'cmake_clean_first' from command line to 'False'
[0.256s] Level 5:colcon.colcon_core.verb:set package 'tutorial_pkg' build argument 'cmake_force_configure' from command line to 'False'
[0.256s] Level 5:colcon.colcon_core.verb:set package 'tutorial_pkg' build argument 'ament_cmake_args' from command line to 'None'
[0.256s] Level 5:colcon.colcon_core.verb:set package 'tutorial_pkg' build argument 'catkin_cmake_args' from command line to 'None'
[0.256s] Level 5:colcon.colcon_core.verb:set package 'tutorial_pkg' build argument 'catkin_skip_building_tests' from command line to 'False'
[0.256s] DEBUG:colcon.colcon_core.verb:Building package 'tutorial_pkg' with the following arguments: {'ament_cmake_args': None, 'build_base': '/home/lassi/ros2_lab2_ws/src/build/tutorial_pkg', 'catkin_cmake_args': None, 'catkin_skip_building_tests': False, 'cmake_args': None, 'cmake_clean_cache': False, 'cmake_clean_first': False, 'cmake_force_configure': False, 'cmake_target': None, 'cmake_target_skip_unavailable': False, 'install_base': '/home/lassi/ros2_lab2_ws/src/install/tutorial_pkg', 'merge_install': False, 'path': '/home/lassi/ros2_lab2_ws/src/tutorial_pkg', 'symlink_install': False, 'test_result_base': None}
[0.256s] INFO:colcon.colcon_core.executor:Executing jobs using 'parallel' executor
[0.257s] DEBUG:colcon.colcon_parallel_executor.executor.parallel:run_until_complete
[0.257s] INFO:colcon.colcon_ros.task.ament_python.build:Building ROS package in '/home/lassi/ros2_lab2_ws/src/gazebo_example' with build type 'ament_python'
[0.257s] Level 1:colcon.colcon_core.shell:create_environment_hook('gazebo_example', 'ament_prefix_path')
[0.260s] INFO:colcon.colcon_core.plugin_system:Skipping extension 'colcon_core.shell.bat': Not used on non-Windows systems
[0.260s] INFO:colcon.colcon_core.shell:Creating environment hook '/home/lassi/ros2_lab2_ws/src/install/gazebo_example/share/gazebo_example/hook/ament_prefix_path.ps1'
[0.261s] INFO:colcon.colcon_core.shell:Creating environment descriptor '/home/lassi/ros2_lab2_ws/src/install/gazebo_example/share/gazebo_example/hook/ament_prefix_path.dsv'
[0.262s] INFO:colcon.colcon_core.shell:Creating environment hook '/home/lassi/ros2_lab2_ws/src/install/gazebo_example/share/gazebo_example/hook/ament_prefix_path.sh'
[0.262s] INFO:colcon.colcon_core.shell:Skip shell extension 'powershell' for command environment: Not usable outside of PowerShell
[0.262s] DEBUG:colcon.colcon_core.shell:Skip shell extension 'dsv' for command environment
[0.266s] INFO:colcon.colcon_ros.task.ament_python.build:Building ROS package in '/home/lassi/ros2_lab2_ws/src/task3' with build type 'ament_python'
[0.266s] Level 1:colcon.colcon_core.shell:create_environment_hook('task3', 'ament_prefix_path')
[0.266s] INFO:colcon.colcon_core.shell:Creating environment hook '/home/lassi/ros2_lab2_ws/src/install/task3/share/task3/hook/ament_prefix_path.ps1'
[0.267s] INFO:colcon.colcon_core.shell:Creating environment descriptor '/home/lassi/ros2_lab2_ws/src/install/task3/share/task3/hook/ament_prefix_path.dsv'
[0.267s] INFO:colcon.colcon_core.shell:Creating environment hook '/home/lassi/ros2_lab2_ws/src/install/task3/share/task3/hook/ament_prefix_path.sh'
[0.268s] INFO:colcon.colcon_core.shell:Skip shell extension 'powershell' for command environment: Not usable outside of PowerShell
[0.268s] DEBUG:colcon.colcon_core.shell:Skip shell extension 'dsv' for command environment
[0.274s] INFO:colcon.colcon_ros.task.ament_python.build:Building ROS package in '/home/lassi/ros2_lab2_ws/src/tutorial_pkg' with build type 'ament_python'
[0.274s] Level 1:colcon.colcon_core.shell:create_environment_hook('tutorial_pkg', 'ament_prefix_path')
[0.275s] INFO:colcon.colcon_core.shell:Creating environment hook '/home/lassi/ros2_lab2_ws/src/install/tutorial_pkg/share/tutorial_pkg/hook/ament_prefix_path.ps1'
[0.275s] INFO:colcon.colcon_core.shell:Creating environment descriptor '/home/lassi/ros2_lab2_ws/src/install/tutorial_pkg/share/tutorial_pkg/hook/ament_prefix_path.dsv'
[0.276s] INFO:colcon.colcon_core.shell:Creating environment hook '/home/lassi/ros2_lab2_ws/src/install/tutorial_pkg/share/tutorial_pkg/hook/ament_prefix_path.sh'
[0.278s] INFO:colcon.colcon_core.shell:Skip shell extension 'powershell' for command environment: Not usable outside of PowerShell
[0.279s] DEBUG:colcon.colcon_core.shell:Skip shell extension 'dsv' for command environment
[0.493s] INFO:colcon.colcon_core.task.python.build:Building Python package in '/home/lassi/ros2_lab2_ws/src/gazebo_example'
[0.493s] INFO:colcon.colcon_core.shell:Skip shell extension 'powershell' for command environment: Not usable outside of PowerShell
[0.493s] DEBUG:colcon.colcon_core.shell:Skip shell extension 'dsv' for command environment
[0.682s] INFO:colcon.colcon_core.task.python.build:Building Python package in '/home/lassi/ros2_lab2_ws/src/task3'
[0.683s] INFO:colcon.colcon_core.shell:Skip shell extension 'powershell' for command environment: Not usable outside of PowerShell
[0.683s] DEBUG:colcon.colcon_core.shell:Skip shell extension 'dsv' for command environment
[0.876s] INFO:colcon.colcon_core.task.python.build:Building Python package in '/home/lassi/ros2_lab2_ws/src/tutorial_pkg'
[0.876s] INFO:colcon.colcon_core.shell:Skip shell extension 'powershell' for command environment: Not usable outside of PowerShell
[0.876s] DEBUG:colcon.colcon_core.shell:Skip shell extension 'dsv' for command environment
[1.173s] DEBUG:colcon.colcon_core.event_handler.log_command:Invoking command in '/home/lassi/ros2_lab2_ws/src/tutorial_pkg': PYTHONPATH=/home/lassi/ros2_lab2_ws/src/build/tutorial_pkg/prefix_override:/usr/lib/python3/dist-packages/colcon_core/task/python/colcon_distutils_commands:/home/lassi/ros2_lab2_ws/src/install/tutorial_pkg/lib/python3.10/site-packages:${PYTHONPATH} /usr/bin/python3 -W ignore:setup.py install is deprecated -W ignore:easy_install command is deprecated setup.py egg_info --egg-base ../build/tutorial_pkg build --build-base /home/lassi/ros2_lab2_ws/src/build/tutorial_pkg/build install --record /home/lassi/ros2_lab2_ws/src/build/tutorial_pkg/install.log --single-version-externally-managed install_data
[1.182s] DEBUG:colcon.colcon_core.event_handler.log_command:Invoking command in '/home/lassi/ros2_lab2_ws/src/gazebo_example': PYTHONPATH=/home/lassi/ros2_lab2_ws/src/build/gazebo_example/prefix_override:/usr/lib/python3/dist-packages/colcon_core/task/python/colcon_distutils_commands:/home/lassi/ros2_lab2_ws/src/install/gazebo_example/lib/python3.10/site-packages:${PYTHONPATH} /usr/bin/python3 -W ignore:setup.py install is deprecated -W ignore:easy_install command is deprecated setup.py egg_info --egg-base ../build/gazebo_example build --build-base /home/lassi/ros2_lab2_ws/src/build/gazebo_example/build install --record /home/lassi/ros2_lab2_ws/src/build/gazebo_example/install.log --single-version-externally-managed install_data
[1.230s] DEBUG:colcon.colcon_core.event_handler.log_command:Invoking command in '/home/lassi/ros2_lab2_ws/src/task3': PYTHONPATH=/home/lassi/ros2_lab2_ws/src/build/task3/prefix_override:/usr/lib/python3/dist-packages/colcon_core/task/python/colcon_distutils_commands:/home/lassi/ros2_lab2_ws/src/install/task3/lib/python3.10/site-packages:${PYTHONPATH} /usr/bin/python3 -W ignore:setup.py install is deprecated -W ignore:easy_install command is deprecated setup.py egg_info --egg-base ../build/task3 build --build-base /home/lassi/ros2_lab2_ws/src/build/task3/build install --record /home/lassi/ros2_lab2_ws/src/build/task3/install.log --single-version-externally-managed install_data
[1.467s] DEBUG:colcon.colcon_core.event_handler.log_command:Invoked command in '/home/lassi/ros2_lab2_ws/src/tutorial_pkg' returned '0': PYTHONPATH=/home/lassi/ros2_lab2_ws/src/build/tutorial_pkg/prefix_override:/usr/lib/python3/dist-packages/colcon_core/task/python/colcon_distutils_commands:/home/lassi/ros2_lab2_ws/src/install/tutorial_pkg/lib/python3.10/site-packages:${PYTHONPATH} /usr/bin/python3 -W ignore:setup.py install is deprecated -W ignore:easy_install command is deprecated setup.py egg_info --egg-base ../build/tutorial_pkg build --build-base /home/lassi/ros2_lab2_ws/src/build/tutorial_pkg/build install --record /home/lassi/ros2_lab2_ws/src/build/tutorial_pkg/install.log --single-version-externally-managed install_data
[1.469s] Level 1:colcon.colcon_core.environment:checking '/home/lassi/ros2_lab2_ws/src/install/tutorial_pkg' for CMake module files
[1.470s] Level 1:colcon.colcon_core.environment:checking '/home/lassi/ros2_lab2_ws/src/install/tutorial_pkg' for CMake config files
[1.471s] Level 1:colcon.colcon_core.environment:checking '/home/lassi/ros2_lab2_ws/src/install/tutorial_pkg/lib'
[1.472s] Level 1:colcon.colcon_core.environment:checking '/home/lassi/ros2_lab2_ws/src/install/tutorial_pkg/bin'
[1.472s] Level 1:colcon.colcon_core.environment:checking '/home/lassi/ros2_lab2_ws/src/install/tutorial_pkg/lib/pkgconfig/tutorial_pkg.pc'
[1.472s] Level 1:colcon.colcon_core.environment:checking '/home/lassi/ros2_lab2_ws/src/install/tutorial_pkg/lib/python3.10/site-packages'
[1.472s] Level 1:colcon.colcon_core.shell:create_environment_hook('tutorial_pkg', 'pythonpath')
[1.472s] INFO:colcon.colcon_core.shell:Creating environment hook '/home/lassi/ros2_lab2_ws/src/install/tutorial_pkg/share/tutorial_pkg/hook/pythonpath.ps1'
[1.473s] INFO:colcon.colcon_core.shell:Creating environment descriptor '/home/lassi/ros2_lab2_ws/src/install/tutorial_pkg/share/tutorial_pkg/hook/pythonpath.dsv'
[1.474s] INFO:colcon.colcon_core.shell:Creating environment hook '/home/lassi/ros2_lab2_ws/src/install/tutorial_pkg/share/tutorial_pkg/hook/pythonpath.sh'
[1.475s] Level 1:colcon.colcon_core.environment:checking '/home/lassi/ros2_lab2_ws/src/install/tutorial_pkg/bin'
[1.475s] Level 1:colcon.colcon_core.environment:create_environment_scripts_only(tutorial_pkg)
[1.475s] INFO:colcon.colcon_core.shell:Creating package script '/home/lassi/ros2_lab2_ws/src/install/tutorial_pkg/share/tutorial_pkg/package.ps1'
[1.476s] INFO:colcon.colcon_core.shell:Creating package descriptor '/home/lassi/ros2_lab2_ws/src/install/tutorial_pkg/share/tutorial_pkg/package.dsv'
[1.477s] INFO:colcon.colcon_core.shell:Creating package script '/home/lassi/ros2_lab2_ws/src/install/tutorial_pkg/share/tutorial_pkg/package.sh'
[1.478s] INFO:colcon.colcon_core.shell:Creating package script '/home/lassi/ros2_lab2_ws/src/install/tutorial_pkg/share/tutorial_pkg/package.bash'
[1.479s] INFO:colcon.colcon_core.shell:Creating package script '/home/lassi/ros2_lab2_ws/src/install/tutorial_pkg/share/tutorial_pkg/package.zsh'
[1.480s] Level 1:colcon.colcon_core.environment:create_file_with_runtime_dependencies(/home/lassi/ros2_lab2_ws/src/install/tutorial_pkg/share/colcon-core/packages/tutorial_pkg)
[1.492s] Level 1:colcon.colcon_core.environment:checking '/home/lassi/ros2_lab2_ws/src/install/gazebo_example' for CMake module files
[1.492s] Level 1:colcon.colcon_core.environment:checking '/home/lassi/ros2_lab2_ws/src/install/gazebo_example' for CMake config files
[1.493s] Level 1:colcon.colcon_core.environment:checking '/home/lassi/ros2_lab2_ws/src/install/gazebo_example/lib'
[1.493s] Level 1:colcon.colcon_core.environment:checking '/home/lassi/ros2_lab2_ws/src/install/gazebo_example/bin'
[1.493s] Level 1:colcon.colcon_core.environment:checking '/home/lassi/ros2_lab2_ws/src/install/gazebo_example/lib/pkgconfig/gazebo_example.pc'
[1.493s] Level 1:colcon.colcon_core.environment:checking '/home/lassi/ros2_lab2_ws/src/install/gazebo_example/lib/python3.10/site-packages'
[1.493s] Level 1:colcon.colcon_core.shell:create_environment_hook('gazebo_example', 'pythonpath')
[1.494s] DEBUG:colcon.colcon_core.event_handler.log_command:Invoked command in '/home/lassi/ros2_lab2_ws/src/gazebo_example' returned '0': PYTHONPATH=/home/lassi/ros2_lab2_ws/src/build/gazebo_example/prefix_override:/usr/lib/python3/dist-packages/colcon_core/task/python/colcon_distutils_commands:/home/lassi/ros2_lab2_ws/src/install/gazebo_example/lib/python3.10/site-packages:${PYTHONPATH} /usr/bin/python3 -W ignore:setup.py install is deprecated -W ignore:easy_install command is deprecated setup.py egg_info --egg-base ../build/gazebo_example build --build-base /home/lassi/ros2_lab2_ws/src/build/gazebo_example/build install --record /home/lassi/ros2_lab2_ws/src/build/gazebo_example/install.log --single-version-externally-managed install_data
[1.494s] INFO:colcon.colcon_core.shell:Creating environment hook '/home/lassi/ros2_lab2_ws/src/install/gazebo_example/share/gazebo_example/hook/pythonpath.ps1'
[1.497s] INFO:colcon.colcon_core.shell:Creating environment descriptor '/home/lassi/ros2_lab2_ws/src/install/gazebo_example/share/gazebo_example/hook/pythonpath.dsv'
[1.499s] INFO:colcon.colcon_core.shell:Creating environment hook '/home/lassi/ros2_lab2_ws/src/install/gazebo_example/share/gazebo_example/hook/pythonpath.sh'
[1.500s] Level 1:colcon.colcon_core.environment:checking '/home/lassi/ros2_lab2_ws/src/install/gazebo_example/bin'
[1.501s] Level 1:colcon.colcon_core.environment:create_environment_scripts_only(gazebo_example)
[1.501s] INFO:colcon.colcon_core.shell:Creating package script '/home/lassi/ros2_lab2_ws/src/install/gazebo_example/share/gazebo_example/package.ps1'
[1.502s] INFO:colcon.colcon_core.shell:Creating package descriptor '/home/lassi/ros2_lab2_ws/src/install/gazebo_example/share/gazebo_example/package.dsv'
[1.503s] INFO:colcon.colcon_core.shell:Creating package script '/home/lassi/ros2_lab2_ws/src/install/gazebo_example/share/gazebo_example/package.sh'
[1.507s] INFO:colcon.colcon_core.shell:Creating package script '/home/lassi/ros2_lab2_ws/src/install/gazebo_example/share/gazebo_example/package.bash'
[1.508s] INFO:colcon.colcon_core.shell:Creating package script '/home/lassi/ros2_lab2_ws/src/install/gazebo_example/share/gazebo_example/package.zsh'
[1.514s] Level 1:colcon.colcon_core.environment:create_file_with_runtime_dependencies(/home/lassi/ros2_lab2_ws/src/install/gazebo_example/share/colcon-core/packages/gazebo_example)
[1.524s] Level 1:colcon.colcon_core.environment:checking '/home/lassi/ros2_lab2_ws/src/install/task3' for CMake module files
[1.526s] Level 1:colcon.colcon_core.environment:checking '/home/lassi/ros2_lab2_ws/src/install/task3' for CMake config files
[1.526s] DEBUG:colcon.colcon_core.event_handler.log_command:Invoked command in '/home/lassi/ros2_lab2_ws/src/task3' returned '0': PYTHONPATH=/home/lassi/ros2_lab2_ws/src/build/task3/prefix_override:/usr/lib/python3/dist-packages/colcon_core/task/python/colcon_distutils_commands:/home/lassi/ros2_lab2_ws/src/install/task3/lib/python3.10/site-packages:${PYTHONPATH} /usr/bin/python3 -W ignore:setup.py install is deprecated -W ignore:easy_install command is deprecated setup.py egg_info --egg-base ../build/task3 build --build-base /home/lassi/ros2_lab2_ws/src/build/task3/build install --record /home/lassi/ros2_lab2_ws/src/build/task3/install.log --single-version-externally-managed install_data
[1.527s] Level 1:colcon.colcon_core.environment:checking '/home/lassi/ros2_lab2_ws/src/install/task3/lib'
[1.527s] Level 1:colcon.colcon_core.environment:checking '/home/lassi/ros2_lab2_ws/src/install/task3/bin'
[1.527s] Level 1:colcon.colcon_core.environment:checking '/home/lassi/ros2_lab2_ws/src/install/task3/lib/pkgconfig/task3.pc'
[1.528s] Level 1:colcon.colcon_core.environment:checking '/home/lassi/ros2_lab2_ws/src/install/task3/lib/python3.10/site-packages'
[1.529s] Level 1:colcon.colcon_core.shell:create_environment_hook('task3', 'pythonpath')
[1.530s] INFO:colcon.colcon_core.shell:Creating environment hook '/home/lassi/ros2_lab2_ws/src/install/task3/share/task3/hook/pythonpath.ps1'
[1.531s] INFO:colcon.colcon_core.shell:Creating environment descriptor '/home/lassi/ros2_lab2_ws/src/install/task3/share/task3/hook/pythonpath.dsv'
[1.532s] INFO:colcon.colcon_core.shell:Creating environment hook '/home/lassi/ros2_lab2_ws/src/install/task3/share/task3/hook/pythonpath.sh'
[1.533s] Level 1:colcon.colcon_core.environment:checking '/home/lassi/ros2_lab2_ws/src/install/task3/bin'
[1.533s] Level 1:colcon.colcon_core.environment:create_environment_scripts_only(task3)
[1.533s] INFO:colcon.colcon_core.shell:Creating package script '/home/lassi/ros2_lab2_ws/src/install/task3/share/task3/package.ps1'
[1.534s] INFO:colcon.colcon_core.shell:Creating package descriptor '/home/lassi/ros2_lab2_ws/src/install/task3/share/task3/package.dsv'
[1.534s] INFO:colcon.colcon_core.shell:Creating package script '/home/lassi/ros2_lab2_ws/src/install/task3/share/task3/package.sh'
[1.535s] INFO:colcon.colcon_core.shell:Creating package script '/home/lassi/ros2_lab2_ws/src/install/task3/share/task3/package.bash'
[1.535s] INFO:colcon.colcon_core.shell:Creating package script '/home/lassi/ros2_lab2_ws/src/install/task3/share/task3/package.zsh'
[1.537s] Level 1:colcon.colcon_core.environment:create_file_with_runtime_dependencies(/home/lassi/ros2_lab2_ws/src/install/task3/share/colcon-core/packages/task3)
[1.538s] DEBUG:colcon.colcon_parallel_executor.executor.parallel:closing loop
[1.539s] DEBUG:colcon.colcon_parallel_executor.executor.parallel:loop closed
[1.539s] DEBUG:colcon.colcon_parallel_executor.executor.parallel:run_until_complete finished with '0'
[1.539s] DEBUG:colcon.colcon_core.event_reactor:joining thread
[1.549s] INFO:colcon.colcon_core.plugin_system:Skipping extension 'colcon_notification.desktop_notification.terminal_notifier': Not used on non-Darwin systems
[1.549s] INFO:colcon.colcon_core.plugin_system:Skipping extension 'colcon_notification.desktop_notification.win32': Not used on non-Windows systems
[1.549s] INFO:colcon.colcon_notification.desktop_notification:Sending desktop notification using 'notify2'
[1.570s] DEBUG:colcon.colcon_core.event_reactor:joined thread
[1.571s] INFO:colcon.colcon_core.shell:Creating prefix script '/home/lassi/ros2_lab2_ws/src/install/local_setup.ps1'
[1.573s] INFO:colcon.colcon_core.shell:Creating prefix util module '/home/lassi/ros2_lab2_ws/src/install/_local_setup_util_ps1.py'
[1.574s] INFO:colcon.colcon_core.shell:Creating prefix chain script '/home/lassi/ros2_lab2_ws/src/install/setup.ps1'
[1.583s] INFO:colcon.colcon_core.shell:Creating prefix script '/home/lassi/ros2_lab2_ws/src/install/local_setup.sh'
[1.586s] INFO:colcon.colcon_core.shell:Creating prefix util module '/home/lassi/ros2_lab2_ws/src/install/_local_setup_util_sh.py'
[1.598s] INFO:colcon.colcon_core.shell:Creating prefix chain script '/home/lassi/ros2_lab2_ws/src/install/setup.sh'
[1.609s] INFO:colcon.colcon_core.shell:Creating prefix script '/home/lassi/ros2_lab2_ws/src/install/local_setup.bash'
[1.611s] INFO:colcon.colcon_core.shell:Creating prefix chain script '/home/lassi/ros2_lab2_ws/src/install/setup.bash'
[1.612s] INFO:colcon.colcon_core.shell:Creating prefix script '/home/lassi/ros2_lab2_ws/src/install/local_setup.zsh'
[1.613s] INFO:colcon.colcon_core.shell:Creating prefix chain script '/home/lassi/ros2_lab2_ws/src/install/setup.zsh'
