[0.010s] Invoking command in '/home/mahmmudqatmh/ros2_ws/build/custom_interface': CMAKE_PREFIX_PATH=/opt/ros/humble /usr/bin/cmake /home/mahmmudqatmh/ros2_ws/src/custom_interface -DCMAKE_INSTALL_PREFIX=/home/mahmmudqatmh/ros2_ws/install/custom_interface
[0.162s] -- The C compiler identification is GNU 11.4.0
[0.162s] -- The CXX compiler identification is GNU 11.4.0
[0.162s] -- Detecting C compiler ABI info
[0.162s] -- Detecting C compiler ABI info - done
[0.162s] -- Check for working C compiler: /usr/bin/cc - skipped
[0.162s] -- Detecting C compile features
[0.162s] -- Detecting C compile features - done
[0.162s] -- Detecting CXX compiler ABI info
[0.212s] -- Detecting CXX compiler ABI info - done
[0.217s] -- Check for working CXX compiler: /usr/bin/c++ - skipped
[0.218s] -- Detecting CXX compile features
[0.218s] -- Detecting CXX compile features - done
[0.219s] -- Found ament_cmake: 1.3.12 (/opt/ros/humble/share/ament_cmake/cmake)
[0.322s] -- Found Python3: /usr/bin/python3 (found version "3.10.12") found components: Interpreter 
[0.384s] -- Found rclcpp: 16.0.14 (/opt/ros/humble/share/rclcpp/cmake)
[0.412s] -- Found rosidl_generator_c: 3.1.7 (/opt/ros/humble/share/rosidl_generator_c/cmake)
[0.414s] -- Found rosidl_adapter: 3.1.7 (/opt/ros/humble/share/rosidl_adapter/cmake)
[0.419s] -- Found rosidl_generator_cpp: 3.1.7 (/opt/ros/humble/share/rosidl_generator_cpp/cmake)
[0.426s] -- Using all available rosidl_typesupport_c: rosidl_typesupport_fastrtps_c;rosidl_typesupport_introspection_c
[0.436s] -- Using all available rosidl_typesupport_cpp: rosidl_typesupport_fastrtps_cpp;rosidl_typesupport_introspection_cpp
[0.462s] -- Found rmw_implementation_cmake: 6.1.2 (/opt/ros/humble/share/rmw_implementation_cmake/cmake)
[0.463s] -- Found rmw_fastrtps_cpp: 6.2.8 (/opt/ros/humble/share/rmw_fastrtps_cpp/cmake)
[0.524s] -- Found OpenSSL: /usr/lib/x86_64-linux-gnu/libcrypto.so (found version "3.0.2")  
[0.543s] -- Found FastRTPS: /opt/ros/humble/include  
[0.571s] -- Using RMW implementation 'rmw_fastrtps_cpp' as default
[0.576s] -- Looking for pthread.h
[0.630s] -- Looking for pthread.h - found
[0.630s] -- Performing Test CMAKE_HAVE_LIBC_PTHREAD
[0.691s] -- Performing Test CMAKE_HAVE_LIBC_PTHREAD - Success
[0.691s] -- Found Threads: TRUE  
[0.723s] -- Found geometry_msgs: 4.9.0 (/opt/ros/humble/share/geometry_msgs/cmake)
[0.731s] -- Found ament_lint_auto: 0.12.14 (/opt/ros/humble/share/ament_lint_auto/cmake)
[0.777s] -- Found rosidl_default_generators: 1.2.0 (/opt/ros/humble/share/rosidl_default_generators/cmake)
[0.947s] -- Found ament_cmake_ros: 0.10.0 (/opt/ros/humble/share/ament_cmake_ros/cmake)
[1.257s] -- Using all available rosidl_typesupport_c: rosidl_typesupport_fastrtps_c;rosidl_typesupport_introspection_c
[1.369s] -- Using all available rosidl_typesupport_cpp: rosidl_typesupport_fastrtps_cpp;rosidl_typesupport_introspection_cpp
[1.385s] -- Found PythonInterp: /usr/bin/python3 (found suitable version "3.10.12", minimum required is "3.6") 
[1.387s] -- Found python_cmake_module: 0.10.0 (/opt/ros/humble/share/python_cmake_module/cmake)
[1.420s] -- Found PythonLibs: /usr/lib/x86_64-linux-gnu/libpython3.10.so (found suitable version "3.10.12", minimum required is "3.5") 
[1.420s] -- Using PYTHON_EXECUTABLE: /usr/bin/python3
[1.420s] -- Using PYTHON_INCLUDE_DIRS: /usr/include/python3.10
[1.420s] -- Using PYTHON_LIBRARIES: /usr/lib/x86_64-linux-gnu/libpython3.10.so
[1.437s] -- Found PythonExtra: .so  
[1.482s] -- Added test 'lint_cmake' to check CMake code style
[1.483s] -- Added test 'xmllint' to check XML markup files
[1.485s] -- Configuring done
[1.507s] -- Generating done
[1.514s] -- Build files have been written to: /home/mahmmudqatmh/ros2_ws/build/custom_interface
[1.523s] Invoked command in '/home/mahmmudqatmh/ros2_ws/build/custom_interface' returned '0': CMAKE_PREFIX_PATH=/opt/ros/humble /usr/bin/cmake /home/mahmmudqatmh/ros2_ws/src/custom_interface -DCMAKE_INSTALL_PREFIX=/home/mahmmudqatmh/ros2_ws/install/custom_interface
[1.523s] Invoking command in '/home/mahmmudqatmh/ros2_ws/build/custom_interface': CMAKE_PREFIX_PATH=/opt/ros/humble /usr/bin/cmake --build /home/mahmmudqatmh/ros2_ws/build/custom_interface -- -j24 -l24
[1.563s] [  2%] [34m[1mGenerating C code for ROS interfaces[0m
[1.572s] [  4%] [34m[1mGenerating C++ code for ROS interfaces[0m
[1.580s] [  4%] Built target ament_cmake_python_copy_custom_interface
[1.730s] running egg_info
[1.730s] creating custom_interface.egg-info
[1.730s] writing custom_interface.egg-info/PKG-INFO
[1.730s] writing dependency_links to custom_interface.egg-info/dependency_links.txt
[1.730s] writing top-level names to custom_interface.egg-info/top_level.txt
[1.730s] writing manifest file 'custom_interface.egg-info/SOURCES.txt'
[1.731s] reading manifest file 'custom_interface.egg-info/SOURCES.txt'
[1.732s] writing manifest file 'custom_interface.egg-info/SOURCES.txt'
[1.749s] [  4%] Built target ament_cmake_python_build_custom_interface_egg
[1.813s] [  4%] Built target custom_interface__cpp
[1.816s] [  6%] [32mBuilding C object CMakeFiles/custom_interface__rosidl_generator_c.dir/rosidl_generator_c/custom_interface/msg/detail/person__functions.c.o[0m
[1.817s] [  8%] [32mBuilding C object CMakeFiles/custom_interface__rosidl_generator_c.dir/rosidl_generator_c/custom_interface/srv/detail/distance__functions.c.o[0m
[1.818s] [ 10%] [32mBuilding C object CMakeFiles/custom_interface__rosidl_generator_c.dir/rosidl_generator_c/custom_interface/srv/detail/add_three_ints__functions.c.o[0m
[1.820s] [ 12%] [34m[1mGenerating C++ type support dispatch for ROS interfaces[0m
[1.820s] [ 14%] [34m[1mGenerating C++ type support for eProsima Fast-RTPS[0m
[1.821s] [ 17%] [34m[1mGenerating C++ introspection for ROS interfaces[0m
[1.864s] [ 19%] [32m[1mLinking C shared library libcustom_interface__rosidl_generator_c.so[0m
[1.893s] [ 19%] Built target custom_interface__rosidl_generator_c
[1.901s] [ 21%] [34m[1mGenerating C introspection for ROS interfaces[0m
[1.902s] [ 23%] [34m[1mGenerating C type support for eProsima Fast-RTPS[0m
[1.903s] [ 25%] [34m[1mGenerating C type support dispatch for ROS interfaces[0m
[2.019s] [ 27%] [32mBuilding CXX object CMakeFiles/custom_interface__rosidl_typesupport_cpp.dir/rosidl_typesupport_cpp/custom_interface/msg/person__type_support.cpp.o[0m
[2.020s] [ 29%] [32mBuilding CXX object CMakeFiles/custom_interface__rosidl_typesupport_cpp.dir/rosidl_typesupport_cpp/custom_interface/srv/distance__type_support.cpp.o[0m
[2.022s] [ 31%] [32mBuilding CXX object CMakeFiles/custom_interface__rosidl_typesupport_cpp.dir/rosidl_typesupport_cpp/custom_interface/srv/add_three_ints__type_support.cpp.o[0m
[2.041s] [ 34%] [32mBuilding CXX object CMakeFiles/custom_interface__rosidl_typesupport_introspection_cpp.dir/rosidl_typesupport_introspection_cpp/custom_interface/msg/detail/person__type_support.cpp.o[0m
[2.043s] [ 38%] [32mBuilding CXX object CMakeFiles/custom_interface__rosidl_typesupport_introspection_cpp.dir/rosidl_typesupport_introspection_cpp/custom_interface/srv/detail/distance__type_support.cpp.o[0m
[2.043s] [ 38%] [32mBuilding CXX object CMakeFiles/custom_interface__rosidl_typesupport_introspection_cpp.dir/rosidl_typesupport_introspection_cpp/custom_interface/srv/detail/add_three_ints__type_support.cpp.o[0m
[2.069s] [ 40%] [32mBuilding CXX object CMakeFiles/custom_interface__rosidl_typesupport_fastrtps_cpp.dir/rosidl_typesupport_fastrtps_cpp/custom_interface/srv/detail/dds_fastrtps/add_three_ints__type_support.cpp.o[0m
[2.070s] [ 42%] [32mBuilding CXX object CMakeFiles/custom_interface__rosidl_typesupport_fastrtps_cpp.dir/rosidl_typesupport_fastrtps_cpp/custom_interface/srv/detail/dds_fastrtps/distance__type_support.cpp.o[0m
[2.072s] [ 44%] [32mBuilding CXX object CMakeFiles/custom_interface__rosidl_typesupport_fastrtps_cpp.dir/rosidl_typesupport_fastrtps_cpp/custom_interface/msg/detail/dds_fastrtps/person__type_support.cpp.o[0m
[2.119s] [ 46%] [32mBuilding CXX object CMakeFiles/custom_interface__rosidl_typesupport_c.dir/rosidl_typesupport_c/custom_interface/srv/add_three_ints__type_support.cpp.o[0m
[2.122s] [ 48%] [32mBuilding CXX object CMakeFiles/custom_interface__rosidl_typesupport_c.dir/rosidl_typesupport_c/custom_interface/msg/person__type_support.cpp.o[0m
[2.122s] [ 51%] [32mBuilding CXX object CMakeFiles/custom_interface__rosidl_typesupport_c.dir/rosidl_typesupport_c/custom_interface/srv/distance__type_support.cpp.o[0m
[2.154s] [ 55%] [32mBuilding C object CMakeFiles/custom_interface__rosidl_typesupport_introspection_c.dir/rosidl_typesupport_introspection_c/custom_interface/srv/detail/add_three_ints__type_support.c.o[0m
[2.154s] [ 55%] [32mBuilding C object CMakeFiles/custom_interface__rosidl_typesupport_introspection_c.dir/rosidl_typesupport_introspection_c/custom_interface/msg/detail/person__type_support.c.o[0m
[2.158s] [ 59%] [32m[1mLinking CXX shared library libcustom_interface__rosidl_typesupport_c.so[0m
[2.158s] [ 59%] [32mBuilding C object CMakeFiles/custom_interface__rosidl_typesupport_introspection_c.dir/rosidl_typesupport_introspection_c/custom_interface/srv/detail/distance__type_support.c.o[0m
[2.163s] [ 61%] [32mBuilding CXX object CMakeFiles/custom_interface__rosidl_typesupport_fastrtps_c.dir/rosidl_typesupport_fastrtps_c/custom_interface/msg/detail/person__type_support_c.cpp.o[0m
[2.163s] [ 63%] [32mBuilding CXX object CMakeFiles/custom_interface__rosidl_typesupport_fastrtps_c.dir/rosidl_typesupport_fastrtps_c/custom_interface/srv/detail/add_three_ints__type_support_c.cpp.o[0m
[2.167s] [ 65%] [32mBuilding CXX object CMakeFiles/custom_interface__rosidl_typesupport_fastrtps_c.dir/rosidl_typesupport_fastrtps_c/custom_interface/srv/detail/distance__type_support_c.cpp.o[0m
[2.195s] [ 68%] [32m[1mLinking C shared library libcustom_interface__rosidl_typesupport_introspection_c.so[0m
[2.202s] [ 68%] Built target custom_interface__rosidl_typesupport_c
[2.223s] [ 68%] Built target custom_interface__rosidl_typesupport_introspection_c
[2.343s] [ 70%] [32m[1mLinking CXX shared library libcustom_interface__rosidl_typesupport_cpp.so[0m
[2.378s] [ 70%] Built target custom_interface__rosidl_typesupport_cpp
[2.409s] [ 72%] [32m[1mLinking CXX shared library libcustom_interface__rosidl_typesupport_fastrtps_cpp.so[0m
[2.444s] [ 74%] [32m[1mLinking CXX shared library libcustom_interface__rosidl_typesupport_introspection_cpp.so[0m
[2.451s] [ 76%] [32m[1mLinking CXX shared library libcustom_interface__rosidl_typesupport_fastrtps_c.so[0m
[2.460s] [ 76%] Built target custom_interface__rosidl_typesupport_fastrtps_cpp
[2.492s] [ 76%] Built target custom_interface__rosidl_typesupport_introspection_cpp
[2.505s] [ 76%] Built target custom_interface__rosidl_typesupport_fastrtps_c
[2.522s] [ 76%] Built target custom_interface
[2.543s] [ 78%] [34m[1mGenerating Python code for ROS interfaces[0m
[2.895s] [ 78%] Built target custom_interface__py
[2.914s] [ 80%] [32mBuilding C object CMakeFiles/custom_interface__rosidl_generator_py.dir/rosidl_generator_py/custom_interface/srv/_distance_s.c.o[0m
[2.916s] [ 82%] [32mBuilding C object CMakeFiles/custom_interface__rosidl_generator_py.dir/rosidl_generator_py/custom_interface/msg/_person_s.c.o[0m
[2.917s] [ 85%] [32mBuilding C object CMakeFiles/custom_interface__rosidl_generator_py.dir/rosidl_generator_py/custom_interface/srv/_add_three_ints_s.c.o[0m
[2.989s] [ 87%] [32m[1mLinking C shared library rosidl_generator_py/custom_interface/libcustom_interface__rosidl_generator_py.so[0m
[3.025s] [ 87%] Built target custom_interface__rosidl_generator_py
[3.048s] [ 89%] [32mBuilding C object CMakeFiles/custom_interface__rosidl_typesupport_introspection_c__pyext.dir/rosidl_generator_py/custom_interface/_custom_interface_s.ep.rosidl_typesupport_introspection_c.c.o[0m
[3.048s] [ 91%] [32mBuilding C object CMakeFiles/custom_interface__rosidl_typesupport_fastrtps_c__pyext.dir/rosidl_generator_py/custom_interface/_custom_interface_s.ep.rosidl_typesupport_fastrtps_c.c.o[0m
[3.048s] [ 93%] [32mBuilding C object CMakeFiles/custom_interface__rosidl_typesupport_c__pyext.dir/rosidl_generator_py/custom_interface/_custom_interface_s.ep.rosidl_typesupport_c.c.o[0m
[3.120s] [ 95%] [32m[1mLinking C shared library rosidl_generator_py/custom_interface/custom_interface_s__rosidl_typesupport_introspection_c.cpython-310-x86_64-linux-gnu.so[0m
[3.120s] [ 97%] [32m[1mLinking C shared library rosidl_generator_py/custom_interface/custom_interface_s__rosidl_typesupport_c.cpython-310-x86_64-linux-gnu.so[0m
[3.121s] [100%] [32m[1mLinking C shared library rosidl_generator_py/custom_interface/custom_interface_s__rosidl_typesupport_fastrtps_c.cpython-310-x86_64-linux-gnu.so[0m
[3.153s] [100%] Built target custom_interface__rosidl_typesupport_c__pyext
[3.153s] [100%] Built target custom_interface__rosidl_typesupport_introspection_c__pyext
[3.153s] [100%] Built target custom_interface__rosidl_typesupport_fastrtps_c__pyext
[3.163s] Invoked command in '/home/mahmmudqatmh/ros2_ws/build/custom_interface' returned '0': CMAKE_PREFIX_PATH=/opt/ros/humble /usr/bin/cmake --build /home/mahmmudqatmh/ros2_ws/build/custom_interface -- -j24 -l24
[3.175s] Invoking command in '/home/mahmmudqatmh/ros2_ws/build/custom_interface': CMAKE_PREFIX_PATH=/opt/ros/humble /usr/bin/cmake --install /home/mahmmudqatmh/ros2_ws/build/custom_interface
[3.186s] -- Install configuration: ""
[3.186s] -- Installing: /home/mahmmudqatmh/ros2_ws/install/custom_interface/share/ament_index/resource_index/rosidl_interfaces/custom_interface
[3.186s] -- Installing: /home/mahmmudqatmh/ros2_ws/install/custom_interface/include/custom_interface/custom_interface
[3.187s] -- Installing: /home/mahmmudqatmh/ros2_ws/install/custom_interface/include/custom_interface/custom_interface/msg
[3.187s] -- Installing: /home/mahmmudqatmh/ros2_ws/install/custom_interface/include/custom_interface/custom_interface/msg/detail
[3.187s] -- Installing: /home/mahmmudqatmh/ros2_ws/install/custom_interface/include/custom_interface/custom_interface/msg/detail/person__struct.h
[3.187s] -- Installing: /home/mahmmudqatmh/ros2_ws/install/custom_interface/include/custom_interface/custom_interface/msg/detail/person__functions.c
[3.187s] -- Installing: /home/mahmmudqatmh/ros2_ws/install/custom_interface/include/custom_interface/custom_interface/msg/detail/person__type_support.h
[3.188s] -- Installing: /home/mahmmudqatmh/ros2_ws/install/custom_interface/include/custom_interface/custom_interface/msg/detail/person__functions.h
[3.188s] -- Installing: /home/mahmmudqatmh/ros2_ws/install/custom_interface/include/custom_interface/custom_interface/msg/person.h
[3.188s] -- Installing: /home/mahmmudqatmh/ros2_ws/install/custom_interface/include/custom_interface/custom_interface/msg/rosidl_generator_c__visibility_control.h
[3.188s] -- Installing: /home/mahmmudqatmh/ros2_ws/install/custom_interface/include/custom_interface/custom_interface/srv
[3.189s] -- Installing: /home/mahmmudqatmh/ros2_ws/install/custom_interface/include/custom_interface/custom_interface/srv/add_three_ints.h
[3.189s] -- Installing: /home/mahmmudqatmh/ros2_ws/install/custom_interface/include/custom_interface/custom_interface/srv/detail
[3.189s] -- Installing: /home/mahmmudqatmh/ros2_ws/install/custom_interface/include/custom_interface/custom_interface/srv/detail/add_three_ints__functions.c
[3.189s] -- Installing: /home/mahmmudqatmh/ros2_ws/install/custom_interface/include/custom_interface/custom_interface/srv/detail/distance__type_support.h
[3.189s] -- Installing: /home/mahmmudqatmh/ros2_ws/install/custom_interface/include/custom_interface/custom_interface/srv/detail/add_three_ints__struct.h
[3.189s] -- Installing: /home/mahmmudqatmh/ros2_ws/install/custom_interface/include/custom_interface/custom_interface/srv/detail/distance__struct.h
[3.190s] -- Installing: /home/mahmmudqatmh/ros2_ws/install/custom_interface/include/custom_interface/custom_interface/srv/detail/distance__functions.h
[3.190s] -- Installing: /home/mahmmudqatmh/ros2_ws/install/custom_interface/include/custom_interface/custom_interface/srv/detail/distance__functions.c
[3.190s] -- Installing: /home/mahmmudqatmh/ros2_ws/install/custom_interface/include/custom_interface/custom_interface/srv/detail/add_three_ints__type_support.h
[3.190s] -- Installing: /home/mahmmudqatmh/ros2_ws/install/custom_interface/include/custom_interface/custom_interface/srv/detail/add_three_ints__functions.h
[3.190s] -- Installing: /home/mahmmudqatmh/ros2_ws/install/custom_interface/include/custom_interface/custom_interface/srv/distance.h
[3.190s] -- Installing: /home/mahmmudqatmh/ros2_ws/install/custom_interface/share/custom_interface/environment/library_path.sh
[3.190s] -- Installing: /home/mahmmudqatmh/ros2_ws/install/custom_interface/share/custom_interface/environment/library_path.dsv
[3.190s] -- Installing: /home/mahmmudqatmh/ros2_ws/install/custom_interface/lib/libcustom_interface__rosidl_generator_c.so
[3.190s] -- Set runtime path of "/home/mahmmudqatmh/ros2_ws/install/custom_interface/lib/libcustom_interface__rosidl_generator_c.so" to ""
[3.190s] -- Up-to-date: /home/mahmmudqatmh/ros2_ws/install/custom_interface/include/custom_interface/custom_interface
[3.190s] -- Up-to-date: /home/mahmmudqatmh/ros2_ws/install/custom_interface/include/custom_interface/custom_interface/msg
[3.190s] -- Installing: /home/mahmmudqatmh/ros2_ws/install/custom_interface/include/custom_interface/custom_interface/msg/rosidl_typesupport_fastrtps_c__visibility_control.h
[3.191s] -- Up-to-date: /home/mahmmudqatmh/ros2_ws/install/custom_interface/include/custom_interface/custom_interface/msg/detail
[3.191s] -- Installing: /home/mahmmudqatmh/ros2_ws/install/custom_interface/include/custom_interface/custom_interface/msg/detail/person__rosidl_typesupport_fastrtps_c.h
[3.191s] -- Up-to-date: /home/mahmmudqatmh/ros2_ws/install/custom_interface/include/custom_interface/custom_interface/srv
[3.191s] -- Up-to-date: /home/mahmmudqatmh/ros2_ws/install/custom_interface/include/custom_interface/custom_interface/srv/detail
[3.191s] -- Installing: /home/mahmmudqatmh/ros2_ws/install/custom_interface/include/custom_interface/custom_interface/srv/detail/add_three_ints__rosidl_typesupport_fastrtps_c.h
[3.191s] -- Installing: /home/mahmmudqatmh/ros2_ws/install/custom_interface/include/custom_interface/custom_interface/srv/detail/distance__rosidl_typesupport_fastrtps_c.h
[3.191s] -- Installing: /home/mahmmudqatmh/ros2_ws/install/custom_interface/lib/libcustom_interface__rosidl_typesupport_fastrtps_c.so
[3.191s] -- Set runtime path of "/home/mahmmudqatmh/ros2_ws/install/custom_interface/lib/libcustom_interface__rosidl_typesupport_fastrtps_c.so" to ""
[3.191s] -- Up-to-date: /home/mahmmudqatmh/ros2_ws/install/custom_interface/include/custom_interface/custom_interface
[3.191s] -- Up-to-date: /home/mahmmudqatmh/ros2_ws/install/custom_interface/include/custom_interface/custom_interface/msg
[3.192s] -- Up-to-date: /home/mahmmudqatmh/ros2_ws/install/custom_interface/include/custom_interface/custom_interface/msg/detail
[3.192s] -- Installing: /home/mahmmudqatmh/ros2_ws/install/custom_interface/include/custom_interface/custom_interface/msg/detail/person__struct.hpp
[3.192s] -- Installing: /home/mahmmudqatmh/ros2_ws/install/custom_interface/include/custom_interface/custom_interface/msg/detail/person__builder.hpp
[3.192s] -- Installing: /home/mahmmudqatmh/ros2_ws/install/custom_interface/include/custom_interface/custom_interface/msg/detail/person__traits.hpp
[3.192s] -- Installing: /home/mahmmudqatmh/ros2_ws/install/custom_interface/include/custom_interface/custom_interface/msg/detail/person__type_support.hpp
[3.192s] -- Installing: /home/mahmmudqatmh/ros2_ws/install/custom_interface/include/custom_interface/custom_interface/msg/person.hpp
[3.192s] -- Installing: /home/mahmmudqatmh/ros2_ws/install/custom_interface/include/custom_interface/custom_interface/msg/rosidl_generator_cpp__visibility_control.hpp
[3.192s] -- Up-to-date: /home/mahmmudqatmh/ros2_ws/install/custom_interface/include/custom_interface/custom_interface/srv
[3.192s] -- Up-to-date: /home/mahmmudqatmh/ros2_ws/install/custom_interface/include/custom_interface/custom_interface/srv/detail
[3.192s] -- Installing: /home/mahmmudqatmh/ros2_ws/install/custom_interface/include/custom_interface/custom_interface/srv/detail/add_three_ints__traits.hpp
[3.192s] -- Installing: /home/mahmmudqatmh/ros2_ws/install/custom_interface/include/custom_interface/custom_interface/srv/detail/distance__type_support.hpp
[3.193s] -- Installing: /home/mahmmudqatmh/ros2_ws/install/custom_interface/include/custom_interface/custom_interface/srv/detail/distance__builder.hpp
[3.193s] -- Installing: /home/mahmmudqatmh/ros2_ws/install/custom_interface/include/custom_interface/custom_interface/srv/detail/add_three_ints__struct.hpp
[3.193s] -- Installing: /home/mahmmudqatmh/ros2_ws/install/custom_interface/include/custom_interface/custom_interface/srv/detail/add_three_ints__builder.hpp
[3.193s] -- Installing: /home/mahmmudqatmh/ros2_ws/install/custom_interface/include/custom_interface/custom_interface/srv/detail/add_three_ints__type_support.hpp
[3.193s] -- Installing: /home/mahmmudqatmh/ros2_ws/install/custom_interface/include/custom_interface/custom_interface/srv/detail/distance__traits.hpp
[3.193s] -- Installing: /home/mahmmudqatmh/ros2_ws/install/custom_interface/include/custom_interface/custom_interface/srv/detail/distance__struct.hpp
[3.193s] -- Installing: /home/mahmmudqatmh/ros2_ws/install/custom_interface/include/custom_interface/custom_interface/srv/distance.hpp
[3.193s] -- Installing: /home/mahmmudqatmh/ros2_ws/install/custom_interface/include/custom_interface/custom_interface/srv/add_three_ints.hpp
[3.193s] -- Up-to-date: /home/mahmmudqatmh/ros2_ws/install/custom_interface/include/custom_interface/custom_interface
[3.193s] -- Up-to-date: /home/mahmmudqatmh/ros2_ws/install/custom_interface/include/custom_interface/custom_interface/msg
[3.193s] -- Up-to-date: /home/mahmmudqatmh/ros2_ws/install/custom_interface/include/custom_interface/custom_interface/msg/detail
[3.193s] -- Installing: /home/mahmmudqatmh/ros2_ws/install/custom_interface/include/custom_interface/custom_interface/msg/detail/person__rosidl_typesupport_fastrtps_cpp.hpp
[3.193s] -- Installing: /home/mahmmudqatmh/ros2_ws/install/custom_interface/include/custom_interface/custom_interface/msg/detail/dds_fastrtps
[3.193s] -- Installing: /home/mahmmudqatmh/ros2_ws/install/custom_interface/include/custom_interface/custom_interface/msg/rosidl_typesupport_fastrtps_cpp__visibility_control.h
[3.194s] -- Up-to-date: /home/mahmmudqatmh/ros2_ws/install/custom_interface/include/custom_interface/custom_interface/srv
[3.194s] -- Up-to-date: /home/mahmmudqatmh/ros2_ws/install/custom_interface/include/custom_interface/custom_interface/srv/detail
[3.194s] -- Installing: /home/mahmmudqatmh/ros2_ws/install/custom_interface/include/custom_interface/custom_interface/srv/detail/add_three_ints__rosidl_typesupport_fastrtps_cpp.hpp
[3.194s] -- Installing: /home/mahmmudqatmh/ros2_ws/install/custom_interface/include/custom_interface/custom_interface/srv/detail/dds_fastrtps
[3.194s] -- Installing: /home/mahmmudqatmh/ros2_ws/install/custom_interface/include/custom_interface/custom_interface/srv/detail/distance__rosidl_typesupport_fastrtps_cpp.hpp
[3.194s] -- Installing: /home/mahmmudqatmh/ros2_ws/install/custom_interface/lib/libcustom_interface__rosidl_typesupport_fastrtps_cpp.so
[3.194s] -- Set runtime path of "/home/mahmmudqatmh/ros2_ws/install/custom_interface/lib/libcustom_interface__rosidl_typesupport_fastrtps_cpp.so" to ""
[3.194s] -- Up-to-date: /home/mahmmudqatmh/ros2_ws/install/custom_interface/include/custom_interface/custom_interface
[3.194s] -- Up-to-date: /home/mahmmudqatmh/ros2_ws/install/custom_interface/include/custom_interface/custom_interface/msg
[3.194s] -- Up-to-date: /home/mahmmudqatmh/ros2_ws/install/custom_interface/include/custom_interface/custom_interface/msg/detail
[3.194s] -- Installing: /home/mahmmudqatmh/ros2_ws/install/custom_interface/include/custom_interface/custom_interface/msg/detail/person__rosidl_typesupport_introspection_c.h
[3.194s] -- Installing: /home/mahmmudqatmh/ros2_ws/install/custom_interface/include/custom_interface/custom_interface/msg/detail/person__type_support.c
[3.194s] -- Installing: /home/mahmmudqatmh/ros2_ws/install/custom_interface/include/custom_interface/custom_interface/msg/rosidl_typesupport_introspection_c__visibility_control.h
[3.195s] -- Up-to-date: /home/mahmmudqatmh/ros2_ws/install/custom_interface/include/custom_interface/custom_interface/srv
[3.195s] -- Up-to-date: /home/mahmmudqatmh/ros2_ws/install/custom_interface/include/custom_interface/custom_interface/srv/detail
[3.195s] -- Installing: /home/mahmmudqatmh/ros2_ws/install/custom_interface/include/custom_interface/custom_interface/srv/detail/add_three_ints__rosidl_typesupport_introspection_c.h
[3.195s] -- Installing: /home/mahmmudqatmh/ros2_ws/install/custom_interface/include/custom_interface/custom_interface/srv/detail/distance__type_support.c
[3.195s] -- Installing: /home/mahmmudqatmh/ros2_ws/install/custom_interface/include/custom_interface/custom_interface/srv/detail/add_three_ints__type_support.c
[3.195s] -- Installing: /home/mahmmudqatmh/ros2_ws/install/custom_interface/include/custom_interface/custom_interface/srv/detail/distance__rosidl_typesupport_introspection_c.h
[3.195s] -- Installing: /home/mahmmudqatmh/ros2_ws/install/custom_interface/lib/libcustom_interface__rosidl_typesupport_introspection_c.so
[3.195s] -- Set runtime path of "/home/mahmmudqatmh/ros2_ws/install/custom_interface/lib/libcustom_interface__rosidl_typesupport_introspection_c.so" to ""
[3.195s] -- Installing: /home/mahmmudqatmh/ros2_ws/install/custom_interface/lib/libcustom_interface__rosidl_typesupport_c.so
[3.195s] -- Set runtime path of "/home/mahmmudqatmh/ros2_ws/install/custom_interface/lib/libcustom_interface__rosidl_typesupport_c.so" to ""
[3.195s] -- Up-to-date: /home/mahmmudqatmh/ros2_ws/install/custom_interface/include/custom_interface/custom_interface
[3.195s] -- Up-to-date: /home/mahmmudqatmh/ros2_ws/install/custom_interface/include/custom_interface/custom_interface/msg
[3.195s] -- Up-to-date: /home/mahmmudqatmh/ros2_ws/install/custom_interface/include/custom_interface/custom_interface/msg/detail
[3.196s] -- Installing: /home/mahmmudqatmh/ros2_ws/install/custom_interface/include/custom_interface/custom_interface/msg/detail/person__type_support.cpp
[3.196s] -- Installing: /home/mahmmudqatmh/ros2_ws/install/custom_interface/include/custom_interface/custom_interface/msg/detail/person__rosidl_typesupport_introspection_cpp.hpp
[3.196s] -- Up-to-date: /home/mahmmudqatmh/ros2_ws/install/custom_interface/include/custom_interface/custom_interface/srv
[3.196s] -- Up-to-date: /home/mahmmudqatmh/ros2_ws/install/custom_interface/include/custom_interface/custom_interface/srv/detail
[3.196s] -- Installing: /home/mahmmudqatmh/ros2_ws/install/custom_interface/include/custom_interface/custom_interface/srv/detail/add_three_ints__type_support.cpp
[3.196s] -- Installing: /home/mahmmudqatmh/ros2_ws/install/custom_interface/include/custom_interface/custom_interface/srv/detail/add_three_ints__rosidl_typesupport_introspection_cpp.hpp
[3.196s] -- Installing: /home/mahmmudqatmh/ros2_ws/install/custom_interface/include/custom_interface/custom_interface/srv/detail/distance__rosidl_typesupport_introspection_cpp.hpp
[3.196s] -- Installing: /home/mahmmudqatmh/ros2_ws/install/custom_interface/include/custom_interface/custom_interface/srv/detail/distance__type_support.cpp
[3.196s] -- Installing: /home/mahmmudqatmh/ros2_ws/install/custom_interface/lib/libcustom_interface__rosidl_typesupport_introspection_cpp.so
[3.196s] -- Set runtime path of "/home/mahmmudqatmh/ros2_ws/install/custom_interface/lib/libcustom_interface__rosidl_typesupport_introspection_cpp.so" to ""
[3.196s] -- Installing: /home/mahmmudqatmh/ros2_ws/install/custom_interface/lib/libcustom_interface__rosidl_typesupport_cpp.so
[3.196s] -- Set runtime path of "/home/mahmmudqatmh/ros2_ws/install/custom_interface/lib/libcustom_interface__rosidl_typesupport_cpp.so" to ""
[3.197s] -- Installing: /home/mahmmudqatmh/ros2_ws/install/custom_interface/share/custom_interface/environment/pythonpath.sh
[3.197s] -- Installing: /home/mahmmudqatmh/ros2_ws/install/custom_interface/share/custom_interface/environment/pythonpath.dsv
[3.197s] -- Installing: /home/mahmmudqatmh/ros2_ws/install/custom_interface/local/lib/python3.10/dist-packages/custom_interface-0.0.0-py3.10.egg-info
[3.197s] -- Installing: /home/mahmmudqatmh/ros2_ws/install/custom_interface/local/lib/python3.10/dist-packages/custom_interface-0.0.0-py3.10.egg-info/dependency_links.txt
[3.197s] -- Installing: /home/mahmmudqatmh/ros2_ws/install/custom_interface/local/lib/python3.10/dist-packages/custom_interface-0.0.0-py3.10.egg-info/top_level.txt
[3.197s] -- Installing: /home/mahmmudqatmh/ros2_ws/install/custom_interface/local/lib/python3.10/dist-packages/custom_interface-0.0.0-py3.10.egg-info/PKG-INFO
[3.197s] -- Installing: /home/mahmmudqatmh/ros2_ws/install/custom_interface/local/lib/python3.10/dist-packages/custom_interface-0.0.0-py3.10.egg-info/SOURCES.txt
[3.197s] -- Installing: /home/mahmmudqatmh/ros2_ws/install/custom_interface/local/lib/python3.10/dist-packages/custom_interface
[3.197s] -- Installing: /home/mahmmudqatmh/ros2_ws/install/custom_interface/local/lib/python3.10/dist-packages/custom_interface/_custom_interface_s.ep.rosidl_typesupport_introspection_c.c
[3.197s] -- Installing: /home/mahmmudqatmh/ros2_ws/install/custom_interface/local/lib/python3.10/dist-packages/custom_interface/custom_interface_s__rosidl_typesupport_c.cpython-310-x86_64-linux-gnu.so
[3.197s] -- Installing: /home/mahmmudqatmh/ros2_ws/install/custom_interface/local/lib/python3.10/dist-packages/custom_interface/msg
[3.197s] -- Installing: /home/mahmmudqatmh/ros2_ws/install/custom_interface/local/lib/python3.10/dist-packages/custom_interface/msg/_person.py
[3.198s] -- Installing: /home/mahmmudqatmh/ros2_ws/install/custom_interface/local/lib/python3.10/dist-packages/custom_interface/msg/_person_s.c
[3.198s] -- Installing: /home/mahmmudqatmh/ros2_ws/install/custom_interface/local/lib/python3.10/dist-packages/custom_interface/msg/__init__.py
[3.198s] -- Installing: /home/mahmmudqatmh/ros2_ws/install/custom_interface/local/lib/python3.10/dist-packages/custom_interface/srv
[3.198s] -- Installing: /home/mahmmudqatmh/ros2_ws/install/custom_interface/local/lib/python3.10/dist-packages/custom_interface/srv/_distance.py
[3.198s] -- Installing: /home/mahmmudqatmh/ros2_ws/install/custom_interface/local/lib/python3.10/dist-packages/custom_interface/srv/_add_three_ints_s.c
[3.198s] -- Installing: /home/mahmmudqatmh/ros2_ws/install/custom_interface/local/lib/python3.10/dist-packages/custom_interface/srv/_distance_s.c
[3.198s] -- Installing: /home/mahmmudqatmh/ros2_ws/install/custom_interface/local/lib/python3.10/dist-packages/custom_interface/srv/_add_three_ints.py
[3.198s] -- Installing: /home/mahmmudqatmh/ros2_ws/install/custom_interface/local/lib/python3.10/dist-packages/custom_interface/srv/__init__.py
[3.198s] -- Installing: /home/mahmmudqatmh/ros2_ws/install/custom_interface/local/lib/python3.10/dist-packages/custom_interface/custom_interface_s__rosidl_typesupport_fastrtps_c.cpython-310-x86_64-linux-gnu.so
[3.198s] -- Installing: /home/mahmmudqatmh/ros2_ws/install/custom_interface/local/lib/python3.10/dist-packages/custom_interface/_custom_interface_s.ep.rosidl_typesupport_c.c
[3.198s] -- Installing: /home/mahmmudqatmh/ros2_ws/install/custom_interface/local/lib/python3.10/dist-packages/custom_interface/__init__.py
[3.198s] -- Installing: /home/mahmmudqatmh/ros2_ws/install/custom_interface/local/lib/python3.10/dist-packages/custom_interface/custom_interface_s__rosidl_typesupport_introspection_c.cpython-310-x86_64-linux-gnu.so
[3.198s] -- Installing: /home/mahmmudqatmh/ros2_ws/install/custom_interface/local/lib/python3.10/dist-packages/custom_interface/_custom_interface_s.ep.rosidl_typesupport_fastrtps_c.c
[3.198s] -- Installing: /home/mahmmudqatmh/ros2_ws/install/custom_interface/local/lib/python3.10/dist-packages/custom_interface/libcustom_interface__rosidl_generator_py.so
[3.233s] Listing '/home/mahmmudqatmh/ros2_ws/install/custom_interface/local/lib/python3.10/dist-packages/custom_interface'...
[3.233s] Compiling '/home/mahmmudqatmh/ros2_ws/install/custom_interface/local/lib/python3.10/dist-packages/custom_interface/__init__.py'...
[3.233s] Listing '/home/mahmmudqatmh/ros2_ws/install/custom_interface/local/lib/python3.10/dist-packages/custom_interface/msg'...
[3.233s] Compiling '/home/mahmmudqatmh/ros2_ws/install/custom_interface/local/lib/python3.10/dist-packages/custom_interface/msg/__init__.py'...
[3.233s] Compiling '/home/mahmmudqatmh/ros2_ws/install/custom_interface/local/lib/python3.10/dist-packages/custom_interface/msg/_person.py'...
[3.233s] Listing '/home/mahmmudqatmh/ros2_ws/install/custom_interface/local/lib/python3.10/dist-packages/custom_interface/srv'...
[3.233s] Compiling '/home/mahmmudqatmh/ros2_ws/install/custom_interface/local/lib/python3.10/dist-packages/custom_interface/srv/__init__.py'...
[3.233s] Compiling '/home/mahmmudqatmh/ros2_ws/install/custom_interface/local/lib/python3.10/dist-packages/custom_interface/srv/_add_three_ints.py'...
[3.233s] Compiling '/home/mahmmudqatmh/ros2_ws/install/custom_interface/local/lib/python3.10/dist-packages/custom_interface/srv/_distance.py'...
[3.236s] -- Installing: /home/mahmmudqatmh/ros2_ws/install/custom_interface/local/lib/python3.10/dist-packages/custom_interface/custom_interface_s__rosidl_typesupport_fastrtps_c.cpython-310-x86_64-linux-gnu.so
[3.236s] -- Set runtime path of "/home/mahmmudqatmh/ros2_ws/install/custom_interface/local/lib/python3.10/dist-packages/custom_interface/custom_interface_s__rosidl_typesupport_fastrtps_c.cpython-310-x86_64-linux-gnu.so" to ""
[3.236s] -- Installing: /home/mahmmudqatmh/ros2_ws/install/custom_interface/local/lib/python3.10/dist-packages/custom_interface/custom_interface_s__rosidl_typesupport_introspection_c.cpython-310-x86_64-linux-gnu.so
[3.236s] -- Set runtime path of "/home/mahmmudqatmh/ros2_ws/install/custom_interface/local/lib/python3.10/dist-packages/custom_interface/custom_interface_s__rosidl_typesupport_introspection_c.cpython-310-x86_64-linux-gnu.so" to ""
[3.236s] -- Installing: /home/mahmmudqatmh/ros2_ws/install/custom_interface/local/lib/python3.10/dist-packages/custom_interface/custom_interface_s__rosidl_typesupport_c.cpython-310-x86_64-linux-gnu.so
[3.237s] -- Set runtime path of "/home/mahmmudqatmh/ros2_ws/install/custom_interface/local/lib/python3.10/dist-packages/custom_interface/custom_interface_s__rosidl_typesupport_c.cpython-310-x86_64-linux-gnu.so" to ""
[3.237s] -- Installing: /home/mahmmudqatmh/ros2_ws/install/custom_interface/lib/libcustom_interface__rosidl_generator_py.so
[3.237s] -- Set runtime path of "/home/mahmmudqatmh/ros2_ws/install/custom_interface/lib/libcustom_interface__rosidl_generator_py.so" to ""
[3.237s] -- Installing: /home/mahmmudqatmh/ros2_ws/install/custom_interface/share/custom_interface/msg/Person.idl
[3.237s] -- Installing: /home/mahmmudqatmh/ros2_ws/install/custom_interface/share/custom_interface/srv/AddThreeInts.idl
[3.237s] -- Installing: /home/mahmmudqatmh/ros2_ws/install/custom_interface/share/custom_interface/srv/Distance.idl
[3.237s] -- Installing: /home/mahmmudqatmh/ros2_ws/install/custom_interface/share/custom_interface/msg/Person.msg
[3.237s] -- Installing: /home/mahmmudqatmh/ros2_ws/install/custom_interface/share/custom_interface/srv/AddThreeInts.srv
[3.237s] -- Installing: /home/mahmmudqatmh/ros2_ws/install/custom_interface/share/custom_interface/srv/AddThreeInts_Request.msg
[3.237s] -- Installing: /home/mahmmudqatmh/ros2_ws/install/custom_interface/share/custom_interface/srv/AddThreeInts_Response.msg
[3.237s] -- Installing: /home/mahmmudqatmh/ros2_ws/install/custom_interface/share/custom_interface/srv/Distance.srv
[3.237s] -- Installing: /home/mahmmudqatmh/ros2_ws/install/custom_interface/share/custom_interface/srv/Distance_Request.msg
[3.238s] -- Installing: /home/mahmmudqatmh/ros2_ws/install/custom_interface/share/custom_interface/srv/Distance_Response.msg
[3.238s] -- Installing: /home/mahmmudqatmh/ros2_ws/install/custom_interface/share/ament_index/resource_index/package_run_dependencies/custom_interface
[3.238s] -- Installing: /home/mahmmudqatmh/ros2_ws/install/custom_interface/share/ament_index/resource_index/parent_prefix_path/custom_interface
[3.238s] -- Installing: /home/mahmmudqatmh/ros2_ws/install/custom_interface/share/custom_interface/environment/ament_prefix_path.sh
[3.238s] -- Installing: /home/mahmmudqatmh/ros2_ws/install/custom_interface/share/custom_interface/environment/ament_prefix_path.dsv
[3.238s] -- Installing: /home/mahmmudqatmh/ros2_ws/install/custom_interface/share/custom_interface/environment/path.sh
[3.238s] -- Installing: /home/mahmmudqatmh/ros2_ws/install/custom_interface/share/custom_interface/environment/path.dsv
[3.238s] -- Installing: /home/mahmmudqatmh/ros2_ws/install/custom_interface/share/custom_interface/local_setup.bash
[3.238s] -- Installing: /home/mahmmudqatmh/ros2_ws/install/custom_interface/share/custom_interface/local_setup.sh
[3.238s] -- Installing: /home/mahmmudqatmh/ros2_ws/install/custom_interface/share/custom_interface/local_setup.zsh
[3.238s] -- Installing: /home/mahmmudqatmh/ros2_ws/install/custom_interface/share/custom_interface/local_setup.dsv
[3.238s] -- Installing: /home/mahmmudqatmh/ros2_ws/install/custom_interface/share/custom_interface/package.dsv
[3.238s] -- Installing: /home/mahmmudqatmh/ros2_ws/install/custom_interface/share/ament_index/resource_index/packages/custom_interface
[3.238s] -- Installing: /home/mahmmudqatmh/ros2_ws/install/custom_interface/share/custom_interface/cmake/export_custom_interface__rosidl_generator_cExport.cmake
[3.238s] -- Installing: /home/mahmmudqatmh/ros2_ws/install/custom_interface/share/custom_interface/cmake/export_custom_interface__rosidl_generator_cExport-noconfig.cmake
[3.238s] -- Installing: /home/mahmmudqatmh/ros2_ws/install/custom_interface/share/custom_interface/cmake/export_custom_interface__rosidl_typesupport_fastrtps_cExport.cmake
[3.238s] -- Installing: /home/mahmmudqatmh/ros2_ws/install/custom_interface/share/custom_interface/cmake/export_custom_interface__rosidl_typesupport_fastrtps_cExport-noconfig.cmake
[3.238s] -- Installing: /home/mahmmudqatmh/ros2_ws/install/custom_interface/share/custom_interface/cmake/export_custom_interface__rosidl_generator_cppExport.cmake
[3.238s] -- Installing: /home/mahmmudqatmh/ros2_ws/install/custom_interface/share/custom_interface/cmake/export_custom_interface__rosidl_typesupport_fastrtps_cppExport.cmake
[3.238s] -- Installing: /home/mahmmudqatmh/ros2_ws/install/custom_interface/share/custom_interface/cmake/export_custom_interface__rosidl_typesupport_fastrtps_cppExport-noconfig.cmake
[3.238s] -- Installing: /home/mahmmudqatmh/ros2_ws/install/custom_interface/share/custom_interface/cmake/custom_interface__rosidl_typesupport_introspection_cExport.cmake
[3.238s] -- Installing: /home/mahmmudqatmh/ros2_ws/install/custom_interface/share/custom_interface/cmake/custom_interface__rosidl_typesupport_introspection_cExport-noconfig.cmake
[3.238s] -- Installing: /home/mahmmudqatmh/ros2_ws/install/custom_interface/share/custom_interface/cmake/custom_interface__rosidl_typesupport_cExport.cmake
[3.239s] -- Installing: /home/mahmmudqatmh/ros2_ws/install/custom_interface/share/custom_interface/cmake/custom_interface__rosidl_typesupport_cExport-noconfig.cmake
[3.239s] -- Installing: /home/mahmmudqatmh/ros2_ws/install/custom_interface/share/custom_interface/cmake/custom_interface__rosidl_typesupport_introspection_cppExport.cmake
[3.239s] -- Installing: /home/mahmmudqatmh/ros2_ws/install/custom_interface/share/custom_interface/cmake/custom_interface__rosidl_typesupport_introspection_cppExport-noconfig.cmake
[3.239s] -- Installing: /home/mahmmudqatmh/ros2_ws/install/custom_interface/share/custom_interface/cmake/custom_interface__rosidl_typesupport_cppExport.cmake
[3.239s] -- Installing: /home/mahmmudqatmh/ros2_ws/install/custom_interface/share/custom_interface/cmake/custom_interface__rosidl_typesupport_cppExport-noconfig.cmake
[3.239s] -- Installing: /home/mahmmudqatmh/ros2_ws/install/custom_interface/share/custom_interface/cmake/export_custom_interface__rosidl_generator_pyExport.cmake
[3.239s] -- Installing: /home/mahmmudqatmh/ros2_ws/install/custom_interface/share/custom_interface/cmake/export_custom_interface__rosidl_generator_pyExport-noconfig.cmake
[3.239s] -- Installing: /home/mahmmudqatmh/ros2_ws/install/custom_interface/share/custom_interface/cmake/rosidl_cmake-extras.cmake
[3.239s] -- Installing: /home/mahmmudqatmh/ros2_ws/install/custom_interface/share/custom_interface/cmake/ament_cmake_export_dependencies-extras.cmake
[3.239s] -- Installing: /home/mahmmudqatmh/ros2_ws/install/custom_interface/share/custom_interface/cmake/ament_cmake_export_include_directories-extras.cmake
[3.239s] -- Installing: /home/mahmmudqatmh/ros2_ws/install/custom_interface/share/custom_interface/cmake/ament_cmake_export_libraries-extras.cmake
[3.239s] -- Installing: /home/mahmmudqatmh/ros2_ws/install/custom_interface/share/custom_interface/cmake/ament_cmake_export_targets-extras.cmake
[3.239s] -- Installing: /home/mahmmudqatmh/ros2_ws/install/custom_interface/share/custom_interface/cmake/rosidl_cmake_export_typesupport_targets-extras.cmake
[3.239s] -- Installing: /home/mahmmudqatmh/ros2_ws/install/custom_interface/share/custom_interface/cmake/rosidl_cmake_export_typesupport_libraries-extras.cmake
[3.239s] -- Installing: /home/mahmmudqatmh/ros2_ws/install/custom_interface/share/custom_interface/cmake/custom_interfaceConfig.cmake
[3.239s] -- Installing: /home/mahmmudqatmh/ros2_ws/install/custom_interface/share/custom_interface/cmake/custom_interfaceConfig-version.cmake
[3.239s] -- Installing: /home/mahmmudqatmh/ros2_ws/install/custom_interface/share/custom_interface/package.xml
[3.241s] Invoked command in '/home/mahmmudqatmh/ros2_ws/build/custom_interface' returned '0': CMAKE_PREFIX_PATH=/opt/ros/humble /usr/bin/cmake --install /home/mahmmudqatmh/ros2_ws/build/custom_interface
