[0.016s] Invoking command in '/home/mahmmudqatmh/ros2_ws/build/countdown_interfaces': CMAKE_PREFIX_PATH=${CMAKE_PREFIX_PATH}:/home/mahmmudqatmh/ros2_ws/install/pose_line:/home/mahmmudqatmh/ros2_ws/install/person_node:/home/mahmmudqatmh/ros2_ws/install/distance_service:/home/mahmmudqatmh/ros2_ws/install/distance_bringup:/home/mahmmudqatmh/ros2_ws/install/countdown_nodes:/opt/ros/humble /usr/bin/cmake --build /home/mahmmudqatmh/ros2_ws/build/countdown_interfaces -- -j24 -l24
[0.207s] [35m[1mConsolidate compiler generated dependencies of target countdown_interfaces__rosidl_generator_c[0m
[0.207s] [  3%] Built target countdown_interfaces__cpp
[0.207s] [ 12%] Built target countdown_interfaces__rosidl_generator_c
[0.207s] [35m[1mConsolidate compiler generated dependencies of target countdown_interfaces__rosidl_typesupport_cpp[0m
[0.207s] [35m[1mConsolidate compiler generated dependencies of target countdown_interfaces__rosidl_typesupport_fastrtps_cpp[0m
[0.207s] [35m[1mConsolidate compiler generated dependencies of target countdown_interfaces__rosidl_typesupport_introspection_cpp[0m
[0.207s] [ 12%] Built target ament_cmake_python_copy_countdown_interfaces
[0.207s] [35m[1mConsolidate compiler generated dependencies of target countdown_interfaces__rosidl_typesupport_introspection_c[0m
[0.207s] [35m[1mConsolidate compiler generated dependencies of target countdown_interfaces__rosidl_typesupport_c[0m
[0.207s] [35m[1mConsolidate compiler generated dependencies of target countdown_interfaces__rosidl_typesupport_fastrtps_c[0m
[0.207s] [ 22%] Built target countdown_interfaces__rosidl_typesupport_cpp
[0.207s] [ 32%] Built target countdown_interfaces__rosidl_typesupport_fastrtps_cpp
[0.207s] [ 41%] Built target countdown_interfaces__rosidl_typesupport_introspection_cpp
[0.207s] [ 51%] Built target countdown_interfaces__rosidl_typesupport_introspection_c
[0.207s] [ 61%] Built target countdown_interfaces__rosidl_typesupport_c
[0.207s] [ 70%] Built target countdown_interfaces__rosidl_typesupport_fastrtps_c
[0.208s] [ 70%] Built target countdown_interfaces
[0.208s] [ 74%] Built target countdown_interfaces__py
[0.209s] [35m[1mConsolidate compiler generated dependencies of target countdown_interfaces__rosidl_generator_py[0m
[0.209s] [ 80%] Built target countdown_interfaces__rosidl_generator_py
[0.209s] [35m[1mConsolidate compiler generated dependencies of target countdown_interfaces__rosidl_typesupport_c__pyext[0m
[0.209s] [35m[1mConsolidate compiler generated dependencies of target countdown_interfaces__rosidl_typesupport_introspection_c__pyext[0m
[0.209s] [35m[1mConsolidate compiler generated dependencies of target countdown_interfaces__rosidl_typesupport_fastrtps_c__pyext[0m
[0.210s] [ 87%] Built target countdown_interfaces__rosidl_typesupport_c__pyext
[0.210s] [ 93%] Built target countdown_interfaces__rosidl_typesupport_fastrtps_c__pyext
[0.210s] [100%] Built target countdown_interfaces__rosidl_typesupport_introspection_c__pyext
[0.239s] running egg_info
[0.239s] writing countdown_interfaces.egg-info/PKG-INFO
[0.239s] writing dependency_links to countdown_interfaces.egg-info/dependency_links.txt
[0.239s] writing top-level names to countdown_interfaces.egg-info/top_level.txt
[0.241s] reading manifest file 'countdown_interfaces.egg-info/SOURCES.txt'
[0.241s] writing manifest file 'countdown_interfaces.egg-info/SOURCES.txt'
[0.261s] [100%] Built target ament_cmake_python_build_countdown_interfaces_egg
[0.382s] Invoked command in '/home/mahmmudqatmh/ros2_ws/build/countdown_interfaces' returned '0': CMAKE_PREFIX_PATH=${CMAKE_PREFIX_PATH}:/home/mahmmudqatmh/ros2_ws/install/pose_line:/home/mahmmudqatmh/ros2_ws/install/person_node:/home/mahmmudqatmh/ros2_ws/install/distance_service:/home/mahmmudqatmh/ros2_ws/install/distance_bringup:/home/mahmmudqatmh/ros2_ws/install/countdown_nodes:/opt/ros/humble /usr/bin/cmake --build /home/mahmmudqatmh/ros2_ws/build/countdown_interfaces -- -j24 -l24
[0.390s] Invoking command in '/home/mahmmudqatmh/ros2_ws/build/countdown_interfaces': CMAKE_PREFIX_PATH=${CMAKE_PREFIX_PATH}:/home/mahmmudqatmh/ros2_ws/install/pose_line:/home/mahmmudqatmh/ros2_ws/install/person_node:/home/mahmmudqatmh/ros2_ws/install/distance_service:/home/mahmmudqatmh/ros2_ws/install/distance_bringup:/home/mahmmudqatmh/ros2_ws/install/countdown_nodes:/opt/ros/humble /usr/bin/cmake --install /home/mahmmudqatmh/ros2_ws/build/countdown_interfaces
[0.397s] -- Install configuration: ""
[0.397s] -- Up-to-date: /home/mahmmudqatmh/ros2_ws/install/countdown_interfaces/share/ament_index/resource_index/rosidl_interfaces/countdown_interfaces
[0.397s] -- Up-to-date: /home/mahmmudqatmh/ros2_ws/install/countdown_interfaces/include/countdown_interfaces/countdown_interfaces
[0.397s] -- Up-to-date: /home/mahmmudqatmh/ros2_ws/install/countdown_interfaces/include/countdown_interfaces/countdown_interfaces/action
[0.397s] -- Up-to-date: /home/mahmmudqatmh/ros2_ws/install/countdown_interfaces/include/countdown_interfaces/countdown_interfaces/action/detail
[0.397s] -- Up-to-date: /home/mahmmudqatmh/ros2_ws/install/countdown_interfaces/include/countdown_interfaces/countdown_interfaces/action/detail/countdown__functions.h
[0.397s] -- Up-to-date: /home/mahmmudqatmh/ros2_ws/install/countdown_interfaces/include/countdown_interfaces/countdown_interfaces/action/detail/countdown__functions.c
[0.397s] -- Up-to-date: /home/mahmmudqatmh/ros2_ws/install/countdown_interfaces/include/countdown_interfaces/countdown_interfaces/action/detail/countdown__struct.h
[0.397s] -- Up-to-date: /home/mahmmudqatmh/ros2_ws/install/countdown_interfaces/include/countdown_interfaces/countdown_interfaces/action/detail/countdown__type_support.h
[0.397s] -- Up-to-date: /home/mahmmudqatmh/ros2_ws/install/countdown_interfaces/include/countdown_interfaces/countdown_interfaces/action/countdown.h
[0.397s] -- Up-to-date: /home/mahmmudqatmh/ros2_ws/install/countdown_interfaces/include/countdown_interfaces/countdown_interfaces/msg
[0.397s] -- Up-to-date: /home/mahmmudqatmh/ros2_ws/install/countdown_interfaces/include/countdown_interfaces/countdown_interfaces/msg/rosidl_generator_c__visibility_control.h
[0.398s] -- Up-to-date: /home/mahmmudqatmh/ros2_ws/install/countdown_interfaces/share/countdown_interfaces/environment/library_path.sh
[0.398s] -- Up-to-date: /home/mahmmudqatmh/ros2_ws/install/countdown_interfaces/share/countdown_interfaces/environment/library_path.dsv
[0.398s] -- Up-to-date: /home/mahmmudqatmh/ros2_ws/install/countdown_interfaces/lib/libcountdown_interfaces__rosidl_generator_c.so
[0.398s] -- Up-to-date: /home/mahmmudqatmh/ros2_ws/install/countdown_interfaces/include/countdown_interfaces/countdown_interfaces
[0.398s] -- Up-to-date: /home/mahmmudqatmh/ros2_ws/install/countdown_interfaces/include/countdown_interfaces/countdown_interfaces/action
[0.398s] -- Up-to-date: /home/mahmmudqatmh/ros2_ws/install/countdown_interfaces/include/countdown_interfaces/countdown_interfaces/action/detail
[0.398s] -- Up-to-date: /home/mahmmudqatmh/ros2_ws/install/countdown_interfaces/include/countdown_interfaces/countdown_interfaces/action/detail/countdown__rosidl_typesupport_fastrtps_c.h
[0.398s] -- Up-to-date: /home/mahmmudqatmh/ros2_ws/install/countdown_interfaces/include/countdown_interfaces/countdown_interfaces/msg
[0.398s] -- Up-to-date: /home/mahmmudqatmh/ros2_ws/install/countdown_interfaces/include/countdown_interfaces/countdown_interfaces/msg/rosidl_typesupport_fastrtps_c__visibility_control.h
[0.398s] -- Up-to-date: /home/mahmmudqatmh/ros2_ws/install/countdown_interfaces/lib/libcountdown_interfaces__rosidl_typesupport_fastrtps_c.so
[0.398s] -- Up-to-date: /home/mahmmudqatmh/ros2_ws/install/countdown_interfaces/include/countdown_interfaces/countdown_interfaces
[0.398s] -- Up-to-date: /home/mahmmudqatmh/ros2_ws/install/countdown_interfaces/include/countdown_interfaces/countdown_interfaces/action
[0.398s] -- Up-to-date: /home/mahmmudqatmh/ros2_ws/install/countdown_interfaces/include/countdown_interfaces/countdown_interfaces/action/detail
[0.398s] -- Up-to-date: /home/mahmmudqatmh/ros2_ws/install/countdown_interfaces/include/countdown_interfaces/countdown_interfaces/action/detail/countdown__type_support.c
[0.398s] -- Up-to-date: /home/mahmmudqatmh/ros2_ws/install/countdown_interfaces/include/countdown_interfaces/countdown_interfaces/action/detail/countdown__rosidl_typesupport_introspection_c.h
[0.398s] -- Up-to-date: /home/mahmmudqatmh/ros2_ws/install/countdown_interfaces/include/countdown_interfaces/countdown_interfaces/msg
[0.398s] -- Up-to-date: /home/mahmmudqatmh/ros2_ws/install/countdown_interfaces/include/countdown_interfaces/countdown_interfaces/msg/rosidl_typesupport_introspection_c__visibility_control.h
[0.398s] -- Up-to-date: /home/mahmmudqatmh/ros2_ws/install/countdown_interfaces/lib/libcountdown_interfaces__rosidl_typesupport_introspection_c.so
[0.399s] -- Up-to-date: /home/mahmmudqatmh/ros2_ws/install/countdown_interfaces/lib/libcountdown_interfaces__rosidl_typesupport_c.so
[0.399s] -- Up-to-date: /home/mahmmudqatmh/ros2_ws/install/countdown_interfaces/include/countdown_interfaces/countdown_interfaces
[0.399s] -- Up-to-date: /home/mahmmudqatmh/ros2_ws/install/countdown_interfaces/include/countdown_interfaces/countdown_interfaces/action
[0.399s] -- Up-to-date: /home/mahmmudqatmh/ros2_ws/install/countdown_interfaces/include/countdown_interfaces/countdown_interfaces/action/detail
[0.399s] -- Up-to-date: /home/mahmmudqatmh/ros2_ws/install/countdown_interfaces/include/countdown_interfaces/countdown_interfaces/action/detail/countdown__struct.hpp
[0.399s] -- Up-to-date: /home/mahmmudqatmh/ros2_ws/install/countdown_interfaces/include/countdown_interfaces/countdown_interfaces/action/detail/countdown__traits.hpp
[0.399s] -- Up-to-date: /home/mahmmudqatmh/ros2_ws/install/countdown_interfaces/include/countdown_interfaces/countdown_interfaces/action/detail/countdown__builder.hpp
[0.399s] -- Up-to-date: /home/mahmmudqatmh/ros2_ws/install/countdown_interfaces/include/countdown_interfaces/countdown_interfaces/action/detail/countdown__type_support.hpp
[0.399s] -- Up-to-date: /home/mahmmudqatmh/ros2_ws/install/countdown_interfaces/include/countdown_interfaces/countdown_interfaces/action/countdown.hpp
[0.399s] -- Up-to-date: /home/mahmmudqatmh/ros2_ws/install/countdown_interfaces/include/countdown_interfaces/countdown_interfaces/msg
[0.399s] -- Up-to-date: /home/mahmmudqatmh/ros2_ws/install/countdown_interfaces/include/countdown_interfaces/countdown_interfaces/msg/rosidl_generator_cpp__visibility_control.hpp
[0.399s] -- Up-to-date: /home/mahmmudqatmh/ros2_ws/install/countdown_interfaces/include/countdown_interfaces/countdown_interfaces
[0.399s] -- Up-to-date: /home/mahmmudqatmh/ros2_ws/install/countdown_interfaces/include/countdown_interfaces/countdown_interfaces/action
[0.399s] -- Up-to-date: /home/mahmmudqatmh/ros2_ws/install/countdown_interfaces/include/countdown_interfaces/countdown_interfaces/action/detail
[0.400s] -- Up-to-date: /home/mahmmudqatmh/ros2_ws/install/countdown_interfaces/include/countdown_interfaces/countdown_interfaces/action/detail/dds_fastrtps
[0.400s] -- Up-to-date: /home/mahmmudqatmh/ros2_ws/install/countdown_interfaces/include/countdown_interfaces/countdown_interfaces/action/detail/countdown__rosidl_typesupport_fastrtps_cpp.hpp
[0.400s] -- Up-to-date: /home/mahmmudqatmh/ros2_ws/install/countdown_interfaces/include/countdown_interfaces/countdown_interfaces/msg
[0.400s] -- Up-to-date: /home/mahmmudqatmh/ros2_ws/install/countdown_interfaces/include/countdown_interfaces/countdown_interfaces/msg/rosidl_typesupport_fastrtps_cpp__visibility_control.h
[0.400s] -- Up-to-date: /home/mahmmudqatmh/ros2_ws/install/countdown_interfaces/lib/libcountdown_interfaces__rosidl_typesupport_fastrtps_cpp.so
[0.400s] -- Up-to-date: /home/mahmmudqatmh/ros2_ws/install/countdown_interfaces/include/countdown_interfaces/countdown_interfaces
[0.400s] -- Up-to-date: /home/mahmmudqatmh/ros2_ws/install/countdown_interfaces/include/countdown_interfaces/countdown_interfaces/action
[0.400s] -- Up-to-date: /home/mahmmudqatmh/ros2_ws/install/countdown_interfaces/include/countdown_interfaces/countdown_interfaces/action/detail
[0.400s] -- Up-to-date: /home/mahmmudqatmh/ros2_ws/install/countdown_interfaces/include/countdown_interfaces/countdown_interfaces/action/detail/countdown__rosidl_typesupport_introspection_cpp.hpp
[0.400s] -- Up-to-date: /home/mahmmudqatmh/ros2_ws/install/countdown_interfaces/include/countdown_interfaces/countdown_interfaces/action/detail/countdown__type_support.cpp
[0.400s] -- Up-to-date: /home/mahmmudqatmh/ros2_ws/install/countdown_interfaces/lib/libcountdown_interfaces__rosidl_typesupport_introspection_cpp.so
[0.401s] -- Up-to-date: /home/mahmmudqatmh/ros2_ws/install/countdown_interfaces/lib/libcountdown_interfaces__rosidl_typesupport_cpp.so
[0.401s] -- Up-to-date: /home/mahmmudqatmh/ros2_ws/install/countdown_interfaces/share/countdown_interfaces/environment/pythonpath.sh
[0.401s] -- Up-to-date: /home/mahmmudqatmh/ros2_ws/install/countdown_interfaces/share/countdown_interfaces/environment/pythonpath.dsv
[0.401s] -- Up-to-date: /home/mahmmudqatmh/ros2_ws/install/countdown_interfaces/local/lib/python3.10/dist-packages/countdown_interfaces-0.0.0-py3.10.egg-info
[0.401s] -- Installing: /home/mahmmudqatmh/ros2_ws/install/countdown_interfaces/local/lib/python3.10/dist-packages/countdown_interfaces-0.0.0-py3.10.egg-info/dependency_links.txt
[0.401s] -- Installing: /home/mahmmudqatmh/ros2_ws/install/countdown_interfaces/local/lib/python3.10/dist-packages/countdown_interfaces-0.0.0-py3.10.egg-info/top_level.txt
[0.401s] -- Installing: /home/mahmmudqatmh/ros2_ws/install/countdown_interfaces/local/lib/python3.10/dist-packages/countdown_interfaces-0.0.0-py3.10.egg-info/PKG-INFO
[0.401s] -- Installing: /home/mahmmudqatmh/ros2_ws/install/countdown_interfaces/local/lib/python3.10/dist-packages/countdown_interfaces-0.0.0-py3.10.egg-info/SOURCES.txt
[0.401s] -- Up-to-date: /home/mahmmudqatmh/ros2_ws/install/countdown_interfaces/local/lib/python3.10/dist-packages/countdown_interfaces
[0.401s] -- Up-to-date: /home/mahmmudqatmh/ros2_ws/install/countdown_interfaces/local/lib/python3.10/dist-packages/countdown_interfaces/_countdown_interfaces_s.ep.rosidl_typesupport_fastrtps_c.c
[0.401s] -- Up-to-date: /home/mahmmudqatmh/ros2_ws/install/countdown_interfaces/local/lib/python3.10/dist-packages/countdown_interfaces/action
[0.401s] -- Up-to-date: /home/mahmmudqatmh/ros2_ws/install/countdown_interfaces/local/lib/python3.10/dist-packages/countdown_interfaces/action/_countdown_s.c
[0.401s] -- Up-to-date: /home/mahmmudqatmh/ros2_ws/install/countdown_interfaces/local/lib/python3.10/dist-packages/countdown_interfaces/action/__init__.py
[0.402s] -- Up-to-date: /home/mahmmudqatmh/ros2_ws/install/countdown_interfaces/local/lib/python3.10/dist-packages/countdown_interfaces/action/_countdown.py
[0.402s] -- Up-to-date: /home/mahmmudqatmh/ros2_ws/install/countdown_interfaces/local/lib/python3.10/dist-packages/countdown_interfaces/countdown_interfaces_s__rosidl_typesupport_c.cpython-310-x86_64-linux-gnu.so
[0.402s] -- Up-to-date: /home/mahmmudqatmh/ros2_ws/install/countdown_interfaces/local/lib/python3.10/dist-packages/countdown_interfaces/_countdown_interfaces_s.ep.rosidl_typesupport_c.c
[0.402s] -- Up-to-date: /home/mahmmudqatmh/ros2_ws/install/countdown_interfaces/local/lib/python3.10/dist-packages/countdown_interfaces/libcountdown_interfaces__rosidl_generator_py.so
[0.402s] -- Up-to-date: /home/mahmmudqatmh/ros2_ws/install/countdown_interfaces/local/lib/python3.10/dist-packages/countdown_interfaces/__init__.py
[0.402s] -- Up-to-date: /home/mahmmudqatmh/ros2_ws/install/countdown_interfaces/local/lib/python3.10/dist-packages/countdown_interfaces/_countdown_interfaces_s.ep.rosidl_typesupport_introspection_c.c
[0.402s] -- Up-to-date: /home/mahmmudqatmh/ros2_ws/install/countdown_interfaces/local/lib/python3.10/dist-packages/countdown_interfaces/countdown_interfaces_s__rosidl_typesupport_fastrtps_c.cpython-310-x86_64-linux-gnu.so
[0.402s] -- Up-to-date: /home/mahmmudqatmh/ros2_ws/install/countdown_interfaces/local/lib/python3.10/dist-packages/countdown_interfaces/countdown_interfaces_s__rosidl_typesupport_introspection_c.cpython-310-x86_64-linux-gnu.so
[0.425s] Listing '/home/mahmmudqatmh/ros2_ws/install/countdown_interfaces/local/lib/python3.10/dist-packages/countdown_interfaces'...
[0.425s] Listing '/home/mahmmudqatmh/ros2_ws/install/countdown_interfaces/local/lib/python3.10/dist-packages/countdown_interfaces/action'...
[0.428s] -- Up-to-date: /home/mahmmudqatmh/ros2_ws/install/countdown_interfaces/local/lib/python3.10/dist-packages/countdown_interfaces/countdown_interfaces_s__rosidl_typesupport_fastrtps_c.cpython-310-x86_64-linux-gnu.so
[0.428s] -- Up-to-date: /home/mahmmudqatmh/ros2_ws/install/countdown_interfaces/local/lib/python3.10/dist-packages/countdown_interfaces/countdown_interfaces_s__rosidl_typesupport_introspection_c.cpython-310-x86_64-linux-gnu.so
[0.429s] -- Up-to-date: /home/mahmmudqatmh/ros2_ws/install/countdown_interfaces/local/lib/python3.10/dist-packages/countdown_interfaces/countdown_interfaces_s__rosidl_typesupport_c.cpython-310-x86_64-linux-gnu.so
[0.429s] -- Up-to-date: /home/mahmmudqatmh/ros2_ws/install/countdown_interfaces/lib/libcountdown_interfaces__rosidl_generator_py.so
[0.429s] -- Up-to-date: /home/mahmmudqatmh/ros2_ws/install/countdown_interfaces/share/countdown_interfaces/action/Countdown.idl
[0.429s] -- Up-to-date: /home/mahmmudqatmh/ros2_ws/install/countdown_interfaces/share/countdown_interfaces/action/Countdown.action
[0.429s] -- Up-to-date: /home/mahmmudqatmh/ros2_ws/install/countdown_interfaces/share/ament_index/resource_index/package_run_dependencies/countdown_interfaces
[0.429s] -- Up-to-date: /home/mahmmudqatmh/ros2_ws/install/countdown_interfaces/share/ament_index/resource_index/parent_prefix_path/countdown_interfaces
[0.429s] -- Up-to-date: /home/mahmmudqatmh/ros2_ws/install/countdown_interfaces/share/countdown_interfaces/environment/ament_prefix_path.sh
[0.429s] -- Up-to-date: /home/mahmmudqatmh/ros2_ws/install/countdown_interfaces/share/countdown_interfaces/environment/ament_prefix_path.dsv
[0.429s] -- Up-to-date: /home/mahmmudqatmh/ros2_ws/install/countdown_interfaces/share/countdown_interfaces/environment/path.sh
[0.429s] -- Up-to-date: /home/mahmmudqatmh/ros2_ws/install/countdown_interfaces/share/countdown_interfaces/environment/path.dsv
[0.430s] -- Up-to-date: /home/mahmmudqatmh/ros2_ws/install/countdown_interfaces/share/countdown_interfaces/local_setup.bash
[0.430s] -- Up-to-date: /home/mahmmudqatmh/ros2_ws/install/countdown_interfaces/share/countdown_interfaces/local_setup.sh
[0.430s] -- Up-to-date: /home/mahmmudqatmh/ros2_ws/install/countdown_interfaces/share/countdown_interfaces/local_setup.zsh
[0.430s] -- Up-to-date: /home/mahmmudqatmh/ros2_ws/install/countdown_interfaces/share/countdown_interfaces/local_setup.dsv
[0.430s] -- Installing: /home/mahmmudqatmh/ros2_ws/install/countdown_interfaces/share/countdown_interfaces/package.dsv
[0.430s] -- Up-to-date: /home/mahmmudqatmh/ros2_ws/install/countdown_interfaces/share/ament_index/resource_index/packages/countdown_interfaces
[0.430s] -- Up-to-date: /home/mahmmudqatmh/ros2_ws/install/countdown_interfaces/share/countdown_interfaces/cmake/export_countdown_interfaces__rosidl_generator_cExport.cmake
[0.430s] -- Up-to-date: /home/mahmmudqatmh/ros2_ws/install/countdown_interfaces/share/countdown_interfaces/cmake/export_countdown_interfaces__rosidl_generator_cExport-noconfig.cmake
[0.430s] -- Up-to-date: /home/mahmmudqatmh/ros2_ws/install/countdown_interfaces/share/countdown_interfaces/cmake/export_countdown_interfaces__rosidl_typesupport_fastrtps_cExport.cmake
[0.430s] -- Up-to-date: /home/mahmmudqatmh/ros2_ws/install/countdown_interfaces/share/countdown_interfaces/cmake/export_countdown_interfaces__rosidl_typesupport_fastrtps_cExport-noconfig.cmake
[0.430s] -- Up-to-date: /home/mahmmudqatmh/ros2_ws/install/countdown_interfaces/share/countdown_interfaces/cmake/countdown_interfaces__rosidl_typesupport_introspection_cExport.cmake
[0.430s] -- Up-to-date: /home/mahmmudqatmh/ros2_ws/install/countdown_interfaces/share/countdown_interfaces/cmake/countdown_interfaces__rosidl_typesupport_introspection_cExport-noconfig.cmake
[0.430s] -- Up-to-date: /home/mahmmudqatmh/ros2_ws/install/countdown_interfaces/share/countdown_interfaces/cmake/countdown_interfaces__rosidl_typesupport_cExport.cmake
[0.430s] -- Up-to-date: /home/mahmmudqatmh/ros2_ws/install/countdown_interfaces/share/countdown_interfaces/cmake/countdown_interfaces__rosidl_typesupport_cExport-noconfig.cmake
[0.430s] -- Up-to-date: /home/mahmmudqatmh/ros2_ws/install/countdown_interfaces/share/countdown_interfaces/cmake/export_countdown_interfaces__rosidl_generator_cppExport.cmake
[0.431s] -- Up-to-date: /home/mahmmudqatmh/ros2_ws/install/countdown_interfaces/share/countdown_interfaces/cmake/export_countdown_interfaces__rosidl_typesupport_fastrtps_cppExport.cmake
[0.431s] -- Up-to-date: /home/mahmmudqatmh/ros2_ws/install/countdown_interfaces/share/countdown_interfaces/cmake/export_countdown_interfaces__rosidl_typesupport_fastrtps_cppExport-noconfig.cmake
[0.431s] -- Up-to-date: /home/mahmmudqatmh/ros2_ws/install/countdown_interfaces/share/countdown_interfaces/cmake/countdown_interfaces__rosidl_typesupport_introspection_cppExport.cmake
[0.431s] -- Up-to-date: /home/mahmmudqatmh/ros2_ws/install/countdown_interfaces/share/countdown_interfaces/cmake/countdown_interfaces__rosidl_typesupport_introspection_cppExport-noconfig.cmake
[0.431s] -- Up-to-date: /home/mahmmudqatmh/ros2_ws/install/countdown_interfaces/share/countdown_interfaces/cmake/countdown_interfaces__rosidl_typesupport_cppExport.cmake
[0.431s] -- Up-to-date: /home/mahmmudqatmh/ros2_ws/install/countdown_interfaces/share/countdown_interfaces/cmake/countdown_interfaces__rosidl_typesupport_cppExport-noconfig.cmake
[0.431s] -- Up-to-date: /home/mahmmudqatmh/ros2_ws/install/countdown_interfaces/share/countdown_interfaces/cmake/export_countdown_interfaces__rosidl_generator_pyExport.cmake
[0.431s] -- Up-to-date: /home/mahmmudqatmh/ros2_ws/install/countdown_interfaces/share/countdown_interfaces/cmake/export_countdown_interfaces__rosidl_generator_pyExport-noconfig.cmake
[0.431s] -- Up-to-date: /home/mahmmudqatmh/ros2_ws/install/countdown_interfaces/share/countdown_interfaces/cmake/rosidl_cmake-extras.cmake
[0.431s] -- Up-to-date: /home/mahmmudqatmh/ros2_ws/install/countdown_interfaces/share/countdown_interfaces/cmake/ament_cmake_export_dependencies-extras.cmake
[0.431s] -- Up-to-date: /home/mahmmudqatmh/ros2_ws/install/countdown_interfaces/share/countdown_interfaces/cmake/ament_cmake_export_include_directories-extras.cmake
[0.431s] -- Up-to-date: /home/mahmmudqatmh/ros2_ws/install/countdown_interfaces/share/countdown_interfaces/cmake/ament_cmake_export_libraries-extras.cmake
[0.431s] -- Up-to-date: /home/mahmmudqatmh/ros2_ws/install/countdown_interfaces/share/countdown_interfaces/cmake/ament_cmake_export_targets-extras.cmake
[0.431s] -- Up-to-date: /home/mahmmudqatmh/ros2_ws/install/countdown_interfaces/share/countdown_interfaces/cmake/rosidl_cmake_export_typesupport_targets-extras.cmake
[0.431s] -- Up-to-date: /home/mahmmudqatmh/ros2_ws/install/countdown_interfaces/share/countdown_interfaces/cmake/rosidl_cmake_export_typesupport_libraries-extras.cmake
[0.431s] -- Up-to-date: /home/mahmmudqatmh/ros2_ws/install/countdown_interfaces/share/countdown_interfaces/cmake/countdown_interfacesConfig.cmake
[0.431s] -- Up-to-date: /home/mahmmudqatmh/ros2_ws/install/countdown_interfaces/share/countdown_interfaces/cmake/countdown_interfacesConfig-version.cmake
[0.431s] -- Up-to-date: /home/mahmmudqatmh/ros2_ws/install/countdown_interfaces/share/countdown_interfaces/package.xml
[0.434s] Invoked command in '/home/mahmmudqatmh/ros2_ws/build/countdown_interfaces' returned '0': CMAKE_PREFIX_PATH=${CMAKE_PREFIX_PATH}:/home/mahmmudqatmh/ros2_ws/install/pose_line:/home/mahmmudqatmh/ros2_ws/install/person_node:/home/mahmmudqatmh/ros2_ws/install/distance_service:/home/mahmmudqatmh/ros2_ws/install/distance_bringup:/home/mahmmudqatmh/ros2_ws/install/countdown_nodes:/opt/ros/humble /usr/bin/cmake --install /home/mahmmudqatmh/ros2_ws/build/countdown_interfaces
