[0.077s] DEBUG:colcon:Command line arguments: ['/usr/bin/colcon', 'build', '--packages-select', 'countdown_interfaces']
[0.077s] DEBUG:colcon:Parsed command line arguments: Namespace(log_base=None, log_level=None, verb_name='build', build_base='build', install_base='install', merge_install=False, symlink_install=False, test_result_base=None, continue_on_error=False, executor='parallel', parallel_workers=24, event_handlers=None, ignore_user_meta=False, metas=['./colcon.meta'], base_paths=['.'], packages_ignore=None, packages_ignore_regex=None, paths=None, packages_up_to=None, packages_up_to_regex=None, packages_above=None, packages_above_and_dependencies=None, packages_above_depth=None, packages_select_by_dep=None, packages_skip_by_dep=None, packages_skip_up_to=None, packages_select_build_failed=False, packages_skip_build_finished=False, packages_select_test_failures=False, packages_skip_test_passed=False, packages_select=['countdown_interfaces'], packages_skip=None, packages_select_regex=None, packages_skip_regex=None, packages_start=None, packages_end=None, allow_overriding=[], cmake_args=None, cmake_target=None, cmake_target_skip_unavailable=False, cmake_clean_cache=False, cmake_clean_first=False, cmake_force_configure=False, ament_cmake_args=None, catkin_cmake_args=None, catkin_skip_building_tests=False, mixin_files=None, mixin=None, verb_parser=<colcon_mixin.mixin.mixin_argument.MixinArgumentDecorator object at 0x7a9264c59840>, verb_extension=<colcon_core.verb.build.BuildVerb object at 0x7a9264d72740>, main=<bound method BuildVerb.main of <colcon_core.verb.build.BuildVerb object at 0x7a9264d72740>>, mixin_verb=('build',))
[0.206s] Level 1:colcon.colcon_core.package_discovery:discover_packages(colcon_meta) check parameters
[0.206s] Level 1:colcon.colcon_core.package_discovery:discover_packages(recursive) check parameters
[0.206s] Level 1:colcon.colcon_core.package_discovery:discover_packages(ignore) check parameters
[0.206s] Level 1:colcon.colcon_core.package_discovery:discover_packages(path) check parameters
[0.206s] Level 1:colcon.colcon_core.package_discovery:discover_packages(colcon_meta) discover
[0.206s] Level 1:colcon.colcon_core.package_discovery:discover_packages(recursive) discover
[0.206s] INFO:colcon.colcon_core.package_discovery:Crawling recursively for packages in '/home/mahmmudqatmh/ros2_ws'
[0.206s] Level 1:colcon.colcon_core.package_identification:_identify(.) by extensions ['ignore', 'ignore_ament_install']
[0.206s] Level 1:colcon.colcon_core.package_identification:_identify(.) by extension 'ignore'
[0.206s] Level 1:colcon.colcon_core.package_identification:_identify(.) by extension 'ignore_ament_install'
[0.206s] Level 1:colcon.colcon_core.package_identification:_identify(.) by extensions ['colcon_pkg']
[0.206s] Level 1:colcon.colcon_core.package_identification:_identify(.) by extension 'colcon_pkg'
[0.206s] Level 1:colcon.colcon_core.package_identification:_identify(.) by extensions ['colcon_meta']
[0.206s] Level 1:colcon.colcon_core.package_identification:_identify(.) by extension 'colcon_meta'
[0.206s] Level 1:colcon.colcon_core.package_identification:_identify(.) by extensions ['ros']
[0.206s] Level 1:colcon.colcon_core.package_identification:_identify(.) by extension 'ros'
[0.213s] Level 1:colcon.colcon_core.package_identification:_identify(.) by extensions ['cmake', 'python']
[0.213s] Level 1:colcon.colcon_core.package_identification:_identify(.) by extension 'cmake'
[0.213s] Level 1:colcon.colcon_core.package_identification:_identify(.) by extension 'python'
[0.213s] Level 1:colcon.colcon_core.package_identification:_identify(.) by extensions ['python_setup_py']
[0.214s] Level 1:colcon.colcon_core.package_identification:_identify(.) by extension 'python_setup_py'
[0.214s] Level 1:colcon.colcon_core.package_identification:_identify(build) by extensions ['ignore', 'ignore_ament_install']
[0.214s] Level 1:colcon.colcon_core.package_identification:_identify(build) by extension 'ignore'
[0.214s] Level 1:colcon.colcon_core.package_identification:_identify(build) ignored
[0.214s] Level 1:colcon.colcon_core.package_identification:_identify(countdown_interfaces) by extensions ['ignore', 'ignore_ament_install']
[0.214s] Level 1:colcon.colcon_core.package_identification:_identify(countdown_interfaces) by extension 'ignore'
[0.214s] Level 1:colcon.colcon_core.package_identification:_identify(countdown_interfaces) by extension 'ignore_ament_install'
[0.214s] Level 1:colcon.colcon_core.package_identification:_identify(countdown_interfaces) by extensions ['colcon_pkg']
[0.214s] Level 1:colcon.colcon_core.package_identification:_identify(countdown_interfaces) by extension 'colcon_pkg'
[0.214s] Level 1:colcon.colcon_core.package_identification:_identify(countdown_interfaces) by extensions ['colcon_meta']
[0.214s] Level 1:colcon.colcon_core.package_identification:_identify(countdown_interfaces) by extension 'colcon_meta'
[0.214s] Level 1:colcon.colcon_core.package_identification:_identify(countdown_interfaces) by extensions ['ros']
[0.214s] Level 1:colcon.colcon_core.package_identification:_identify(countdown_interfaces) by extension 'ros'
[0.216s] DEBUG:colcon.colcon_core.package_identification:Package 'countdown_interfaces' with type 'ros.ament_cmake' and name 'countdown_interfaces'
[0.216s] Level 1:colcon.colcon_core.package_identification:_identify(install) by extensions ['ignore', 'ignore_ament_install']
[0.216s] Level 1:colcon.colcon_core.package_identification:_identify(install) by extension 'ignore'
[0.216s] Level 1:colcon.colcon_core.package_identification:_identify(install) ignored
[0.216s] Level 1:colcon.colcon_core.package_identification:_identify(log) by extensions ['ignore', 'ignore_ament_install']
[0.216s] Level 1:colcon.colcon_core.package_identification:_identify(log) by extension 'ignore'
[0.216s] Level 1:colcon.colcon_core.package_identification:_identify(log) ignored
[0.216s] Level 1:colcon.colcon_core.package_identification:_identify(src) by extensions ['ignore', 'ignore_ament_install']
[0.216s] Level 1:colcon.colcon_core.package_identification:_identify(src) by extension 'ignore'
[0.216s] Level 1:colcon.colcon_core.package_identification:_identify(src) by extension 'ignore_ament_install'
[0.217s] Level 1:colcon.colcon_core.package_identification:_identify(src) by extensions ['colcon_pkg']
[0.217s] Level 1:colcon.colcon_core.package_identification:_identify(src) by extension 'colcon_pkg'
[0.217s] Level 1:colcon.colcon_core.package_identification:_identify(src) by extensions ['colcon_meta']
[0.217s] Level 1:colcon.colcon_core.package_identification:_identify(src) by extension 'colcon_meta'
[0.217s] Level 1:colcon.colcon_core.package_identification:_identify(src) by extensions ['ros']
[0.217s] Level 1:colcon.colcon_core.package_identification:_identify(src) by extension 'ros'
[0.217s] Level 1:colcon.colcon_core.package_identification:_identify(src) by extensions ['cmake', 'python']
[0.217s] Level 1:colcon.colcon_core.package_identification:_identify(src) by extension 'cmake'
[0.217s] Level 1:colcon.colcon_core.package_identification:_identify(src) by extension 'python'
[0.217s] Level 1:colcon.colcon_core.package_identification:_identify(src) by extensions ['python_setup_py']
[0.217s] Level 1:colcon.colcon_core.package_identification:_identify(src) by extension 'python_setup_py'
[0.217s] Level 1:colcon.colcon_core.package_identification:_identify(src/custom_interface) by extensions ['ignore', 'ignore_ament_install']
[0.217s] Level 1:colcon.colcon_core.package_identification:_identify(src/custom_interface) by extension 'ignore'
[0.217s] Level 1:colcon.colcon_core.package_identification:_identify(src/custom_interface) by extension 'ignore_ament_install'
[0.217s] Level 1:colcon.colcon_core.package_identification:_identify(src/custom_interface) by extensions ['colcon_pkg']
[0.217s] Level 1:colcon.colcon_core.package_identification:_identify(src/custom_interface) by extension 'colcon_pkg'
[0.217s] Level 1:colcon.colcon_core.package_identification:_identify(src/custom_interface) by extensions ['colcon_meta']
[0.217s] Level 1:colcon.colcon_core.package_identification:_identify(src/custom_interface) by extension 'colcon_meta'
[0.217s] Level 1:colcon.colcon_core.package_identification:_identify(src/custom_interface) by extensions ['ros']
[0.217s] Level 1:colcon.colcon_core.package_identification:_identify(src/custom_interface) by extension 'ros'
[0.218s] DEBUG:colcon.colcon_core.package_identification:Package 'src/custom_interface' with type 'ros.ament_cmake' and name 'custom_interface'
[0.218s] Level 1:colcon.colcon_core.package_identification:_identify(src/distance_bringup) by extensions ['ignore', 'ignore_ament_install']
[0.218s] Level 1:colcon.colcon_core.package_identification:_identify(src/distance_bringup) by extension 'ignore'
[0.218s] Level 1:colcon.colcon_core.package_identification:_identify(src/distance_bringup) by extension 'ignore_ament_install'
[0.218s] Level 1:colcon.colcon_core.package_identification:_identify(src/distance_bringup) by extensions ['colcon_pkg']
[0.218s] Level 1:colcon.colcon_core.package_identification:_identify(src/distance_bringup) by extension 'colcon_pkg'
[0.218s] Level 1:colcon.colcon_core.package_identification:_identify(src/distance_bringup) by extensions ['colcon_meta']
[0.218s] Level 1:colcon.colcon_core.package_identification:_identify(src/distance_bringup) by extension 'colcon_meta'
[0.218s] Level 1:colcon.colcon_core.package_identification:_identify(src/distance_bringup) by extensions ['ros']
[0.218s] Level 1:colcon.colcon_core.package_identification:_identify(src/distance_bringup) by extension 'ros'
[0.218s] DEBUG:colcon.colcon_core.package_identification:Package 'src/distance_bringup' with type 'ros.ament_python' and name 'distance_bringup'
[0.218s] Level 1:colcon.colcon_core.package_identification:_identify(src/distance_service) by extensions ['ignore', 'ignore_ament_install']
[0.219s] Level 1:colcon.colcon_core.package_identification:_identify(src/distance_service) by extension 'ignore'
[0.219s] Level 1:colcon.colcon_core.package_identification:_identify(src/distance_service) by extension 'ignore_ament_install'
[0.219s] Level 1:colcon.colcon_core.package_identification:_identify(src/distance_service) by extensions ['colcon_pkg']
[0.219s] Level 1:colcon.colcon_core.package_identification:_identify(src/distance_service) by extension 'colcon_pkg'
[0.219s] Level 1:colcon.colcon_core.package_identification:_identify(src/distance_service) by extensions ['colcon_meta']
[0.219s] Level 1:colcon.colcon_core.package_identification:_identify(src/distance_service) by extension 'colcon_meta'
[0.219s] Level 1:colcon.colcon_core.package_identification:_identify(src/distance_service) by extensions ['ros']
[0.219s] Level 1:colcon.colcon_core.package_identification:_identify(src/distance_service) by extension 'ros'
[0.219s] DEBUG:colcon.colcon_core.package_identification:Package 'src/distance_service' with type 'ros.ament_python' and name 'distance_service'
[0.219s] Level 1:colcon.colcon_core.package_identification:_identify(src/log) by extensions ['ignore', 'ignore_ament_install']
[0.219s] Level 1:colcon.colcon_core.package_identification:_identify(src/log) by extension 'ignore'
[0.219s] Level 1:colcon.colcon_core.package_identification:_identify(src/log) ignored
[0.219s] Level 1:colcon.colcon_core.package_identification:_identify(src/person_msgs) by extensions ['ignore', 'ignore_ament_install']
[0.219s] Level 1:colcon.colcon_core.package_identification:_identify(src/person_msgs) by extension 'ignore'
[0.220s] Level 1:colcon.colcon_core.package_identification:_identify(src/person_msgs) by extension 'ignore_ament_install'
[0.220s] Level 1:colcon.colcon_core.package_identification:_identify(src/person_msgs) by extensions ['colcon_pkg']
[0.220s] Level 1:colcon.colcon_core.package_identification:_identify(src/person_msgs) by extension 'colcon_pkg'
[0.220s] Level 1:colcon.colcon_core.package_identification:_identify(src/person_msgs) by extensions ['colcon_meta']
[0.220s] Level 1:colcon.colcon_core.package_identification:_identify(src/person_msgs) by extension 'colcon_meta'
[0.220s] Level 1:colcon.colcon_core.package_identification:_identify(src/person_msgs) by extensions ['ros']
[0.220s] Level 1:colcon.colcon_core.package_identification:_identify(src/person_msgs) by extension 'ros'
[0.220s] DEBUG:colcon.colcon_core.package_identification:Package 'src/person_msgs' with type 'ros.ament_cmake' and name 'person_msgs'
[0.220s] Level 1:colcon.colcon_core.package_identification:_identify(src/person_node) by extensions ['ignore', 'ignore_ament_install']
[0.220s] Level 1:colcon.colcon_core.package_identification:_identify(src/person_node) by extension 'ignore'
[0.220s] Level 1:colcon.colcon_core.package_identification:_identify(src/person_node) by extension 'ignore_ament_install'
[0.220s] Level 1:colcon.colcon_core.package_identification:_identify(src/person_node) by extensions ['colcon_pkg']
[0.220s] Level 1:colcon.colcon_core.package_identification:_identify(src/person_node) by extension 'colcon_pkg'
[0.220s] Level 1:colcon.colcon_core.package_identification:_identify(src/person_node) by extensions ['colcon_meta']
[0.220s] Level 1:colcon.colcon_core.package_identification:_identify(src/person_node) by extension 'colcon_meta'
[0.220s] Level 1:colcon.colcon_core.package_identification:_identify(src/person_node) by extensions ['ros']
[0.220s] Level 1:colcon.colcon_core.package_identification:_identify(src/person_node) by extension 'ros'
[0.221s] DEBUG:colcon.colcon_core.package_identification:Package 'src/person_node' with type 'ros.ament_python' and name 'person_node'
[0.221s] Level 1:colcon.colcon_core.package_identification:_identify(src/pose_line) by extensions ['ignore', 'ignore_ament_install']
[0.221s] Level 1:colcon.colcon_core.package_identification:_identify(src/pose_line) by extension 'ignore'
[0.221s] Level 1:colcon.colcon_core.package_identification:_identify(src/pose_line) by extension 'ignore_ament_install'
[0.221s] Level 1:colcon.colcon_core.package_identification:_identify(src/pose_line) by extensions ['colcon_pkg']
[0.221s] Level 1:colcon.colcon_core.package_identification:_identify(src/pose_line) by extension 'colcon_pkg'
[0.221s] Level 1:colcon.colcon_core.package_identification:_identify(src/pose_line) by extensions ['colcon_meta']
[0.221s] Level 1:colcon.colcon_core.package_identification:_identify(src/pose_line) by extension 'colcon_meta'
[0.221s] Level 1:colcon.colcon_core.package_identification:_identify(src/pose_line) by extensions ['ros']
[0.221s] Level 1:colcon.colcon_core.package_identification:_identify(src/pose_line) by extension 'ros'
[0.222s] DEBUG:colcon.colcon_core.package_identification:Package 'src/pose_line' with type 'ros.ament_python' and name 'pose_line'
[0.222s] Level 1:colcon.colcon_core.package_discovery:discover_packages(recursive) using defaults
[0.222s] Level 1:colcon.colcon_core.package_discovery:discover_packages(ignore) discover
[0.222s] Level 1:colcon.colcon_core.package_discovery:discover_packages(ignore) using defaults
[0.222s] Level 1:colcon.colcon_core.package_discovery:discover_packages(path) discover
[0.222s] Level 1:colcon.colcon_core.package_discovery:discover_packages(path) using defaults
[0.247s] INFO:colcon.colcon_core.package_selection:Skipping not selected package 'custom_interface' in 'src/custom_interface'
[0.247s] INFO:colcon.colcon_core.package_selection:Skipping not selected package 'distance_bringup' in 'src/distance_bringup'
[0.247s] INFO:colcon.colcon_core.package_selection:Skipping not selected package 'person_msgs' in 'src/person_msgs'
[0.247s] INFO:colcon.colcon_core.package_selection:Skipping not selected package 'pose_line' in 'src/pose_line'
[0.247s] INFO:colcon.colcon_core.package_selection:Skipping not selected package 'distance_service' in 'src/distance_service'
[0.247s] INFO:colcon.colcon_core.package_selection:Skipping not selected package 'person_node' in 'src/person_node'
[0.247s] Level 1:colcon.colcon_core.package_discovery:discover_packages(prefix_path) check parameters
[0.247s] Level 1:colcon.colcon_core.package_discovery:discover_packages(prefix_path) discover
[0.250s] DEBUG:colcon.colcon_installed_package_information.package_discovery:Found 295 installed packages in /opt/ros/humble
[0.251s] Level 1:colcon.colcon_core.package_discovery:discover_packages(prefix_path) using defaults
[0.275s] Level 5:colcon.colcon_core.verb:set package 'countdown_interfaces' build argument 'cmake_args' from command line to 'None'
[0.275s] Level 5:colcon.colcon_core.verb:set package 'countdown_interfaces' build argument 'cmake_target' from command line to 'None'
[0.275s] Level 5:colcon.colcon_core.verb:set package 'countdown_interfaces' build argument 'cmake_target_skip_unavailable' from command line to 'False'
[0.275s] Level 5:colcon.colcon_core.verb:set package 'countdown_interfaces' build argument 'cmake_clean_cache' from command line to 'False'
[0.275s] Level 5:colcon.colcon_core.verb:set package 'countdown_interfaces' build argument 'cmake_clean_first' from command line to 'False'
[0.275s] Level 5:colcon.colcon_core.verb:set package 'countdown_interfaces' build argument 'cmake_force_configure' from command line to 'False'
[0.275s] Level 5:colcon.colcon_core.verb:set package 'countdown_interfaces' build argument 'ament_cmake_args' from command line to 'None'
[0.275s] Level 5:colcon.colcon_core.verb:set package 'countdown_interfaces' build argument 'catkin_cmake_args' from command line to 'None'
[0.275s] Level 5:colcon.colcon_core.verb:set package 'countdown_interfaces' build argument 'catkin_skip_building_tests' from command line to 'False'
[0.275s] DEBUG:colcon.colcon_core.verb:Building package 'countdown_interfaces' with the following arguments: {'ament_cmake_args': None, 'build_base': '/home/mahmmudqatmh/ros2_ws/build/countdown_interfaces', 'catkin_cmake_args': None, 'catkin_skip_building_tests': False, 'cmake_args': None, 'cmake_clean_cache': False, 'cmake_clean_first': False, 'cmake_force_configure': False, 'cmake_target': None, 'cmake_target_skip_unavailable': False, 'install_base': '/home/mahmmudqatmh/ros2_ws/install/countdown_interfaces', 'merge_install': False, 'path': '/home/mahmmudqatmh/ros2_ws/countdown_interfaces', 'symlink_install': False, 'test_result_base': None}
[0.275s] INFO:colcon.colcon_core.executor:Executing jobs using 'parallel' executor
[0.276s] DEBUG:colcon.colcon_parallel_executor.executor.parallel:run_until_complete
[0.276s] INFO:colcon.colcon_ros.task.ament_cmake.build:Building ROS package in '/home/mahmmudqatmh/ros2_ws/countdown_interfaces' with build type 'ament_cmake'
[0.276s] INFO:colcon.colcon_cmake.task.cmake.build:Building CMake package in '/home/mahmmudqatmh/ros2_ws/countdown_interfaces'
[0.278s] INFO:colcon.colcon_core.plugin_system:Skipping extension 'colcon_core.shell.bat': Not used on non-Windows systems
[0.278s] INFO:colcon.colcon_core.shell:Skip shell extension 'powershell' for command environment: Not usable outside of PowerShell
[0.278s] DEBUG:colcon.colcon_core.shell:Skip shell extension 'dsv' for command environment
[0.283s] DEBUG:colcon.colcon_core.event_handler.log_command:Invoking command in '/home/mahmmudqatmh/ros2_ws/build/countdown_interfaces': CMAKE_PREFIX_PATH=/opt/ros/humble /usr/bin/cmake /home/mahmmudqatmh/ros2_ws/countdown_interfaces -DCMAKE_INSTALL_PREFIX=/home/mahmmudqatmh/ros2_ws/install/countdown_interfaces
[1.666s] DEBUG:colcon.colcon_core.event_handler.log_command:Invoked command in '/home/mahmmudqatmh/ros2_ws/build/countdown_interfaces' returned '0': CMAKE_PREFIX_PATH=/opt/ros/humble /usr/bin/cmake /home/mahmmudqatmh/ros2_ws/countdown_interfaces -DCMAKE_INSTALL_PREFIX=/home/mahmmudqatmh/ros2_ws/install/countdown_interfaces
[1.668s] DEBUG:colcon.colcon_core.event_handler.log_command:Invoking command in '/home/mahmmudqatmh/ros2_ws/build/countdown_interfaces': CMAKE_PREFIX_PATH=/opt/ros/humble /usr/bin/cmake --build /home/mahmmudqatmh/ros2_ws/build/countdown_interfaces -- -j24 -l24
[3.401s] DEBUG:colcon.colcon_core.event_handler.log_command:Invoked command in '/home/mahmmudqatmh/ros2_ws/build/countdown_interfaces' returned '0': CMAKE_PREFIX_PATH=/opt/ros/humble /usr/bin/cmake --build /home/mahmmudqatmh/ros2_ws/build/countdown_interfaces -- -j24 -l24
[3.408s] DEBUG:colcon.colcon_core.event_handler.log_command:Invoking command in '/home/mahmmudqatmh/ros2_ws/build/countdown_interfaces': CMAKE_PREFIX_PATH=/opt/ros/humble /usr/bin/cmake --install /home/mahmmudqatmh/ros2_ws/build/countdown_interfaces
[3.454s] Level 1:colcon.colcon_core.environment:create_environment_scripts_only(countdown_interfaces)
[3.454s] DEBUG:colcon.colcon_core.event_handler.log_command:Invoked command in '/home/mahmmudqatmh/ros2_ws/build/countdown_interfaces' returned '0': CMAKE_PREFIX_PATH=/opt/ros/humble /usr/bin/cmake --install /home/mahmmudqatmh/ros2_ws/build/countdown_interfaces
[3.457s] Level 1:colcon.colcon_core.environment:checking '/home/mahmmudqatmh/ros2_ws/install/countdown_interfaces' for CMake module files
[3.457s] Level 1:colcon.colcon_core.environment:checking '/home/mahmmudqatmh/ros2_ws/install/countdown_interfaces' for CMake config files
[3.457s] Level 1:colcon.colcon_core.shell:create_environment_hook('countdown_interfaces', 'cmake_prefix_path')
[3.457s] INFO:colcon.colcon_core.shell:Creating environment hook '/home/mahmmudqatmh/ros2_ws/install/countdown_interfaces/share/countdown_interfaces/hook/cmake_prefix_path.ps1'
[3.458s] INFO:colcon.colcon_core.shell:Creating environment descriptor '/home/mahmmudqatmh/ros2_ws/install/countdown_interfaces/share/countdown_interfaces/hook/cmake_prefix_path.dsv'
[3.458s] INFO:colcon.colcon_core.shell:Creating environment hook '/home/mahmmudqatmh/ros2_ws/install/countdown_interfaces/share/countdown_interfaces/hook/cmake_prefix_path.sh'
[3.459s] Level 1:colcon.colcon_core.environment:checking '/home/mahmmudqatmh/ros2_ws/install/countdown_interfaces/lib'
[3.459s] Level 1:colcon.colcon_core.shell:create_environment_hook('countdown_interfaces', 'ld_library_path_lib')
[3.459s] INFO:colcon.colcon_core.shell:Creating environment hook '/home/mahmmudqatmh/ros2_ws/install/countdown_interfaces/share/countdown_interfaces/hook/ld_library_path_lib.ps1'
[3.459s] INFO:colcon.colcon_core.shell:Creating environment descriptor '/home/mahmmudqatmh/ros2_ws/install/countdown_interfaces/share/countdown_interfaces/hook/ld_library_path_lib.dsv'
[3.459s] INFO:colcon.colcon_core.shell:Creating environment hook '/home/mahmmudqatmh/ros2_ws/install/countdown_interfaces/share/countdown_interfaces/hook/ld_library_path_lib.sh'
[3.460s] Level 1:colcon.colcon_core.environment:checking '/home/mahmmudqatmh/ros2_ws/install/countdown_interfaces/bin'
[3.460s] Level 1:colcon.colcon_core.environment:checking '/home/mahmmudqatmh/ros2_ws/install/countdown_interfaces/lib/pkgconfig/countdown_interfaces.pc'
[3.460s] Level 1:colcon.colcon_core.environment:checking '/home/mahmmudqatmh/ros2_ws/install/countdown_interfaces/lib/python3.10/site-packages'
[3.460s] Level 1:colcon.colcon_core.environment:checking '/home/mahmmudqatmh/ros2_ws/install/countdown_interfaces/bin'
[3.460s] INFO:colcon.colcon_core.shell:Creating package script '/home/mahmmudqatmh/ros2_ws/install/countdown_interfaces/share/countdown_interfaces/package.ps1'
[3.461s] INFO:colcon.colcon_core.shell:Creating package descriptor '/home/mahmmudqatmh/ros2_ws/install/countdown_interfaces/share/countdown_interfaces/package.dsv'
[3.461s] INFO:colcon.colcon_core.shell:Creating package script '/home/mahmmudqatmh/ros2_ws/install/countdown_interfaces/share/countdown_interfaces/package.sh'
[3.462s] INFO:colcon.colcon_core.shell:Creating package script '/home/mahmmudqatmh/ros2_ws/install/countdown_interfaces/share/countdown_interfaces/package.bash'
[3.462s] INFO:colcon.colcon_core.shell:Creating package script '/home/mahmmudqatmh/ros2_ws/install/countdown_interfaces/share/countdown_interfaces/package.zsh'
[3.463s] Level 1:colcon.colcon_core.environment:create_file_with_runtime_dependencies(/home/mahmmudqatmh/ros2_ws/install/countdown_interfaces/share/colcon-core/packages/countdown_interfaces)
[3.463s] Level 1:colcon.colcon_core.environment:create_environment_scripts_only(countdown_interfaces)
[3.463s] Level 1:colcon.colcon_core.environment:checking '/home/mahmmudqatmh/ros2_ws/install/countdown_interfaces' for CMake module files
[3.463s] Level 1:colcon.colcon_core.environment:checking '/home/mahmmudqatmh/ros2_ws/install/countdown_interfaces' for CMake config files
[3.464s] Level 1:colcon.colcon_core.shell:create_environment_hook('countdown_interfaces', 'cmake_prefix_path')
[3.464s] INFO:colcon.colcon_core.shell:Creating environment hook '/home/mahmmudqatmh/ros2_ws/install/countdown_interfaces/share/countdown_interfaces/hook/cmake_prefix_path.ps1'
[3.464s] INFO:colcon.colcon_core.shell:Creating environment descriptor '/home/mahmmudqatmh/ros2_ws/install/countdown_interfaces/share/countdown_interfaces/hook/cmake_prefix_path.dsv'
[3.464s] INFO:colcon.colcon_core.shell:Creating environment hook '/home/mahmmudqatmh/ros2_ws/install/countdown_interfaces/share/countdown_interfaces/hook/cmake_prefix_path.sh'
[3.465s] Level 1:colcon.colcon_core.environment:checking '/home/mahmmudqatmh/ros2_ws/install/countdown_interfaces/lib'
[3.465s] Level 1:colcon.colcon_core.shell:create_environment_hook('countdown_interfaces', 'ld_library_path_lib')
[3.465s] INFO:colcon.colcon_core.shell:Creating environment hook '/home/mahmmudqatmh/ros2_ws/install/countdown_interfaces/share/countdown_interfaces/hook/ld_library_path_lib.ps1'
[3.465s] INFO:colcon.colcon_core.shell:Creating environment descriptor '/home/mahmmudqatmh/ros2_ws/install/countdown_interfaces/share/countdown_interfaces/hook/ld_library_path_lib.dsv'
[3.465s] INFO:colcon.colcon_core.shell:Creating environment hook '/home/mahmmudqatmh/ros2_ws/install/countdown_interfaces/share/countdown_interfaces/hook/ld_library_path_lib.sh'
[3.465s] Level 1:colcon.colcon_core.environment:checking '/home/mahmmudqatmh/ros2_ws/install/countdown_interfaces/bin'
[3.465s] Level 1:colcon.colcon_core.environment:checking '/home/mahmmudqatmh/ros2_ws/install/countdown_interfaces/lib/pkgconfig/countdown_interfaces.pc'
[3.466s] Level 1:colcon.colcon_core.environment:checking '/home/mahmmudqatmh/ros2_ws/install/countdown_interfaces/lib/python3.10/site-packages'
[3.466s] Level 1:colcon.colcon_core.environment:checking '/home/mahmmudqatmh/ros2_ws/install/countdown_interfaces/bin'
[3.466s] INFO:colcon.colcon_core.shell:Creating package script '/home/mahmmudqatmh/ros2_ws/install/countdown_interfaces/share/countdown_interfaces/package.ps1'
[3.466s] INFO:colcon.colcon_core.shell:Creating package descriptor '/home/mahmmudqatmh/ros2_ws/install/countdown_interfaces/share/countdown_interfaces/package.dsv'
[3.467s] INFO:colcon.colcon_core.shell:Creating package script '/home/mahmmudqatmh/ros2_ws/install/countdown_interfaces/share/countdown_interfaces/package.sh'
[3.467s] INFO:colcon.colcon_core.shell:Creating package script '/home/mahmmudqatmh/ros2_ws/install/countdown_interfaces/share/countdown_interfaces/package.bash'
[3.467s] INFO:colcon.colcon_core.shell:Creating package script '/home/mahmmudqatmh/ros2_ws/install/countdown_interfaces/share/countdown_interfaces/package.zsh'
[3.468s] Level 1:colcon.colcon_core.environment:create_file_with_runtime_dependencies(/home/mahmmudqatmh/ros2_ws/install/countdown_interfaces/share/colcon-core/packages/countdown_interfaces)
[3.468s] DEBUG:colcon.colcon_parallel_executor.executor.parallel:closing loop
[3.468s] DEBUG:colcon.colcon_parallel_executor.executor.parallel:loop closed
[3.468s] DEBUG:colcon.colcon_parallel_executor.executor.parallel:run_until_complete finished with '0'
[3.468s] DEBUG:colcon.colcon_core.event_reactor:joining thread
[3.473s] INFO:colcon.colcon_core.plugin_system:Skipping extension 'colcon_notification.desktop_notification.terminal_notifier': Not used on non-Darwin systems
[3.473s] INFO:colcon.colcon_core.plugin_system:Skipping extension 'colcon_notification.desktop_notification.win32': Not used on non-Windows systems
[3.473s] INFO:colcon.colcon_notification.desktop_notification:Sending desktop notification using 'notify2'
[3.489s] DEBUG:colcon.colcon_core.event_reactor:joined thread
[3.489s] INFO:colcon.colcon_core.shell:Creating prefix script '/home/mahmmudqatmh/ros2_ws/install/local_setup.ps1'
[3.490s] INFO:colcon.colcon_core.shell:Creating prefix util module '/home/mahmmudqatmh/ros2_ws/install/_local_setup_util_ps1.py'
[3.491s] INFO:colcon.colcon_core.shell:Creating prefix chain script '/home/mahmmudqatmh/ros2_ws/install/setup.ps1'
[3.491s] INFO:colcon.colcon_core.shell:Creating prefix script '/home/mahmmudqatmh/ros2_ws/install/local_setup.sh'
[3.492s] INFO:colcon.colcon_core.shell:Creating prefix util module '/home/mahmmudqatmh/ros2_ws/install/_local_setup_util_sh.py'
[3.492s] INFO:colcon.colcon_core.shell:Creating prefix chain script '/home/mahmmudqatmh/ros2_ws/install/setup.sh'
[3.493s] INFO:colcon.colcon_core.shell:Creating prefix script '/home/mahmmudqatmh/ros2_ws/install/local_setup.bash'
[3.493s] INFO:colcon.colcon_core.shell:Creating prefix chain script '/home/mahmmudqatmh/ros2_ws/install/setup.bash'
[3.494s] INFO:colcon.colcon_core.shell:Creating prefix script '/home/mahmmudqatmh/ros2_ws/install/local_setup.zsh'
[3.494s] INFO:colcon.colcon_core.shell:Creating prefix chain script '/home/mahmmudqatmh/ros2_ws/install/setup.zsh'
