running egg_info
creating ../../build/countdown_nodes/countdown_nodes.egg-info
writing ../../build/countdown_nodes/countdown_nodes.egg-info/PKG-INFO
writing dependency_links to ../../build/countdown_nodes/countdown_nodes.egg-info/dependency_links.txt
writing entry points to ../../build/countdown_nodes/countdown_nodes.egg-info/entry_points.txt
writing requirements to ../../build/countdown_nodes/countdown_nodes.egg-info/requires.txt
writing top-level names to ../../build/countdown_nodes/countdown_nodes.egg-info/top_level.txt
writing manifest file '../../build/countdown_nodes/countdown_nodes.egg-info/SOURCES.txt'
reading manifest file '../../build/countdown_nodes/countdown_nodes.egg-info/SOURCES.txt'
writing manifest file '../../build/countdown_nodes/countdown_nodes.egg-info/SOURCES.txt'
running build
running build_py
creating /home/mahmmudqatmh/ros2_ws/build/countdown_nodes/build
creating /home/mahmmudqatmh/ros2_ws/build/countdown_nodes/build/lib
creating /home/mahmmudqatmh/ros2_ws/build/countdown_nodes/build/lib/countdown_nodes
copying countdown_nodes/countdown_cancel_client.py -> /home/mahmmudqatmh/ros2_ws/build/countdown_nodes/build/lib/countdown_nodes
copying countdown_nodes/countdown_server.py -> /home/mahmmudqatmh/ros2_ws/build/countdown_nodes/build/lib/countdown_nodes
copying countdown_nodes/__init__.py -> /home/mahmmudqatmh/ros2_ws/build/countdown_nodes/build/lib/countdown_nodes
copying countdown_nodes/countdown_client.py -> /home/mahmmudqatmh/ros2_ws/build/countdown_nodes/build/lib/countdown_nodes
running install
running install_lib
creating /home/mahmmudqatmh/ros2_ws/install/countdown_nodes/lib/python3.10/site-packages/countdown_nodes
copying /home/mahmmudqatmh/ros2_ws/build/countdown_nodes/build/lib/countdown_nodes/countdown_cancel_client.py -> /home/mahmmudqatmh/ros2_ws/install/countdown_nodes/lib/python3.10/site-packages/countdown_nodes
copying /home/mahmmudqatmh/ros2_ws/build/countdown_nodes/build/lib/countdown_nodes/countdown_server.py -> /home/mahmmudqatmh/ros2_ws/install/countdown_nodes/lib/python3.10/site-packages/countdown_nodes
copying /home/mahmmudqatmh/ros2_ws/build/countdown_nodes/build/lib/countdown_nodes/__init__.py -> /home/mahmmudqatmh/ros2_ws/install/countdown_nodes/lib/python3.10/site-packages/countdown_nodes
copying /home/mahmmudqatmh/ros2_ws/build/countdown_nodes/build/lib/countdown_nodes/countdown_client.py -> /home/mahmmudqatmh/ros2_ws/install/countdown_nodes/lib/python3.10/site-packages/countdown_nodes
byte-compiling /home/mahmmudqatmh/ros2_ws/install/countdown_nodes/lib/python3.10/site-packages/countdown_nodes/countdown_cancel_client.py to countdown_cancel_client.cpython-310.pyc
byte-compiling /home/mahmmudqatmh/ros2_ws/install/countdown_nodes/lib/python3.10/site-packages/countdown_nodes/countdown_server.py to countdown_server.cpython-310.pyc
byte-compiling /home/mahmmudqatmh/ros2_ws/install/countdown_nodes/lib/python3.10/site-packages/countdown_nodes/__init__.py to __init__.cpython-310.pyc
byte-compiling /home/mahmmudqatmh/ros2_ws/install/countdown_nodes/lib/python3.10/site-packages/countdown_nodes/countdown_client.py to countdown_client.cpython-310.pyc
running install_data
creating /home/mahmmudqatmh/ros2_ws/install/countdown_nodes/share/ament_index
creating /home/mahmmudqatmh/ros2_ws/install/countdown_nodes/share/ament_index/resource_index
creating /home/mahmmudqatmh/ros2_ws/install/countdown_nodes/share/ament_index/resource_index/packages
copying resource/countdown_nodes -> /home/mahmmudqatmh/ros2_ws/install/countdown_nodes/share/ament_index/resource_index/packages
copying package.xml -> /home/mahmmudqatmh/ros2_ws/install/countdown_nodes/share/countdown_nodes
running install_egg_info
Copying ../../build/countdown_nodes/countdown_nodes.egg-info to /home/mahmmudqatmh/ros2_ws/install/countdown_nodes/lib/python3.10/site-packages/countdown_nodes-0.0.0-py3.10.egg-info
running install_scripts
Installing countdown_cancel_client script to /home/mahmmudqatmh/ros2_ws/install/countdown_nodes/lib/countdown_nodes
Installing countdown_client script to /home/mahmmudqatmh/ros2_ws/install/countdown_nodes/lib/countdown_nodes
Installing countdown_server script to /home/mahmmudqatmh/ros2_ws/install/countdown_nodes/lib/countdown_nodes
writing list of installed files to '/home/mahmmudqatmh/ros2_ws/build/countdown_nodes/install.log'
