[0.415s] Invoking command in '/home/mahmmudqatmh/ros2_ws/src/countdown_nodes': CMAKE_PREFIX_PATH=/home/mahmmudqatmh/ros2_ws/install/countdown_interfaces:/home/mahmmudqatmh/ros2_ws/install/person_msgs:/home/mahmmudqatmh/ros2_ws/install/custom_interface LD_LIBRARY_PATH=/home/mahmmudqatmh/ros2_ws/install/countdown_interfaces/lib:/home/mahmmudqatmh/ros2_ws/install/person_msgs/lib:/home/mahmmudqatmh/ros2_ws/install/custom_interface/lib:/opt/ros/humble/opt/rviz_ogre_vendor/lib:/opt/ros/humble/lib/x86_64-linux-gnu:/opt/ros/humble/lib PYTHONPATH=/home/mahmmudqatmh/ros2_ws/build/countdown_nodes/prefix_override:/usr/lib/python3/dist-packages/colcon_core/task/python/colcon_distutils_commands:/home/mahmmudqatmh/ros2_ws/install/countdown_nodes/lib/python3.10/site-packages:${PYTHONPATH} /usr/bin/python3 -W ignore:setup.py install is deprecated -W ignore:easy_install command is deprecated setup.py egg_info --egg-base ../../build/countdown_nodes build --build-base /home/mahmmudqatmh/ros2_ws/build/countdown_nodes/build install --record /home/mahmmudqatmh/ros2_ws/build/countdown_nodes/install.log --single-version-externally-managed install_data
[0.562s] running egg_info
[0.562s] creating ../../build/countdown_nodes/countdown_nodes.egg-info
[0.562s] writing ../../build/countdown_nodes/countdown_nodes.egg-info/PKG-INFO
[0.563s] writing dependency_links to ../../build/countdown_nodes/countdown_nodes.egg-info/dependency_links.txt
[0.563s] writing entry points to ../../build/countdown_nodes/countdown_nodes.egg-info/entry_points.txt
[0.563s] writing requirements to ../../build/countdown_nodes/countdown_nodes.egg-info/requires.txt
[0.563s] writing top-level names to ../../build/countdown_nodes/countdown_nodes.egg-info/top_level.txt
[0.563s] writing manifest file '../../build/countdown_nodes/countdown_nodes.egg-info/SOURCES.txt'
[0.564s] reading manifest file '../../build/countdown_nodes/countdown_nodes.egg-info/SOURCES.txt'
[0.565s] writing manifest file '../../build/countdown_nodes/countdown_nodes.egg-info/SOURCES.txt'
[0.565s] running build
[0.565s] running build_py
[0.565s] creating /home/mahmmudqatmh/ros2_ws/build/countdown_nodes/build
[0.565s] creating /home/mahmmudqatmh/ros2_ws/build/countdown_nodes/build/lib
[0.565s] creating /home/mahmmudqatmh/ros2_ws/build/countdown_nodes/build/lib/countdown_nodes
[0.565s] copying countdown_nodes/countdown_cancel_client.py -> /home/mahmmudqatmh/ros2_ws/build/countdown_nodes/build/lib/countdown_nodes
[0.566s] copying countdown_nodes/countdown_server.py -> /home/mahmmudqatmh/ros2_ws/build/countdown_nodes/build/lib/countdown_nodes
[0.566s] copying countdown_nodes/__init__.py -> /home/mahmmudqatmh/ros2_ws/build/countdown_nodes/build/lib/countdown_nodes
[0.566s] copying countdown_nodes/countdown_client.py -> /home/mahmmudqatmh/ros2_ws/build/countdown_nodes/build/lib/countdown_nodes
[0.566s] running install
[0.566s] running install_lib
[0.566s] creating /home/mahmmudqatmh/ros2_ws/install/countdown_nodes/lib/python3.10/site-packages/countdown_nodes
[0.566s] copying /home/mahmmudqatmh/ros2_ws/build/countdown_nodes/build/lib/countdown_nodes/countdown_cancel_client.py -> /home/mahmmudqatmh/ros2_ws/install/countdown_nodes/lib/python3.10/site-packages/countdown_nodes
[0.566s] copying /home/mahmmudqatmh/ros2_ws/build/countdown_nodes/build/lib/countdown_nodes/countdown_server.py -> /home/mahmmudqatmh/ros2_ws/install/countdown_nodes/lib/python3.10/site-packages/countdown_nodes
[0.567s] copying /home/mahmmudqatmh/ros2_ws/build/countdown_nodes/build/lib/countdown_nodes/__init__.py -> /home/mahmmudqatmh/ros2_ws/install/countdown_nodes/lib/python3.10/site-packages/countdown_nodes
[0.567s] copying /home/mahmmudqatmh/ros2_ws/build/countdown_nodes/build/lib/countdown_nodes/countdown_client.py -> /home/mahmmudqatmh/ros2_ws/install/countdown_nodes/lib/python3.10/site-packages/countdown_nodes
[0.567s] byte-compiling /home/mahmmudqatmh/ros2_ws/install/countdown_nodes/lib/python3.10/site-packages/countdown_nodes/countdown_cancel_client.py to countdown_cancel_client.cpython-310.pyc
[0.568s] byte-compiling /home/mahmmudqatmh/ros2_ws/install/countdown_nodes/lib/python3.10/site-packages/countdown_nodes/countdown_server.py to countdown_server.cpython-310.pyc
[0.568s] byte-compiling /home/mahmmudqatmh/ros2_ws/install/countdown_nodes/lib/python3.10/site-packages/countdown_nodes/__init__.py to __init__.cpython-310.pyc
[0.568s] byte-compiling /home/mahmmudqatmh/ros2_ws/install/countdown_nodes/lib/python3.10/site-packages/countdown_nodes/countdown_client.py to countdown_client.cpython-310.pyc
[0.569s] running install_data
[0.569s] creating /home/mahmmudqatmh/ros2_ws/install/countdown_nodes/share/ament_index
[0.569s] creating /home/mahmmudqatmh/ros2_ws/install/countdown_nodes/share/ament_index/resource_index
[0.569s] creating /home/mahmmudqatmh/ros2_ws/install/countdown_nodes/share/ament_index/resource_index/packages
[0.569s] copying resource/countdown_nodes -> /home/mahmmudqatmh/ros2_ws/install/countdown_nodes/share/ament_index/resource_index/packages
[0.569s] copying package.xml -> /home/mahmmudqatmh/ros2_ws/install/countdown_nodes/share/countdown_nodes
[0.569s] running install_egg_info
[0.570s] Copying ../../build/countdown_nodes/countdown_nodes.egg-info to /home/mahmmudqatmh/ros2_ws/install/countdown_nodes/lib/python3.10/site-packages/countdown_nodes-0.0.0-py3.10.egg-info
[0.570s] running install_scripts
[0.584s] Installing countdown_cancel_client script to /home/mahmmudqatmh/ros2_ws/install/countdown_nodes/lib/countdown_nodes
[0.584s] Installing countdown_client script to /home/mahmmudqatmh/ros2_ws/install/countdown_nodes/lib/countdown_nodes
[0.584s] Installing countdown_server script to /home/mahmmudqatmh/ros2_ws/install/countdown_nodes/lib/countdown_nodes
[0.584s] writing list of installed files to '/home/mahmmudqatmh/ros2_ws/build/countdown_nodes/install.log'
[0.597s] Invoked command in '/home/mahmmudqatmh/ros2_ws/src/countdown_nodes' returned '0': CMAKE_PREFIX_PATH=/home/mahmmudqatmh/ros2_ws/install/countdown_interfaces:/home/mahmmudqatmh/ros2_ws/install/person_msgs:/home/mahmmudqatmh/ros2_ws/install/custom_interface LD_LIBRARY_PATH=/home/mahmmudqatmh/ros2_ws/install/countdown_interfaces/lib:/home/mahmmudqatmh/ros2_ws/install/person_msgs/lib:/home/mahmmudqatmh/ros2_ws/install/custom_interface/lib:/opt/ros/humble/opt/rviz_ogre_vendor/lib:/opt/ros/humble/lib/x86_64-linux-gnu:/opt/ros/humble/lib PYTHONPATH=/home/mahmmudqatmh/ros2_ws/build/countdown_nodes/prefix_override:/usr/lib/python3/dist-packages/colcon_core/task/python/colcon_distutils_commands:/home/mahmmudqatmh/ros2_ws/install/countdown_nodes/lib/python3.10/site-packages:${PYTHONPATH} /usr/bin/python3 -W ignore:setup.py install is deprecated -W ignore:easy_install command is deprecated setup.py egg_info --egg-base ../../build/countdown_nodes build --build-base /home/mahmmudqatmh/ros2_ws/build/countdown_nodes/build install --record /home/mahmmudqatmh/ros2_ws/build/countdown_nodes/install.log --single-version-externally-managed install_data
