[0.015s] Invoking command in '/home/mahmmudqatmh/ros2_ws/build/custom_interface': CMAKE_PREFIX_PATH=${CMAKE_PREFIX_PATH}:/home/mahmmudqatmh/ros2_ws/install/pose_line:/home/mahmmudqatmh/ros2_ws/install/distance_service:/home/mahmmudqatmh/ros2_ws/install/distance_bringup:/opt/ros/humble /usr/bin/cmake --build /home/mahmmudqatmh/ros2_ws/build/custom_interface -- -j24 -l24
[0.173s] [  2%] Built target custom_interface__cpp
[0.173s] [ 12%] Built target custom_interface__rosidl_generator_c
[0.173s] [ 12%] Built target ament_cmake_python_copy_custom_interface
[0.174s] [ 23%] Built target custom_interface__rosidl_typesupport_cpp
[0.174s] [ 34%] Built target custom_interface__rosidl_typesupport_fastrtps_cpp
[0.174s] [ 44%] Built target custom_interface__rosidl_typesupport_introspection_cpp
[0.174s] [ 55%] Built target custom_interface__rosidl_typesupport_c
[0.174s] [ 65%] Built target custom_interface__rosidl_typesupport_introspection_c
[0.174s] [ 76%] Built target custom_interface__rosidl_typesupport_fastrtps_c
[0.174s] [ 76%] Built target custom_interface
[0.174s] [ 78%] Built target custom_interface__py
[0.174s] [ 87%] Built target custom_interface__rosidl_generator_py
[0.174s] [ 91%] Built target custom_interface__rosidl_typesupport_fastrtps_c__pyext
[0.174s] [ 95%] Built target custom_interface__rosidl_typesupport_introspection_c__pyext
[0.175s] [100%] Built target custom_interface__rosidl_typesupport_c__pyext
[0.214s] running egg_info
[0.214s] writing custom_interface.egg-info/PKG-INFO
[0.214s] writing dependency_links to custom_interface.egg-info/dependency_links.txt
[0.215s] writing top-level names to custom_interface.egg-info/top_level.txt
[0.216s] reading manifest file 'custom_interface.egg-info/SOURCES.txt'
[0.216s] writing manifest file 'custom_interface.egg-info/SOURCES.txt'
[0.234s] [100%] Built target ament_cmake_python_build_custom_interface_egg
[0.338s] Invoked command in '/home/mahmmudqatmh/ros2_ws/build/custom_interface' returned '0': CMAKE_PREFIX_PATH=${CMAKE_PREFIX_PATH}:/home/mahmmudqatmh/ros2_ws/install/pose_line:/home/mahmmudqatmh/ros2_ws/install/distance_service:/home/mahmmudqatmh/ros2_ws/install/distance_bringup:/opt/ros/humble /usr/bin/cmake --build /home/mahmmudqatmh/ros2_ws/build/custom_interface -- -j24 -l24
[0.345s] Invoking command in '/home/mahmmudqatmh/ros2_ws/build/custom_interface': CMAKE_PREFIX_PATH=${CMAKE_PREFIX_PATH}:/home/mahmmudqatmh/ros2_ws/install/pose_line:/home/mahmmudqatmh/ros2_ws/install/distance_service:/home/mahmmudqatmh/ros2_ws/install/distance_bringup:/opt/ros/humble /usr/bin/cmake --install /home/mahmmudqatmh/ros2_ws/build/custom_interface
[0.349s] -- Install configuration: ""
[0.349s] -- Up-to-date: /home/mahmmudqatmh/ros2_ws/install/custom_interface/share/ament_index/resource_index/rosidl_interfaces/custom_interface
[0.350s] -- Up-to-date: /home/mahmmudqatmh/ros2_ws/install/custom_interface/include/custom_interface/custom_interface
[0.350s] -- Up-to-date: /home/mahmmudqatmh/ros2_ws/install/custom_interface/include/custom_interface/custom_interface/msg
[0.350s] -- Up-to-date: /home/mahmmudqatmh/ros2_ws/install/custom_interface/include/custom_interface/custom_interface/msg/detail
[0.350s] -- Up-to-date: /home/mahmmudqatmh/ros2_ws/install/custom_interface/include/custom_interface/custom_interface/msg/detail/person__struct.h
[0.350s] -- Up-to-date: /home/mahmmudqatmh/ros2_ws/install/custom_interface/include/custom_interface/custom_interface/msg/detail/person__functions.c
[0.350s] -- Up-to-date: /home/mahmmudqatmh/ros2_ws/install/custom_interface/include/custom_interface/custom_interface/msg/detail/person__type_support.h
[0.350s] -- Up-to-date: /home/mahmmudqatmh/ros2_ws/install/custom_interface/include/custom_interface/custom_interface/msg/detail/person__functions.h
[0.350s] -- Up-to-date: /home/mahmmudqatmh/ros2_ws/install/custom_interface/include/custom_interface/custom_interface/msg/person.h
[0.350s] -- Up-to-date: /home/mahmmudqatmh/ros2_ws/install/custom_interface/include/custom_interface/custom_interface/msg/rosidl_generator_c__visibility_control.h
[0.350s] -- Up-to-date: /home/mahmmudqatmh/ros2_ws/install/custom_interface/include/custom_interface/custom_interface/srv
[0.350s] -- Up-to-date: /home/mahmmudqatmh/ros2_ws/install/custom_interface/include/custom_interface/custom_interface/srv/add_three_ints.h
[0.350s] -- Up-to-date: /home/mahmmudqatmh/ros2_ws/install/custom_interface/include/custom_interface/custom_interface/srv/detail
[0.350s] -- Up-to-date: /home/mahmmudqatmh/ros2_ws/install/custom_interface/include/custom_interface/custom_interface/srv/detail/add_three_ints__functions.c
[0.350s] -- Up-to-date: /home/mahmmudqatmh/ros2_ws/install/custom_interface/include/custom_interface/custom_interface/srv/detail/distance__type_support.h
[0.350s] -- Up-to-date: /home/mahmmudqatmh/ros2_ws/install/custom_interface/include/custom_interface/custom_interface/srv/detail/add_three_ints__struct.h
[0.350s] -- Up-to-date: /home/mahmmudqatmh/ros2_ws/install/custom_interface/include/custom_interface/custom_interface/srv/detail/distance__struct.h
[0.350s] -- Up-to-date: /home/mahmmudqatmh/ros2_ws/install/custom_interface/include/custom_interface/custom_interface/srv/detail/distance__functions.h
[0.351s] -- Up-to-date: /home/mahmmudqatmh/ros2_ws/install/custom_interface/include/custom_interface/custom_interface/srv/detail/distance__functions.c
[0.351s] -- Up-to-date: /home/mahmmudqatmh/ros2_ws/install/custom_interface/include/custom_interface/custom_interface/srv/detail/add_three_ints__type_support.h
[0.351s] -- Up-to-date: /home/mahmmudqatmh/ros2_ws/install/custom_interface/include/custom_interface/custom_interface/srv/detail/add_three_ints__functions.h
[0.351s] -- Up-to-date: /home/mahmmudqatmh/ros2_ws/install/custom_interface/include/custom_interface/custom_interface/srv/distance.h
[0.351s] -- Up-to-date: /home/mahmmudqatmh/ros2_ws/install/custom_interface/share/custom_interface/environment/library_path.sh
[0.351s] -- Up-to-date: /home/mahmmudqatmh/ros2_ws/install/custom_interface/share/custom_interface/environment/library_path.dsv
[0.351s] -- Up-to-date: /home/mahmmudqatmh/ros2_ws/install/custom_interface/lib/libcustom_interface__rosidl_generator_c.so
[0.351s] -- Up-to-date: /home/mahmmudqatmh/ros2_ws/install/custom_interface/include/custom_interface/custom_interface
[0.351s] -- Up-to-date: /home/mahmmudqatmh/ros2_ws/install/custom_interface/include/custom_interface/custom_interface/msg
[0.351s] -- Up-to-date: /home/mahmmudqatmh/ros2_ws/install/custom_interface/include/custom_interface/custom_interface/msg/rosidl_typesupport_fastrtps_c__visibility_control.h
[0.351s] -- Up-to-date: /home/mahmmudqatmh/ros2_ws/install/custom_interface/include/custom_interface/custom_interface/msg/detail
[0.351s] -- Up-to-date: /home/mahmmudqatmh/ros2_ws/install/custom_interface/include/custom_interface/custom_interface/msg/detail/person__rosidl_typesupport_fastrtps_c.h
[0.351s] -- Up-to-date: /home/mahmmudqatmh/ros2_ws/install/custom_interface/include/custom_interface/custom_interface/srv
[0.351s] -- Up-to-date: /home/mahmmudqatmh/ros2_ws/install/custom_interface/include/custom_interface/custom_interface/srv/detail
[0.351s] -- Up-to-date: /home/mahmmudqatmh/ros2_ws/install/custom_interface/include/custom_interface/custom_interface/srv/detail/add_three_ints__rosidl_typesupport_fastrtps_c.h
[0.351s] -- Up-to-date: /home/mahmmudqatmh/ros2_ws/install/custom_interface/include/custom_interface/custom_interface/srv/detail/distance__rosidl_typesupport_fastrtps_c.h
[0.351s] -- Up-to-date: /home/mahmmudqatmh/ros2_ws/install/custom_interface/lib/libcustom_interface__rosidl_typesupport_fastrtps_c.so
[0.351s] -- Up-to-date: /home/mahmmudqatmh/ros2_ws/install/custom_interface/include/custom_interface/custom_interface
[0.351s] -- Up-to-date: /home/mahmmudqatmh/ros2_ws/install/custom_interface/include/custom_interface/custom_interface/msg
[0.352s] -- Up-to-date: /home/mahmmudqatmh/ros2_ws/install/custom_interface/include/custom_interface/custom_interface/msg/detail
[0.352s] -- Up-to-date: /home/mahmmudqatmh/ros2_ws/install/custom_interface/include/custom_interface/custom_interface/msg/detail/person__struct.hpp
[0.352s] -- Up-to-date: /home/mahmmudqatmh/ros2_ws/install/custom_interface/include/custom_interface/custom_interface/msg/detail/person__builder.hpp
[0.352s] -- Up-to-date: /home/mahmmudqatmh/ros2_ws/install/custom_interface/include/custom_interface/custom_interface/msg/detail/person__traits.hpp
[0.352s] -- Up-to-date: /home/mahmmudqatmh/ros2_ws/install/custom_interface/include/custom_interface/custom_interface/msg/detail/person__type_support.hpp
[0.352s] -- Up-to-date: /home/mahmmudqatmh/ros2_ws/install/custom_interface/include/custom_interface/custom_interface/msg/person.hpp
[0.352s] -- Up-to-date: /home/mahmmudqatmh/ros2_ws/install/custom_interface/include/custom_interface/custom_interface/msg/rosidl_generator_cpp__visibility_control.hpp
[0.352s] -- Up-to-date: /home/mahmmudqatmh/ros2_ws/install/custom_interface/include/custom_interface/custom_interface/srv
[0.352s] -- Up-to-date: /home/mahmmudqatmh/ros2_ws/install/custom_interface/include/custom_interface/custom_interface/srv/detail
[0.352s] -- Up-to-date: /home/mahmmudqatmh/ros2_ws/install/custom_interface/include/custom_interface/custom_interface/srv/detail/add_three_ints__traits.hpp
[0.352s] -- Up-to-date: /home/mahmmudqatmh/ros2_ws/install/custom_interface/include/custom_interface/custom_interface/srv/detail/distance__type_support.hpp
[0.352s] -- Up-to-date: /home/mahmmudqatmh/ros2_ws/install/custom_interface/include/custom_interface/custom_interface/srv/detail/distance__builder.hpp
[0.352s] -- Up-to-date: /home/mahmmudqatmh/ros2_ws/install/custom_interface/include/custom_interface/custom_interface/srv/detail/add_three_ints__struct.hpp
[0.352s] -- Up-to-date: /home/mahmmudqatmh/ros2_ws/install/custom_interface/include/custom_interface/custom_interface/srv/detail/add_three_ints__builder.hpp
[0.352s] -- Up-to-date: /home/mahmmudqatmh/ros2_ws/install/custom_interface/include/custom_interface/custom_interface/srv/detail/add_three_ints__type_support.hpp
[0.353s] -- Up-to-date: /home/mahmmudqatmh/ros2_ws/install/custom_interface/include/custom_interface/custom_interface/srv/detail/distance__traits.hpp
[0.353s] -- Up-to-date: /home/mahmmudqatmh/ros2_ws/install/custom_interface/include/custom_interface/custom_interface/srv/detail/distance__struct.hpp
[0.353s] -- Up-to-date: /home/mahmmudqatmh/ros2_ws/install/custom_interface/include/custom_interface/custom_interface/srv/distance.hpp
[0.353s] -- Up-to-date: /home/mahmmudqatmh/ros2_ws/install/custom_interface/include/custom_interface/custom_interface/srv/add_three_ints.hpp
[0.353s] -- Up-to-date: /home/mahmmudqatmh/ros2_ws/install/custom_interface/include/custom_interface/custom_interface
[0.353s] -- Up-to-date: /home/mahmmudqatmh/ros2_ws/install/custom_interface/include/custom_interface/custom_interface/msg
[0.353s] -- Up-to-date: /home/mahmmudqatmh/ros2_ws/install/custom_interface/include/custom_interface/custom_interface/msg/detail
[0.353s] -- Up-to-date: /home/mahmmudqatmh/ros2_ws/install/custom_interface/include/custom_interface/custom_interface/msg/detail/person__rosidl_typesupport_fastrtps_cpp.hpp
[0.353s] -- Up-to-date: /home/mahmmudqatmh/ros2_ws/install/custom_interface/include/custom_interface/custom_interface/msg/detail/dds_fastrtps
[0.353s] -- Up-to-date: /home/mahmmudqatmh/ros2_ws/install/custom_interface/include/custom_interface/custom_interface/msg/rosidl_typesupport_fastrtps_cpp__visibility_control.h
[0.353s] -- Up-to-date: /home/mahmmudqatmh/ros2_ws/install/custom_interface/include/custom_interface/custom_interface/srv
[0.353s] -- Up-to-date: /home/mahmmudqatmh/ros2_ws/install/custom_interface/include/custom_interface/custom_interface/srv/detail
[0.353s] -- Up-to-date: /home/mahmmudqatmh/ros2_ws/install/custom_interface/include/custom_interface/custom_interface/srv/detail/add_three_ints__rosidl_typesupport_fastrtps_cpp.hpp
[0.353s] -- Up-to-date: /home/mahmmudqatmh/ros2_ws/install/custom_interface/include/custom_interface/custom_interface/srv/detail/dds_fastrtps
[0.353s] -- Up-to-date: /home/mahmmudqatmh/ros2_ws/install/custom_interface/include/custom_interface/custom_interface/srv/detail/distance__rosidl_typesupport_fastrtps_cpp.hpp
[0.353s] -- Up-to-date: /home/mahmmudqatmh/ros2_ws/install/custom_interface/lib/libcustom_interface__rosidl_typesupport_fastrtps_cpp.so
[0.353s] -- Up-to-date: /home/mahmmudqatmh/ros2_ws/install/custom_interface/include/custom_interface/custom_interface
[0.353s] -- Up-to-date: /home/mahmmudqatmh/ros2_ws/install/custom_interface/include/custom_interface/custom_interface/msg
[0.353s] -- Up-to-date: /home/mahmmudqatmh/ros2_ws/install/custom_interface/include/custom_interface/custom_interface/msg/detail
[0.354s] -- Up-to-date: /home/mahmmudqatmh/ros2_ws/install/custom_interface/include/custom_interface/custom_interface/msg/detail/person__rosidl_typesupport_introspection_c.h
[0.354s] -- Up-to-date: /home/mahmmudqatmh/ros2_ws/install/custom_interface/include/custom_interface/custom_interface/msg/detail/person__type_support.c
[0.354s] -- Up-to-date: /home/mahmmudqatmh/ros2_ws/install/custom_interface/include/custom_interface/custom_interface/msg/rosidl_typesupport_introspection_c__visibility_control.h
[0.354s] -- Up-to-date: /home/mahmmudqatmh/ros2_ws/install/custom_interface/include/custom_interface/custom_interface/srv
[0.354s] -- Up-to-date: /home/mahmmudqatmh/ros2_ws/install/custom_interface/include/custom_interface/custom_interface/srv/detail
[0.354s] -- Up-to-date: /home/mahmmudqatmh/ros2_ws/install/custom_interface/include/custom_interface/custom_interface/srv/detail/add_three_ints__rosidl_typesupport_introspection_c.h
[0.354s] -- Up-to-date: /home/mahmmudqatmh/ros2_ws/install/custom_interface/include/custom_interface/custom_interface/srv/detail/distance__type_support.c
[0.354s] -- Up-to-date: /home/mahmmudqatmh/ros2_ws/install/custom_interface/include/custom_interface/custom_interface/srv/detail/add_three_ints__type_support.c
[0.354s] -- Up-to-date: /home/mahmmudqatmh/ros2_ws/install/custom_interface/include/custom_interface/custom_interface/srv/detail/distance__rosidl_typesupport_introspection_c.h
[0.354s] -- Up-to-date: /home/mahmmudqatmh/ros2_ws/install/custom_interface/lib/libcustom_interface__rosidl_typesupport_introspection_c.so
[0.354s] -- Up-to-date: /home/mahmmudqatmh/ros2_ws/install/custom_interface/lib/libcustom_interface__rosidl_typesupport_c.so
[0.354s] -- Up-to-date: /home/mahmmudqatmh/ros2_ws/install/custom_interface/include/custom_interface/custom_interface
[0.354s] -- Up-to-date: /home/mahmmudqatmh/ros2_ws/install/custom_interface/include/custom_interface/custom_interface/msg
[0.354s] -- Up-to-date: /home/mahmmudqatmh/ros2_ws/install/custom_interface/include/custom_interface/custom_interface/msg/detail
[0.354s] -- Up-to-date: /home/mahmmudqatmh/ros2_ws/install/custom_interface/include/custom_interface/custom_interface/msg/detail/person__type_support.cpp
[0.354s] -- Up-to-date: /home/mahmmudqatmh/ros2_ws/install/custom_interface/include/custom_interface/custom_interface/msg/detail/person__rosidl_typesupport_introspection_cpp.hpp
[0.354s] -- Up-to-date: /home/mahmmudqatmh/ros2_ws/install/custom_interface/include/custom_interface/custom_interface/srv
[0.354s] -- Up-to-date: /home/mahmmudqatmh/ros2_ws/install/custom_interface/include/custom_interface/custom_interface/srv/detail
[0.354s] -- Up-to-date: /home/mahmmudqatmh/ros2_ws/install/custom_interface/include/custom_interface/custom_interface/srv/detail/add_three_ints__type_support.cpp
[0.354s] -- Up-to-date: /home/mahmmudqatmh/ros2_ws/install/custom_interface/include/custom_interface/custom_interface/srv/detail/add_three_ints__rosidl_typesupport_introspection_cpp.hpp
[0.354s] -- Up-to-date: /home/mahmmudqatmh/ros2_ws/install/custom_interface/include/custom_interface/custom_interface/srv/detail/distance__rosidl_typesupport_introspection_cpp.hpp
[0.354s] -- Up-to-date: /home/mahmmudqatmh/ros2_ws/install/custom_interface/include/custom_interface/custom_interface/srv/detail/distance__type_support.cpp
[0.354s] -- Up-to-date: /home/mahmmudqatmh/ros2_ws/install/custom_interface/lib/libcustom_interface__rosidl_typesupport_introspection_cpp.so
[0.354s] -- Up-to-date: /home/mahmmudqatmh/ros2_ws/install/custom_interface/lib/libcustom_interface__rosidl_typesupport_cpp.so
[0.354s] -- Up-to-date: /home/mahmmudqatmh/ros2_ws/install/custom_interface/share/custom_interface/environment/pythonpath.sh
[0.354s] -- Up-to-date: /home/mahmmudqatmh/ros2_ws/install/custom_interface/share/custom_interface/environment/pythonpath.dsv
[0.354s] -- Up-to-date: /home/mahmmudqatmh/ros2_ws/install/custom_interface/local/lib/python3.10/dist-packages/custom_interface-0.0.0-py3.10.egg-info
[0.354s] -- Installing: /home/mahmmudqatmh/ros2_ws/install/custom_interface/local/lib/python3.10/dist-packages/custom_interface-0.0.0-py3.10.egg-info/dependency_links.txt
[0.354s] -- Installing: /home/mahmmudqatmh/ros2_ws/install/custom_interface/local/lib/python3.10/dist-packages/custom_interface-0.0.0-py3.10.egg-info/top_level.txt
[0.354s] -- Installing: /home/mahmmudqatmh/ros2_ws/install/custom_interface/local/lib/python3.10/dist-packages/custom_interface-0.0.0-py3.10.egg-info/PKG-INFO
[0.354s] -- Installing: /home/mahmmudqatmh/ros2_ws/install/custom_interface/local/lib/python3.10/dist-packages/custom_interface-0.0.0-py3.10.egg-info/SOURCES.txt
[0.355s] -- Up-to-date: /home/mahmmudqatmh/ros2_ws/install/custom_interface/local/lib/python3.10/dist-packages/custom_interface
[0.355s] -- Up-to-date: /home/mahmmudqatmh/ros2_ws/install/custom_interface/local/lib/python3.10/dist-packages/custom_interface/_custom_interface_s.ep.rosidl_typesupport_introspection_c.c
[0.355s] -- Up-to-date: /home/mahmmudqatmh/ros2_ws/install/custom_interface/local/lib/python3.10/dist-packages/custom_interface/custom_interface_s__rosidl_typesupport_c.cpython-310-x86_64-linux-gnu.so
[0.355s] -- Up-to-date: /home/mahmmudqatmh/ros2_ws/install/custom_interface/local/lib/python3.10/dist-packages/custom_interface/msg
[0.355s] -- Up-to-date: /home/mahmmudqatmh/ros2_ws/install/custom_interface/local/lib/python3.10/dist-packages/custom_interface/msg/_person.py
[0.355s] -- Up-to-date: /home/mahmmudqatmh/ros2_ws/install/custom_interface/local/lib/python3.10/dist-packages/custom_interface/msg/_person_s.c
[0.355s] -- Up-to-date: /home/mahmmudqatmh/ros2_ws/install/custom_interface/local/lib/python3.10/dist-packages/custom_interface/msg/__init__.py
[0.355s] -- Up-to-date: /home/mahmmudqatmh/ros2_ws/install/custom_interface/local/lib/python3.10/dist-packages/custom_interface/srv
[0.355s] -- Up-to-date: /home/mahmmudqatmh/ros2_ws/install/custom_interface/local/lib/python3.10/dist-packages/custom_interface/srv/_distance.py
[0.355s] -- Up-to-date: /home/mahmmudqatmh/ros2_ws/install/custom_interface/local/lib/python3.10/dist-packages/custom_interface/srv/_add_three_ints_s.c
[0.355s] -- Up-to-date: /home/mahmmudqatmh/ros2_ws/install/custom_interface/local/lib/python3.10/dist-packages/custom_interface/srv/_distance_s.c
[0.355s] -- Up-to-date: /home/mahmmudqatmh/ros2_ws/install/custom_interface/local/lib/python3.10/dist-packages/custom_interface/srv/_add_three_ints.py
[0.355s] -- Up-to-date: /home/mahmmudqatmh/ros2_ws/install/custom_interface/local/lib/python3.10/dist-packages/custom_interface/srv/__init__.py
[0.355s] -- Up-to-date: /home/mahmmudqatmh/ros2_ws/install/custom_interface/local/lib/python3.10/dist-packages/custom_interface/custom_interface_s__rosidl_typesupport_fastrtps_c.cpython-310-x86_64-linux-gnu.so
[0.355s] -- Up-to-date: /home/mahmmudqatmh/ros2_ws/install/custom_interface/local/lib/python3.10/dist-packages/custom_interface/_custom_interface_s.ep.rosidl_typesupport_c.c
[0.355s] -- Up-to-date: /home/mahmmudqatmh/ros2_ws/install/custom_interface/local/lib/python3.10/dist-packages/custom_interface/__init__.py
[0.355s] -- Up-to-date: /home/mahmmudqatmh/ros2_ws/install/custom_interface/local/lib/python3.10/dist-packages/custom_interface/custom_interface_s__rosidl_typesupport_introspection_c.cpython-310-x86_64-linux-gnu.so
[0.355s] -- Up-to-date: /home/mahmmudqatmh/ros2_ws/install/custom_interface/local/lib/python3.10/dist-packages/custom_interface/_custom_interface_s.ep.rosidl_typesupport_fastrtps_c.c
[0.355s] -- Up-to-date: /home/mahmmudqatmh/ros2_ws/install/custom_interface/local/lib/python3.10/dist-packages/custom_interface/libcustom_interface__rosidl_generator_py.so
[0.379s] Listing '/home/mahmmudqatmh/ros2_ws/install/custom_interface/local/lib/python3.10/dist-packages/custom_interface'...
[0.379s] Listing '/home/mahmmudqatmh/ros2_ws/install/custom_interface/local/lib/python3.10/dist-packages/custom_interface/msg'...
[0.379s] Listing '/home/mahmmudqatmh/ros2_ws/install/custom_interface/local/lib/python3.10/dist-packages/custom_interface/srv'...
[0.382s] -- Up-to-date: /home/mahmmudqatmh/ros2_ws/install/custom_interface/local/lib/python3.10/dist-packages/custom_interface/custom_interface_s__rosidl_typesupport_fastrtps_c.cpython-310-x86_64-linux-gnu.so
[0.382s] -- Up-to-date: /home/mahmmudqatmh/ros2_ws/install/custom_interface/local/lib/python3.10/dist-packages/custom_interface/custom_interface_s__rosidl_typesupport_introspection_c.cpython-310-x86_64-linux-gnu.so
[0.382s] -- Up-to-date: /home/mahmmudqatmh/ros2_ws/install/custom_interface/local/lib/python3.10/dist-packages/custom_interface/custom_interface_s__rosidl_typesupport_c.cpython-310-x86_64-linux-gnu.so
[0.382s] -- Up-to-date: /home/mahmmudqatmh/ros2_ws/install/custom_interface/lib/libcustom_interface__rosidl_generator_py.so
[0.382s] -- Up-to-date: /home/mahmmudqatmh/ros2_ws/install/custom_interface/share/custom_interface/msg/Person.idl
[0.382s] -- Up-to-date: /home/mahmmudqatmh/ros2_ws/install/custom_interface/share/custom_interface/srv/AddThreeInts.idl
[0.382s] -- Up-to-date: /home/mahmmudqatmh/ros2_ws/install/custom_interface/share/custom_interface/srv/Distance.idl
[0.382s] -- Up-to-date: /home/mahmmudqatmh/ros2_ws/install/custom_interface/share/custom_interface/msg/Person.msg
[0.382s] -- Up-to-date: /home/mahmmudqatmh/ros2_ws/install/custom_interface/share/custom_interface/srv/AddThreeInts.srv
[0.382s] -- Up-to-date: /home/mahmmudqatmh/ros2_ws/install/custom_interface/share/custom_interface/srv/AddThreeInts_Request.msg
[0.382s] -- Up-to-date: /home/mahmmudqatmh/ros2_ws/install/custom_interface/share/custom_interface/srv/AddThreeInts_Response.msg
[0.382s] -- Up-to-date: /home/mahmmudqatmh/ros2_ws/install/custom_interface/share/custom_interface/srv/Distance.srv
[0.382s] -- Up-to-date: /home/mahmmudqatmh/ros2_ws/install/custom_interface/share/custom_interface/srv/Distance_Request.msg
[0.383s] -- Up-to-date: /home/mahmmudqatmh/ros2_ws/install/custom_interface/share/custom_interface/srv/Distance_Response.msg
[0.383s] -- Up-to-date: /home/mahmmudqatmh/ros2_ws/install/custom_interface/share/ament_index/resource_index/package_run_dependencies/custom_interface
[0.383s] -- Up-to-date: /home/mahmmudqatmh/ros2_ws/install/custom_interface/share/ament_index/resource_index/parent_prefix_path/custom_interface
[0.383s] -- Up-to-date: /home/mahmmudqatmh/ros2_ws/install/custom_interface/share/custom_interface/environment/ament_prefix_path.sh
[0.383s] -- Up-to-date: /home/mahmmudqatmh/ros2_ws/install/custom_interface/share/custom_interface/environment/ament_prefix_path.dsv
[0.383s] -- Up-to-date: /home/mahmmudqatmh/ros2_ws/install/custom_interface/share/custom_interface/environment/path.sh
[0.383s] -- Up-to-date: /home/mahmmudqatmh/ros2_ws/install/custom_interface/share/custom_interface/environment/path.dsv
[0.383s] -- Up-to-date: /home/mahmmudqatmh/ros2_ws/install/custom_interface/share/custom_interface/local_setup.bash
[0.383s] -- Up-to-date: /home/mahmmudqatmh/ros2_ws/install/custom_interface/share/custom_interface/local_setup.sh
[0.383s] -- Up-to-date: /home/mahmmudqatmh/ros2_ws/install/custom_interface/share/custom_interface/local_setup.zsh
[0.383s] -- Up-to-date: /home/mahmmudqatmh/ros2_ws/install/custom_interface/share/custom_interface/local_setup.dsv
[0.383s] -- Installing: /home/mahmmudqatmh/ros2_ws/install/custom_interface/share/custom_interface/package.dsv
[0.383s] -- Up-to-date: /home/mahmmudqatmh/ros2_ws/install/custom_interface/share/ament_index/resource_index/packages/custom_interface
[0.383s] -- Up-to-date: /home/mahmmudqatmh/ros2_ws/install/custom_interface/share/custom_interface/cmake/export_custom_interface__rosidl_generator_cExport.cmake
[0.383s] -- Up-to-date: /home/mahmmudqatmh/ros2_ws/install/custom_interface/share/custom_interface/cmake/export_custom_interface__rosidl_generator_cExport-noconfig.cmake
[0.383s] -- Up-to-date: /home/mahmmudqatmh/ros2_ws/install/custom_interface/share/custom_interface/cmake/export_custom_interface__rosidl_typesupport_fastrtps_cExport.cmake
[0.383s] -- Up-to-date: /home/mahmmudqatmh/ros2_ws/install/custom_interface/share/custom_interface/cmake/export_custom_interface__rosidl_typesupport_fastrtps_cExport-noconfig.cmake
[0.383s] -- Up-to-date: /home/mahmmudqatmh/ros2_ws/install/custom_interface/share/custom_interface/cmake/export_custom_interface__rosidl_generator_cppExport.cmake
[0.383s] -- Up-to-date: /home/mahmmudqatmh/ros2_ws/install/custom_interface/share/custom_interface/cmake/export_custom_interface__rosidl_typesupport_fastrtps_cppExport.cmake
[0.383s] -- Up-to-date: /home/mahmmudqatmh/ros2_ws/install/custom_interface/share/custom_interface/cmake/export_custom_interface__rosidl_typesupport_fastrtps_cppExport-noconfig.cmake
[0.383s] -- Up-to-date: /home/mahmmudqatmh/ros2_ws/install/custom_interface/share/custom_interface/cmake/custom_interface__rosidl_typesupport_introspection_cExport.cmake
[0.383s] -- Up-to-date: /home/mahmmudqatmh/ros2_ws/install/custom_interface/share/custom_interface/cmake/custom_interface__rosidl_typesupport_introspection_cExport-noconfig.cmake
[0.383s] -- Up-to-date: /home/mahmmudqatmh/ros2_ws/install/custom_interface/share/custom_interface/cmake/custom_interface__rosidl_typesupport_cExport.cmake
[0.383s] -- Up-to-date: /home/mahmmudqatmh/ros2_ws/install/custom_interface/share/custom_interface/cmake/custom_interface__rosidl_typesupport_cExport-noconfig.cmake
[0.383s] -- Up-to-date: /home/mahmmudqatmh/ros2_ws/install/custom_interface/share/custom_interface/cmake/custom_interface__rosidl_typesupport_introspection_cppExport.cmake
[0.383s] -- Up-to-date: /home/mahmmudqatmh/ros2_ws/install/custom_interface/share/custom_interface/cmake/custom_interface__rosidl_typesupport_introspection_cppExport-noconfig.cmake
[0.383s] -- Up-to-date: /home/mahmmudqatmh/ros2_ws/install/custom_interface/share/custom_interface/cmake/custom_interface__rosidl_typesupport_cppExport.cmake
[0.383s] -- Up-to-date: /home/mahmmudqatmh/ros2_ws/install/custom_interface/share/custom_interface/cmake/custom_interface__rosidl_typesupport_cppExport-noconfig.cmake
[0.384s] -- Up-to-date: /home/mahmmudqatmh/ros2_ws/install/custom_interface/share/custom_interface/cmake/export_custom_interface__rosidl_generator_pyExport.cmake
[0.384s] -- Up-to-date: /home/mahmmudqatmh/ros2_ws/install/custom_interface/share/custom_interface/cmake/export_custom_interface__rosidl_generator_pyExport-noconfig.cmake
[0.384s] -- Up-to-date: /home/mahmmudqatmh/ros2_ws/install/custom_interface/share/custom_interface/cmake/rosidl_cmake-extras.cmake
[0.384s] -- Up-to-date: /home/mahmmudqatmh/ros2_ws/install/custom_interface/share/custom_interface/cmake/ament_cmake_export_dependencies-extras.cmake
[0.384s] -- Up-to-date: /home/mahmmudqatmh/ros2_ws/install/custom_interface/share/custom_interface/cmake/ament_cmake_export_include_directories-extras.cmake
[0.384s] -- Up-to-date: /home/mahmmudqatmh/ros2_ws/install/custom_interface/share/custom_interface/cmake/ament_cmake_export_libraries-extras.cmake
[0.384s] -- Up-to-date: /home/mahmmudqatmh/ros2_ws/install/custom_interface/share/custom_interface/cmake/ament_cmake_export_targets-extras.cmake
[0.384s] -- Up-to-date: /home/mahmmudqatmh/ros2_ws/install/custom_interface/share/custom_interface/cmake/rosidl_cmake_export_typesupport_targets-extras.cmake
[0.384s] -- Up-to-date: /home/mahmmudqatmh/ros2_ws/install/custom_interface/share/custom_interface/cmake/rosidl_cmake_export_typesupport_libraries-extras.cmake
[0.384s] -- Up-to-date: /home/mahmmudqatmh/ros2_ws/install/custom_interface/share/custom_interface/cmake/custom_interfaceConfig.cmake
[0.384s] -- Up-to-date: /home/mahmmudqatmh/ros2_ws/install/custom_interface/share/custom_interface/cmake/custom_interfaceConfig-version.cmake
[0.384s] -- Up-to-date: /home/mahmmudqatmh/ros2_ws/install/custom_interface/share/custom_interface/package.xml
[0.385s] Invoked command in '/home/mahmmudqatmh/ros2_ws/build/custom_interface' returned '0': CMAKE_PREFIX_PATH=${CMAKE_PREFIX_PATH}:/home/mahmmudqatmh/ros2_ws/install/pose_line:/home/mahmmudqatmh/ros2_ws/install/distance_service:/home/mahmmudqatmh/ros2_ws/install/distance_bringup:/opt/ros/humble /usr/bin/cmake --install /home/mahmmudqatmh/ros2_ws/build/custom_interface
