running egg_info
writing build/task3/task3.egg-info/PKG-INFO
writing dependency_links to build/task3/task3.egg-info/dependency_links.txt
writing entry points to build/task3/task3.egg-info/entry_points.txt
writing requirements to build/task3/task3.egg-info/requires.txt
writing top-level names to build/task3/task3.egg-info/top_level.txt
reading manifest file 'build/task3/task3.egg-info/SOURCES.txt'
writing manifest file 'build/task3/task3.egg-info/SOURCES.txt'
running build
running build_py
copying task3/tf_listener.py -> /home/lassi/ros2_lab2_ws/src/task3/build/task3/build/lib/task3
running install
running install_lib
copying /home/lassi/ros2_lab2_ws/src/task3/build/task3/build/lib/task3/tf_listener.py -> /home/lassi/ros2_lab2_ws/src/task3/install/task3/lib/python3.10/site-packages/task3
byte-compiling /home/lassi/ros2_lab2_ws/src/task3/install/task3/lib/python3.10/site-packages/task3/tf_listener.py to tf_listener.cpython-310.pyc
running install_data
running install_egg_info
removing '/home/lassi/ros2_lab2_ws/src/task3/install/task3/lib/python3.10/site-packages/task3-0.0.0-py3.10.egg-info' (and everything under it)
Copying build/task3/task3.egg-info to /home/lassi/ros2_lab2_ws/src/task3/install/task3/lib/python3.10/site-packages/task3-0.0.0-py3.10.egg-info
running install_scripts
Installing lidar_broadcaster script to /home/lassi/ros2_lab2_ws/src/task3/install/task3/lib/task3
Installing revolution_counter script to /home/lassi/ros2_lab2_ws/src/task3/install/task3/lib/task3
Installing scanner_broadcaster script to /home/lassi/ros2_lab2_ws/src/task3/install/task3/lib/task3
Installing tf_listener script to /home/lassi/ros2_lab2_ws/src/task3/install/task3/lib/task3
writing list of installed files to '/home/lassi/ros2_lab2_ws/src/task3/build/task3/install.log'
