[0.687s] Invoking command in '/home/lassi/ros2_lab2_ws/src/task3': PYTHONPATH=/home/lassi/ros2_lab2_ws/src/task3/build/task3/prefix_override:/usr/lib/python3/dist-packages/colcon_core/task/python/colcon_distutils_commands:/home/lassi/ros2_lab2_ws/src/task3/install/task3/lib/python3.10/site-packages:${PYTHONPATH} /usr/bin/python3 -W ignore:setup.py install is deprecated -W ignore:easy_install command is deprecated setup.py egg_info --egg-base build/task3 build --build-base /home/lassi/ros2_lab2_ws/src/task3/build/task3/build install --record /home/lassi/ros2_lab2_ws/src/task3/build/task3/install.log --single-version-externally-managed install_data
[0.973s] running egg_info
[0.973s] writing build/task3/task3.egg-info/PKG-INFO
[0.974s] writing dependency_links to build/task3/task3.egg-info/dependency_links.txt
[0.974s] writing entry points to build/task3/task3.egg-info/entry_points.txt
[0.975s] writing requirements to build/task3/task3.egg-info/requires.txt
[0.976s] writing top-level names to build/task3/task3.egg-info/top_level.txt
[0.979s] reading manifest file 'build/task3/task3.egg-info/SOURCES.txt'
[0.979s] writing manifest file 'build/task3/task3.egg-info/SOURCES.txt'
[0.979s] running build
[0.979s] running build_py
[0.979s] copying task3/tf_listener.py -> /home/lassi/ros2_lab2_ws/src/task3/build/task3/build/lib/task3
[0.980s] running install
[0.980s] running install_lib
[0.980s] copying /home/lassi/ros2_lab2_ws/src/task3/build/task3/build/lib/task3/tf_listener.py -> /home/lassi/ros2_lab2_ws/src/task3/install/task3/lib/python3.10/site-packages/task3
[0.981s] byte-compiling /home/lassi/ros2_lab2_ws/src/task3/install/task3/lib/python3.10/site-packages/task3/tf_listener.py to tf_listener.cpython-310.pyc
[0.982s] running install_data
[0.982s] running install_egg_info
[0.984s] removing '/home/lassi/ros2_lab2_ws/src/task3/install/task3/lib/python3.10/site-packages/task3-0.0.0-py3.10.egg-info' (and everything under it)
[0.985s] Copying build/task3/task3.egg-info to /home/lassi/ros2_lab2_ws/src/task3/install/task3/lib/python3.10/site-packages/task3-0.0.0-py3.10.egg-info
[0.986s] running install_scripts
[1.001s] Installing lidar_broadcaster script to /home/lassi/ros2_lab2_ws/src/task3/install/task3/lib/task3
[1.004s] Installing revolution_counter script to /home/lassi/ros2_lab2_ws/src/task3/install/task3/lib/task3
[1.005s] Installing scanner_broadcaster script to /home/lassi/ros2_lab2_ws/src/task3/install/task3/lib/task3
[1.006s] Installing tf_listener script to /home/lassi/ros2_lab2_ws/src/task3/install/task3/lib/task3
[1.008s] writing list of installed files to '/home/lassi/ros2_lab2_ws/src/task3/build/task3/install.log'
[1.034s] Invoked command in '/home/lassi/ros2_lab2_ws/src/task3' returned '0': PYTHONPATH=/home/lassi/ros2_lab2_ws/src/task3/build/task3/prefix_override:/usr/lib/python3/dist-packages/colcon_core/task/python/colcon_distutils_commands:/home/lassi/ros2_lab2_ws/src/task3/install/task3/lib/python3.10/site-packages:${PYTHONPATH} /usr/bin/python3 -W ignore:setup.py install is deprecated -W ignore:easy_install command is deprecated setup.py egg_info --egg-base build/task3 build --build-base /home/lassi/ros2_lab2_ws/src/task3/build/task3/build install --record /home/lassi/ros2_lab2_ws/src/task3/build/task3/install.log --single-version-externally-managed install_data
