[0.076s] DEBUG:colcon:Command line arguments: ['/usr/bin/colcon', 'build']
[0.076s] DEBUG:colcon:Parsed command line arguments: Namespace(log_base=None, log_level=None, verb_name='build', build_base='build', install_base='install', merge_install=False, symlink_install=False, test_result_base=None, continue_on_error=False, executor='parallel', parallel_workers=10, event_handlers=None, ignore_user_meta=False, metas=['./colcon.meta'], base_paths=['.'], packages_ignore=None, packages_ignore_regex=None, paths=None, packages_up_to=None, packages_up_to_regex=None, packages_above=None, packages_above_and_dependencies=None, packages_above_depth=None, packages_select_by_dep=None, packages_skip_by_dep=None, packages_skip_up_to=None, packages_select_build_failed=False, packages_skip_build_finished=False, packages_select_test_failures=False, packages_skip_test_passed=False, packages_select=None, packages_skip=None, packages_select_regex=None, packages_skip_regex=None, packages_start=None, packages_end=None, allow_overriding=[], cmake_args=None, cmake_target=None, cmake_target_skip_unavailable=False, cmake_clean_cache=False, cmake_clean_first=False, cmake_force_configure=False, ament_cmake_args=None, catkin_cmake_args=None, catkin_skip_building_tests=False, verb_parser=<colcon_defaults.argument_parser.defaults.DefaultArgumentsDecorator object at 0x7fc8a45625f0>, verb_extension=<colcon_core.verb.build.BuildVerb object at 0x7fc8a4561cf0>, main=<bound method BuildVerb.main of <colcon_core.verb.build.BuildVerb object at 0x7fc8a4561cf0>>)
[0.195s] Level 1:colcon.colcon_core.package_discovery:discover_packages(colcon_meta) check parameters
[0.196s] Level 1:colcon.colcon_core.package_discovery:discover_packages(recursive) check parameters
[0.196s] Level 1:colcon.colcon_core.package_discovery:discover_packages(ignore) check parameters
[0.196s] Level 1:colcon.colcon_core.package_discovery:discover_packages(path) check parameters
[0.196s] Level 1:colcon.colcon_core.package_discovery:discover_packages(colcon_meta) discover
[0.196s] Level 1:colcon.colcon_core.package_discovery:discover_packages(recursive) discover
[0.196s] INFO:colcon.colcon_core.package_discovery:Crawling recursively for packages in '/home/lassi/ros2_lab2_ws/src/gazebo_example'
[0.196s] Level 1:colcon.colcon_core.package_identification:_identify(.) by extensions ['ignore', 'ignore_ament_install']
[0.196s] Level 1:colcon.colcon_core.package_identification:_identify(.) by extension 'ignore'
[0.196s] Level 1:colcon.colcon_core.package_identification:_identify(.) by extension 'ignore_ament_install'
[0.196s] Level 1:colcon.colcon_core.package_identification:_identify(.) by extensions ['colcon_pkg']
[0.196s] Level 1:colcon.colcon_core.package_identification:_identify(.) by extension 'colcon_pkg'
[0.196s] Level 1:colcon.colcon_core.package_identification:_identify(.) by extensions ['colcon_meta']
[0.196s] Level 1:colcon.colcon_core.package_identification:_identify(.) by extension 'colcon_meta'
[0.196s] Level 1:colcon.colcon_core.package_identification:_identify(.) by extensions ['ros']
[0.196s] Level 1:colcon.colcon_core.package_identification:_identify(.) by extension 'ros'
[0.213s] DEBUG:colcon.colcon_core.package_identification:Package '.' with type 'ros.ament_python' and name 'gazebo_example'
[0.213s] Level 1:colcon.colcon_core.package_discovery:discover_packages(recursive) using defaults
[0.214s] Level 1:colcon.colcon_core.package_discovery:discover_packages(ignore) discover
[0.214s] Level 1:colcon.colcon_core.package_discovery:discover_packages(ignore) using defaults
[0.214s] Level 1:colcon.colcon_core.package_discovery:discover_packages(path) discover
[0.214s] Level 1:colcon.colcon_core.package_discovery:discover_packages(path) using defaults
[0.240s] Level 1:colcon.colcon_core.package_discovery:discover_packages(prefix_path) check parameters
[0.241s] Level 1:colcon.colcon_core.package_discovery:discover_packages(prefix_path) discover
[0.242s] DEBUG:colcon.colcon_installed_package_information.package_discovery:Found 3 installed packages in /home/lassi/ros2_lab2_ws/src/install
[0.243s] DEBUG:colcon.colcon_installed_package_information.package_discovery:Found 6 installed packages in /home/lassi/install
[0.244s] DEBUG:colcon.colcon_installed_package_information.package_discovery:Found 454 installed packages in /opt/ros/humble
[0.246s] Level 1:colcon.colcon_core.package_discovery:discover_packages(prefix_path) using defaults
[0.285s] Level 5:colcon.colcon_core.verb:set package 'gazebo_example' build argument 'cmake_args' from command line to 'None'
[0.285s] Level 5:colcon.colcon_core.verb:set package 'gazebo_example' build argument 'cmake_target' from command line to 'None'
[0.285s] Level 5:colcon.colcon_core.verb:set package 'gazebo_example' build argument 'cmake_target_skip_unavailable' from command line to 'False'
[0.285s] Level 5:colcon.colcon_core.verb:set package 'gazebo_example' build argument 'cmake_clean_cache' from command line to 'False'
[0.285s] Level 5:colcon.colcon_core.verb:set package 'gazebo_example' build argument 'cmake_clean_first' from command line to 'False'
[0.285s] Level 5:colcon.colcon_core.verb:set package 'gazebo_example' build argument 'cmake_force_configure' from command line to 'False'
[0.285s] Level 5:colcon.colcon_core.verb:set package 'gazebo_example' build argument 'ament_cmake_args' from command line to 'None'
[0.285s] Level 5:colcon.colcon_core.verb:set package 'gazebo_example' build argument 'catkin_cmake_args' from command line to 'None'
[0.285s] Level 5:colcon.colcon_core.verb:set package 'gazebo_example' build argument 'catkin_skip_building_tests' from command line to 'False'
[0.285s] DEBUG:colcon.colcon_core.verb:Building package 'gazebo_example' with the following arguments: {'ament_cmake_args': None, 'build_base': '/home/lassi/ros2_lab2_ws/src/gazebo_example/build/gazebo_example', 'catkin_cmake_args': None, 'catkin_skip_building_tests': False, 'cmake_args': None, 'cmake_clean_cache': False, 'cmake_clean_first': False, 'cmake_force_configure': False, 'cmake_target': None, 'cmake_target_skip_unavailable': False, 'install_base': '/home/lassi/ros2_lab2_ws/src/gazebo_example/install/gazebo_example', 'merge_install': False, 'path': '/home/lassi/ros2_lab2_ws/src/gazebo_example', 'symlink_install': False, 'test_result_base': None}
[0.285s] INFO:colcon.colcon_core.executor:Executing jobs using 'parallel' executor
[0.287s] DEBUG:colcon.colcon_parallel_executor.executor.parallel:run_until_complete
[0.288s] INFO:colcon.colcon_ros.task.ament_python.build:Building ROS package in '/home/lassi/ros2_lab2_ws/src/gazebo_example' with build type 'ament_python'
[0.288s] Level 1:colcon.colcon_core.shell:create_environment_hook('gazebo_example', 'ament_prefix_path')
[0.297s] INFO:colcon.colcon_core.plugin_system:Skipping extension 'colcon_core.shell.bat': Not used on non-Windows systems
[0.297s] INFO:colcon.colcon_core.shell:Creating environment hook '/home/lassi/ros2_lab2_ws/src/gazebo_example/install/gazebo_example/share/gazebo_example/hook/ament_prefix_path.ps1'
[0.299s] INFO:colcon.colcon_core.shell:Creating environment descriptor '/home/lassi/ros2_lab2_ws/src/gazebo_example/install/gazebo_example/share/gazebo_example/hook/ament_prefix_path.dsv'
[0.300s] INFO:colcon.colcon_core.shell:Creating environment hook '/home/lassi/ros2_lab2_ws/src/gazebo_example/install/gazebo_example/share/gazebo_example/hook/ament_prefix_path.sh'
[0.301s] INFO:colcon.colcon_core.shell:Skip shell extension 'powershell' for command environment: Not usable outside of PowerShell
[0.301s] DEBUG:colcon.colcon_core.shell:Skip shell extension 'dsv' for command environment
[0.548s] INFO:colcon.colcon_core.task.python.build:Building Python package in '/home/lassi/ros2_lab2_ws/src/gazebo_example'
[0.549s] INFO:colcon.colcon_core.shell:Skip shell extension 'powershell' for command environment: Not usable outside of PowerShell
[0.550s] DEBUG:colcon.colcon_core.shell:Skip shell extension 'dsv' for command environment
[0.941s] DEBUG:colcon.colcon_core.event_handler.log_command:Invoking command in '/home/lassi/ros2_lab2_ws/src/gazebo_example': PYTHONPATH=/home/lassi/ros2_lab2_ws/src/gazebo_example/build/gazebo_example/prefix_override:/usr/lib/python3/dist-packages/colcon_core/task/python/colcon_distutils_commands:/home/lassi/ros2_lab2_ws/src/gazebo_example/install/gazebo_example/lib/python3.10/site-packages:${PYTHONPATH} /usr/bin/python3 -W ignore:setup.py install is deprecated -W ignore:easy_install command is deprecated setup.py egg_info --egg-base build/gazebo_example build --build-base /home/lassi/ros2_lab2_ws/src/gazebo_example/build/gazebo_example/build install --record /home/lassi/ros2_lab2_ws/src/gazebo_example/build/gazebo_example/install.log --single-version-externally-managed install_data
[1.224s] DEBUG:colcon.colcon_core.event_handler.log_command:Invoked command in '/home/lassi/ros2_lab2_ws/src/gazebo_example' returned '0': PYTHONPATH=/home/lassi/ros2_lab2_ws/src/gazebo_example/build/gazebo_example/prefix_override:/usr/lib/python3/dist-packages/colcon_core/task/python/colcon_distutils_commands:/home/lassi/ros2_lab2_ws/src/gazebo_example/install/gazebo_example/lib/python3.10/site-packages:${PYTHONPATH} /usr/bin/python3 -W ignore:setup.py install is deprecated -W ignore:easy_install command is deprecated setup.py egg_info --egg-base build/gazebo_example build --build-base /home/lassi/ros2_lab2_ws/src/gazebo_example/build/gazebo_example/build install --record /home/lassi/ros2_lab2_ws/src/gazebo_example/build/gazebo_example/install.log --single-version-externally-managed install_data
[1.227s] Level 1:colcon.colcon_core.environment:checking '/home/lassi/ros2_lab2_ws/src/gazebo_example/install/gazebo_example' for CMake module files
[1.227s] Level 1:colcon.colcon_core.environment:checking '/home/lassi/ros2_lab2_ws/src/gazebo_example/install/gazebo_example' for CMake config files
[1.228s] Level 1:colcon.colcon_core.environment:checking '/home/lassi/ros2_lab2_ws/src/gazebo_example/install/gazebo_example/lib'
[1.228s] Level 1:colcon.colcon_core.environment:checking '/home/lassi/ros2_lab2_ws/src/gazebo_example/install/gazebo_example/bin'
[1.229s] Level 1:colcon.colcon_core.environment:checking '/home/lassi/ros2_lab2_ws/src/gazebo_example/install/gazebo_example/lib/pkgconfig/gazebo_example.pc'
[1.229s] Level 1:colcon.colcon_core.environment:checking '/home/lassi/ros2_lab2_ws/src/gazebo_example/install/gazebo_example/lib/python3.10/site-packages'
[1.229s] Level 1:colcon.colcon_core.shell:create_environment_hook('gazebo_example', 'pythonpath')
[1.229s] INFO:colcon.colcon_core.shell:Creating environment hook '/home/lassi/ros2_lab2_ws/src/gazebo_example/install/gazebo_example/share/gazebo_example/hook/pythonpath.ps1'
[1.230s] INFO:colcon.colcon_core.shell:Creating environment descriptor '/home/lassi/ros2_lab2_ws/src/gazebo_example/install/gazebo_example/share/gazebo_example/hook/pythonpath.dsv'
[1.232s] INFO:colcon.colcon_core.shell:Creating environment hook '/home/lassi/ros2_lab2_ws/src/gazebo_example/install/gazebo_example/share/gazebo_example/hook/pythonpath.sh'
[1.233s] Level 1:colcon.colcon_core.environment:checking '/home/lassi/ros2_lab2_ws/src/gazebo_example/install/gazebo_example/bin'
[1.233s] Level 1:colcon.colcon_core.environment:create_environment_scripts_only(gazebo_example)
[1.234s] INFO:colcon.colcon_core.shell:Creating package script '/home/lassi/ros2_lab2_ws/src/gazebo_example/install/gazebo_example/share/gazebo_example/package.ps1'
[1.234s] INFO:colcon.colcon_core.shell:Creating package descriptor '/home/lassi/ros2_lab2_ws/src/gazebo_example/install/gazebo_example/share/gazebo_example/package.dsv'
[1.237s] INFO:colcon.colcon_core.shell:Creating package script '/home/lassi/ros2_lab2_ws/src/gazebo_example/install/gazebo_example/share/gazebo_example/package.sh'
[1.239s] INFO:colcon.colcon_core.shell:Creating package script '/home/lassi/ros2_lab2_ws/src/gazebo_example/install/gazebo_example/share/gazebo_example/package.bash'
[1.241s] INFO:colcon.colcon_core.shell:Creating package script '/home/lassi/ros2_lab2_ws/src/gazebo_example/install/gazebo_example/share/gazebo_example/package.zsh'
[1.244s] Level 1:colcon.colcon_core.environment:create_file_with_runtime_dependencies(/home/lassi/ros2_lab2_ws/src/gazebo_example/install/gazebo_example/share/colcon-core/packages/gazebo_example)
[1.245s] DEBUG:colcon.colcon_parallel_executor.executor.parallel:closing loop
[1.246s] DEBUG:colcon.colcon_parallel_executor.executor.parallel:loop closed
[1.249s] DEBUG:colcon.colcon_parallel_executor.executor.parallel:run_until_complete finished with '0'
[1.249s] DEBUG:colcon.colcon_core.event_reactor:joining thread
[1.261s] INFO:colcon.colcon_core.plugin_system:Skipping extension 'colcon_notification.desktop_notification.terminal_notifier': Not used on non-Darwin systems
[1.261s] INFO:colcon.colcon_core.plugin_system:Skipping extension 'colcon_notification.desktop_notification.win32': Not used on non-Windows systems
[1.261s] INFO:colcon.colcon_notification.desktop_notification:Sending desktop notification using 'notify2'
[1.282s] DEBUG:colcon.colcon_core.event_reactor:joined thread
[1.283s] INFO:colcon.colcon_core.shell:Creating prefix script '/home/lassi/ros2_lab2_ws/src/gazebo_example/install/local_setup.ps1'
[1.284s] INFO:colcon.colcon_core.shell:Creating prefix util module '/home/lassi/ros2_lab2_ws/src/gazebo_example/install/_local_setup_util_ps1.py'
[1.286s] INFO:colcon.colcon_core.shell:Creating prefix chain script '/home/lassi/ros2_lab2_ws/src/gazebo_example/install/setup.ps1'
[1.288s] INFO:colcon.colcon_core.shell:Creating prefix script '/home/lassi/ros2_lab2_ws/src/gazebo_example/install/local_setup.sh'
[1.290s] INFO:colcon.colcon_core.shell:Creating prefix util module '/home/lassi/ros2_lab2_ws/src/gazebo_example/install/_local_setup_util_sh.py'
[1.291s] INFO:colcon.colcon_core.shell:Creating prefix chain script '/home/lassi/ros2_lab2_ws/src/gazebo_example/install/setup.sh'
[1.292s] INFO:colcon.colcon_core.shell:Creating prefix script '/home/lassi/ros2_lab2_ws/src/gazebo_example/install/local_setup.bash'
[1.293s] INFO:colcon.colcon_core.shell:Creating prefix chain script '/home/lassi/ros2_lab2_ws/src/gazebo_example/install/setup.bash'
[1.295s] INFO:colcon.colcon_core.shell:Creating prefix script '/home/lassi/ros2_lab2_ws/src/gazebo_example/install/local_setup.zsh'
[1.295s] INFO:colcon.colcon_core.shell:Creating prefix chain script '/home/lassi/ros2_lab2_ws/src/gazebo_example/install/setup.zsh'
