[0.802s] Invoking command in '/home/mahmmudqatmh/ros2_ws/src/pose_line': PYTHONPATH=/home/mahmmudqatmh/ros2_ws/build/pose_line/prefix_override:/usr/lib/python3/dist-packages/colcon_core/task/python/colcon_distutils_commands:/home/mahmmudqatmh/ros2_ws/install/pose_line/lib/python3.10/site-packages:${PYTHONPATH} /usr/bin/python3 -W ignore:setup.py install is deprecated -W ignore:easy_install command is deprecated setup.py egg_info --egg-base ../../build/pose_line build --build-base /home/mahmmudqatmh/ros2_ws/build/pose_line/build install --record /home/mahmmudqatmh/ros2_ws/build/pose_line/install.log --single-version-externally-managed install_data
[0.962s] running egg_info
[0.963s] writing ../../build/pose_line/pose_line.egg-info/PKG-INFO
[0.963s] writing dependency_links to ../../build/pose_line/pose_line.egg-info/dependency_links.txt
[0.963s] writing entry points to ../../build/pose_line/pose_line.egg-info/entry_points.txt
[0.963s] writing requirements to ../../build/pose_line/pose_line.egg-info/requires.txt
[0.963s] writing top-level names to ../../build/pose_line/pose_line.egg-info/top_level.txt
[0.964s] reading manifest file '../../build/pose_line/pose_line.egg-info/SOURCES.txt'
[0.965s] writing manifest file '../../build/pose_line/pose_line.egg-info/SOURCES.txt'
[0.965s] running build
[0.965s] running build_py
[0.965s] running install
[0.966s] running install_lib
[0.967s] running install_data
[0.967s] running install_egg_info
[0.969s] removing '/home/mahmmudqatmh/ros2_ws/install/pose_line/lib/python3.10/site-packages/pose_line-0.0.0-py3.10.egg-info' (and everything under it)
[0.969s] Copying ../../build/pose_line/pose_line.egg-info to /home/mahmmudqatmh/ros2_ws/install/pose_line/lib/python3.10/site-packages/pose_line-0.0.0-py3.10.egg-info
[0.970s] running install_scripts
[0.985s] Installing publisher_pose script to /home/mahmmudqatmh/ros2_ws/install/pose_line/lib/pose_line
[0.985s] Installing subscriber_pose script to /home/mahmmudqatmh/ros2_ws/install/pose_line/lib/pose_line
[0.985s] writing list of installed files to '/home/mahmmudqatmh/ros2_ws/build/pose_line/install.log'
[1.003s] Invoked command in '/home/mahmmudqatmh/ros2_ws/src/pose_line' returned '0': PYTHONPATH=/home/mahmmudqatmh/ros2_ws/build/pose_line/prefix_override:/usr/lib/python3/dist-packages/colcon_core/task/python/colcon_distutils_commands:/home/mahmmudqatmh/ros2_ws/install/pose_line/lib/python3.10/site-packages:${PYTHONPATH} /usr/bin/python3 -W ignore:setup.py install is deprecated -W ignore:easy_install command is deprecated setup.py egg_info --egg-base ../../build/pose_line build --build-base /home/mahmmudqatmh/ros2_ws/build/pose_line/build install --record /home/mahmmudqatmh/ros2_ws/build/pose_line/install.log --single-version-externally-managed install_data
