[0.068s] DEBUG:colcon:Command line arguments: ['/usr/bin/colcon', 'build']
[0.068s] DEBUG:colcon:Parsed command line arguments: Namespace(log_base=None, log_level=None, verb_name='build', build_base='build', install_base='install', merge_install=False, symlink_install=False, test_result_base=None, continue_on_error=False, executor='parallel', parallel_workers=24, event_handlers=None, ignore_user_meta=False, metas=['./colcon.meta'], base_paths=['.'], packages_ignore=None, packages_ignore_regex=None, paths=None, packages_up_to=None, packages_up_to_regex=None, packages_above=None, packages_above_and_dependencies=None, packages_above_depth=None, packages_select_by_dep=None, packages_skip_by_dep=None, packages_skip_up_to=None, packages_select_build_failed=False, packages_skip_build_finished=False, packages_select_test_failures=False, packages_skip_test_passed=False, packages_select=None, packages_skip=None, packages_select_regex=None, packages_skip_regex=None, packages_start=None, packages_end=None, allow_overriding=[], cmake_args=None, cmake_target=None, cmake_target_skip_unavailable=False, cmake_clean_cache=False, cmake_clean_first=False, cmake_force_configure=False, ament_cmake_args=None, catkin_cmake_args=None, catkin_skip_building_tests=False, mixin_files=None, mixin=None, verb_parser=<colcon_mixin.mixin.mixin_argument.MixinArgumentDecorator object at 0x74773f80f430>, verb_extension=<colcon_core.verb.build.BuildVerb object at 0x74773f99c250>, main=<bound method BuildVerb.main of <colcon_core.verb.build.BuildVerb object at 0x74773f99c250>>, mixin_verb=('build',))
[0.164s] Level 1:colcon.colcon_core.package_discovery:discover_packages(colcon_meta) check parameters
[0.164s] Level 1:colcon.colcon_core.package_discovery:discover_packages(recursive) check parameters
[0.164s] Level 1:colcon.colcon_core.package_discovery:discover_packages(ignore) check parameters
[0.164s] Level 1:colcon.colcon_core.package_discovery:discover_packages(path) check parameters
[0.164s] Level 1:colcon.colcon_core.package_discovery:discover_packages(colcon_meta) discover
[0.164s] Level 1:colcon.colcon_core.package_discovery:discover_packages(recursive) discover
[0.164s] INFO:colcon.colcon_core.package_discovery:Crawling recursively for packages in '/home/mahmmudqatmh/ros2_ws'
[0.164s] Level 1:colcon.colcon_core.package_identification:_identify(.) by extensions ['ignore', 'ignore_ament_install']
[0.164s] Level 1:colcon.colcon_core.package_identification:_identify(.) by extension 'ignore'
[0.164s] Level 1:colcon.colcon_core.package_identification:_identify(.) by extension 'ignore_ament_install'
[0.164s] Level 1:colcon.colcon_core.package_identification:_identify(.) by extensions ['colcon_pkg']
[0.164s] Level 1:colcon.colcon_core.package_identification:_identify(.) by extension 'colcon_pkg'
[0.164s] Level 1:colcon.colcon_core.package_identification:_identify(.) by extensions ['colcon_meta']
[0.164s] Level 1:colcon.colcon_core.package_identification:_identify(.) by extension 'colcon_meta'
[0.164s] Level 1:colcon.colcon_core.package_identification:_identify(.) by extensions ['ros']
[0.164s] Level 1:colcon.colcon_core.package_identification:_identify(.) by extension 'ros'
[0.171s] Level 1:colcon.colcon_core.package_identification:_identify(.) by extensions ['cmake', 'python']
[0.171s] Level 1:colcon.colcon_core.package_identification:_identify(.) by extension 'cmake'
[0.171s] Level 1:colcon.colcon_core.package_identification:_identify(.) by extension 'python'
[0.172s] Level 1:colcon.colcon_core.package_identification:_identify(.) by extensions ['python_setup_py']
[0.172s] Level 1:colcon.colcon_core.package_identification:_identify(.) by extension 'python_setup_py'
[0.172s] Level 1:colcon.colcon_core.package_identification:_identify(build) by extensions ['ignore', 'ignore_ament_install']
[0.172s] Level 1:colcon.colcon_core.package_identification:_identify(build) by extension 'ignore'
[0.172s] Level 1:colcon.colcon_core.package_identification:_identify(build) ignored
[0.172s] Level 1:colcon.colcon_core.package_identification:_identify(countdown_interfaces) by extensions ['ignore', 'ignore_ament_install']
[0.172s] Level 1:colcon.colcon_core.package_identification:_identify(countdown_interfaces) by extension 'ignore'
[0.172s] Level 1:colcon.colcon_core.package_identification:_identify(countdown_interfaces) by extension 'ignore_ament_install'
[0.172s] Level 1:colcon.colcon_core.package_identification:_identify(countdown_interfaces) by extensions ['colcon_pkg']
[0.172s] Level 1:colcon.colcon_core.package_identification:_identify(countdown_interfaces) by extension 'colcon_pkg'
[0.172s] Level 1:colcon.colcon_core.package_identification:_identify(countdown_interfaces) by extensions ['colcon_meta']
[0.172s] Level 1:colcon.colcon_core.package_identification:_identify(countdown_interfaces) by extension 'colcon_meta'
[0.172s] Level 1:colcon.colcon_core.package_identification:_identify(countdown_interfaces) by extensions ['ros']
[0.172s] Level 1:colcon.colcon_core.package_identification:_identify(countdown_interfaces) by extension 'ros'
[0.173s] DEBUG:colcon.colcon_core.package_identification:Package 'countdown_interfaces' with type 'ros.ament_cmake' and name 'countdown_interfaces'
[0.174s] Level 1:colcon.colcon_core.package_identification:_identify(install) by extensions ['ignore', 'ignore_ament_install']
[0.174s] Level 1:colcon.colcon_core.package_identification:_identify(install) by extension 'ignore'
[0.174s] Level 1:colcon.colcon_core.package_identification:_identify(install) ignored
[0.174s] Level 1:colcon.colcon_core.package_identification:_identify(log) by extensions ['ignore', 'ignore_ament_install']
[0.174s] Level 1:colcon.colcon_core.package_identification:_identify(log) by extension 'ignore'
[0.174s] Level 1:colcon.colcon_core.package_identification:_identify(log) ignored
[0.174s] Level 1:colcon.colcon_core.package_identification:_identify(src) by extensions ['ignore', 'ignore_ament_install']
[0.174s] Level 1:colcon.colcon_core.package_identification:_identify(src) by extension 'ignore'
[0.174s] Level 1:colcon.colcon_core.package_identification:_identify(src) by extension 'ignore_ament_install'
[0.174s] Level 1:colcon.colcon_core.package_identification:_identify(src) by extensions ['colcon_pkg']
[0.174s] Level 1:colcon.colcon_core.package_identification:_identify(src) by extension 'colcon_pkg'
[0.174s] Level 1:colcon.colcon_core.package_identification:_identify(src) by extensions ['colcon_meta']
[0.174s] Level 1:colcon.colcon_core.package_identification:_identify(src) by extension 'colcon_meta'
[0.174s] Level 1:colcon.colcon_core.package_identification:_identify(src) by extensions ['ros']
[0.174s] Level 1:colcon.colcon_core.package_identification:_identify(src) by extension 'ros'
[0.174s] Level 1:colcon.colcon_core.package_identification:_identify(src) by extensions ['cmake', 'python']
[0.174s] Level 1:colcon.colcon_core.package_identification:_identify(src) by extension 'cmake'
[0.174s] Level 1:colcon.colcon_core.package_identification:_identify(src) by extension 'python'
[0.174s] Level 1:colcon.colcon_core.package_identification:_identify(src) by extensions ['python_setup_py']
[0.174s] Level 1:colcon.colcon_core.package_identification:_identify(src) by extension 'python_setup_py'
[0.174s] Level 1:colcon.colcon_core.package_identification:_identify(src/countdown_nodes) by extensions ['ignore', 'ignore_ament_install']
[0.174s] Level 1:colcon.colcon_core.package_identification:_identify(src/countdown_nodes) by extension 'ignore'
[0.174s] Level 1:colcon.colcon_core.package_identification:_identify(src/countdown_nodes) by extension 'ignore_ament_install'
[0.174s] Level 1:colcon.colcon_core.package_identification:_identify(src/countdown_nodes) by extensions ['colcon_pkg']
[0.174s] Level 1:colcon.colcon_core.package_identification:_identify(src/countdown_nodes) by extension 'colcon_pkg'
[0.174s] Level 1:colcon.colcon_core.package_identification:_identify(src/countdown_nodes) by extensions ['colcon_meta']
[0.174s] Level 1:colcon.colcon_core.package_identification:_identify(src/countdown_nodes) by extension 'colcon_meta'
[0.174s] Level 1:colcon.colcon_core.package_identification:_identify(src/countdown_nodes) by extensions ['ros']
[0.175s] Level 1:colcon.colcon_core.package_identification:_identify(src/countdown_nodes) by extension 'ros'
[0.175s] DEBUG:colcon.colcon_core.package_identification:Package 'src/countdown_nodes' with type 'ros.ament_python' and name 'countdown_nodes'
[0.175s] Level 1:colcon.colcon_core.package_identification:_identify(src/custom_interface) by extensions ['ignore', 'ignore_ament_install']
[0.175s] Level 1:colcon.colcon_core.package_identification:_identify(src/custom_interface) by extension 'ignore'
[0.175s] Level 1:colcon.colcon_core.package_identification:_identify(src/custom_interface) by extension 'ignore_ament_install'
[0.175s] Level 1:colcon.colcon_core.package_identification:_identify(src/custom_interface) by extensions ['colcon_pkg']
[0.175s] Level 1:colcon.colcon_core.package_identification:_identify(src/custom_interface) by extension 'colcon_pkg'
[0.175s] Level 1:colcon.colcon_core.package_identification:_identify(src/custom_interface) by extensions ['colcon_meta']
[0.175s] Level 1:colcon.colcon_core.package_identification:_identify(src/custom_interface) by extension 'colcon_meta'
[0.175s] Level 1:colcon.colcon_core.package_identification:_identify(src/custom_interface) by extensions ['ros']
[0.175s] Level 1:colcon.colcon_core.package_identification:_identify(src/custom_interface) by extension 'ros'
[0.176s] DEBUG:colcon.colcon_core.package_identification:Package 'src/custom_interface' with type 'ros.ament_cmake' and name 'custom_interface'
[0.176s] Level 1:colcon.colcon_core.package_identification:_identify(src/distance_bringup) by extensions ['ignore', 'ignore_ament_install']
[0.176s] Level 1:colcon.colcon_core.package_identification:_identify(src/distance_bringup) by extension 'ignore'
[0.176s] Level 1:colcon.colcon_core.package_identification:_identify(src/distance_bringup) by extension 'ignore_ament_install'
[0.176s] Level 1:colcon.colcon_core.package_identification:_identify(src/distance_bringup) by extensions ['colcon_pkg']
[0.176s] Level 1:colcon.colcon_core.package_identification:_identify(src/distance_bringup) by extension 'colcon_pkg'
[0.176s] Level 1:colcon.colcon_core.package_identification:_identify(src/distance_bringup) by extensions ['colcon_meta']
[0.176s] Level 1:colcon.colcon_core.package_identification:_identify(src/distance_bringup) by extension 'colcon_meta'
[0.176s] Level 1:colcon.colcon_core.package_identification:_identify(src/distance_bringup) by extensions ['ros']
[0.176s] Level 1:colcon.colcon_core.package_identification:_identify(src/distance_bringup) by extension 'ros'
[0.176s] DEBUG:colcon.colcon_core.package_identification:Package 'src/distance_bringup' with type 'ros.ament_python' and name 'distance_bringup'
[0.176s] Level 1:colcon.colcon_core.package_identification:_identify(src/distance_service) by extensions ['ignore', 'ignore_ament_install']
[0.176s] Level 1:colcon.colcon_core.package_identification:_identify(src/distance_service) by extension 'ignore'
[0.176s] Level 1:colcon.colcon_core.package_identification:_identify(src/distance_service) by extension 'ignore_ament_install'
[0.176s] Level 1:colcon.colcon_core.package_identification:_identify(src/distance_service) by extensions ['colcon_pkg']
[0.177s] Level 1:colcon.colcon_core.package_identification:_identify(src/distance_service) by extension 'colcon_pkg'
[0.177s] Level 1:colcon.colcon_core.package_identification:_identify(src/distance_service) by extensions ['colcon_meta']
[0.177s] Level 1:colcon.colcon_core.package_identification:_identify(src/distance_service) by extension 'colcon_meta'
[0.177s] Level 1:colcon.colcon_core.package_identification:_identify(src/distance_service) by extensions ['ros']
[0.177s] Level 1:colcon.colcon_core.package_identification:_identify(src/distance_service) by extension 'ros'
[0.177s] DEBUG:colcon.colcon_core.package_identification:Package 'src/distance_service' with type 'ros.ament_python' and name 'distance_service'
[0.177s] Level 1:colcon.colcon_core.package_identification:_identify(src/log) by extensions ['ignore', 'ignore_ament_install']
[0.177s] Level 1:colcon.colcon_core.package_identification:_identify(src/log) by extension 'ignore'
[0.177s] Level 1:colcon.colcon_core.package_identification:_identify(src/log) ignored
[0.177s] Level 1:colcon.colcon_core.package_identification:_identify(src/person_msgs) by extensions ['ignore', 'ignore_ament_install']
[0.177s] Level 1:colcon.colcon_core.package_identification:_identify(src/person_msgs) by extension 'ignore'
[0.177s] Level 1:colcon.colcon_core.package_identification:_identify(src/person_msgs) by extension 'ignore_ament_install'
[0.177s] Level 1:colcon.colcon_core.package_identification:_identify(src/person_msgs) by extensions ['colcon_pkg']
[0.177s] Level 1:colcon.colcon_core.package_identification:_identify(src/person_msgs) by extension 'colcon_pkg'
[0.177s] Level 1:colcon.colcon_core.package_identification:_identify(src/person_msgs) by extensions ['colcon_meta']
[0.177s] Level 1:colcon.colcon_core.package_identification:_identify(src/person_msgs) by extension 'colcon_meta'
[0.177s] Level 1:colcon.colcon_core.package_identification:_identify(src/person_msgs) by extensions ['ros']
[0.177s] Level 1:colcon.colcon_core.package_identification:_identify(src/person_msgs) by extension 'ros'
[0.178s] DEBUG:colcon.colcon_core.package_identification:Package 'src/person_msgs' with type 'ros.ament_cmake' and name 'person_msgs'
[0.178s] Level 1:colcon.colcon_core.package_identification:_identify(src/person_node) by extensions ['ignore', 'ignore_ament_install']
[0.178s] Level 1:colcon.colcon_core.package_identification:_identify(src/person_node) by extension 'ignore'
[0.178s] Level 1:colcon.colcon_core.package_identification:_identify(src/person_node) by extension 'ignore_ament_install'
[0.178s] Level 1:colcon.colcon_core.package_identification:_identify(src/person_node) by extensions ['colcon_pkg']
[0.178s] Level 1:colcon.colcon_core.package_identification:_identify(src/person_node) by extension 'colcon_pkg'
[0.178s] Level 1:colcon.colcon_core.package_identification:_identify(src/person_node) by extensions ['colcon_meta']
[0.178s] Level 1:colcon.colcon_core.package_identification:_identify(src/person_node) by extension 'colcon_meta'
[0.178s] Level 1:colcon.colcon_core.package_identification:_identify(src/person_node) by extensions ['ros']
[0.178s] Level 1:colcon.colcon_core.package_identification:_identify(src/person_node) by extension 'ros'
[0.178s] DEBUG:colcon.colcon_core.package_identification:Package 'src/person_node' with type 'ros.ament_python' and name 'person_node'
[0.179s] Level 1:colcon.colcon_core.package_identification:_identify(src/pose_line) by extensions ['ignore', 'ignore_ament_install']
[0.179s] Level 1:colcon.colcon_core.package_identification:_identify(src/pose_line) by extension 'ignore'
[0.179s] Level 1:colcon.colcon_core.package_identification:_identify(src/pose_line) by extension 'ignore_ament_install'
[0.179s] Level 1:colcon.colcon_core.package_identification:_identify(src/pose_line) by extensions ['colcon_pkg']
[0.179s] Level 1:colcon.colcon_core.package_identification:_identify(src/pose_line) by extension 'colcon_pkg'
[0.179s] Level 1:colcon.colcon_core.package_identification:_identify(src/pose_line) by extensions ['colcon_meta']
[0.179s] Level 1:colcon.colcon_core.package_identification:_identify(src/pose_line) by extension 'colcon_meta'
[0.179s] Level 1:colcon.colcon_core.package_identification:_identify(src/pose_line) by extensions ['ros']
[0.179s] Level 1:colcon.colcon_core.package_identification:_identify(src/pose_line) by extension 'ros'
[0.179s] DEBUG:colcon.colcon_core.package_identification:Package 'src/pose_line' with type 'ros.ament_python' and name 'pose_line'
[0.179s] Level 1:colcon.colcon_core.package_discovery:discover_packages(recursive) using defaults
[0.179s] Level 1:colcon.colcon_core.package_discovery:discover_packages(ignore) discover
[0.179s] Level 1:colcon.colcon_core.package_discovery:discover_packages(ignore) using defaults
[0.179s] Level 1:colcon.colcon_core.package_discovery:discover_packages(path) discover
[0.179s] Level 1:colcon.colcon_core.package_discovery:discover_packages(path) using defaults
[0.200s] Level 1:colcon.colcon_core.package_discovery:discover_packages(prefix_path) check parameters
[0.200s] Level 1:colcon.colcon_core.package_discovery:discover_packages(prefix_path) discover
[0.201s] DEBUG:colcon.colcon_installed_package_information.package_discovery:Found 8 installed packages in /home/mahmmudqatmh/ros2_ws/install
[0.202s] DEBUG:colcon.colcon_installed_package_information.package_discovery:Found 295 installed packages in /opt/ros/humble
[0.203s] Level 1:colcon.colcon_core.package_discovery:discover_packages(prefix_path) using defaults
[0.226s] Level 5:colcon.colcon_core.verb:set package 'countdown_interfaces' build argument 'cmake_args' from command line to 'None'
[0.226s] Level 5:colcon.colcon_core.verb:set package 'countdown_interfaces' build argument 'cmake_target' from command line to 'None'
[0.226s] Level 5:colcon.colcon_core.verb:set package 'countdown_interfaces' build argument 'cmake_target_skip_unavailable' from command line to 'False'
[0.226s] Level 5:colcon.colcon_core.verb:set package 'countdown_interfaces' build argument 'cmake_clean_cache' from command line to 'False'
[0.226s] Level 5:colcon.colcon_core.verb:set package 'countdown_interfaces' build argument 'cmake_clean_first' from command line to 'False'
[0.226s] Level 5:colcon.colcon_core.verb:set package 'countdown_interfaces' build argument 'cmake_force_configure' from command line to 'False'
[0.226s] Level 5:colcon.colcon_core.verb:set package 'countdown_interfaces' build argument 'ament_cmake_args' from command line to 'None'
[0.226s] Level 5:colcon.colcon_core.verb:set package 'countdown_interfaces' build argument 'catkin_cmake_args' from command line to 'None'
[0.226s] Level 5:colcon.colcon_core.verb:set package 'countdown_interfaces' build argument 'catkin_skip_building_tests' from command line to 'False'
[0.226s] DEBUG:colcon.colcon_core.verb:Building package 'countdown_interfaces' with the following arguments: {'ament_cmake_args': None, 'build_base': '/home/mahmmudqatmh/ros2_ws/build/countdown_interfaces', 'catkin_cmake_args': None, 'catkin_skip_building_tests': False, 'cmake_args': None, 'cmake_clean_cache': False, 'cmake_clean_first': False, 'cmake_force_configure': False, 'cmake_target': None, 'cmake_target_skip_unavailable': False, 'install_base': '/home/mahmmudqatmh/ros2_ws/install/countdown_interfaces', 'merge_install': False, 'path': '/home/mahmmudqatmh/ros2_ws/countdown_interfaces', 'symlink_install': False, 'test_result_base': None}
[0.226s] Level 5:colcon.colcon_core.verb:set package 'custom_interface' build argument 'cmake_args' from command line to 'None'
[0.226s] Level 5:colcon.colcon_core.verb:set package 'custom_interface' build argument 'cmake_target' from command line to 'None'
[0.226s] Level 5:colcon.colcon_core.verb:set package 'custom_interface' build argument 'cmake_target_skip_unavailable' from command line to 'False'
[0.226s] Level 5:colcon.colcon_core.verb:set package 'custom_interface' build argument 'cmake_clean_cache' from command line to 'False'
[0.226s] Level 5:colcon.colcon_core.verb:set package 'custom_interface' build argument 'cmake_clean_first' from command line to 'False'
[0.226s] Level 5:colcon.colcon_core.verb:set package 'custom_interface' build argument 'cmake_force_configure' from command line to 'False'
[0.227s] Level 5:colcon.colcon_core.verb:set package 'custom_interface' build argument 'ament_cmake_args' from command line to 'None'
[0.227s] Level 5:colcon.colcon_core.verb:set package 'custom_interface' build argument 'catkin_cmake_args' from command line to 'None'
[0.227s] Level 5:colcon.colcon_core.verb:set package 'custom_interface' build argument 'catkin_skip_building_tests' from command line to 'False'
[0.227s] DEBUG:colcon.colcon_core.verb:Building package 'custom_interface' with the following arguments: {'ament_cmake_args': None, 'build_base': '/home/mahmmudqatmh/ros2_ws/build/custom_interface', 'catkin_cmake_args': None, 'catkin_skip_building_tests': False, 'cmake_args': None, 'cmake_clean_cache': False, 'cmake_clean_first': False, 'cmake_force_configure': False, 'cmake_target': None, 'cmake_target_skip_unavailable': False, 'install_base': '/home/mahmmudqatmh/ros2_ws/install/custom_interface', 'merge_install': False, 'path': '/home/mahmmudqatmh/ros2_ws/src/custom_interface', 'symlink_install': False, 'test_result_base': None}
[0.227s] Level 5:colcon.colcon_core.verb:set package 'distance_bringup' build argument 'cmake_args' from command line to 'None'
[0.227s] Level 5:colcon.colcon_core.verb:set package 'distance_bringup' build argument 'cmake_target' from command line to 'None'
[0.227s] Level 5:colcon.colcon_core.verb:set package 'distance_bringup' build argument 'cmake_target_skip_unavailable' from command line to 'False'
[0.227s] Level 5:colcon.colcon_core.verb:set package 'distance_bringup' build argument 'cmake_clean_cache' from command line to 'False'
[0.227s] Level 5:colcon.colcon_core.verb:set package 'distance_bringup' build argument 'cmake_clean_first' from command line to 'False'
[0.227s] Level 5:colcon.colcon_core.verb:set package 'distance_bringup' build argument 'cmake_force_configure' from command line to 'False'
[0.227s] Level 5:colcon.colcon_core.verb:set package 'distance_bringup' build argument 'ament_cmake_args' from command line to 'None'
[0.227s] Level 5:colcon.colcon_core.verb:set package 'distance_bringup' build argument 'catkin_cmake_args' from command line to 'None'
[0.227s] Level 5:colcon.colcon_core.verb:set package 'distance_bringup' build argument 'catkin_skip_building_tests' from command line to 'False'
[0.227s] DEBUG:colcon.colcon_core.verb:Building package 'distance_bringup' with the following arguments: {'ament_cmake_args': None, 'build_base': '/home/mahmmudqatmh/ros2_ws/build/distance_bringup', 'catkin_cmake_args': None, 'catkin_skip_building_tests': False, 'cmake_args': None, 'cmake_clean_cache': False, 'cmake_clean_first': False, 'cmake_force_configure': False, 'cmake_target': None, 'cmake_target_skip_unavailable': False, 'install_base': '/home/mahmmudqatmh/ros2_ws/install/distance_bringup', 'merge_install': False, 'path': '/home/mahmmudqatmh/ros2_ws/src/distance_bringup', 'symlink_install': False, 'test_result_base': None}
[0.227s] Level 5:colcon.colcon_core.verb:set package 'person_msgs' build argument 'cmake_args' from command line to 'None'
[0.227s] Level 5:colcon.colcon_core.verb:set package 'person_msgs' build argument 'cmake_target' from command line to 'None'
[0.227s] Level 5:colcon.colcon_core.verb:set package 'person_msgs' build argument 'cmake_target_skip_unavailable' from command line to 'False'
[0.227s] Level 5:colcon.colcon_core.verb:set package 'person_msgs' build argument 'cmake_clean_cache' from command line to 'False'
[0.227s] Level 5:colcon.colcon_core.verb:set package 'person_msgs' build argument 'cmake_clean_first' from command line to 'False'
[0.227s] Level 5:colcon.colcon_core.verb:set package 'person_msgs' build argument 'cmake_force_configure' from command line to 'False'
[0.227s] Level 5:colcon.colcon_core.verb:set package 'person_msgs' build argument 'ament_cmake_args' from command line to 'None'
[0.227s] Level 5:colcon.colcon_core.verb:set package 'person_msgs' build argument 'catkin_cmake_args' from command line to 'None'
[0.227s] Level 5:colcon.colcon_core.verb:set package 'person_msgs' build argument 'catkin_skip_building_tests' from command line to 'False'
[0.227s] DEBUG:colcon.colcon_core.verb:Building package 'person_msgs' with the following arguments: {'ament_cmake_args': None, 'build_base': '/home/mahmmudqatmh/ros2_ws/build/person_msgs', 'catkin_cmake_args': None, 'catkin_skip_building_tests': False, 'cmake_args': None, 'cmake_clean_cache': False, 'cmake_clean_first': False, 'cmake_force_configure': False, 'cmake_target': None, 'cmake_target_skip_unavailable': False, 'install_base': '/home/mahmmudqatmh/ros2_ws/install/person_msgs', 'merge_install': False, 'path': '/home/mahmmudqatmh/ros2_ws/src/person_msgs', 'symlink_install': False, 'test_result_base': None}
[0.227s] Level 5:colcon.colcon_core.verb:set package 'pose_line' build argument 'cmake_args' from command line to 'None'
[0.227s] Level 5:colcon.colcon_core.verb:set package 'pose_line' build argument 'cmake_target' from command line to 'None'
[0.227s] Level 5:colcon.colcon_core.verb:set package 'pose_line' build argument 'cmake_target_skip_unavailable' from command line to 'False'
[0.227s] Level 5:colcon.colcon_core.verb:set package 'pose_line' build argument 'cmake_clean_cache' from command line to 'False'
[0.227s] Level 5:colcon.colcon_core.verb:set package 'pose_line' build argument 'cmake_clean_first' from command line to 'False'
[0.227s] Level 5:colcon.colcon_core.verb:set package 'pose_line' build argument 'cmake_force_configure' from command line to 'False'
[0.227s] Level 5:colcon.colcon_core.verb:set package 'pose_line' build argument 'ament_cmake_args' from command line to 'None'
[0.227s] Level 5:colcon.colcon_core.verb:set package 'pose_line' build argument 'catkin_cmake_args' from command line to 'None'
[0.227s] Level 5:colcon.colcon_core.verb:set package 'pose_line' build argument 'catkin_skip_building_tests' from command line to 'False'
[0.227s] DEBUG:colcon.colcon_core.verb:Building package 'pose_line' with the following arguments: {'ament_cmake_args': None, 'build_base': '/home/mahmmudqatmh/ros2_ws/build/pose_line', 'catkin_cmake_args': None, 'catkin_skip_building_tests': False, 'cmake_args': None, 'cmake_clean_cache': False, 'cmake_clean_first': False, 'cmake_force_configure': False, 'cmake_target': None, 'cmake_target_skip_unavailable': False, 'install_base': '/home/mahmmudqatmh/ros2_ws/install/pose_line', 'merge_install': False, 'path': '/home/mahmmudqatmh/ros2_ws/src/pose_line', 'symlink_install': False, 'test_result_base': None}
[0.228s] Level 5:colcon.colcon_core.verb:set package 'countdown_nodes' build argument 'cmake_args' from command line to 'None'
[0.228s] Level 5:colcon.colcon_core.verb:set package 'countdown_nodes' build argument 'cmake_target' from command line to 'None'
[0.228s] Level 5:colcon.colcon_core.verb:set package 'countdown_nodes' build argument 'cmake_target_skip_unavailable' from command line to 'False'
[0.228s] Level 5:colcon.colcon_core.verb:set package 'countdown_nodes' build argument 'cmake_clean_cache' from command line to 'False'
[0.228s] Level 5:colcon.colcon_core.verb:set package 'countdown_nodes' build argument 'cmake_clean_first' from command line to 'False'
[0.228s] Level 5:colcon.colcon_core.verb:set package 'countdown_nodes' build argument 'cmake_force_configure' from command line to 'False'
[0.228s] Level 5:colcon.colcon_core.verb:set package 'countdown_nodes' build argument 'ament_cmake_args' from command line to 'None'
[0.228s] Level 5:colcon.colcon_core.verb:set package 'countdown_nodes' build argument 'catkin_cmake_args' from command line to 'None'
[0.228s] Level 5:colcon.colcon_core.verb:set package 'countdown_nodes' build argument 'catkin_skip_building_tests' from command line to 'False'
[0.228s] DEBUG:colcon.colcon_core.verb:Building package 'countdown_nodes' with the following arguments: {'ament_cmake_args': None, 'build_base': '/home/mahmmudqatmh/ros2_ws/build/countdown_nodes', 'catkin_cmake_args': None, 'catkin_skip_building_tests': False, 'cmake_args': None, 'cmake_clean_cache': False, 'cmake_clean_first': False, 'cmake_force_configure': False, 'cmake_target': None, 'cmake_target_skip_unavailable': False, 'install_base': '/home/mahmmudqatmh/ros2_ws/install/countdown_nodes', 'merge_install': False, 'path': '/home/mahmmudqatmh/ros2_ws/src/countdown_nodes', 'symlink_install': False, 'test_result_base': None}
[0.228s] Level 5:colcon.colcon_core.verb:set package 'distance_service' build argument 'cmake_args' from command line to 'None'
[0.228s] Level 5:colcon.colcon_core.verb:set package 'distance_service' build argument 'cmake_target' from command line to 'None'
[0.228s] Level 5:colcon.colcon_core.verb:set package 'distance_service' build argument 'cmake_target_skip_unavailable' from command line to 'False'
[0.228s] Level 5:colcon.colcon_core.verb:set package 'distance_service' build argument 'cmake_clean_cache' from command line to 'False'
[0.228s] Level 5:colcon.colcon_core.verb:set package 'distance_service' build argument 'cmake_clean_first' from command line to 'False'
[0.228s] Level 5:colcon.colcon_core.verb:set package 'distance_service' build argument 'cmake_force_configure' from command line to 'False'
[0.228s] Level 5:colcon.colcon_core.verb:set package 'distance_service' build argument 'ament_cmake_args' from command line to 'None'
[0.228s] Level 5:colcon.colcon_core.verb:set package 'distance_service' build argument 'catkin_cmake_args' from command line to 'None'
[0.228s] Level 5:colcon.colcon_core.verb:set package 'distance_service' build argument 'catkin_skip_building_tests' from command line to 'False'
[0.228s] DEBUG:colcon.colcon_core.verb:Building package 'distance_service' with the following arguments: {'ament_cmake_args': None, 'build_base': '/home/mahmmudqatmh/ros2_ws/build/distance_service', 'catkin_cmake_args': None, 'catkin_skip_building_tests': False, 'cmake_args': None, 'cmake_clean_cache': False, 'cmake_clean_first': False, 'cmake_force_configure': False, 'cmake_target': None, 'cmake_target_skip_unavailable': False, 'install_base': '/home/mahmmudqatmh/ros2_ws/install/distance_service', 'merge_install': False, 'path': '/home/mahmmudqatmh/ros2_ws/src/distance_service', 'symlink_install': False, 'test_result_base': None}
[0.228s] Level 5:colcon.colcon_core.verb:set package 'person_node' build argument 'cmake_args' from command line to 'None'
[0.228s] Level 5:colcon.colcon_core.verb:set package 'person_node' build argument 'cmake_target' from command line to 'None'
[0.228s] Level 5:colcon.colcon_core.verb:set package 'person_node' build argument 'cmake_target_skip_unavailable' from command line to 'False'
[0.228s] Level 5:colcon.colcon_core.verb:set package 'person_node' build argument 'cmake_clean_cache' from command line to 'False'
[0.228s] Level 5:colcon.colcon_core.verb:set package 'person_node' build argument 'cmake_clean_first' from command line to 'False'
[0.228s] Level 5:colcon.colcon_core.verb:set package 'person_node' build argument 'cmake_force_configure' from command line to 'False'
[0.228s] Level 5:colcon.colcon_core.verb:set package 'person_node' build argument 'ament_cmake_args' from command line to 'None'
[0.228s] Level 5:colcon.colcon_core.verb:set package 'person_node' build argument 'catkin_cmake_args' from command line to 'None'
[0.228s] Level 5:colcon.colcon_core.verb:set package 'person_node' build argument 'catkin_skip_building_tests' from command line to 'False'
[0.228s] DEBUG:colcon.colcon_core.verb:Building package 'person_node' with the following arguments: {'ament_cmake_args': None, 'build_base': '/home/mahmmudqatmh/ros2_ws/build/person_node', 'catkin_cmake_args': None, 'catkin_skip_building_tests': False, 'cmake_args': None, 'cmake_clean_cache': False, 'cmake_clean_first': False, 'cmake_force_configure': False, 'cmake_target': None, 'cmake_target_skip_unavailable': False, 'install_base': '/home/mahmmudqatmh/ros2_ws/install/person_node', 'merge_install': False, 'path': '/home/mahmmudqatmh/ros2_ws/src/person_node', 'symlink_install': False, 'test_result_base': None}
[0.228s] INFO:colcon.colcon_core.executor:Executing jobs using 'parallel' executor
[0.229s] DEBUG:colcon.colcon_parallel_executor.executor.parallel:run_until_complete
[0.229s] INFO:colcon.colcon_ros.task.ament_cmake.build:Building ROS package in '/home/mahmmudqatmh/ros2_ws/countdown_interfaces' with build type 'ament_cmake'
[0.229s] INFO:colcon.colcon_cmake.task.cmake.build:Building CMake package in '/home/mahmmudqatmh/ros2_ws/countdown_interfaces'
[0.231s] INFO:colcon.colcon_core.plugin_system:Skipping extension 'colcon_core.shell.bat': Not used on non-Windows systems
[0.231s] INFO:colcon.colcon_core.shell:Skip shell extension 'powershell' for command environment: Not usable outside of PowerShell
[0.231s] DEBUG:colcon.colcon_core.shell:Skip shell extension 'dsv' for command environment
[0.233s] INFO:colcon.colcon_ros.task.ament_cmake.build:Building ROS package in '/home/mahmmudqatmh/ros2_ws/src/custom_interface' with build type 'ament_cmake'
[0.233s] INFO:colcon.colcon_cmake.task.cmake.build:Building CMake package in '/home/mahmmudqatmh/ros2_ws/src/custom_interface'
[0.234s] INFO:colcon.colcon_core.shell:Skip shell extension 'powershell' for command environment: Not usable outside of PowerShell
[0.234s] DEBUG:colcon.colcon_core.shell:Skip shell extension 'dsv' for command environment
[0.236s] INFO:colcon.colcon_ros.task.ament_cmake.build:Building ROS package in '/home/mahmmudqatmh/ros2_ws/src/person_msgs' with build type 'ament_cmake'
[0.236s] INFO:colcon.colcon_cmake.task.cmake.build:Building CMake package in '/home/mahmmudqatmh/ros2_ws/src/person_msgs'
[0.236s] INFO:colcon.colcon_core.shell:Skip shell extension 'powershell' for command environment: Not usable outside of PowerShell
[0.236s] DEBUG:colcon.colcon_core.shell:Skip shell extension 'dsv' for command environment
[0.238s] INFO:colcon.colcon_ros.task.ament_python.build:Building ROS package in '/home/mahmmudqatmh/ros2_ws/src/distance_bringup' with build type 'ament_python'
[0.238s] Level 1:colcon.colcon_core.shell:create_environment_hook('distance_bringup', 'ament_prefix_path')
[0.238s] INFO:colcon.colcon_core.shell:Creating environment hook '/home/mahmmudqatmh/ros2_ws/install/distance_bringup/share/distance_bringup/hook/ament_prefix_path.ps1'
[0.239s] INFO:colcon.colcon_core.shell:Creating environment descriptor '/home/mahmmudqatmh/ros2_ws/install/distance_bringup/share/distance_bringup/hook/ament_prefix_path.dsv'
[0.239s] INFO:colcon.colcon_core.shell:Creating environment hook '/home/mahmmudqatmh/ros2_ws/install/distance_bringup/share/distance_bringup/hook/ament_prefix_path.sh'
[0.239s] INFO:colcon.colcon_core.shell:Skip shell extension 'powershell' for command environment: Not usable outside of PowerShell
[0.239s] DEBUG:colcon.colcon_core.shell:Skip shell extension 'dsv' for command environment
[0.241s] INFO:colcon.colcon_ros.task.ament_python.build:Building ROS package in '/home/mahmmudqatmh/ros2_ws/src/pose_line' with build type 'ament_python'
[0.241s] Level 1:colcon.colcon_core.shell:create_environment_hook('pose_line', 'ament_prefix_path')
[0.241s] INFO:colcon.colcon_core.shell:Creating environment hook '/home/mahmmudqatmh/ros2_ws/install/pose_line/share/pose_line/hook/ament_prefix_path.ps1'
[0.242s] INFO:colcon.colcon_core.shell:Creating environment descriptor '/home/mahmmudqatmh/ros2_ws/install/pose_line/share/pose_line/hook/ament_prefix_path.dsv'
[0.242s] INFO:colcon.colcon_core.shell:Creating environment hook '/home/mahmmudqatmh/ros2_ws/install/pose_line/share/pose_line/hook/ament_prefix_path.sh'
[0.242s] INFO:colcon.colcon_core.shell:Skip shell extension 'powershell' for command environment: Not usable outside of PowerShell
[0.242s] DEBUG:colcon.colcon_core.shell:Skip shell extension 'dsv' for command environment
[0.247s] DEBUG:colcon.colcon_core.event_handler.log_command:Invoking command in '/home/mahmmudqatmh/ros2_ws/build/countdown_interfaces': CMAKE_PREFIX_PATH=${CMAKE_PREFIX_PATH}:/home/mahmmudqatmh/ros2_ws/install/pose_line:/home/mahmmudqatmh/ros2_ws/install/person_node:/home/mahmmudqatmh/ros2_ws/install/distance_service:/home/mahmmudqatmh/ros2_ws/install/distance_bringup:/home/mahmmudqatmh/ros2_ws/install/countdown_nodes:/opt/ros/humble /usr/bin/cmake --build /home/mahmmudqatmh/ros2_ws/build/countdown_interfaces -- -j24 -l24
[0.250s] DEBUG:colcon.colcon_core.event_handler.log_command:Invoking command in '/home/mahmmudqatmh/ros2_ws/build/custom_interface': CMAKE_PREFIX_PATH=${CMAKE_PREFIX_PATH}:/home/mahmmudqatmh/ros2_ws/install/pose_line:/home/mahmmudqatmh/ros2_ws/install/person_node:/home/mahmmudqatmh/ros2_ws/install/distance_service:/home/mahmmudqatmh/ros2_ws/install/distance_bringup:/home/mahmmudqatmh/ros2_ws/install/countdown_nodes:/opt/ros/humble /usr/bin/cmake --build /home/mahmmudqatmh/ros2_ws/build/custom_interface -- -j24 -l24
[0.251s] DEBUG:colcon.colcon_core.event_handler.log_command:Invoking command in '/home/mahmmudqatmh/ros2_ws/build/person_msgs': CMAKE_PREFIX_PATH=${CMAKE_PREFIX_PATH}:/home/mahmmudqatmh/ros2_ws/install/pose_line:/home/mahmmudqatmh/ros2_ws/install/person_node:/home/mahmmudqatmh/ros2_ws/install/distance_service:/home/mahmmudqatmh/ros2_ws/install/distance_bringup:/home/mahmmudqatmh/ros2_ws/install/countdown_nodes:/opt/ros/humble /usr/bin/cmake --build /home/mahmmudqatmh/ros2_ws/build/person_msgs -- -j24 -l24
[0.421s] INFO:colcon.colcon_core.task.python.build:Building Python package in '/home/mahmmudqatmh/ros2_ws/src/distance_bringup'
[0.421s] INFO:colcon.colcon_core.shell:Skip shell extension 'powershell' for command environment: Not usable outside of PowerShell
[0.421s] DEBUG:colcon.colcon_core.shell:Skip shell extension 'dsv' for command environment
[0.584s] INFO:colcon.colcon_core.task.python.build:Building Python package in '/home/mahmmudqatmh/ros2_ws/src/pose_line'
[0.584s] INFO:colcon.colcon_core.shell:Skip shell extension 'powershell' for command environment: Not usable outside of PowerShell
[0.584s] DEBUG:colcon.colcon_core.shell:Skip shell extension 'dsv' for command environment
[0.589s] DEBUG:colcon.colcon_core.event_handler.log_command:Invoked command in '/home/mahmmudqatmh/ros2_ws/build/person_msgs' returned '0': CMAKE_PREFIX_PATH=${CMAKE_PREFIX_PATH}:/home/mahmmudqatmh/ros2_ws/install/pose_line:/home/mahmmudqatmh/ros2_ws/install/person_node:/home/mahmmudqatmh/ros2_ws/install/distance_service:/home/mahmmudqatmh/ros2_ws/install/distance_bringup:/home/mahmmudqatmh/ros2_ws/install/countdown_nodes:/opt/ros/humble /usr/bin/cmake --build /home/mahmmudqatmh/ros2_ws/build/person_msgs -- -j24 -l24
[0.596s] DEBUG:colcon.colcon_core.event_handler.log_command:Invoking command in '/home/mahmmudqatmh/ros2_ws/build/person_msgs': CMAKE_PREFIX_PATH=${CMAKE_PREFIX_PATH}:/home/mahmmudqatmh/ros2_ws/install/pose_line:/home/mahmmudqatmh/ros2_ws/install/person_node:/home/mahmmudqatmh/ros2_ws/install/distance_service:/home/mahmmudqatmh/ros2_ws/install/distance_bringup:/home/mahmmudqatmh/ros2_ws/install/countdown_nodes:/opt/ros/humble /usr/bin/cmake --install /home/mahmmudqatmh/ros2_ws/build/person_msgs
[0.598s] DEBUG:colcon.colcon_core.event_handler.log_command:Invoked command in '/home/mahmmudqatmh/ros2_ws/build/countdown_interfaces' returned '0': CMAKE_PREFIX_PATH=${CMAKE_PREFIX_PATH}:/home/mahmmudqatmh/ros2_ws/install/pose_line:/home/mahmmudqatmh/ros2_ws/install/person_node:/home/mahmmudqatmh/ros2_ws/install/distance_service:/home/mahmmudqatmh/ros2_ws/install/distance_bringup:/home/mahmmudqatmh/ros2_ws/install/countdown_nodes:/opt/ros/humble /usr/bin/cmake --build /home/mahmmudqatmh/ros2_ws/build/countdown_interfaces -- -j24 -l24
[0.600s] DEBUG:colcon.colcon_core.event_handler.log_command:Invoking command in '/home/mahmmudqatmh/ros2_ws/build/countdown_interfaces': CMAKE_PREFIX_PATH=${CMAKE_PREFIX_PATH}:/home/mahmmudqatmh/ros2_ws/install/pose_line:/home/mahmmudqatmh/ros2_ws/install/person_node:/home/mahmmudqatmh/ros2_ws/install/distance_service:/home/mahmmudqatmh/ros2_ws/install/distance_bringup:/home/mahmmudqatmh/ros2_ws/install/countdown_nodes:/opt/ros/humble /usr/bin/cmake --install /home/mahmmudqatmh/ros2_ws/build/countdown_interfaces
[0.642s] Level 1:colcon.colcon_core.environment:create_environment_scripts_only(person_msgs)
[0.644s] DEBUG:colcon.colcon_core.event_handler.log_command:Invoked command in '/home/mahmmudqatmh/ros2_ws/build/person_msgs' returned '0': CMAKE_PREFIX_PATH=${CMAKE_PREFIX_PATH}:/home/mahmmudqatmh/ros2_ws/install/pose_line:/home/mahmmudqatmh/ros2_ws/install/person_node:/home/mahmmudqatmh/ros2_ws/install/distance_service:/home/mahmmudqatmh/ros2_ws/install/distance_bringup:/home/mahmmudqatmh/ros2_ws/install/countdown_nodes:/opt/ros/humble /usr/bin/cmake --install /home/mahmmudqatmh/ros2_ws/build/person_msgs
[0.646s] Level 1:colcon.colcon_core.environment:checking '/home/mahmmudqatmh/ros2_ws/install/person_msgs' for CMake module files
[0.647s] Level 1:colcon.colcon_core.environment:checking '/home/mahmmudqatmh/ros2_ws/install/person_msgs' for CMake config files
[0.648s] Level 1:colcon.colcon_core.shell:create_environment_hook('person_msgs', 'cmake_prefix_path')
[0.648s] INFO:colcon.colcon_core.shell:Creating environment hook '/home/mahmmudqatmh/ros2_ws/install/person_msgs/share/person_msgs/hook/cmake_prefix_path.ps1'
[0.648s] INFO:colcon.colcon_core.shell:Creating environment descriptor '/home/mahmmudqatmh/ros2_ws/install/person_msgs/share/person_msgs/hook/cmake_prefix_path.dsv'
[0.648s] INFO:colcon.colcon_core.shell:Creating environment hook '/home/mahmmudqatmh/ros2_ws/install/person_msgs/share/person_msgs/hook/cmake_prefix_path.sh'
[0.649s] Level 1:colcon.colcon_core.environment:checking '/home/mahmmudqatmh/ros2_ws/install/person_msgs/lib'
[0.649s] Level 1:colcon.colcon_core.shell:create_environment_hook('person_msgs', 'ld_library_path_lib')
[0.649s] INFO:colcon.colcon_core.shell:Creating environment hook '/home/mahmmudqatmh/ros2_ws/install/person_msgs/share/person_msgs/hook/ld_library_path_lib.ps1'
[0.649s] INFO:colcon.colcon_core.shell:Creating environment descriptor '/home/mahmmudqatmh/ros2_ws/install/person_msgs/share/person_msgs/hook/ld_library_path_lib.dsv'
[0.650s] INFO:colcon.colcon_core.shell:Creating environment hook '/home/mahmmudqatmh/ros2_ws/install/person_msgs/share/person_msgs/hook/ld_library_path_lib.sh'
[0.650s] Level 1:colcon.colcon_core.environment:checking '/home/mahmmudqatmh/ros2_ws/install/person_msgs/bin'
[0.650s] Level 1:colcon.colcon_core.environment:checking '/home/mahmmudqatmh/ros2_ws/install/person_msgs/lib/pkgconfig/person_msgs.pc'
[0.650s] Level 1:colcon.colcon_core.environment:checking '/home/mahmmudqatmh/ros2_ws/install/person_msgs/lib/python3.10/site-packages'
[0.650s] Level 1:colcon.colcon_core.environment:checking '/home/mahmmudqatmh/ros2_ws/install/person_msgs/bin'
[0.650s] INFO:colcon.colcon_core.shell:Creating package script '/home/mahmmudqatmh/ros2_ws/install/person_msgs/share/person_msgs/package.ps1'
[0.651s] INFO:colcon.colcon_core.shell:Creating package descriptor '/home/mahmmudqatmh/ros2_ws/install/person_msgs/share/person_msgs/package.dsv'
[0.651s] INFO:colcon.colcon_core.shell:Creating package script '/home/mahmmudqatmh/ros2_ws/install/person_msgs/share/person_msgs/package.sh'
[0.652s] INFO:colcon.colcon_core.shell:Creating package script '/home/mahmmudqatmh/ros2_ws/install/person_msgs/share/person_msgs/package.bash'
[0.652s] INFO:colcon.colcon_core.shell:Creating package script '/home/mahmmudqatmh/ros2_ws/install/person_msgs/share/person_msgs/package.zsh'
[0.653s] Level 1:colcon.colcon_core.environment:create_file_with_runtime_dependencies(/home/mahmmudqatmh/ros2_ws/install/person_msgs/share/colcon-core/packages/person_msgs)
[0.653s] Level 1:colcon.colcon_core.environment:create_environment_scripts_only(person_msgs)
[0.653s] Level 1:colcon.colcon_core.environment:checking '/home/mahmmudqatmh/ros2_ws/install/person_msgs' for CMake module files
[0.654s] Level 1:colcon.colcon_core.environment:checking '/home/mahmmudqatmh/ros2_ws/install/person_msgs' for CMake config files
[0.654s] Level 1:colcon.colcon_core.shell:create_environment_hook('person_msgs', 'cmake_prefix_path')
[0.654s] INFO:colcon.colcon_core.shell:Creating environment hook '/home/mahmmudqatmh/ros2_ws/install/person_msgs/share/person_msgs/hook/cmake_prefix_path.ps1'
[0.655s] INFO:colcon.colcon_core.shell:Creating environment descriptor '/home/mahmmudqatmh/ros2_ws/install/person_msgs/share/person_msgs/hook/cmake_prefix_path.dsv'
[0.655s] INFO:colcon.colcon_core.shell:Creating environment hook '/home/mahmmudqatmh/ros2_ws/install/person_msgs/share/person_msgs/hook/cmake_prefix_path.sh'
[0.655s] Level 1:colcon.colcon_core.environment:checking '/home/mahmmudqatmh/ros2_ws/install/person_msgs/lib'
[0.655s] Level 1:colcon.colcon_core.shell:create_environment_hook('person_msgs', 'ld_library_path_lib')
[0.655s] INFO:colcon.colcon_core.shell:Creating environment hook '/home/mahmmudqatmh/ros2_ws/install/person_msgs/share/person_msgs/hook/ld_library_path_lib.ps1'
[0.655s] INFO:colcon.colcon_core.shell:Creating environment descriptor '/home/mahmmudqatmh/ros2_ws/install/person_msgs/share/person_msgs/hook/ld_library_path_lib.dsv'
[0.656s] INFO:colcon.colcon_core.shell:Creating environment hook '/home/mahmmudqatmh/ros2_ws/install/person_msgs/share/person_msgs/hook/ld_library_path_lib.sh'
[0.656s] Level 1:colcon.colcon_core.environment:checking '/home/mahmmudqatmh/ros2_ws/install/person_msgs/bin'
[0.656s] Level 1:colcon.colcon_core.environment:checking '/home/mahmmudqatmh/ros2_ws/install/person_msgs/lib/pkgconfig/person_msgs.pc'
[0.656s] Level 1:colcon.colcon_core.environment:checking '/home/mahmmudqatmh/ros2_ws/install/person_msgs/lib/python3.10/site-packages'
[0.656s] Level 1:colcon.colcon_core.environment:checking '/home/mahmmudqatmh/ros2_ws/install/person_msgs/bin'
[0.656s] INFO:colcon.colcon_core.shell:Creating package script '/home/mahmmudqatmh/ros2_ws/install/person_msgs/share/person_msgs/package.ps1'
[0.657s] INFO:colcon.colcon_core.shell:Creating package descriptor '/home/mahmmudqatmh/ros2_ws/install/person_msgs/share/person_msgs/package.dsv'
[0.657s] INFO:colcon.colcon_core.shell:Creating package script '/home/mahmmudqatmh/ros2_ws/install/person_msgs/share/person_msgs/package.sh'
[0.657s] INFO:colcon.colcon_core.shell:Creating package script '/home/mahmmudqatmh/ros2_ws/install/person_msgs/share/person_msgs/package.bash'
[0.658s] INFO:colcon.colcon_core.shell:Creating package script '/home/mahmmudqatmh/ros2_ws/install/person_msgs/share/person_msgs/package.zsh'
[0.658s] Level 1:colcon.colcon_core.environment:create_file_with_runtime_dependencies(/home/mahmmudqatmh/ros2_ws/install/person_msgs/share/colcon-core/packages/person_msgs)
[0.658s] Level 1:colcon.colcon_core.environment:create_environment_scripts_only(countdown_interfaces)
[0.658s] Level 1:colcon.colcon_core.environment:checking '/home/mahmmudqatmh/ros2_ws/install/countdown_interfaces' for CMake module files
[0.659s] Level 1:colcon.colcon_core.environment:checking '/home/mahmmudqatmh/ros2_ws/install/countdown_interfaces' for CMake config files
[0.659s] DEBUG:colcon.colcon_core.event_handler.log_command:Invoked command in '/home/mahmmudqatmh/ros2_ws/build/countdown_interfaces' returned '0': CMAKE_PREFIX_PATH=${CMAKE_PREFIX_PATH}:/home/mahmmudqatmh/ros2_ws/install/pose_line:/home/mahmmudqatmh/ros2_ws/install/person_node:/home/mahmmudqatmh/ros2_ws/install/distance_service:/home/mahmmudqatmh/ros2_ws/install/distance_bringup:/home/mahmmudqatmh/ros2_ws/install/countdown_nodes:/opt/ros/humble /usr/bin/cmake --install /home/mahmmudqatmh/ros2_ws/build/countdown_interfaces
[0.660s] Level 1:colcon.colcon_core.shell:create_environment_hook('countdown_interfaces', 'cmake_prefix_path')
[0.660s] INFO:colcon.colcon_core.shell:Creating environment hook '/home/mahmmudqatmh/ros2_ws/install/countdown_interfaces/share/countdown_interfaces/hook/cmake_prefix_path.ps1'
[0.660s] INFO:colcon.colcon_core.shell:Creating environment descriptor '/home/mahmmudqatmh/ros2_ws/install/countdown_interfaces/share/countdown_interfaces/hook/cmake_prefix_path.dsv'
[0.660s] INFO:colcon.colcon_core.shell:Creating environment hook '/home/mahmmudqatmh/ros2_ws/install/countdown_interfaces/share/countdown_interfaces/hook/cmake_prefix_path.sh'
[0.661s] Level 1:colcon.colcon_core.environment:checking '/home/mahmmudqatmh/ros2_ws/install/countdown_interfaces/lib'
[0.661s] Level 1:colcon.colcon_core.shell:create_environment_hook('countdown_interfaces', 'ld_library_path_lib')
[0.661s] INFO:colcon.colcon_core.shell:Creating environment hook '/home/mahmmudqatmh/ros2_ws/install/countdown_interfaces/share/countdown_interfaces/hook/ld_library_path_lib.ps1'
[0.661s] INFO:colcon.colcon_core.shell:Creating environment descriptor '/home/mahmmudqatmh/ros2_ws/install/countdown_interfaces/share/countdown_interfaces/hook/ld_library_path_lib.dsv'
[0.661s] INFO:colcon.colcon_core.shell:Creating environment hook '/home/mahmmudqatmh/ros2_ws/install/countdown_interfaces/share/countdown_interfaces/hook/ld_library_path_lib.sh'
[0.662s] Level 1:colcon.colcon_core.environment:checking '/home/mahmmudqatmh/ros2_ws/install/countdown_interfaces/bin'
[0.662s] Level 1:colcon.colcon_core.environment:checking '/home/mahmmudqatmh/ros2_ws/install/countdown_interfaces/lib/pkgconfig/countdown_interfaces.pc'
[0.662s] Level 1:colcon.colcon_core.environment:checking '/home/mahmmudqatmh/ros2_ws/install/countdown_interfaces/lib/python3.10/site-packages'
[0.662s] Level 1:colcon.colcon_core.environment:checking '/home/mahmmudqatmh/ros2_ws/install/countdown_interfaces/bin'
[0.662s] INFO:colcon.colcon_core.shell:Creating package script '/home/mahmmudqatmh/ros2_ws/install/countdown_interfaces/share/countdown_interfaces/package.ps1'
[0.662s] INFO:colcon.colcon_core.shell:Creating package descriptor '/home/mahmmudqatmh/ros2_ws/install/countdown_interfaces/share/countdown_interfaces/package.dsv'
[0.663s] INFO:colcon.colcon_core.shell:Creating package script '/home/mahmmudqatmh/ros2_ws/install/countdown_interfaces/share/countdown_interfaces/package.sh'
[0.663s] INFO:colcon.colcon_core.shell:Creating package script '/home/mahmmudqatmh/ros2_ws/install/countdown_interfaces/share/countdown_interfaces/package.bash'
[0.663s] INFO:colcon.colcon_core.shell:Creating package script '/home/mahmmudqatmh/ros2_ws/install/countdown_interfaces/share/countdown_interfaces/package.zsh'
[0.663s] Level 1:colcon.colcon_core.environment:create_file_with_runtime_dependencies(/home/mahmmudqatmh/ros2_ws/install/countdown_interfaces/share/colcon-core/packages/countdown_interfaces)
[0.664s] Level 1:colcon.colcon_core.environment:create_environment_scripts_only(countdown_interfaces)
[0.664s] Level 1:colcon.colcon_core.environment:checking '/home/mahmmudqatmh/ros2_ws/install/countdown_interfaces' for CMake module files
[0.664s] Level 1:colcon.colcon_core.environment:checking '/home/mahmmudqatmh/ros2_ws/install/countdown_interfaces' for CMake config files
[0.664s] Level 1:colcon.colcon_core.shell:create_environment_hook('countdown_interfaces', 'cmake_prefix_path')
[0.664s] INFO:colcon.colcon_core.shell:Creating environment hook '/home/mahmmudqatmh/ros2_ws/install/countdown_interfaces/share/countdown_interfaces/hook/cmake_prefix_path.ps1'
[0.665s] INFO:colcon.colcon_core.shell:Creating environment descriptor '/home/mahmmudqatmh/ros2_ws/install/countdown_interfaces/share/countdown_interfaces/hook/cmake_prefix_path.dsv'
[0.665s] INFO:colcon.colcon_core.shell:Creating environment hook '/home/mahmmudqatmh/ros2_ws/install/countdown_interfaces/share/countdown_interfaces/hook/cmake_prefix_path.sh'
[0.665s] Level 1:colcon.colcon_core.environment:checking '/home/mahmmudqatmh/ros2_ws/install/countdown_interfaces/lib'
[0.665s] Level 1:colcon.colcon_core.shell:create_environment_hook('countdown_interfaces', 'ld_library_path_lib')
[0.665s] INFO:colcon.colcon_core.shell:Creating environment hook '/home/mahmmudqatmh/ros2_ws/install/countdown_interfaces/share/countdown_interfaces/hook/ld_library_path_lib.ps1'
[0.666s] INFO:colcon.colcon_core.shell:Creating environment descriptor '/home/mahmmudqatmh/ros2_ws/install/countdown_interfaces/share/countdown_interfaces/hook/ld_library_path_lib.dsv'
[0.666s] INFO:colcon.colcon_core.shell:Creating environment hook '/home/mahmmudqatmh/ros2_ws/install/countdown_interfaces/share/countdown_interfaces/hook/ld_library_path_lib.sh'
[0.666s] Level 1:colcon.colcon_core.environment:checking '/home/mahmmudqatmh/ros2_ws/install/countdown_interfaces/bin'
[0.666s] Level 1:colcon.colcon_core.environment:checking '/home/mahmmudqatmh/ros2_ws/install/countdown_interfaces/lib/pkgconfig/countdown_interfaces.pc'
[0.666s] Level 1:colcon.colcon_core.environment:checking '/home/mahmmudqatmh/ros2_ws/install/countdown_interfaces/lib/python3.10/site-packages'
[0.666s] Level 1:colcon.colcon_core.environment:checking '/home/mahmmudqatmh/ros2_ws/install/countdown_interfaces/bin'
[0.666s] INFO:colcon.colcon_core.shell:Creating package script '/home/mahmmudqatmh/ros2_ws/install/countdown_interfaces/share/countdown_interfaces/package.ps1'
[0.667s] INFO:colcon.colcon_core.shell:Creating package descriptor '/home/mahmmudqatmh/ros2_ws/install/countdown_interfaces/share/countdown_interfaces/package.dsv'
[0.667s] INFO:colcon.colcon_core.shell:Creating package script '/home/mahmmudqatmh/ros2_ws/install/countdown_interfaces/share/countdown_interfaces/package.sh'
[0.667s] INFO:colcon.colcon_core.shell:Creating package script '/home/mahmmudqatmh/ros2_ws/install/countdown_interfaces/share/countdown_interfaces/package.bash'
[0.667s] INFO:colcon.colcon_core.shell:Creating package script '/home/mahmmudqatmh/ros2_ws/install/countdown_interfaces/share/countdown_interfaces/package.zsh'
[0.668s] Level 1:colcon.colcon_core.environment:create_file_with_runtime_dependencies(/home/mahmmudqatmh/ros2_ws/install/countdown_interfaces/share/colcon-core/packages/countdown_interfaces)
[0.668s] INFO:colcon.colcon_ros.task.ament_python.build:Building ROS package in '/home/mahmmudqatmh/ros2_ws/src/countdown_nodes' with build type 'ament_python'
[0.668s] Level 1:colcon.colcon_core.shell:create_environment_hook('countdown_nodes', 'ament_prefix_path')
[0.668s] INFO:colcon.colcon_core.shell:Creating environment hook '/home/mahmmudqatmh/ros2_ws/install/countdown_nodes/share/countdown_nodes/hook/ament_prefix_path.ps1'
[0.668s] INFO:colcon.colcon_core.shell:Creating environment descriptor '/home/mahmmudqatmh/ros2_ws/install/countdown_nodes/share/countdown_nodes/hook/ament_prefix_path.dsv'
[0.669s] INFO:colcon.colcon_core.shell:Creating environment hook '/home/mahmmudqatmh/ros2_ws/install/countdown_nodes/share/countdown_nodes/hook/ament_prefix_path.sh'
[0.669s] INFO:colcon.colcon_core.shell:Skip shell extension 'powershell' for command environment: Not usable outside of PowerShell
[0.669s] DEBUG:colcon.colcon_core.shell:Skip shell extension 'dsv' for command environment
[0.672s] INFO:colcon.colcon_ros.task.ament_python.build:Building ROS package in '/home/mahmmudqatmh/ros2_ws/src/person_node' with build type 'ament_python'
[0.672s] Level 1:colcon.colcon_core.shell:create_environment_hook('person_node', 'ament_prefix_path')
[0.672s] INFO:colcon.colcon_core.shell:Creating environment hook '/home/mahmmudqatmh/ros2_ws/install/person_node/share/person_node/hook/ament_prefix_path.ps1'
[0.672s] INFO:colcon.colcon_core.shell:Creating environment descriptor '/home/mahmmudqatmh/ros2_ws/install/person_node/share/person_node/hook/ament_prefix_path.dsv'
[0.672s] INFO:colcon.colcon_core.shell:Creating environment hook '/home/mahmmudqatmh/ros2_ws/install/person_node/share/person_node/hook/ament_prefix_path.sh'
[0.673s] INFO:colcon.colcon_core.shell:Skip shell extension 'powershell' for command environment: Not usable outside of PowerShell
[0.673s] DEBUG:colcon.colcon_core.shell:Skip shell extension 'dsv' for command environment
[0.832s] INFO:colcon.colcon_core.task.python.build:Building Python package in '/home/mahmmudqatmh/ros2_ws/src/countdown_nodes'
[0.832s] INFO:colcon.colcon_core.shell:Skip shell extension 'powershell' for command environment: Not usable outside of PowerShell
[0.832s] DEBUG:colcon.colcon_core.shell:Skip shell extension 'dsv' for command environment
[0.993s] INFO:colcon.colcon_core.task.python.build:Building Python package in '/home/mahmmudqatmh/ros2_ws/src/person_node'
[0.993s] INFO:colcon.colcon_core.shell:Skip shell extension 'powershell' for command environment: Not usable outside of PowerShell
[0.993s] DEBUG:colcon.colcon_core.shell:Skip shell extension 'dsv' for command environment
[0.999s] DEBUG:colcon.colcon_core.event_handler.log_command:Invoking command in '/home/mahmmudqatmh/ros2_ws/src/distance_bringup': PYTHONPATH=/home/mahmmudqatmh/ros2_ws/build/distance_bringup/prefix_override:/usr/lib/python3/dist-packages/colcon_core/task/python/colcon_distutils_commands:/home/mahmmudqatmh/ros2_ws/install/distance_bringup/lib/python3.10/site-packages:${PYTHONPATH} /usr/bin/python3 -W ignore:setup.py install is deprecated -W ignore:easy_install command is deprecated setup.py egg_info --egg-base ../../build/distance_bringup build --build-base /home/mahmmudqatmh/ros2_ws/build/distance_bringup/build install --record /home/mahmmudqatmh/ros2_ws/build/distance_bringup/install.log --single-version-externally-managed install_data
[1.001s] DEBUG:colcon.colcon_core.event_handler.log_command:Invoking command in '/home/mahmmudqatmh/ros2_ws/src/pose_line': PYTHONPATH=/home/mahmmudqatmh/ros2_ws/build/pose_line/prefix_override:/usr/lib/python3/dist-packages/colcon_core/task/python/colcon_distutils_commands:/home/mahmmudqatmh/ros2_ws/install/pose_line/lib/python3.10/site-packages:${PYTHONPATH} /usr/bin/python3 -W ignore:setup.py install is deprecated -W ignore:easy_install command is deprecated setup.py egg_info --egg-base ../../build/pose_line build --build-base /home/mahmmudqatmh/ros2_ws/build/pose_line/build install --record /home/mahmmudqatmh/ros2_ws/build/pose_line/install.log --single-version-externally-managed install_data
[1.201s] Level 1:colcon.colcon_core.environment:checking '/home/mahmmudqatmh/ros2_ws/install/distance_bringup' for CMake module files
[1.202s] DEBUG:colcon.colcon_core.event_handler.log_command:Invoked command in '/home/mahmmudqatmh/ros2_ws/src/distance_bringup' returned '0': PYTHONPATH=/home/mahmmudqatmh/ros2_ws/build/distance_bringup/prefix_override:/usr/lib/python3/dist-packages/colcon_core/task/python/colcon_distutils_commands:/home/mahmmudqatmh/ros2_ws/install/distance_bringup/lib/python3.10/site-packages:${PYTHONPATH} /usr/bin/python3 -W ignore:setup.py install is deprecated -W ignore:easy_install command is deprecated setup.py egg_info --egg-base ../../build/distance_bringup build --build-base /home/mahmmudqatmh/ros2_ws/build/distance_bringup/build install --record /home/mahmmudqatmh/ros2_ws/build/distance_bringup/install.log --single-version-externally-managed install_data
[1.202s] Level 1:colcon.colcon_core.environment:checking '/home/mahmmudqatmh/ros2_ws/install/distance_bringup' for CMake config files
[1.203s] Level 1:colcon.colcon_core.environment:checking '/home/mahmmudqatmh/ros2_ws/install/distance_bringup/lib'
[1.203s] Level 1:colcon.colcon_core.environment:checking '/home/mahmmudqatmh/ros2_ws/install/distance_bringup/bin'
[1.203s] Level 1:colcon.colcon_core.environment:checking '/home/mahmmudqatmh/ros2_ws/install/distance_bringup/lib/pkgconfig/distance_bringup.pc'
[1.203s] Level 1:colcon.colcon_core.environment:checking '/home/mahmmudqatmh/ros2_ws/install/distance_bringup/lib/python3.10/site-packages'
[1.203s] Level 1:colcon.colcon_core.shell:create_environment_hook('distance_bringup', 'pythonpath')
[1.203s] INFO:colcon.colcon_core.shell:Creating environment hook '/home/mahmmudqatmh/ros2_ws/install/distance_bringup/share/distance_bringup/hook/pythonpath.ps1'
[1.204s] INFO:colcon.colcon_core.shell:Creating environment descriptor '/home/mahmmudqatmh/ros2_ws/install/distance_bringup/share/distance_bringup/hook/pythonpath.dsv'
[1.204s] INFO:colcon.colcon_core.shell:Creating environment hook '/home/mahmmudqatmh/ros2_ws/install/distance_bringup/share/distance_bringup/hook/pythonpath.sh'
[1.204s] Level 1:colcon.colcon_core.environment:checking '/home/mahmmudqatmh/ros2_ws/install/distance_bringup/bin'
[1.204s] Level 1:colcon.colcon_core.environment:create_environment_scripts_only(distance_bringup)
[1.205s] INFO:colcon.colcon_core.shell:Creating package script '/home/mahmmudqatmh/ros2_ws/install/distance_bringup/share/distance_bringup/package.ps1'
[1.205s] INFO:colcon.colcon_core.shell:Creating package descriptor '/home/mahmmudqatmh/ros2_ws/install/distance_bringup/share/distance_bringup/package.dsv'
[1.205s] INFO:colcon.colcon_core.shell:Creating package script '/home/mahmmudqatmh/ros2_ws/install/distance_bringup/share/distance_bringup/package.sh'
[1.206s] INFO:colcon.colcon_core.shell:Creating package script '/home/mahmmudqatmh/ros2_ws/install/distance_bringup/share/distance_bringup/package.bash'
[1.206s] INFO:colcon.colcon_core.shell:Creating package script '/home/mahmmudqatmh/ros2_ws/install/distance_bringup/share/distance_bringup/package.zsh'
[1.206s] Level 1:colcon.colcon_core.environment:create_file_with_runtime_dependencies(/home/mahmmudqatmh/ros2_ws/install/distance_bringup/share/colcon-core/packages/distance_bringup)
[1.230s] DEBUG:colcon.colcon_core.event_handler.log_command:Invoking command in '/home/mahmmudqatmh/ros2_ws/src/person_node': PYTHONPATH=/home/mahmmudqatmh/ros2_ws/build/person_node/prefix_override:/usr/lib/python3/dist-packages/colcon_core/task/python/colcon_distutils_commands:/home/mahmmudqatmh/ros2_ws/install/person_node/lib/python3.10/site-packages:${PYTHONPATH} /usr/bin/python3 -W ignore:setup.py install is deprecated -W ignore:easy_install command is deprecated setup.py egg_info --egg-base ../../build/person_node build --build-base /home/mahmmudqatmh/ros2_ws/build/person_node/build install --record /home/mahmmudqatmh/ros2_ws/build/person_node/install.log --single-version-externally-managed install_data
[1.233s] DEBUG:colcon.colcon_core.event_handler.log_command:Invoking command in '/home/mahmmudqatmh/ros2_ws/src/countdown_nodes': CMAKE_PREFIX_PATH=/home/mahmmudqatmh/ros2_ws/install/countdown_interfaces:/home/mahmmudqatmh/ros2_ws/install/person_msgs:/home/mahmmudqatmh/ros2_ws/install/custom_interface LD_LIBRARY_PATH=/home/mahmmudqatmh/ros2_ws/install/countdown_interfaces/lib:/home/mahmmudqatmh/ros2_ws/install/person_msgs/lib:/home/mahmmudqatmh/ros2_ws/install/custom_interface/lib:/opt/ros/humble/opt/rviz_ogre_vendor/lib:/opt/ros/humble/lib/x86_64-linux-gnu:/opt/ros/humble/lib PYTHONPATH=/home/mahmmudqatmh/ros2_ws/build/countdown_nodes/prefix_override:/usr/lib/python3/dist-packages/colcon_core/task/python/colcon_distutils_commands:/home/mahmmudqatmh/ros2_ws/install/countdown_nodes/lib/python3.10/site-packages:${PYTHONPATH} /usr/bin/python3 -W ignore:setup.py install is deprecated -W ignore:easy_install command is deprecated setup.py egg_info --egg-base ../../build/countdown_nodes build --build-base /home/mahmmudqatmh/ros2_ws/build/countdown_nodes/build install --record /home/mahmmudqatmh/ros2_ws/build/countdown_nodes/install.log --single-version-externally-managed install_data
[1.238s] Level 1:colcon.colcon_core.environment:checking '/home/mahmmudqatmh/ros2_ws/install/pose_line' for CMake module files
[1.239s] DEBUG:colcon.colcon_core.event_handler.log_command:Invoked command in '/home/mahmmudqatmh/ros2_ws/src/pose_line' returned '0': PYTHONPATH=/home/mahmmudqatmh/ros2_ws/build/pose_line/prefix_override:/usr/lib/python3/dist-packages/colcon_core/task/python/colcon_distutils_commands:/home/mahmmudqatmh/ros2_ws/install/pose_line/lib/python3.10/site-packages:${PYTHONPATH} /usr/bin/python3 -W ignore:setup.py install is deprecated -W ignore:easy_install command is deprecated setup.py egg_info --egg-base ../../build/pose_line build --build-base /home/mahmmudqatmh/ros2_ws/build/pose_line/build install --record /home/mahmmudqatmh/ros2_ws/build/pose_line/install.log --single-version-externally-managed install_data
[1.239s] Level 1:colcon.colcon_core.environment:checking '/home/mahmmudqatmh/ros2_ws/install/pose_line' for CMake config files
[1.239s] Level 1:colcon.colcon_core.environment:checking '/home/mahmmudqatmh/ros2_ws/install/pose_line/lib'
[1.239s] Level 1:colcon.colcon_core.environment:checking '/home/mahmmudqatmh/ros2_ws/install/pose_line/bin'
[1.239s] Level 1:colcon.colcon_core.environment:checking '/home/mahmmudqatmh/ros2_ws/install/pose_line/lib/pkgconfig/pose_line.pc'
[1.240s] Level 1:colcon.colcon_core.environment:checking '/home/mahmmudqatmh/ros2_ws/install/pose_line/lib/python3.10/site-packages'
[1.240s] Level 1:colcon.colcon_core.shell:create_environment_hook('pose_line', 'pythonpath')
[1.240s] INFO:colcon.colcon_core.shell:Creating environment hook '/home/mahmmudqatmh/ros2_ws/install/pose_line/share/pose_line/hook/pythonpath.ps1'
[1.240s] INFO:colcon.colcon_core.shell:Creating environment descriptor '/home/mahmmudqatmh/ros2_ws/install/pose_line/share/pose_line/hook/pythonpath.dsv'
[1.240s] INFO:colcon.colcon_core.shell:Creating environment hook '/home/mahmmudqatmh/ros2_ws/install/pose_line/share/pose_line/hook/pythonpath.sh'
[1.241s] Level 1:colcon.colcon_core.environment:checking '/home/mahmmudqatmh/ros2_ws/install/pose_line/bin'
[1.241s] Level 1:colcon.colcon_core.environment:create_environment_scripts_only(pose_line)
[1.241s] INFO:colcon.colcon_core.shell:Creating package script '/home/mahmmudqatmh/ros2_ws/install/pose_line/share/pose_line/package.ps1'
[1.241s] INFO:colcon.colcon_core.shell:Creating package descriptor '/home/mahmmudqatmh/ros2_ws/install/pose_line/share/pose_line/package.dsv'
[1.242s] INFO:colcon.colcon_core.shell:Creating package script '/home/mahmmudqatmh/ros2_ws/install/pose_line/share/pose_line/package.sh'
[1.242s] INFO:colcon.colcon_core.shell:Creating package script '/home/mahmmudqatmh/ros2_ws/install/pose_line/share/pose_line/package.bash'
[1.242s] INFO:colcon.colcon_core.shell:Creating package script '/home/mahmmudqatmh/ros2_ws/install/pose_line/share/pose_line/package.zsh'
[1.242s] Level 1:colcon.colcon_core.environment:create_file_with_runtime_dependencies(/home/mahmmudqatmh/ros2_ws/install/pose_line/share/colcon-core/packages/pose_line)
[1.436s] Level 1:colcon.colcon_core.environment:checking '/home/mahmmudqatmh/ros2_ws/install/countdown_nodes' for CMake module files
[1.437s] DEBUG:colcon.colcon_core.event_handler.log_command:Invoked command in '/home/mahmmudqatmh/ros2_ws/src/countdown_nodes' returned '0': CMAKE_PREFIX_PATH=/home/mahmmudqatmh/ros2_ws/install/countdown_interfaces:/home/mahmmudqatmh/ros2_ws/install/person_msgs:/home/mahmmudqatmh/ros2_ws/install/custom_interface LD_LIBRARY_PATH=/home/mahmmudqatmh/ros2_ws/install/countdown_interfaces/lib:/home/mahmmudqatmh/ros2_ws/install/person_msgs/lib:/home/mahmmudqatmh/ros2_ws/install/custom_interface/lib:/opt/ros/humble/opt/rviz_ogre_vendor/lib:/opt/ros/humble/lib/x86_64-linux-gnu:/opt/ros/humble/lib PYTHONPATH=/home/mahmmudqatmh/ros2_ws/build/countdown_nodes/prefix_override:/usr/lib/python3/dist-packages/colcon_core/task/python/colcon_distutils_commands:/home/mahmmudqatmh/ros2_ws/install/countdown_nodes/lib/python3.10/site-packages:${PYTHONPATH} /usr/bin/python3 -W ignore:setup.py install is deprecated -W ignore:easy_install command is deprecated setup.py egg_info --egg-base ../../build/countdown_nodes build --build-base /home/mahmmudqatmh/ros2_ws/build/countdown_nodes/build install --record /home/mahmmudqatmh/ros2_ws/build/countdown_nodes/install.log --single-version-externally-managed install_data
[1.437s] Level 1:colcon.colcon_core.environment:checking '/home/mahmmudqatmh/ros2_ws/install/countdown_nodes' for CMake config files
[1.437s] Level 1:colcon.colcon_core.environment:checking '/home/mahmmudqatmh/ros2_ws/install/countdown_nodes/lib'
[1.437s] Level 1:colcon.colcon_core.environment:checking '/home/mahmmudqatmh/ros2_ws/install/countdown_nodes/bin'
[1.437s] Level 1:colcon.colcon_core.environment:checking '/home/mahmmudqatmh/ros2_ws/install/countdown_nodes/lib/pkgconfig/countdown_nodes.pc'
[1.437s] Level 1:colcon.colcon_core.environment:checking '/home/mahmmudqatmh/ros2_ws/install/countdown_nodes/lib/python3.10/site-packages'
[1.437s] Level 1:colcon.colcon_core.shell:create_environment_hook('countdown_nodes', 'pythonpath')
[1.437s] INFO:colcon.colcon_core.shell:Creating environment hook '/home/mahmmudqatmh/ros2_ws/install/countdown_nodes/share/countdown_nodes/hook/pythonpath.ps1'
[1.438s] INFO:colcon.colcon_core.shell:Creating environment descriptor '/home/mahmmudqatmh/ros2_ws/install/countdown_nodes/share/countdown_nodes/hook/pythonpath.dsv'
[1.438s] INFO:colcon.colcon_core.shell:Creating environment hook '/home/mahmmudqatmh/ros2_ws/install/countdown_nodes/share/countdown_nodes/hook/pythonpath.sh'
[1.438s] Level 1:colcon.colcon_core.environment:checking '/home/mahmmudqatmh/ros2_ws/install/countdown_nodes/bin'
[1.438s] Level 1:colcon.colcon_core.environment:create_environment_scripts_only(countdown_nodes)
[1.439s] INFO:colcon.colcon_core.shell:Creating package script '/home/mahmmudqatmh/ros2_ws/install/countdown_nodes/share/countdown_nodes/package.ps1'
[1.439s] INFO:colcon.colcon_core.shell:Creating package descriptor '/home/mahmmudqatmh/ros2_ws/install/countdown_nodes/share/countdown_nodes/package.dsv'
[1.439s] INFO:colcon.colcon_core.shell:Creating package script '/home/mahmmudqatmh/ros2_ws/install/countdown_nodes/share/countdown_nodes/package.sh'
[1.439s] INFO:colcon.colcon_core.shell:Creating package script '/home/mahmmudqatmh/ros2_ws/install/countdown_nodes/share/countdown_nodes/package.bash'
[1.440s] INFO:colcon.colcon_core.shell:Creating package script '/home/mahmmudqatmh/ros2_ws/install/countdown_nodes/share/countdown_nodes/package.zsh'
[1.440s] Level 1:colcon.colcon_core.environment:create_file_with_runtime_dependencies(/home/mahmmudqatmh/ros2_ws/install/countdown_nodes/share/colcon-core/packages/countdown_nodes)
[1.440s] Level 1:colcon.colcon_core.environment:checking '/home/mahmmudqatmh/ros2_ws/install/person_node' for CMake module files
[1.441s] Level 1:colcon.colcon_core.environment:checking '/home/mahmmudqatmh/ros2_ws/install/person_node' for CMake config files
[1.441s] DEBUG:colcon.colcon_core.event_handler.log_command:Invoked command in '/home/mahmmudqatmh/ros2_ws/src/person_node' returned '0': PYTHONPATH=/home/mahmmudqatmh/ros2_ws/build/person_node/prefix_override:/usr/lib/python3/dist-packages/colcon_core/task/python/colcon_distutils_commands:/home/mahmmudqatmh/ros2_ws/install/person_node/lib/python3.10/site-packages:${PYTHONPATH} /usr/bin/python3 -W ignore:setup.py install is deprecated -W ignore:easy_install command is deprecated setup.py egg_info --egg-base ../../build/person_node build --build-base /home/mahmmudqatmh/ros2_ws/build/person_node/build install --record /home/mahmmudqatmh/ros2_ws/build/person_node/install.log --single-version-externally-managed install_data
[1.442s] Level 1:colcon.colcon_core.environment:checking '/home/mahmmudqatmh/ros2_ws/install/person_node/lib'
[1.442s] Level 1:colcon.colcon_core.environment:checking '/home/mahmmudqatmh/ros2_ws/install/person_node/bin'
[1.442s] Level 1:colcon.colcon_core.environment:checking '/home/mahmmudqatmh/ros2_ws/install/person_node/lib/pkgconfig/person_node.pc'
[1.442s] Level 1:colcon.colcon_core.environment:checking '/home/mahmmudqatmh/ros2_ws/install/person_node/lib/python3.10/site-packages'
[1.442s] Level 1:colcon.colcon_core.shell:create_environment_hook('person_node', 'pythonpath')
[1.442s] INFO:colcon.colcon_core.shell:Creating environment hook '/home/mahmmudqatmh/ros2_ws/install/person_node/share/person_node/hook/pythonpath.ps1'
[1.442s] INFO:colcon.colcon_core.shell:Creating environment descriptor '/home/mahmmudqatmh/ros2_ws/install/person_node/share/person_node/hook/pythonpath.dsv'
[1.443s] INFO:colcon.colcon_core.shell:Creating environment hook '/home/mahmmudqatmh/ros2_ws/install/person_node/share/person_node/hook/pythonpath.sh'
[1.443s] Level 1:colcon.colcon_core.environment:checking '/home/mahmmudqatmh/ros2_ws/install/person_node/bin'
[1.443s] Level 1:colcon.colcon_core.environment:create_environment_scripts_only(person_node)
[1.443s] INFO:colcon.colcon_core.shell:Creating package script '/home/mahmmudqatmh/ros2_ws/install/person_node/share/person_node/package.ps1'
[1.444s] INFO:colcon.colcon_core.shell:Creating package descriptor '/home/mahmmudqatmh/ros2_ws/install/person_node/share/person_node/package.dsv'
[1.444s] INFO:colcon.colcon_core.shell:Creating package script '/home/mahmmudqatmh/ros2_ws/install/person_node/share/person_node/package.sh'
[1.444s] INFO:colcon.colcon_core.shell:Creating package script '/home/mahmmudqatmh/ros2_ws/install/person_node/share/person_node/package.bash'
[1.444s] INFO:colcon.colcon_core.shell:Creating package script '/home/mahmmudqatmh/ros2_ws/install/person_node/share/person_node/package.zsh'
[1.444s] Level 1:colcon.colcon_core.environment:create_file_with_runtime_dependencies(/home/mahmmudqatmh/ros2_ws/install/person_node/share/colcon-core/packages/person_node)
[1.566s] DEBUG:colcon.colcon_core.event_handler.log_command:Invoked command in '/home/mahmmudqatmh/ros2_ws/build/custom_interface' returned '0': CMAKE_PREFIX_PATH=${CMAKE_PREFIX_PATH}:/home/mahmmudqatmh/ros2_ws/install/pose_line:/home/mahmmudqatmh/ros2_ws/install/person_node:/home/mahmmudqatmh/ros2_ws/install/distance_service:/home/mahmmudqatmh/ros2_ws/install/distance_bringup:/home/mahmmudqatmh/ros2_ws/install/countdown_nodes:/opt/ros/humble /usr/bin/cmake --build /home/mahmmudqatmh/ros2_ws/build/custom_interface -- -j24 -l24
[1.568s] DEBUG:colcon.colcon_core.event_handler.log_command:Invoking command in '/home/mahmmudqatmh/ros2_ws/build/custom_interface': CMAKE_PREFIX_PATH=${CMAKE_PREFIX_PATH}:/home/mahmmudqatmh/ros2_ws/install/pose_line:/home/mahmmudqatmh/ros2_ws/install/person_node:/home/mahmmudqatmh/ros2_ws/install/distance_service:/home/mahmmudqatmh/ros2_ws/install/distance_bringup:/home/mahmmudqatmh/ros2_ws/install/countdown_nodes:/opt/ros/humble /usr/bin/cmake --install /home/mahmmudqatmh/ros2_ws/build/custom_interface
[1.611s] Level 1:colcon.colcon_core.environment:create_environment_scripts_only(custom_interface)
[1.612s] DEBUG:colcon.colcon_core.event_handler.log_command:Invoked command in '/home/mahmmudqatmh/ros2_ws/build/custom_interface' returned '0': CMAKE_PREFIX_PATH=${CMAKE_PREFIX_PATH}:/home/mahmmudqatmh/ros2_ws/install/pose_line:/home/mahmmudqatmh/ros2_ws/install/person_node:/home/mahmmudqatmh/ros2_ws/install/distance_service:/home/mahmmudqatmh/ros2_ws/install/distance_bringup:/home/mahmmudqatmh/ros2_ws/install/countdown_nodes:/opt/ros/humble /usr/bin/cmake --install /home/mahmmudqatmh/ros2_ws/build/custom_interface
[1.612s] Level 1:colcon.colcon_core.environment:checking '/home/mahmmudqatmh/ros2_ws/install/custom_interface' for CMake module files
[1.613s] Level 1:colcon.colcon_core.environment:checking '/home/mahmmudqatmh/ros2_ws/install/custom_interface' for CMake config files
[1.614s] Level 1:colcon.colcon_core.shell:create_environment_hook('custom_interface', 'cmake_prefix_path')
[1.615s] INFO:colcon.colcon_core.shell:Creating environment hook '/home/mahmmudqatmh/ros2_ws/install/custom_interface/share/custom_interface/hook/cmake_prefix_path.ps1'
[1.615s] INFO:colcon.colcon_core.shell:Creating environment descriptor '/home/mahmmudqatmh/ros2_ws/install/custom_interface/share/custom_interface/hook/cmake_prefix_path.dsv'
[1.616s] INFO:colcon.colcon_core.shell:Creating environment hook '/home/mahmmudqatmh/ros2_ws/install/custom_interface/share/custom_interface/hook/cmake_prefix_path.sh'
[1.617s] Level 1:colcon.colcon_core.environment:checking '/home/mahmmudqatmh/ros2_ws/install/custom_interface/lib'
[1.617s] Level 1:colcon.colcon_core.shell:create_environment_hook('custom_interface', 'ld_library_path_lib')
[1.617s] INFO:colcon.colcon_core.shell:Creating environment hook '/home/mahmmudqatmh/ros2_ws/install/custom_interface/share/custom_interface/hook/ld_library_path_lib.ps1'
[1.618s] INFO:colcon.colcon_core.shell:Creating environment descriptor '/home/mahmmudqatmh/ros2_ws/install/custom_interface/share/custom_interface/hook/ld_library_path_lib.dsv'
[1.618s] INFO:colcon.colcon_core.shell:Creating environment hook '/home/mahmmudqatmh/ros2_ws/install/custom_interface/share/custom_interface/hook/ld_library_path_lib.sh'
[1.618s] Level 1:colcon.colcon_core.environment:checking '/home/mahmmudqatmh/ros2_ws/install/custom_interface/bin'
[1.619s] Level 1:colcon.colcon_core.environment:checking '/home/mahmmudqatmh/ros2_ws/install/custom_interface/lib/pkgconfig/custom_interface.pc'
[1.619s] Level 1:colcon.colcon_core.environment:checking '/home/mahmmudqatmh/ros2_ws/install/custom_interface/lib/python3.10/site-packages'
[1.619s] Level 1:colcon.colcon_core.environment:checking '/home/mahmmudqatmh/ros2_ws/install/custom_interface/bin'
[1.620s] INFO:colcon.colcon_core.shell:Creating package script '/home/mahmmudqatmh/ros2_ws/install/custom_interface/share/custom_interface/package.ps1'
[1.620s] INFO:colcon.colcon_core.shell:Creating package descriptor '/home/mahmmudqatmh/ros2_ws/install/custom_interface/share/custom_interface/package.dsv'
[1.621s] INFO:colcon.colcon_core.shell:Creating package script '/home/mahmmudqatmh/ros2_ws/install/custom_interface/share/custom_interface/package.sh'
[1.621s] INFO:colcon.colcon_core.shell:Creating package script '/home/mahmmudqatmh/ros2_ws/install/custom_interface/share/custom_interface/package.bash'
[1.622s] INFO:colcon.colcon_core.shell:Creating package script '/home/mahmmudqatmh/ros2_ws/install/custom_interface/share/custom_interface/package.zsh'
[1.622s] Level 1:colcon.colcon_core.environment:create_file_with_runtime_dependencies(/home/mahmmudqatmh/ros2_ws/install/custom_interface/share/colcon-core/packages/custom_interface)
[1.622s] Level 1:colcon.colcon_core.environment:create_environment_scripts_only(custom_interface)
[1.623s] Level 1:colcon.colcon_core.environment:checking '/home/mahmmudqatmh/ros2_ws/install/custom_interface' for CMake module files
[1.623s] Level 1:colcon.colcon_core.environment:checking '/home/mahmmudqatmh/ros2_ws/install/custom_interface' for CMake config files
[1.623s] Level 1:colcon.colcon_core.shell:create_environment_hook('custom_interface', 'cmake_prefix_path')
[1.623s] INFO:colcon.colcon_core.shell:Creating environment hook '/home/mahmmudqatmh/ros2_ws/install/custom_interface/share/custom_interface/hook/cmake_prefix_path.ps1'
[1.624s] INFO:colcon.colcon_core.shell:Creating environment descriptor '/home/mahmmudqatmh/ros2_ws/install/custom_interface/share/custom_interface/hook/cmake_prefix_path.dsv'
[1.624s] INFO:colcon.colcon_core.shell:Creating environment hook '/home/mahmmudqatmh/ros2_ws/install/custom_interface/share/custom_interface/hook/cmake_prefix_path.sh'
[1.624s] Level 1:colcon.colcon_core.environment:checking '/home/mahmmudqatmh/ros2_ws/install/custom_interface/lib'
[1.624s] Level 1:colcon.colcon_core.shell:create_environment_hook('custom_interface', 'ld_library_path_lib')
[1.624s] INFO:colcon.colcon_core.shell:Creating environment hook '/home/mahmmudqatmh/ros2_ws/install/custom_interface/share/custom_interface/hook/ld_library_path_lib.ps1'
[1.624s] INFO:colcon.colcon_core.shell:Creating environment descriptor '/home/mahmmudqatmh/ros2_ws/install/custom_interface/share/custom_interface/hook/ld_library_path_lib.dsv'
[1.625s] INFO:colcon.colcon_core.shell:Creating environment hook '/home/mahmmudqatmh/ros2_ws/install/custom_interface/share/custom_interface/hook/ld_library_path_lib.sh'
[1.625s] Level 1:colcon.colcon_core.environment:checking '/home/mahmmudqatmh/ros2_ws/install/custom_interface/bin'
[1.625s] Level 1:colcon.colcon_core.environment:checking '/home/mahmmudqatmh/ros2_ws/install/custom_interface/lib/pkgconfig/custom_interface.pc'
[1.625s] Level 1:colcon.colcon_core.environment:checking '/home/mahmmudqatmh/ros2_ws/install/custom_interface/lib/python3.10/site-packages'
[1.625s] Level 1:colcon.colcon_core.environment:checking '/home/mahmmudqatmh/ros2_ws/install/custom_interface/bin'
[1.625s] INFO:colcon.colcon_core.shell:Creating package script '/home/mahmmudqatmh/ros2_ws/install/custom_interface/share/custom_interface/package.ps1'
[1.626s] INFO:colcon.colcon_core.shell:Creating package descriptor '/home/mahmmudqatmh/ros2_ws/install/custom_interface/share/custom_interface/package.dsv'
[1.626s] INFO:colcon.colcon_core.shell:Creating package script '/home/mahmmudqatmh/ros2_ws/install/custom_interface/share/custom_interface/package.sh'
[1.626s] INFO:colcon.colcon_core.shell:Creating package script '/home/mahmmudqatmh/ros2_ws/install/custom_interface/share/custom_interface/package.bash'
[1.626s] INFO:colcon.colcon_core.shell:Creating package script '/home/mahmmudqatmh/ros2_ws/install/custom_interface/share/custom_interface/package.zsh'
[1.627s] Level 1:colcon.colcon_core.environment:create_file_with_runtime_dependencies(/home/mahmmudqatmh/ros2_ws/install/custom_interface/share/colcon-core/packages/custom_interface)
[1.627s] INFO:colcon.colcon_ros.task.ament_python.build:Building ROS package in '/home/mahmmudqatmh/ros2_ws/src/distance_service' with build type 'ament_python'
[1.627s] Level 1:colcon.colcon_core.shell:create_environment_hook('distance_service', 'ament_prefix_path')
[1.627s] INFO:colcon.colcon_core.shell:Creating environment hook '/home/mahmmudqatmh/ros2_ws/install/distance_service/share/distance_service/hook/ament_prefix_path.ps1'
[1.627s] INFO:colcon.colcon_core.shell:Creating environment descriptor '/home/mahmmudqatmh/ros2_ws/install/distance_service/share/distance_service/hook/ament_prefix_path.dsv'
[1.628s] INFO:colcon.colcon_core.shell:Creating environment hook '/home/mahmmudqatmh/ros2_ws/install/distance_service/share/distance_service/hook/ament_prefix_path.sh'
[1.628s] INFO:colcon.colcon_core.shell:Skip shell extension 'powershell' for command environment: Not usable outside of PowerShell
[1.628s] DEBUG:colcon.colcon_core.shell:Skip shell extension 'dsv' for command environment
[1.801s] INFO:colcon.colcon_core.task.python.build:Building Python package in '/home/mahmmudqatmh/ros2_ws/src/distance_service'
[1.801s] INFO:colcon.colcon_core.shell:Skip shell extension 'powershell' for command environment: Not usable outside of PowerShell
[1.801s] DEBUG:colcon.colcon_core.shell:Skip shell extension 'dsv' for command environment
[2.011s] DEBUG:colcon.colcon_core.event_handler.log_command:Invoking command in '/home/mahmmudqatmh/ros2_ws/src/distance_service': CMAKE_PREFIX_PATH=/home/mahmmudqatmh/ros2_ws/install/custom_interface:/home/mahmmudqatmh/ros2_ws/install/person_msgs:/home/mahmmudqatmh/ros2_ws/install/countdown_interfaces LD_LIBRARY_PATH=/home/mahmmudqatmh/ros2_ws/install/custom_interface/lib:/home/mahmmudqatmh/ros2_ws/install/person_msgs/lib:/home/mahmmudqatmh/ros2_ws/install/countdown_interfaces/lib:/opt/ros/humble/opt/rviz_ogre_vendor/lib:/opt/ros/humble/lib/x86_64-linux-gnu:/opt/ros/humble/lib PYTHONPATH=/home/mahmmudqatmh/ros2_ws/build/distance_service/prefix_override:/usr/lib/python3/dist-packages/colcon_core/task/python/colcon_distutils_commands:/home/mahmmudqatmh/ros2_ws/install/distance_service/lib/python3.10/site-packages:${PYTHONPATH} /usr/bin/python3 -W ignore:setup.py install is deprecated -W ignore:easy_install command is deprecated setup.py egg_info --egg-base ../../build/distance_service build --build-base /home/mahmmudqatmh/ros2_ws/build/distance_service/build install --record /home/mahmmudqatmh/ros2_ws/build/distance_service/install.log --single-version-externally-managed install_data
[2.194s] Level 1:colcon.colcon_core.environment:checking '/home/mahmmudqatmh/ros2_ws/install/distance_service' for CMake module files
[2.195s] DEBUG:colcon.colcon_core.event_handler.log_command:Invoked command in '/home/mahmmudqatmh/ros2_ws/src/distance_service' returned '0': CMAKE_PREFIX_PATH=/home/mahmmudqatmh/ros2_ws/install/custom_interface:/home/mahmmudqatmh/ros2_ws/install/person_msgs:/home/mahmmudqatmh/ros2_ws/install/countdown_interfaces LD_LIBRARY_PATH=/home/mahmmudqatmh/ros2_ws/install/custom_interface/lib:/home/mahmmudqatmh/ros2_ws/install/person_msgs/lib:/home/mahmmudqatmh/ros2_ws/install/countdown_interfaces/lib:/opt/ros/humble/opt/rviz_ogre_vendor/lib:/opt/ros/humble/lib/x86_64-linux-gnu:/opt/ros/humble/lib PYTHONPATH=/home/mahmmudqatmh/ros2_ws/build/distance_service/prefix_override:/usr/lib/python3/dist-packages/colcon_core/task/python/colcon_distutils_commands:/home/mahmmudqatmh/ros2_ws/install/distance_service/lib/python3.10/site-packages:${PYTHONPATH} /usr/bin/python3 -W ignore:setup.py install is deprecated -W ignore:easy_install command is deprecated setup.py egg_info --egg-base ../../build/distance_service build --build-base /home/mahmmudqatmh/ros2_ws/build/distance_service/build install --record /home/mahmmudqatmh/ros2_ws/build/distance_service/install.log --single-version-externally-managed install_data
[2.195s] Level 1:colcon.colcon_core.environment:checking '/home/mahmmudqatmh/ros2_ws/install/distance_service' for CMake config files
[2.195s] Level 1:colcon.colcon_core.environment:checking '/home/mahmmudqatmh/ros2_ws/install/distance_service/lib'
[2.195s] Level 1:colcon.colcon_core.environment:checking '/home/mahmmudqatmh/ros2_ws/install/distance_service/bin'
[2.195s] Level 1:colcon.colcon_core.environment:checking '/home/mahmmudqatmh/ros2_ws/install/distance_service/lib/pkgconfig/distance_service.pc'
[2.196s] Level 1:colcon.colcon_core.environment:checking '/home/mahmmudqatmh/ros2_ws/install/distance_service/lib/python3.10/site-packages'
[2.196s] Level 1:colcon.colcon_core.shell:create_environment_hook('distance_service', 'pythonpath')
[2.196s] INFO:colcon.colcon_core.shell:Creating environment hook '/home/mahmmudqatmh/ros2_ws/install/distance_service/share/distance_service/hook/pythonpath.ps1'
[2.196s] INFO:colcon.colcon_core.shell:Creating environment descriptor '/home/mahmmudqatmh/ros2_ws/install/distance_service/share/distance_service/hook/pythonpath.dsv'
[2.196s] INFO:colcon.colcon_core.shell:Creating environment hook '/home/mahmmudqatmh/ros2_ws/install/distance_service/share/distance_service/hook/pythonpath.sh'
[2.197s] Level 1:colcon.colcon_core.environment:checking '/home/mahmmudqatmh/ros2_ws/install/distance_service/bin'
[2.197s] Level 1:colcon.colcon_core.environment:create_environment_scripts_only(distance_service)
[2.197s] INFO:colcon.colcon_core.shell:Creating package script '/home/mahmmudqatmh/ros2_ws/install/distance_service/share/distance_service/package.ps1'
[2.197s] INFO:colcon.colcon_core.shell:Creating package descriptor '/home/mahmmudqatmh/ros2_ws/install/distance_service/share/distance_service/package.dsv'
[2.197s] INFO:colcon.colcon_core.shell:Creating package script '/home/mahmmudqatmh/ros2_ws/install/distance_service/share/distance_service/package.sh'
[2.198s] INFO:colcon.colcon_core.shell:Creating package script '/home/mahmmudqatmh/ros2_ws/install/distance_service/share/distance_service/package.bash'
[2.198s] INFO:colcon.colcon_core.shell:Creating package script '/home/mahmmudqatmh/ros2_ws/install/distance_service/share/distance_service/package.zsh'
[2.198s] Level 1:colcon.colcon_core.environment:create_file_with_runtime_dependencies(/home/mahmmudqatmh/ros2_ws/install/distance_service/share/colcon-core/packages/distance_service)
[2.198s] DEBUG:colcon.colcon_parallel_executor.executor.parallel:closing loop
[2.198s] DEBUG:colcon.colcon_parallel_executor.executor.parallel:loop closed
[2.198s] DEBUG:colcon.colcon_parallel_executor.executor.parallel:run_until_complete finished with '0'
[2.199s] DEBUG:colcon.colcon_core.event_reactor:joining thread
[2.202s] INFO:colcon.colcon_core.plugin_system:Skipping extension 'colcon_notification.desktop_notification.terminal_notifier': Not used on non-Darwin systems
[2.203s] INFO:colcon.colcon_core.plugin_system:Skipping extension 'colcon_notification.desktop_notification.win32': Not used on non-Windows systems
[2.203s] INFO:colcon.colcon_notification.desktop_notification:Sending desktop notification using 'notify2'
[2.210s] DEBUG:colcon.colcon_core.event_reactor:joined thread
[2.210s] INFO:colcon.colcon_core.shell:Creating prefix script '/home/mahmmudqatmh/ros2_ws/install/local_setup.ps1'
[2.211s] INFO:colcon.colcon_core.shell:Creating prefix util module '/home/mahmmudqatmh/ros2_ws/install/_local_setup_util_ps1.py'
[2.212s] INFO:colcon.colcon_core.shell:Creating prefix chain script '/home/mahmmudqatmh/ros2_ws/install/setup.ps1'
[2.213s] INFO:colcon.colcon_core.shell:Creating prefix script '/home/mahmmudqatmh/ros2_ws/install/local_setup.sh'
[2.213s] INFO:colcon.colcon_core.shell:Creating prefix util module '/home/mahmmudqatmh/ros2_ws/install/_local_setup_util_sh.py'
[2.213s] INFO:colcon.colcon_core.shell:Creating prefix chain script '/home/mahmmudqatmh/ros2_ws/install/setup.sh'
[2.214s] INFO:colcon.colcon_core.shell:Creating prefix script '/home/mahmmudqatmh/ros2_ws/install/local_setup.bash'
[2.214s] INFO:colcon.colcon_core.shell:Creating prefix chain script '/home/mahmmudqatmh/ros2_ws/install/setup.bash'
[2.215s] INFO:colcon.colcon_core.shell:Creating prefix script '/home/mahmmudqatmh/ros2_ws/install/local_setup.zsh'
[2.215s] INFO:colcon.colcon_core.shell:Creating prefix chain script '/home/mahmmudqatmh/ros2_ws/install/setup.zsh'
